109.01.30 15:19 B C:\Inetpub\wwwroot\lagervarer.dk\sites\all\modules\imageapi\imageapi.info --> ftp.lagervarer.dk /httpdocs/sites/all/modules/imageapi imageapi.info
109.01.30 15:19 B C:\Inetpub\wwwroot\lagervarer.dk\sites\all\modules\imageapi\imageapi.install --> ftp.lagervarer.dk /httpdocs/sites/all/modules/imageapi imageapi.install
109.01.30 15:19 B C:\Inetpub\wwwroot\lagervarer.dk\sites\all\modules\imageapi\imageapi.module --> ftp.lagervarer.dk /httpdocs/sites/all/modules/imageapi imageapi.module
109.01.30 15:19 B C:\Inetpub\wwwroot\lagervarer.dk\sites\all\modules\imageapi\imageapi_gd.info --> ftp.lagervarer.dk /httpdocs/sites/all/modules/imageapi imageapi_gd.info
109.01.30 15:19 B C:\Inetpub\wwwroot\lagervarer.dk\sites\all\modules\imageapi\imageapi_gd.install --> ftp.lagervarer.dk /httpdocs/sites/all/modules/imageapi imageapi_gd.install
109.01.30 15:19 B C:\Inetpub\wwwroot\lagervarer.dk\sites\all\modules\imageapi\imageapi_gd.module --> ftp.lagervarer.dk /httpdocs/sites/all/modules/imageapi imageapi_gd.module
109.01.30 15:19 B C:\Inetpub\wwwroot\lagervarer.dk\sites\all\modules\imageapi\imageapi_imagemagick.info --> ftp.lagervarer.dk /httpdocs/sites/all/modules/imageapi imageapi_imagemagick.info
109.01.30 15:19 B C:\Inetpub\wwwroot\lagervarer.dk\sites\all\modules\imageapi\imageapi_imagemagick.module --> ftp.lagervarer.dk /httpdocs/sites/all/modules/imageapi imageapi_imagemagick.module
109.01.30 15:19 B C:\Inetpub\wwwroot\lagervarer.dk\sites\all\modules\imageapi\imagefilter.inc --> ftp.lagervarer.dk /httpdocs/sites/all/modules/imageapi imagefilter.inc
109.01.30 15:19 B C:\Inetpub\wwwroot\lagervarer.dk\sites\all\modules\imageapi\imagerotate.inc --> ftp.lagervarer.dk /httpdocs/sites/all/modules/imageapi imagerotate.inc
109.01.30 15:19 B C:\Inetpub\wwwroot\lagervarer.dk\sites\all\modules\imageapi\LICENSE.txt --> ftp.lagervarer.dk /httpdocs/sites/all/modules/imageapi LICENSE.txt
109.01.30 15:19 B C:\Inetpub\wwwroot\lagervarer.dk\sites\all\modules\imageapi\README.txt --> ftp.lagervarer.dk /httpdocs/sites/all/modules/imageapi README.txt
109.03.24 03:37 B C:\Inetpub\wwwroot\lagervarer.dk\sites\all\modules\imageapi\imageapi.info --> ftp.lagervarer.dk /httpdocs/sites/all/modules/imageapi imageapi.info
109.03.24 03:37 B C:\Inetpub\wwwroot\lagervarer.dk\sites\all\modules\imageapi\imageapi.install --> ftp.lagervarer.dk /httpdocs/sites/all/modules/imageapi imageapi.install
109.03.24 03:37 B C:\Inetpub\wwwroot\lagervarer.dk\sites\all\modules\imageapi\imageapi.module --> ftp.lagervarer.dk /httpdocs/sites/all/modules/imageapi imageapi.module
109.03.24 03:37 B C:\Inetpub\wwwroot\lagervarer.dk\sites\all\modules\imageapi\imageapi_gd.info --> ftp.lagervarer.dk /httpdocs/sites/all/modules/imageapi imageapi_gd.info
109.03.24 03:37 B C:\Inetpub\wwwroot\lagervarer.dk\sites\all\modules\imageapi\imageapi_gd.install --> ftp.lagervarer.dk /httpdocs/sites/all/modules/imageapi imageapi_gd.install
109.03.24 03:37 B C:\Inetpub\wwwroot\lagervarer.dk\sites\all\modules\imageapi\imageapi_gd.module --> ftp.lagervarer.dk /httpdocs/sites/all/modules/imageapi imageapi_gd.module
109.03.24 03:37 B C:\Inetpub\wwwroot\lagervarer.dk\sites\all\modules\imageapi\imageapi_imagemagick.info --> ftp.lagervarer.dk /httpdocs/sites/all/modules/imageapi imageapi_imagemagick.info
109.03.24 03:37 B C:\Inetpub\wwwroot\lagervarer.dk\sites\all\modules\imageapi\imageapi_imagemagick.module --> ftp.lagervarer.dk /httpdocs/sites/all/modules/imageapi imageapi_imagemagick.module
109.03.24 03:37 B C:\Inetpub\wwwroot\lagervarer.dk\sites\all\modules\imageapi\imagefilter.inc --> ftp.lagervarer.dk /httpdocs/sites/all/modules/imageapi imagefilter.inc
109.03.24 03:37 B C:\Inetpub\wwwroot\lagervarer.dk\sites\all\modules\imageapi\imagerotate.inc --> ftp.lagervarer.dk /httpdocs/sites/all/modules/imageapi imagerotate.inc
109.03.24 03:37 B C:\Inetpub\wwwroot\lagervarer.dk\sites\all\modules\imageapi\LICENSE.txt --> ftp.lagervarer.dk /httpdocs/sites/all/modules/imageapi LICENSE.txt
109.03.24 03:37 B C:\Inetpub\wwwroot\lagervarer.dk\sites\all\modules\imageapi\README.txt --> ftp.lagervarer.dk /httpdocs/sites/all/modules/imageapi README.txt
