109.01.20 03:22 B D:\Resurser\Programmer\Drupal 6.9\drupal-6.9\misc\ahah.js --> lagervarer.dk /htdocs/misc ahah.js
109.01.20 03:22 B D:\Resurser\Programmer\Drupal 6.9\drupal-6.9\misc\arrow-asc.png --> lagervarer.dk /htdocs/misc arrow-asc.png
109.01.20 03:22 B D:\Resurser\Programmer\Drupal 6.9\drupal-6.9\misc\arrow-desc.png --> lagervarer.dk /htdocs/misc arrow-desc.png
109.01.20 03:22 B D:\Resurser\Programmer\Drupal 6.9\drupal-6.9\misc\autocomplete.js --> lagervarer.dk /htdocs/misc autocomplete.js
109.01.20 03:22 B D:\Resurser\Programmer\Drupal 6.9\drupal-6.9\misc\batch.js --> lagervarer.dk /htdocs/misc batch.js
109.01.20 03:22 B D:\Resurser\Programmer\Drupal 6.9\drupal-6.9\misc\blog.png --> lagervarer.dk /htdocs/misc blog.png
109.01.20 03:22 B D:\Resurser\Programmer\Drupal 6.9\drupal-6.9\misc\collapse.js --> lagervarer.dk /htdocs/misc collapse.js
109.01.20 03:22 B D:\Resurser\Programmer\Drupal 6.9\drupal-6.9\misc\draggable.png --> lagervarer.dk /htdocs/misc draggable.png
109.01.20 03:22 B D:\Resurser\Programmer\Drupal 6.9\drupal-6.9\misc\drupal.js --> lagervarer.dk /htdocs/misc drupal.js
109.01.20 03:22 B D:\Resurser\Programmer\Drupal 6.9\drupal-6.9\misc\druplicon.png --> lagervarer.dk /htdocs/misc druplicon.png
109.01.20 03:22 B D:\Resurser\Programmer\Drupal 6.9\drupal-6.9\misc\favicon.ico --> lagervarer.dk /htdocs/misc favicon.ico
109.01.20 03:22 B D:\Resurser\Programmer\Drupal 6.9\drupal-6.9\misc\feed.png --> lagervarer.dk /htdocs/misc feed.png
109.01.20 03:22 B D:\Resurser\Programmer\Drupal 6.9\drupal-6.9\misc\form.js --> lagervarer.dk /htdocs/misc form.js
109.01.20 03:22 B D:\Resurser\Programmer\Drupal 6.9\drupal-6.9\misc\forum-closed.png --> lagervarer.dk /htdocs/misc forum-closed.png
109.01.20 03:22 B D:\Resurser\Programmer\Drupal 6.9\drupal-6.9\misc\forum-default.png --> lagervarer.dk /htdocs/misc forum-default.png
109.01.20 03:22 B D:\Resurser\Programmer\Drupal 6.9\drupal-6.9\misc\forum-hot-new.png --> lagervarer.dk /htdocs/misc forum-hot-new.png
109.01.20 03:22 B D:\Resurser\Programmer\Drupal 6.9\drupal-6.9\misc\forum-hot.png --> lagervarer.dk /htdocs/misc forum-hot.png
109.01.20 03:22 B D:\Resurser\Programmer\Drupal 6.9\drupal-6.9\misc\forum-new.png --> lagervarer.dk /htdocs/misc forum-new.png
109.01.20 03:22 B D:\Resurser\Programmer\Drupal 6.9\drupal-6.9\misc\forum-sticky.png --> lagervarer.dk /htdocs/misc forum-sticky.png
109.01.20 03:22 B D:\Resurser\Programmer\Drupal 6.9\drupal-6.9\misc\grippie.png --> lagervarer.dk /htdocs/misc grippie.png
109.01.20 03:22 B D:\Resurser\Programmer\Drupal 6.9\drupal-6.9\misc\jquery.form.js --> lagervarer.dk /htdocs/misc jquery.form.js
109.01.20 03:22 B D:\Resurser\Programmer\Drupal 6.9\drupal-6.9\misc\jquery.js --> lagervarer.dk /htdocs/misc jquery.js
109.01.20 03:22 B D:\Resurser\Programmer\Drupal 6.9\drupal-6.9\misc\menu-collapsed-rtl.png --> lagervarer.dk /htdocs/misc menu-collapsed-rtl.png
109.01.20 03:22 B D:\Resurser\Programmer\Drupal 6.9\drupal-6.9\misc\menu-collapsed.png --> lagervarer.dk /htdocs/misc menu-collapsed.png
109.01.20 03:22 B D:\Resurser\Programmer\Drupal 6.9\drupal-6.9\misc\menu-expanded.png --> lagervarer.dk /htdocs/misc menu-expanded.png
109.01.20 03:22 B D:\Resurser\Programmer\Drupal 6.9\drupal-6.9\misc\menu-leaf.png --> lagervarer.dk /htdocs/misc menu-leaf.png
109.01.20 03:22 B D:\Resurser\Programmer\Drupal 6.9\drupal-6.9\misc\powered-black-135x42.png --> lagervarer.dk /htdocs/misc powered-black-135x42.png
109.01.20 03:22 B D:\Resurser\Programmer\Drupal 6.9\drupal-6.9\misc\powered-black-80x15.png --> lagervarer.dk /htdocs/misc powered-black-80x15.png
109.01.20 03:22 B D:\Resurser\Programmer\Drupal 6.9\drupal-6.9\misc\powered-black-88x31.png --> lagervarer.dk /htdocs/misc powered-black-88x31.png
109.01.20 03:22 B D:\Resurser\Programmer\Drupal 6.9\drupal-6.9\misc\powered-blue-135x42.png --> lagervarer.dk /htdocs/misc powered-blue-135x42.png
109.01.20 03:22 B D:\Resurser\Programmer\Drupal 6.9\drupal-6.9\misc\powered-blue-80x15.png --> lagervarer.dk /htdocs/misc powered-blue-80x15.png
109.01.20 03:22 B D:\Resurser\Programmer\Drupal 6.9\drupal-6.9\misc\powered-blue-88x31.png --> lagervarer.dk /htdocs/misc powered-blue-88x31.png
109.01.20 03:22 B D:\Resurser\Programmer\Drupal 6.9\drupal-6.9\misc\powered-gray-135x42.png --> lagervarer.dk /htdocs/misc powered-gray-135x42.png
109.01.20 03:22 B D:\Resurser\Programmer\Drupal 6.9\drupal-6.9\misc\powered-gray-80x15.png --> lagervarer.dk /htdocs/misc powered-gray-80x15.png
109.01.20 03:22 B D:\Resurser\Programmer\Drupal 6.9\drupal-6.9\misc\powered-gray-88x31.png --> lagervarer.dk /htdocs/misc powered-gray-88x31.png
109.01.20 03:22 B D:\Resurser\Programmer\Drupal 6.9\drupal-6.9\misc\print-rtl.css --> lagervarer.dk /htdocs/misc print-rtl.css
109.01.20 03:22 B D:\Resurser\Programmer\Drupal 6.9\drupal-6.9\misc\print.css --> lagervarer.dk /htdocs/misc print.css
109.01.20 03:22 B D:\Resurser\Programmer\Drupal 6.9\drupal-6.9\misc\progress.gif --> lagervarer.dk /htdocs/misc progress.gif
109.01.20 03:22 B D:\Resurser\Programmer\Drupal 6.9\drupal-6.9\misc\progress.js --> lagervarer.dk /htdocs/misc progress.js
109.01.20 03:22 B D:\Resurser\Programmer\Drupal 6.9\drupal-6.9\misc\tabledrag.js --> lagervarer.dk /htdocs/misc tabledrag.js
109.01.20 03:22 B D:\Resurser\Programmer\Drupal 6.9\drupal-6.9\misc\tableheader.js --> lagervarer.dk /htdocs/misc tableheader.js
109.01.20 03:22 B D:\Resurser\Programmer\Drupal 6.9\drupal-6.9\misc\tableselect.js --> lagervarer.dk /htdocs/misc tableselect.js
109.01.20 03:22 B D:\Resurser\Programmer\Drupal 6.9\drupal-6.9\misc\teaser.js --> lagervarer.dk /htdocs/misc teaser.js
109.01.20 03:22 B D:\Resurser\Programmer\Drupal 6.9\drupal-6.9\misc\textarea.js --> lagervarer.dk /htdocs/misc textarea.js
109.01.20 03:22 B D:\Resurser\Programmer\Drupal 6.9\drupal-6.9\misc\throbber.gif --> lagervarer.dk /htdocs/misc throbber.gif
109.01.20 03:22 B D:\Resurser\Programmer\Drupal 6.9\drupal-6.9\misc\tree-bottom.png --> lagervarer.dk /htdocs/misc tree-bottom.png
109.01.20 03:22 B D:\Resurser\Programmer\Drupal 6.9\drupal-6.9\misc\tree.png --> lagervarer.dk /htdocs/misc tree.png
109.01.20 03:22 B D:\Resurser\Programmer\Drupal 6.9\drupal-6.9\misc\watchdog-error.png --> lagervarer.dk /htdocs/misc watchdog-error.png
109.01.20 03:22 B D:\Resurser\Programmer\Drupal 6.9\drupal-6.9\misc\watchdog-ok.png --> lagervarer.dk /htdocs/misc watchdog-ok.png
109.01.20 03:22 B D:\Resurser\Programmer\Drupal 6.9\drupal-6.9\misc\watchdog-warning.png --> lagervarer.dk /htdocs/misc watchdog-warning.png
109.01.20 03:22 B D:\Resurser\Programmer\Drupal 6.9\drupal-6.9\misc\xml.png --> lagervarer.dk /htdocs/misc xml.png
109.01.24 16:23 B D:\Resurser\Programmer\Drupal 6.9\drupal-6.9\misc\ahah.js --> ftp.lagervarer.dk /httpdocs/misc ahah.js
109.01.24 16:23 B D:\Resurser\Programmer\Drupal 6.9\drupal-6.9\misc\arrow-asc.png --> ftp.lagervarer.dk /httpdocs/misc arrow-asc.png
109.01.24 16:23 B D:\Resurser\Programmer\Drupal 6.9\drupal-6.9\misc\arrow-desc.png --> ftp.lagervarer.dk /httpdocs/misc arrow-desc.png
109.01.24 16:23 B D:\Resurser\Programmer\Drupal 6.9\drupal-6.9\misc\autocomplete.js --> ftp.lagervarer.dk /httpdocs/misc autocomplete.js
109.01.24 16:23 B D:\Resurser\Programmer\Drupal 6.9\drupal-6.9\misc\batch.js --> ftp.lagervarer.dk /httpdocs/misc batch.js
109.01.24 16:23 B D:\Resurser\Programmer\Drupal 6.9\drupal-6.9\misc\blog.png --> ftp.lagervarer.dk /httpdocs/misc blog.png
109.01.24 16:23 B D:\Resurser\Programmer\Drupal 6.9\drupal-6.9\misc\collapse.js --> ftp.lagervarer.dk /httpdocs/misc collapse.js
109.01.24 16:23 B D:\Resurser\Programmer\Drupal 6.9\drupal-6.9\misc\draggable.png --> ftp.lagervarer.dk /httpdocs/misc draggable.png
109.01.24 16:23 B D:\Resurser\Programmer\Drupal 6.9\drupal-6.9\misc\drupal.js --> ftp.lagervarer.dk /httpdocs/misc drupal.js
109.01.24 16:23 B D:\Resurser\Programmer\Drupal 6.9\drupal-6.9\misc\druplicon.png --> ftp.lagervarer.dk /httpdocs/misc druplicon.png
109.01.24 16:23 B D:\Resurser\Programmer\Drupal 6.9\drupal-6.9\misc\favicon.ico --> ftp.lagervarer.dk /httpdocs/misc favicon.ico
109.01.24 16:23 B D:\Resurser\Programmer\Drupal 6.9\drupal-6.9\misc\feed.png --> ftp.lagervarer.dk /httpdocs/misc feed.png
109.01.24 16:23 B D:\Resurser\Programmer\Drupal 6.9\drupal-6.9\misc\form.js --> ftp.lagervarer.dk /httpdocs/misc form.js
109.01.24 16:23 B D:\Resurser\Programmer\Drupal 6.9\drupal-6.9\misc\forum-closed.png --> ftp.lagervarer.dk /httpdocs/misc forum-closed.png
109.01.24 16:23 B D:\Resurser\Programmer\Drupal 6.9\drupal-6.9\misc\forum-default.png --> ftp.lagervarer.dk /httpdocs/misc forum-default.png
109.01.24 16:23 B D:\Resurser\Programmer\Drupal 6.9\drupal-6.9\misc\forum-hot-new.png --> ftp.lagervarer.dk /httpdocs/misc forum-hot-new.png
109.01.24 16:23 B D:\Resurser\Programmer\Drupal 6.9\drupal-6.9\misc\forum-hot.png --> ftp.lagervarer.dk /httpdocs/misc forum-hot.png
109.01.24 16:23 B D:\Resurser\Programmer\Drupal 6.9\drupal-6.9\misc\forum-new.png --> ftp.lagervarer.dk /httpdocs/misc forum-new.png
109.01.24 16:23 B D:\Resurser\Programmer\Drupal 6.9\drupal-6.9\misc\forum-sticky.png --> ftp.lagervarer.dk /httpdocs/misc forum-sticky.png
109.01.24 16:23 B D:\Resurser\Programmer\Drupal 6.9\drupal-6.9\misc\grippie.png --> ftp.lagervarer.dk /httpdocs/misc grippie.png
109.01.24 16:23 B D:\Resurser\Programmer\Drupal 6.9\drupal-6.9\misc\jquery.form.js --> ftp.lagervarer.dk /httpdocs/misc jquery.form.js
109.01.24 16:23 B D:\Resurser\Programmer\Drupal 6.9\drupal-6.9\misc\jquery.js --> ftp.lagervarer.dk /httpdocs/misc jquery.js
109.01.24 16:23 B D:\Resurser\Programmer\Drupal 6.9\drupal-6.9\misc\menu-collapsed-rtl.png --> ftp.lagervarer.dk /httpdocs/misc menu-collapsed-rtl.png
109.01.24 16:23 B D:\Resurser\Programmer\Drupal 6.9\drupal-6.9\misc\menu-collapsed.png --> ftp.lagervarer.dk /httpdocs/misc menu-collapsed.png
109.01.24 16:23 B D:\Resurser\Programmer\Drupal 6.9\drupal-6.9\misc\menu-expanded.png --> ftp.lagervarer.dk /httpdocs/misc menu-expanded.png
109.01.24 16:23 B D:\Resurser\Programmer\Drupal 6.9\drupal-6.9\misc\menu-leaf.png --> ftp.lagervarer.dk /httpdocs/misc menu-leaf.png
109.01.24 16:23 B D:\Resurser\Programmer\Drupal 6.9\drupal-6.9\misc\powered-black-135x42.png --> ftp.lagervarer.dk /httpdocs/misc powered-black-135x42.png
109.01.24 16:23 B D:\Resurser\Programmer\Drupal 6.9\drupal-6.9\misc\powered-black-80x15.png --> ftp.lagervarer.dk /httpdocs/misc powered-black-80x15.png
109.01.24 16:23 B D:\Resurser\Programmer\Drupal 6.9\drupal-6.9\misc\powered-black-88x31.png --> ftp.lagervarer.dk /httpdocs/misc powered-black-88x31.png
109.01.24 16:23 B D:\Resurser\Programmer\Drupal 6.9\drupal-6.9\misc\powered-blue-135x42.png --> ftp.lagervarer.dk /httpdocs/misc powered-blue-135x42.png
109.01.24 16:23 B D:\Resurser\Programmer\Drupal 6.9\drupal-6.9\misc\powered-blue-80x15.png --> ftp.lagervarer.dk /httpdocs/misc powered-blue-80x15.png
109.01.24 16:23 B D:\Resurser\Programmer\Drupal 6.9\drupal-6.9\misc\powered-blue-88x31.png --> ftp.lagervarer.dk /httpdocs/misc powered-blue-88x31.png
109.01.24 16:23 B D:\Resurser\Programmer\Drupal 6.9\drupal-6.9\misc\powered-gray-135x42.png --> ftp.lagervarer.dk /httpdocs/misc powered-gray-135x42.png
109.01.24 16:23 B D:\Resurser\Programmer\Drupal 6.9\drupal-6.9\misc\powered-gray-80x15.png --> ftp.lagervarer.dk /httpdocs/misc powered-gray-80x15.png
109.01.24 16:23 B D:\Resurser\Programmer\Drupal 6.9\drupal-6.9\misc\powered-gray-88x31.png --> ftp.lagervarer.dk /httpdocs/misc powered-gray-88x31.png
109.01.24 16:23 B D:\Resurser\Programmer\Drupal 6.9\drupal-6.9\misc\print-rtl.css --> ftp.lagervarer.dk /httpdocs/misc print-rtl.css
109.01.24 16:23 B D:\Resurser\Programmer\Drupal 6.9\drupal-6.9\misc\print.css --> ftp.lagervarer.dk /httpdocs/misc print.css
109.01.24 16:23 B D:\Resurser\Programmer\Drupal 6.9\drupal-6.9\misc\progress.gif --> ftp.lagervarer.dk /httpdocs/misc progress.gif
109.01.24 16:23 B D:\Resurser\Programmer\Drupal 6.9\drupal-6.9\misc\progress.js --> ftp.lagervarer.dk /httpdocs/misc progress.js
109.01.24 16:23 B D:\Resurser\Programmer\Drupal 6.9\drupal-6.9\misc\tabledrag.js --> ftp.lagervarer.dk /httpdocs/misc tabledrag.js
109.01.24 16:23 B D:\Resurser\Programmer\Drupal 6.9\drupal-6.9\misc\tableheader.js --> ftp.lagervarer.dk /httpdocs/misc tableheader.js
109.01.24 16:23 B D:\Resurser\Programmer\Drupal 6.9\drupal-6.9\misc\tableselect.js --> ftp.lagervarer.dk /httpdocs/misc tableselect.js
109.01.24 16:23 B D:\Resurser\Programmer\Drupal 6.9\drupal-6.9\misc\teaser.js --> ftp.lagervarer.dk /httpdocs/misc teaser.js
109.01.24 16:23 B D:\Resurser\Programmer\Drupal 6.9\drupal-6.9\misc\textarea.js --> ftp.lagervarer.dk /httpdocs/misc textarea.js
109.01.24 16:23 B D:\Resurser\Programmer\Drupal 6.9\drupal-6.9\misc\throbber.gif --> ftp.lagervarer.dk /httpdocs/misc throbber.gif
109.01.24 16:23 B D:\Resurser\Programmer\Drupal 6.9\drupal-6.9\misc\tree-bottom.png --> ftp.lagervarer.dk /httpdocs/misc tree-bottom.png
109.01.24 16:23 B D:\Resurser\Programmer\Drupal 6.9\drupal-6.9\misc\tree.png --> ftp.lagervarer.dk /httpdocs/misc tree.png
109.01.24 16:23 B D:\Resurser\Programmer\Drupal 6.9\drupal-6.9\misc\watchdog-error.png --> ftp.lagervarer.dk /httpdocs/misc watchdog-error.png
109.01.24 16:23 B D:\Resurser\Programmer\Drupal 6.9\drupal-6.9\misc\watchdog-ok.png --> ftp.lagervarer.dk /httpdocs/misc watchdog-ok.png
109.01.24 16:23 B D:\Resurser\Programmer\Drupal 6.9\drupal-6.9\misc\watchdog-warning.png --> ftp.lagervarer.dk /httpdocs/misc watchdog-warning.png
111.11.20 19:17 B C:\wwwroot\lagervarer.dk-download\misc\WS_FTP.LOG <-- Lagervarer.dk /httpdocs/misc WS_FTP.LOG
111.11.20 19:17 B C:\wwwroot\lagervarer.dk-download\misc\xml.png <-- Lagervarer.dk /httpdocs/misc xml.png
