109.01.20 03:23 B D:\Resurser\Programmer\Drupal 6.9\drupal-6.9\modules\forum\forum-icon.tpl.php --> lagervarer.dk /htdocs/modules/forum forum-icon.tpl.php
109.01.20 03:23 B D:\Resurser\Programmer\Drupal 6.9\drupal-6.9\modules\forum\forum-list.tpl.php --> lagervarer.dk /htdocs/modules/forum forum-list.tpl.php
109.01.20 03:23 B D:\Resurser\Programmer\Drupal 6.9\drupal-6.9\modules\forum\forum-rtl.css --> lagervarer.dk /htdocs/modules/forum forum-rtl.css
109.01.20 03:23 B D:\Resurser\Programmer\Drupal 6.9\drupal-6.9\modules\forum\forum-submitted.tpl.php --> lagervarer.dk /htdocs/modules/forum forum-submitted.tpl.php
109.01.20 03:23 B D:\Resurser\Programmer\Drupal 6.9\drupal-6.9\modules\forum\forum-topic-list.tpl.php --> lagervarer.dk /htdocs/modules/forum forum-topic-list.tpl.php
109.01.20 03:23 B D:\Resurser\Programmer\Drupal 6.9\drupal-6.9\modules\forum\forum-topic-navigation.tpl.php --> lagervarer.dk /htdocs/modules/forum forum-topic-navigation.tpl.php
109.01.20 03:23 B D:\Resurser\Programmer\Drupal 6.9\drupal-6.9\modules\forum\forum.admin.inc --> lagervarer.dk /htdocs/modules/forum forum.admin.inc
109.01.20 03:23 B D:\Resurser\Programmer\Drupal 6.9\drupal-6.9\modules\forum\forum.css --> lagervarer.dk /htdocs/modules/forum forum.css
109.01.20 03:23 B D:\Resurser\Programmer\Drupal 6.9\drupal-6.9\modules\forum\forum.info --> lagervarer.dk /htdocs/modules/forum forum.info
109.01.20 03:23 B D:\Resurser\Programmer\Drupal 6.9\drupal-6.9\modules\forum\forum.install --> lagervarer.dk /htdocs/modules/forum forum.install
109.01.20 03:23 B D:\Resurser\Programmer\Drupal 6.9\drupal-6.9\modules\forum\forum.module --> lagervarer.dk /htdocs/modules/forum forum.module
109.01.20 03:23 B D:\Resurser\Programmer\Drupal 6.9\drupal-6.9\modules\forum\forum.pages.inc --> lagervarer.dk /htdocs/modules/forum forum.pages.inc
109.01.20 03:23 B D:\Resurser\Programmer\Drupal 6.9\drupal-6.9\modules\forum\forums.tpl.php --> lagervarer.dk /htdocs/modules/forum forums.tpl.php
109.01.24 16:23 B D:\Resurser\Programmer\Drupal 6.9\drupal-6.9\modules\forum\forum-icon.tpl.php --> ftp.lagervarer.dk /httpdocs/modules/forum forum-icon.tpl.php
109.01.24 16:23 B D:\Resurser\Programmer\Drupal 6.9\drupal-6.9\modules\forum\forum-list.tpl.php --> ftp.lagervarer.dk /httpdocs/modules/forum forum-list.tpl.php
109.01.24 16:23 B D:\Resurser\Programmer\Drupal 6.9\drupal-6.9\modules\forum\forum-rtl.css --> ftp.lagervarer.dk /httpdocs/modules/forum forum-rtl.css
109.01.24 16:23 B D:\Resurser\Programmer\Drupal 6.9\drupal-6.9\modules\forum\forum-submitted.tpl.php --> ftp.lagervarer.dk /httpdocs/modules/forum forum-submitted.tpl.php
109.01.24 16:23 B D:\Resurser\Programmer\Drupal 6.9\drupal-6.9\modules\forum\forum-topic-list.tpl.php --> ftp.lagervarer.dk /httpdocs/modules/forum forum-topic-list.tpl.php
109.01.24 16:23 B D:\Resurser\Programmer\Drupal 6.9\drupal-6.9\modules\forum\forum-topic-navigation.tpl.php --> ftp.lagervarer.dk /httpdocs/modules/forum forum-topic-navigation.tpl.php
109.01.24 16:23 B D:\Resurser\Programmer\Drupal 6.9\drupal-6.9\modules\forum\forum.admin.inc --> ftp.lagervarer.dk /httpdocs/modules/forum forum.admin.inc
109.01.24 16:23 B D:\Resurser\Programmer\Drupal 6.9\drupal-6.9\modules\forum\forum.css --> ftp.lagervarer.dk /httpdocs/modules/forum forum.css
109.01.24 16:23 B D:\Resurser\Programmer\Drupal 6.9\drupal-6.9\modules\forum\forum.info --> ftp.lagervarer.dk /httpdocs/modules/forum forum.info
109.01.24 16:23 B D:\Resurser\Programmer\Drupal 6.9\drupal-6.9\modules\forum\forum.install --> ftp.lagervarer.dk /httpdocs/modules/forum forum.install
109.01.24 16:23 B D:\Resurser\Programmer\Drupal 6.9\drupal-6.9\modules\forum\forum.module --> ftp.lagervarer.dk /httpdocs/modules/forum forum.module
109.01.24 16:23 B D:\Resurser\Programmer\Drupal 6.9\drupal-6.9\modules\forum\forum.pages.inc --> ftp.lagervarer.dk /httpdocs/modules/forum forum.pages.inc
109.01.24 16:23 B D:\Resurser\Programmer\Drupal 6.9\drupal-6.9\modules\forum\forums.tpl.php --> ftp.lagervarer.dk /httpdocs/modules/forum forums.tpl.php
111.11.20 19:24 B C:\wwwroot\lagervarer.dk-download\modules\forum\WS_FTP.LOG <-- Lagervarer.dk /httpdocs/modules/forum WS_FTP.LOG
