109.02.17 14:19 B C:\Inetpub\wwwroot\lagervarer.dk\sites\all\modules\ubercart\uc_order\uc_order.admin.inc --> ftp.lagervarer.dk /httpdocs/sites/all/modules/ubercart/uc_order uc_order.admin.inc
109.02.17 14:19 B C:\Inetpub\wwwroot\lagervarer.dk\sites\all\modules\ubercart\uc_order\uc_order.ca.inc --> ftp.lagervarer.dk /httpdocs/sites/all/modules/ubercart/uc_order uc_order.ca.inc
109.02.17 14:19 B C:\Inetpub\wwwroot\lagervarer.dk\sites\all\modules\ubercart\uc_order\uc_order.css --> ftp.lagervarer.dk /httpdocs/sites/all/modules/ubercart/uc_order uc_order.css
109.02.17 14:19 B C:\Inetpub\wwwroot\lagervarer.dk\sites\all\modules\ubercart\uc_order\uc_order.info --> ftp.lagervarer.dk /httpdocs/sites/all/modules/ubercart/uc_order uc_order.info
109.02.17 14:19 B C:\Inetpub\wwwroot\lagervarer.dk\sites\all\modules\ubercart\uc_order\uc_order.install --> ftp.lagervarer.dk /httpdocs/sites/all/modules/ubercart/uc_order uc_order.install
109.02.17 14:19 B C:\Inetpub\wwwroot\lagervarer.dk\sites\all\modules\ubercart\uc_order\uc_order.js --> ftp.lagervarer.dk /httpdocs/sites/all/modules/ubercart/uc_order uc_order.js
109.02.17 14:19 B C:\Inetpub\wwwroot\lagervarer.dk\sites\all\modules\ubercart\uc_order\uc_order.line_item.inc --> ftp.lagervarer.dk /httpdocs/sites/all/modules/ubercart/uc_order uc_order.line_item.inc
109.02.17 14:19 B C:\Inetpub\wwwroot\lagervarer.dk\sites\all\modules\ubercart\uc_order\uc_order.module --> ftp.lagervarer.dk /httpdocs/sites/all/modules/ubercart/uc_order uc_order.module
109.02.17 14:19 B C:\Inetpub\wwwroot\lagervarer.dk\sites\all\modules\ubercart\uc_order\uc_order.order_pane.inc --> ftp.lagervarer.dk /httpdocs/sites/all/modules/ubercart/uc_order uc_order.order_pane.inc
109.03.24 03:31 B C:\Inetpub\wwwroot\lagervarer.dk\sites\all\modules\ubercart\uc_order\uc_order.admin.inc --> ftp.lagervarer.dk /httpdocs/sites/all/modules/ubercart/uc_order uc_order.admin.inc
109.03.24 03:31 B C:\Inetpub\wwwroot\lagervarer.dk\sites\all\modules\ubercart\uc_order\uc_order.ca.inc --> ftp.lagervarer.dk /httpdocs/sites/all/modules/ubercart/uc_order uc_order.ca.inc
109.03.24 03:31 B C:\Inetpub\wwwroot\lagervarer.dk\sites\all\modules\ubercart\uc_order\uc_order.css --> ftp.lagervarer.dk /httpdocs/sites/all/modules/ubercart/uc_order uc_order.css
109.03.24 03:31 B C:\Inetpub\wwwroot\lagervarer.dk\sites\all\modules\ubercart\uc_order\uc_order.info --> ftp.lagervarer.dk /httpdocs/sites/all/modules/ubercart/uc_order uc_order.info
109.03.24 03:31 B C:\Inetpub\wwwroot\lagervarer.dk\sites\all\modules\ubercart\uc_order\uc_order.install --> ftp.lagervarer.dk /httpdocs/sites/all/modules/ubercart/uc_order uc_order.install
109.03.24 03:31 B C:\Inetpub\wwwroot\lagervarer.dk\sites\all\modules\ubercart\uc_order\uc_order.js --> ftp.lagervarer.dk /httpdocs/sites/all/modules/ubercart/uc_order uc_order.js
109.03.24 03:31 B C:\Inetpub\wwwroot\lagervarer.dk\sites\all\modules\ubercart\uc_order\uc_order.line_item.inc --> ftp.lagervarer.dk /httpdocs/sites/all/modules/ubercart/uc_order uc_order.line_item.inc
109.03.24 03:31 B C:\Inetpub\wwwroot\lagervarer.dk\sites\all\modules\ubercart\uc_order\uc_order.module --> ftp.lagervarer.dk /httpdocs/sites/all/modules/ubercart/uc_order uc_order.module
109.03.24 03:31 B C:\Inetpub\wwwroot\lagervarer.dk\sites\all\modules\ubercart\uc_order\uc_order.order_pane.inc --> ftp.lagervarer.dk /httpdocs/sites/all/modules/ubercart/uc_order uc_order.order_pane.inc
109.03.24 03:31 B C:\Inetpub\wwwroot\lagervarer.dk\sites\all\modules\ubercart\uc_order\WS_FTP.LOG --> ftp.lagervarer.dk /httpdocs/sites/all/modules/ubercart/uc_order WS_FTP.LOG
109.04.09 13:24 B C:\Inetpub\wwwroot\lagervarer.dk\sites\all\modules\ubercart\uc_order\uc_order.admin.inc --> ftp.lagervarer.dk /httpdocs/sites/all/modules/ubercart/uc_order uc_order.admin.inc
109.04.09 13:24 B C:\Inetpub\wwwroot\lagervarer.dk\sites\all\modules\ubercart\uc_order\uc_order.ca.inc --> ftp.lagervarer.dk /httpdocs/sites/all/modules/ubercart/uc_order uc_order.ca.inc
109.04.09 13:24 B C:\Inetpub\wwwroot\lagervarer.dk\sites\all\modules\ubercart\uc_order\uc_order.css --> ftp.lagervarer.dk /httpdocs/sites/all/modules/ubercart/uc_order uc_order.css
109.04.09 13:24 B C:\Inetpub\wwwroot\lagervarer.dk\sites\all\modules\ubercart\uc_order\uc_order.info --> ftp.lagervarer.dk /httpdocs/sites/all/modules/ubercart/uc_order uc_order.info
109.04.09 13:24 B C:\Inetpub\wwwroot\lagervarer.dk\sites\all\modules\ubercart\uc_order\uc_order.install --> ftp.lagervarer.dk /httpdocs/sites/all/modules/ubercart/uc_order uc_order.install
109.04.09 13:24 B C:\Inetpub\wwwroot\lagervarer.dk\sites\all\modules\ubercart\uc_order\uc_order.js --> ftp.lagervarer.dk /httpdocs/sites/all/modules/ubercart/uc_order uc_order.js
109.04.09 13:24 B C:\Inetpub\wwwroot\lagervarer.dk\sites\all\modules\ubercart\uc_order\uc_order.line_item.inc --> ftp.lagervarer.dk /httpdocs/sites/all/modules/ubercart/uc_order uc_order.line_item.inc
109.04.09 13:24 B C:\Inetpub\wwwroot\lagervarer.dk\sites\all\modules\ubercart\uc_order\uc_order.module --> ftp.lagervarer.dk /httpdocs/sites/all/modules/ubercart/uc_order uc_order.module
109.04.09 13:24 B C:\Inetpub\wwwroot\lagervarer.dk\sites\all\modules\ubercart\uc_order\uc_order.order_pane.inc --> ftp.lagervarer.dk /httpdocs/sites/all/modules/ubercart/uc_order uc_order.order_pane.inc
