109.08.16 19:36 B C:\wwwroot\lagervarer.dk\sites\all\modules\lv_search\lv_search.info --> ftp.lagervarer.dk /httpdocs/sites/all/modules/lv_search lv_search.info
109.08.16 19:36 B C:\wwwroot\lagervarer.dk\sites\all\modules\lv_search\lv_search.install --> ftp.lagervarer.dk /httpdocs/sites/all/modules/lv_search lv_search.install
109.08.16 19:36 B C:\wwwroot\lagervarer.dk\sites\all\modules\lv_search\lv_search.module --> ftp.lagervarer.dk /httpdocs/sites/all/modules/lv_search lv_search.module
109.08.16 19:38 B C:\wwwroot\lagervarer.dk\sites\all\modules\lv_search\lv_search.module --> ftp.lagervarer.dk /httpdocs/sites/all/modules/lv_search lv_search.module
109.08.16 19:38 B C:\wwwroot\lagervarer.dk\sites\all\modules\lv_search\lv_search.install --> ftp.lagervarer.dk /httpdocs/sites/all/modules/lv_search lv_search.install
109.08.16 19:42 B C:\wwwroot\lagervarer.dk\sites\all\modules\lv_search\lv_search.install --> ftp.lagervarer.dk /httpdocs/sites/all/modules/lv_search lv_search.install
109.08.16 19:43 B C:\wwwroot\lagervarer.dk\sites\all\modules\lv_search\lv_search.install --> ftp.lagervarer.dk /httpdocs/sites/all/modules/lv_search lv_search.install
109.08.16 19:44 B C:\wwwroot\lagervarer.dk\sites\all\modules\lv_search\lv_search.module --> ftp.lagervarer.dk /httpdocs/sites/all/modules/lv_search lv_search.module
109.08.16 19:44 B C:\wwwroot\lagervarer.dk\sites\all\modules\lv_search\lv_search.module --> ftp.lagervarer.dk /httpdocs/sites/all/modules/lv_search lv_search.module
109.08.16 19:44 B C:\wwwroot\lagervarer.dk\sites\all\modules\lv_search\lv_search.module --> ftp.lagervarer.dk /httpdocs/sites/all/modules/lv_search lv_search.module
109.08.16 19:58 B C:\wwwroot\lagervarer.dk\sites\all\modules\lv_search\lv_search.module --> ftp.lagervarer.dk /httpdocs/sites/all/modules/lv_search lv_search.module
109.08.16 20:54 B C:\wwwroot\lagervarer.dk\sites\all\modules\lv_search\lv_search.module --> ftp.lagervarer.dk /httpdocs/sites/all/modules/lv_search lv_search.module
109.08.16 21:19 B C:\wwwroot\lagervarer.dk\sites\all\modules\lv_search\lv_search.module --> ftp.lagervarer.dk /httpdocs/sites/all/modules/lv_search lv_search.module
109.08.16 21:22 B C:\wwwroot\lagervarer.dk\sites\all\modules\lv_search\lv_search.module --> ftp.lagervarer.dk /httpdocs/sites/all/modules/lv_search lv_search.module
109.08.16 21:22 B C:\wwwroot\lagervarer.dk\sites\all\modules\lv_search\lv_search.module --> ftp.lagervarer.dk /httpdocs/sites/all/modules/lv_search lv_search.module
109.08.16 21:23 B C:\wwwroot\lagervarer.dk\sites\all\modules\lv_search\lv_search.module --> ftp.lagervarer.dk /httpdocs/sites/all/modules/lv_search lv_search.module
109.08.16 21:23 B C:\wwwroot\lagervarer.dk\sites\all\modules\lv_search\lv_search.module --> ftp.lagervarer.dk /httpdocs/sites/all/modules/lv_search lv_search.module
109.08.16 21:25 B C:\wwwroot\lagervarer.dk\sites\all\modules\lv_search\lv_search.module --> ftp.lagervarer.dk /httpdocs/sites/all/modules/lv_search lv_search.module
109.08.16 21:27 B C:\wwwroot\lagervarer.dk\sites\all\modules\lv_search\lv_search.module --> ftp.lagervarer.dk /httpdocs/sites/all/modules/lv_search lv_search.module
109.08.16 21:28 B C:\wwwroot\lagervarer.dk\sites\all\modules\lv_search\lv_search.module --> ftp.lagervarer.dk /httpdocs/sites/all/modules/lv_search lv_search.module
109.08.16 21:30 B C:\wwwroot\lagervarer.dk\sites\all\modules\lv_search\lv_search.module --> ftp.lagervarer.dk /httpdocs/sites/all/modules/lv_search lv_search.module
109.08.16 21:40 B C:\wwwroot\lagervarer.dk\sites\all\modules\lv_search\lv_search.module --> ftp.lagervarer.dk /httpdocs/sites/all/modules/lv_search lv_search.module
109.08.16 21:41 B C:\wwwroot\lagervarer.dk\sites\all\modules\lv_search\lv_search.module --> ftp.lagervarer.dk /httpdocs/sites/all/modules/lv_search lv_search.module
109.08.16 21:41 B C:\wwwroot\lagervarer.dk\sites\all\modules\lv_search\lv_search.module --> ftp.lagervarer.dk /httpdocs/sites/all/modules/lv_search lv_search.module
109.08.16 21:43 B C:\wwwroot\lagervarer.dk\sites\all\modules\lv_search\lv_search.module --> ftp.lagervarer.dk /httpdocs/sites/all/modules/lv_search lv_search.module
109.08.19 17:09 B C:\wwwroot\lagervarer.dk\sites\all\modules\lv_search\lv_search.module --> ftp.lagervarer.dk /httpdocs/sites/all/modules/lv_search lv_search.module
109.08.19 17:09 B C:\wwwroot\lagervarer.dk\sites\all\modules\lv_search\lv_search.module --> ftp.lagervarer.dk /httpdocs/sites/all/modules/lv_search lv_search.module
109.08.19 17:12 B C:\wwwroot\lagervarer.dk\sites\all\modules\lv_search\lv_search.module --> ftp.lagervarer.dk /httpdocs/sites/all/modules/lv_search lv_search.module
109.08.19 17:12 B C:\wwwroot\lagervarer.dk\sites\all\modules\lv_search\lv_search.module --> ftp.lagervarer.dk /httpdocs/sites/all/modules/lv_search lv_search.module
109.08.19 17:13 B C:\wwwroot\lagervarer.dk\sites\all\modules\lv_search\lv_search.module --> ftp.lagervarer.dk /httpdocs/sites/all/modules/lv_search lv_search.module
109.08.19 17:13 B C:\wwwroot\lagervarer.dk\sites\all\modules\lv_search\lv_search.module --> ftp.lagervarer.dk /httpdocs/sites/all/modules/lv_search lv_search.module
109.08.19 17:14 B C:\wwwroot\lagervarer.dk\sites\all\modules\lv_search\lv_search.module --> ftp.lagervarer.dk /httpdocs/sites/all/modules/lv_search lv_search.module
109.08.19 17:15 B C:\wwwroot\lagervarer.dk\sites\all\modules\lv_search\lv_search.module --> ftp.lagervarer.dk /httpdocs/sites/all/modules/lv_search lv_search.module
109.08.19 17:15 B C:\wwwroot\lagervarer.dk\sites\all\modules\lv_search\lv_search.module --> ftp.lagervarer.dk /httpdocs/sites/all/modules/lv_search lv_search.module
109.08.19 17:15 B C:\wwwroot\lagervarer.dk\sites\all\modules\lv_search\lv_search.module --> ftp.lagervarer.dk /httpdocs/sites/all/modules/lv_search lv_search.module
109.08.19 17:15 B C:\wwwroot\lagervarer.dk\sites\all\modules\lv_search\lv_search.module --> ftp.lagervarer.dk /httpdocs/sites/all/modules/lv_search lv_search.module
109.08.19 17:16 B C:\wwwroot\lagervarer.dk\sites\all\modules\lv_search\lv_search.module --> ftp.lagervarer.dk /httpdocs/sites/all/modules/lv_search lv_search.module
109.08.19 17:17 B C:\wwwroot\lagervarer.dk\sites\all\modules\lv_search\lv_search.module --> ftp.lagervarer.dk /httpdocs/sites/all/modules/lv_search lv_search.module
109.08.19 17:20 B C:\wwwroot\lagervarer.dk\sites\all\modules\lv_search\lv_search.module --> ftp.lagervarer.dk /httpdocs/sites/all/modules/lv_search lv_search.module
109.08.19 17:22 B C:\wwwroot\lagervarer.dk\sites\all\modules\lv_search\lv_search.module --> ftp.lagervarer.dk /httpdocs/sites/all/modules/lv_search lv_search.module
109.08.19 17:22 B C:\wwwroot\lagervarer.dk\sites\all\modules\lv_search\lv_search.module --> ftp.lagervarer.dk /httpdocs/sites/all/modules/lv_search lv_search.module
109.08.19 17:23 B C:\wwwroot\lagervarer.dk\sites\all\modules\lv_search\lv_search.module --> ftp.lagervarer.dk /httpdocs/sites/all/modules/lv_search lv_search.module
109.08.19 17:23 B C:\wwwroot\lagervarer.dk\sites\all\modules\lv_search\lv_search.module --> ftp.lagervarer.dk /httpdocs/sites/all/modules/lv_search lv_search.module
109.08.19 17:24 B C:\wwwroot\lagervarer.dk\sites\all\modules\lv_search\lv_search.module --> ftp.lagervarer.dk /httpdocs/sites/all/modules/lv_search lv_search.module
109.08.19 17:24 B C:\wwwroot\lagervarer.dk\sites\all\modules\lv_search\lv_search.module --> ftp.lagervarer.dk /httpdocs/sites/all/modules/lv_search lv_search.module
109.08.19 17:25 B C:\wwwroot\lagervarer.dk\sites\all\modules\lv_search\lv_search.module --> ftp.lagervarer.dk /httpdocs/sites/all/modules/lv_search lv_search.module
109.08.19 17:26 B C:\wwwroot\lagervarer.dk\sites\all\modules\lv_search\lv_search.module --> ftp.lagervarer.dk /httpdocs/sites/all/modules/lv_search lv_search.module
109.08.19 17:27 B C:\wwwroot\lagervarer.dk\sites\all\modules\lv_search\lv_search.module --> ftp.lagervarer.dk /httpdocs/sites/all/modules/lv_search lv_search.module
109.08.19 17:27 B C:\wwwroot\lagervarer.dk\sites\all\modules\lv_search\lv_search.module --> ftp.lagervarer.dk /httpdocs/sites/all/modules/lv_search lv_search.module
109.08.19 17:28 B C:\wwwroot\lagervarer.dk\sites\all\modules\lv_search\lv_search.module --> ftp.lagervarer.dk /httpdocs/sites/all/modules/lv_search lv_search.module
109.08.19 17:29 B C:\wwwroot\lagervarer.dk\sites\all\modules\lv_search\lv_search.module --> ftp.lagervarer.dk /httpdocs/sites/all/modules/lv_search lv_search.module
109.08.19 17:35 B C:\wwwroot\lagervarer.dk\sites\all\modules\lv_search\lv_search.module --> ftp.lagervarer.dk /httpdocs/sites/all/modules/lv_search lv_search.module
109.08.19 17:37 B C:\wwwroot\lagervarer.dk\sites\all\modules\lv_search\lv_search.module --> ftp.lagervarer.dk /httpdocs/sites/all/modules/lv_search lv_search.module
109.08.19 17:38 B C:\wwwroot\lagervarer.dk\sites\all\modules\lv_search\lv_search.module --> ftp.lagervarer.dk /httpdocs/sites/all/modules/lv_search lv_search.module
109.08.19 17:38 B C:\wwwroot\lagervarer.dk\sites\all\modules\lv_search\lv_search.module --> ftp.lagervarer.dk /httpdocs/sites/all/modules/lv_search lv_search.module
109.08.19 17:41 B C:\wwwroot\lagervarer.dk\sites\all\modules\lv_search\lv_search.module --> ftp.lagervarer.dk /httpdocs/sites/all/modules/lv_search lv_search.module
109.08.19 18:34 B C:\wwwroot\lagervarer.dk\sites\all\modules\lv_search\lv_search.module --> ftp.lagervarer.dk /httpdocs/sites/all/modules/lv_search lv_search.module
109.08.19 18:35 B C:\wwwroot\lagervarer.dk\sites\all\modules\lv_search\lv_search.module --> ftp.lagervarer.dk /httpdocs/sites/all/modules/lv_search lv_search.module
109.08.19 18:38 B C:\wwwroot\lagervarer.dk\sites\all\modules\lv_search\lv_search.module --> ftp.lagervarer.dk /httpdocs/sites/all/modules/lv_search lv_search.module
109.08.19 18:39 B C:\wwwroot\lagervarer.dk\sites\all\modules\lv_search\lv_search.module --> ftp.lagervarer.dk /httpdocs/sites/all/modules/lv_search lv_search.module
109.08.19 18:46 B C:\wwwroot\lagervarer.dk\sites\all\modules\lv_search\lv_search.module --> ftp.lagervarer.dk /httpdocs/sites/all/modules/lv_search lv_search.module
109.08.19 18:47 B C:\wwwroot\lagervarer.dk\sites\all\modules\lv_search\lv_search.module --> ftp.lagervarer.dk /httpdocs/sites/all/modules/lv_search lv_search.module
109.08.19 18:50 B C:\wwwroot\lagervarer.dk\sites\all\modules\lv_search\lv_search.module --> ftp.lagervarer.dk /httpdocs/sites/all/modules/lv_search lv_search.module
109.08.19 18:51 B C:\wwwroot\lagervarer.dk\sites\all\modules\lv_search\lv_search.module --> ftp.lagervarer.dk /httpdocs/sites/all/modules/lv_search lv_search.module
109.08.19 18:52 B C:\wwwroot\lagervarer.dk\sites\all\modules\lv_search\lv_search.module --> ftp.lagervarer.dk /httpdocs/sites/all/modules/lv_search lv_search.module
109.08.19 19:16 B C:\wwwroot\lagervarer.dk\sites\all\modules\lv_search\lv_search.module --> ftp.lagervarer.dk /httpdocs/sites/all/modules/lv_search lv_search.module
109.08.19 19:18 B C:\wwwroot\lagervarer.dk\sites\all\modules\lv_search\lv_search.module --> ftp.lagervarer.dk /httpdocs/sites/all/modules/lv_search lv_search.module
109.08.19 19:21 B C:\wwwroot\lagervarer.dk\sites\all\modules\lv_search\lv_search.module --> ftp.lagervarer.dk /httpdocs/sites/all/modules/lv_search lv_search.module
109.08.19 19:26 B C:\wwwroot\lagervarer.dk\sites\all\modules\lv_search\lv_search.module --> ftp.lagervarer.dk /httpdocs/sites/all/modules/lv_search lv_search.module
109.08.19 19:27 B C:\wwwroot\lagervarer.dk\sites\all\modules\lv_search\lv_search.module --> ftp.lagervarer.dk /httpdocs/sites/all/modules/lv_search lv_search.module
109.08.19 19:27 B C:\wwwroot\lagervarer.dk\sites\all\modules\lv_search\lv_search.module --> ftp.lagervarer.dk /httpdocs/sites/all/modules/lv_search lv_search.module
109.08.19 19:28 B C:\wwwroot\lagervarer.dk\sites\all\modules\lv_search\lv_search.module --> ftp.lagervarer.dk /httpdocs/sites/all/modules/lv_search lv_search.module
109.08.19 19:29 B C:\wwwroot\lagervarer.dk\sites\all\modules\lv_search\lv_search.module --> ftp.lagervarer.dk /httpdocs/sites/all/modules/lv_search lv_search.module
109.08.19 20:29 B C:\wwwroot\lagervarer.dk\sites\all\modules\lv_search\lv_search.module --> ftp.lagervarer.dk /httpdocs/sites/all/modules/lv_search lv_search.module
109.08.19 20:30 B C:\wwwroot\lagervarer.dk\sites\all\modules\lv_search\lv_search.module --> ftp.lagervarer.dk /httpdocs/sites/all/modules/lv_search lv_search.module
109.08.19 20:30 B C:\wwwroot\lagervarer.dk\sites\all\modules\lv_search\lv_search.module --> ftp.lagervarer.dk /httpdocs/sites/all/modules/lv_search lv_search.module
109.08.19 20:30 B C:\wwwroot\lagervarer.dk\sites\all\modules\lv_search\lv_search.module --> ftp.lagervarer.dk /httpdocs/sites/all/modules/lv_search lv_search.module
109.08.19 20:31 B C:\wwwroot\lagervarer.dk\sites\all\modules\lv_search\lv_search.module --> ftp.lagervarer.dk /httpdocs/sites/all/modules/lv_search lv_search.module
109.08.19 20:31 B C:\wwwroot\lagervarer.dk\sites\all\modules\lv_search\lv_search.module --> ftp.lagervarer.dk /httpdocs/sites/all/modules/lv_search lv_search.module
109.08.19 20:31 B C:\wwwroot\lagervarer.dk\sites\all\modules\lv_search\lv_search.module --> ftp.lagervarer.dk /httpdocs/sites/all/modules/lv_search lv_search.module
109.08.19 20:32 B C:\wwwroot\lagervarer.dk\sites\all\modules\lv_search\lv_search.module --> ftp.lagervarer.dk /httpdocs/sites/all/modules/lv_search lv_search.module
109.08.19 20:35 B C:\wwwroot\lagervarer.dk\sites\all\modules\lv_search\lv_search.module --> ftp.lagervarer.dk /httpdocs/sites/all/modules/lv_search lv_search.module
109.08.19 20:36 B C:\wwwroot\lagervarer.dk\sites\all\modules\lv_search\lv_search.module --> ftp.lagervarer.dk /httpdocs/sites/all/modules/lv_search lv_search.module
109.08.19 20:37 B C:\wwwroot\lagervarer.dk\sites\all\modules\lv_search\lv_search.module --> ftp.lagervarer.dk /httpdocs/sites/all/modules/lv_search lv_search.module
109.08.19 20:51 B C:\wwwroot\lagervarer.dk\sites\all\modules\lv_search\lv_search.module --> ftp.lagervarer.dk /httpdocs/sites/all/modules/lv_search lv_search.module
109.08.19 23:02 B C:\wwwroot\lagervarer.dk\sites\all\modules\lv_search\lv_search.module --> ftp.lagervarer.dk /httpdocs/sites/all/modules/lv_search lv_search.module
109.08.19 23:02 B C:\wwwroot\lagervarer.dk\sites\all\modules\lv_search\lv_search.module --> ftp.lagervarer.dk /httpdocs/sites/all/modules/lv_search lv_search.module
109.08.19 23:05 B C:\wwwroot\lagervarer.dk\sites\all\modules\lv_search\lv_search.module --> ftp.lagervarer.dk /httpdocs/sites/all/modules/lv_search lv_search.module
109.08.19 23:06 B C:\wwwroot\lagervarer.dk\sites\all\modules\lv_search\lv_search.module --> ftp.lagervarer.dk /httpdocs/sites/all/modules/lv_search lv_search.module
109.08.19 23:13 B C:\wwwroot\lagervarer.dk\sites\all\modules\lv_search\lv_search.module --> ftp.lagervarer.dk /httpdocs/sites/all/modules/lv_search lv_search.module
109.08.19 23:14 B C:\wwwroot\lagervarer.dk\sites\all\modules\lv_search\lv_search.module --> ftp.lagervarer.dk /httpdocs/sites/all/modules/lv_search lv_search.module
109.08.19 23:28 B C:\wwwroot\lagervarer.dk\sites\all\modules\lv_search\lv_search.module --> ftp.lagervarer.dk /httpdocs/sites/all/modules/lv_search lv_search.module
109.08.19 23:30 B C:\wwwroot\lagervarer.dk\sites\all\modules\lv_search\lv_search.module --> ftp.lagervarer.dk /httpdocs/sites/all/modules/lv_search lv_search.module
109.08.20 00:09 B C:\wwwroot\lagervarer.dk\sites\all\modules\lv_search\lv_search.module --> ftp.lagervarer.dk /httpdocs/sites/all/modules/lv_search lv_search.module
109.08.20 00:09 B C:\wwwroot\lagervarer.dk\sites\all\modules\lv_search\lv_search.module --> ftp.lagervarer.dk /httpdocs/sites/all/modules/lv_search lv_search.module
109.08.20 00:10 B C:\wwwroot\lagervarer.dk\sites\all\modules\lv_search\lv_search.module --> ftp.lagervarer.dk /httpdocs/sites/all/modules/lv_search lv_search.module
109.08.20 00:10 B C:\wwwroot\lagervarer.dk\sites\all\modules\lv_search\lv_search.module --> ftp.lagervarer.dk /httpdocs/sites/all/modules/lv_search lv_search.module
109.08.20 00:19 B C:\wwwroot\lagervarer.dk\sites\all\modules\lv_search\lv_search.module --> ftp.lagervarer.dk /httpdocs/sites/all/modules/lv_search lv_search.module
109.08.20 00:19 B C:\wwwroot\lagervarer.dk\sites\all\modules\lv_search\lv_search.module --> ftp.lagervarer.dk /httpdocs/sites/all/modules/lv_search lv_search.module
109.08.20 00:22 B C:\wwwroot\lagervarer.dk\sites\all\modules\lv_search\lv_search.module --> ftp.lagervarer.dk /httpdocs/sites/all/modules/lv_search lv_search.module
109.08.20 00:22 B C:\wwwroot\lagervarer.dk\sites\all\modules\lv_search\lv_search.module --> ftp.lagervarer.dk /httpdocs/sites/all/modules/lv_search lv_search.module
109.08.20 00:22 B C:\wwwroot\lagervarer.dk\sites\all\modules\lv_search\lv_search.module --> ftp.lagervarer.dk /httpdocs/sites/all/modules/lv_search lv_search.module
109.08.20 01:26 B C:\wwwroot\lagervarer.dk\sites\all\modules\lv_search\lv_search.module --> ftp.lagervarer.dk /httpdocs/sites/all/modules/lv_search lv_search.module
109.08.20 01:27 B C:\wwwroot\lagervarer.dk\sites\all\modules\lv_search\lv_search.module --> ftp.lagervarer.dk /httpdocs/sites/all/modules/lv_search lv_search.module
109.08.20 01:31 B C:\wwwroot\lagervarer.dk\sites\all\modules\lv_search\lv_search.module --> ftp.lagervarer.dk /httpdocs/sites/all/modules/lv_search lv_search.module
109.08.20 01:35 B C:\wwwroot\lagervarer.dk\sites\all\modules\lv_search\lv_search.module --> ftp.lagervarer.dk /httpdocs/sites/all/modules/lv_search lv_search.module
109.08.20 01:37 B C:\wwwroot\lagervarer.dk\sites\all\modules\lv_search\lv_search.module --> ftp.lagervarer.dk /httpdocs/sites/all/modules/lv_search lv_search.module
109.08.20 01:47 B C:\wwwroot\lagervarer.dk\sites\all\modules\lv_search\lv_search.module --> ftp.lagervarer.dk /httpdocs/sites/all/modules/lv_search lv_search.module
109.08.20 01:54 B C:\wwwroot\lagervarer.dk\sites\all\modules\lv_search\lv_search.module --> ftp.lagervarer.dk /httpdocs/sites/all/modules/lv_search lv_search.module
109.08.20 02:00 B C:\wwwroot\lagervarer.dk\sites\all\modules\lv_search\lv_search.module --> ftp.lagervarer.dk /httpdocs/sites/all/modules/lv_search lv_search.module
109.08.20 02:01 B C:\wwwroot\lagervarer.dk\sites\all\modules\lv_search\lv_search.module --> ftp.lagervarer.dk /httpdocs/sites/all/modules/lv_search lv_search.module
109.08.20 02:16 B C:\wwwroot\lagervarer.dk\sites\all\modules\lv_search\lv_search.module --> ftp.lagervarer.dk /httpdocs/sites/all/modules/lv_search lv_search.module
109.08.20 02:28 B C:\wwwroot\lagervarer.dk\sites\all\modules\lv_search\lv_search.module --> ftp.lagervarer.dk /httpdocs/sites/all/modules/lv_search lv_search.module
109.08.20 02:29 B C:\wwwroot\lagervarer.dk\sites\all\modules\lv_search\lv_search.module --> ftp.lagervarer.dk /httpdocs/sites/all/modules/lv_search lv_search.module
109.08.20 02:37 B C:\wwwroot\lagervarer.dk\sites\all\modules\lv_search\lv_search.module --> ftp.lagervarer.dk /httpdocs/sites/all/modules/lv_search lv_search.module
109.08.21 00:56 B C:\wwwroot\lagervarer.dk\sites\all\modules\lv_search\lv_search.module --> ftp.lagervarer.dk /httpdocs/sites/all/modules/lv_search lv_search.module
109.08.21 00:56 B C:\wwwroot\lagervarer.dk\sites\all\modules\lv_search\lv_search.module --> ftp.lagervarer.dk /httpdocs/sites/all/modules/lv_search lv_search.module
109.08.21 01:00 B C:\wwwroot\lagervarer.dk\sites\all\modules\lv_search\lv_search.module --> ftp.lagervarer.dk /httpdocs/sites/all/modules/lv_search lv_search.module
109.08.21 01:04 B C:\wwwroot\lagervarer.dk\sites\all\modules\lv_search\lv_search.module --> ftp.lagervarer.dk /httpdocs/sites/all/modules/lv_search lv_search.module
109.08.21 01:06 B C:\wwwroot\lagervarer.dk\sites\all\modules\lv_search\lv_search.module --> ftp.lagervarer.dk /httpdocs/sites/all/modules/lv_search lv_search.module
109.08.21 01:08 B C:\wwwroot\lagervarer.dk\sites\all\modules\lv_search\lv_search.module --> ftp.lagervarer.dk /httpdocs/sites/all/modules/lv_search lv_search.module
109.08.21 01:14 B C:\wwwroot\lagervarer.dk\sites\all\modules\lv_search\lv_search.module --> ftp.lagervarer.dk /httpdocs/sites/all/modules/lv_search lv_search.module
109.08.21 01:27 B C:\wwwroot\lagervarer.dk\sites\all\modules\lv_search\lv_search.module --> ftp.lagervarer.dk /httpdocs/sites/all/modules/lv_search lv_search.module
109.08.21 01:28 B C:\wwwroot\lagervarer.dk\sites\all\modules\lv_search\lv_search.module --> ftp.lagervarer.dk /httpdocs/sites/all/modules/lv_search lv_search.module
109.08.21 01:59 B C:\wwwroot\lagervarer.dk\sites\all\modules\lv_search\lv_search.module --> ftp.lagervarer.dk /httpdocs/sites/all/modules/lv_search lv_search.module
109.08.21 02:08 B C:\wwwroot\lagervarer.dk\sites\all\modules\lv_search\lv_search.module --> ftp.lagervarer.dk /httpdocs/sites/all/modules/lv_search lv_search.module
109.08.21 02:18 B C:\wwwroot\lagervarer.dk\sites\all\modules\lv_search\lv_search.module --> ftp.lagervarer.dk /httpdocs/sites/all/modules/lv_search lv_search.module
109.08.21 02:19 B C:\wwwroot\lagervarer.dk\sites\all\modules\lv_search\lv_search.module --> ftp.lagervarer.dk /httpdocs/sites/all/modules/lv_search lv_search.module
109.08.21 02:22 B C:\wwwroot\lagervarer.dk\sites\all\modules\lv_search\lv_search.module --> ftp.lagervarer.dk /httpdocs/sites/all/modules/lv_search lv_search.module
109.08.21 02:24 B C:\wwwroot\lagervarer.dk\sites\all\modules\lv_search\lv_search.module --> ftp.lagervarer.dk /httpdocs/sites/all/modules/lv_search lv_search.module
109.08.21 02:26 B C:\wwwroot\lagervarer.dk\sites\all\modules\lv_search\lv_search.module --> ftp.lagervarer.dk /httpdocs/sites/all/modules/lv_search lv_search.module
109.08.21 03:49 B C:\wwwroot\lagervarer.dk\sites\all\modules\lv_search\lv_search.module --> ftp.lagervarer.dk /httpdocs/sites/all/modules/lv_search lv_search.module
109.08.21 03:55 B C:\wwwroot\lagervarer.dk\sites\all\modules\lv_search\lv_search.module --> ftp.lagervarer.dk /httpdocs/sites/all/modules/lv_search lv_search.module
109.08.21 03:56 B C:\wwwroot\lagervarer.dk\sites\all\modules\lv_search\lv_search.module --> ftp.lagervarer.dk /httpdocs/sites/all/modules/lv_search lv_search.module
109.08.21 03:57 B C:\wwwroot\lagervarer.dk\sites\all\modules\lv_search\lv_search.module --> ftp.lagervarer.dk /httpdocs/sites/all/modules/lv_search lv_search.module
109.08.21 04:18 B C:\wwwroot\lagervarer.dk\sites\all\modules\lv_search\lv_search.module --> ftp.lagervarer.dk /httpdocs/sites/all/modules/lv_search lv_search.module
109.08.21 04:19 B C:\wwwroot\lagervarer.dk\sites\all\modules\lv_search\lv_search.module --> ftp.lagervarer.dk /httpdocs/sites/all/modules/lv_search lv_search.module
109.08.21 04:20 B C:\wwwroot\lagervarer.dk\sites\all\modules\lv_search\lv_search.module --> ftp.lagervarer.dk /httpdocs/sites/all/modules/lv_search lv_search.module
109.08.21 04:30 B C:\wwwroot\lagervarer.dk\sites\all\modules\lv_search\lv_search.module --> ftp.lagervarer.dk /httpdocs/sites/all/modules/lv_search lv_search.module
109.08.21 04:37 B C:\wwwroot\lagervarer.dk\sites\all\modules\lv_search\lv_search.module --> ftp.lagervarer.dk /httpdocs/sites/all/modules/lv_search lv_search.module
109.08.21 04:37 B C:\wwwroot\lagervarer.dk\sites\all\modules\lv_search\lv_search.module --> ftp.lagervarer.dk /httpdocs/sites/all/modules/lv_search lv_search.module
109.08.21 04:43 B C:\wwwroot\lagervarer.dk\sites\all\modules\lv_search\lv_search.module --> ftp.lagervarer.dk /httpdocs/sites/all/modules/lv_search lv_search.module
109.08.21 04:46 B C:\wwwroot\lagervarer.dk\sites\all\modules\lv_search\lv_search.module --> ftp.lagervarer.dk /httpdocs/sites/all/modules/lv_search lv_search.module
109.08.21 04:54 B C:\wwwroot\lagervarer.dk\sites\all\modules\lv_search\lv_search.module --> ftp.lagervarer.dk /httpdocs/sites/all/modules/lv_search lv_search.module
109.08.21 04:57 B C:\wwwroot\lagervarer.dk\sites\all\modules\lv_search\lv_search.module --> ftp.lagervarer.dk /httpdocs/sites/all/modules/lv_search lv_search.module
109.08.21 04:59 B C:\wwwroot\lagervarer.dk\sites\all\modules\lv_search\lv_search.module --> ftp.lagervarer.dk /httpdocs/sites/all/modules/lv_search lv_search.module
109.08.21 05:00 B C:\wwwroot\lagervarer.dk\sites\all\modules\lv_search\lv_search.module --> ftp.lagervarer.dk /httpdocs/sites/all/modules/lv_search lv_search.module
109.08.21 05:01 B C:\wwwroot\lagervarer.dk\sites\all\modules\lv_search\lv_search.module --> ftp.lagervarer.dk /httpdocs/sites/all/modules/lv_search lv_search.module
109.08.21 05:02 B C:\wwwroot\lagervarer.dk\sites\all\modules\lv_search\lv_search.module --> ftp.lagervarer.dk /httpdocs/sites/all/modules/lv_search lv_search.module
109.08.21 16:59 B C:\wwwroot\lagervarer.dk\sites\all\modules\lv_search\lv_search.module --> ftp.lagervarer.dk /httpdocs/sites/all/modules/lv_search lv_search.module
109.08.21 17:00 B C:\wwwroot\lagervarer.dk\sites\all\modules\lv_search\lv_search.module --> ftp.lagervarer.dk /httpdocs/sites/all/modules/lv_search lv_search.module
109.08.21 17:01 B C:\wwwroot\lagervarer.dk\sites\all\modules\lv_search\lv_search.module --> ftp.lagervarer.dk /httpdocs/sites/all/modules/lv_search lv_search.module
109.08.21 17:04 B C:\wwwroot\lagervarer.dk\sites\all\modules\lv_search\lv_search.module --> ftp.lagervarer.dk /httpdocs/sites/all/modules/lv_search lv_search.module
109.08.21 17:06 B C:\wwwroot\lagervarer.dk\sites\all\modules\lv_search\lv_search.module --> ftp.lagervarer.dk /httpdocs/sites/all/modules/lv_search lv_search.module
109.08.21 17:06 B C:\wwwroot\lagervarer.dk\sites\all\modules\lv_search\lv_search.module --> ftp.lagervarer.dk /httpdocs/sites/all/modules/lv_search lv_search.module
109.08.21 17:08 B C:\wwwroot\lagervarer.dk\sites\all\modules\lv_search\lv_search.module --> ftp.lagervarer.dk /httpdocs/sites/all/modules/lv_search lv_search.module
109.08.21 17:52 B C:\wwwroot\lagervarer.dk\sites\all\modules\lv_search\lv_search.module --> ftp.lagervarer.dk /httpdocs/sites/all/modules/lv_search lv_search.module
109.08.21 17:54 B C:\wwwroot\lagervarer.dk\sites\all\modules\lv_search\lv_search.module --> ftp.lagervarer.dk /httpdocs/sites/all/modules/lv_search lv_search.module
109.08.21 18:00 B C:\wwwroot\lagervarer.dk\sites\all\modules\lv_search\lv_search.module --> ftp.lagervarer.dk /httpdocs/sites/all/modules/lv_search lv_search.module
109.08.21 18:00 B C:\wwwroot\lagervarer.dk\sites\all\modules\lv_search\lv_search.module --> ftp.lagervarer.dk /httpdocs/sites/all/modules/lv_search lv_search.module
109.08.21 18:02 B C:\wwwroot\lagervarer.dk\sites\all\modules\lv_search\lv_search.module --> ftp.lagervarer.dk /httpdocs/sites/all/modules/lv_search lv_search.module
109.08.21 18:02 B C:\wwwroot\lagervarer.dk\sites\all\modules\lv_search\lv_search.module --> ftp.lagervarer.dk /httpdocs/sites/all/modules/lv_search lv_search.module
109.08.21 18:14 B C:\wwwroot\lagervarer.dk\sites\all\modules\lv_search\lv_search.module --> ftp.lagervarer.dk /httpdocs/sites/all/modules/lv_search lv_search.module
109.08.21 18:15 B C:\wwwroot\lagervarer.dk\sites\all\modules\lv_search\lv_search.module --> ftp.lagervarer.dk /httpdocs/sites/all/modules/lv_search lv_search.module
109.08.21 20:20 B C:\wwwroot\lagervarer.dk\sites\all\modules\lv_search\lv_search.module --> ftp.lagervarer.dk /httpdocs/sites/all/modules/lv_search lv_search.module
109.08.21 20:21 B C:\wwwroot\lagervarer.dk\sites\all\modules\lv_search\lv_search.module --> ftp.lagervarer.dk /httpdocs/sites/all/modules/lv_search lv_search.module
109.08.21 20:22 B C:\wwwroot\lagervarer.dk\sites\all\modules\lv_search\lv_search.module --> ftp.lagervarer.dk /httpdocs/sites/all/modules/lv_search lv_search.module
109.08.21 20:23 B C:\wwwroot\lagervarer.dk\sites\all\modules\lv_search\lv_search.module --> ftp.lagervarer.dk /httpdocs/sites/all/modules/lv_search lv_search.module
109.08.21 21:04 B C:\wwwroot\lagervarer.dk\sites\all\modules\lv_search\lv_search.module --> ftp.lagervarer.dk /httpdocs/sites/all/modules/lv_search lv_search.module
109.08.21 21:04 B C:\wwwroot\lagervarer.dk\sites\all\modules\lv_search\lv_search.module --> ftp.lagervarer.dk /httpdocs/sites/all/modules/lv_search lv_search.module
109.08.21 21:05 B C:\wwwroot\lagervarer.dk\sites\all\modules\lv_search\lv_search.module --> ftp.lagervarer.dk /httpdocs/sites/all/modules/lv_search lv_search.module
109.08.21 21:06 B C:\wwwroot\lagervarer.dk\sites\all\modules\lv_search\lv_search.module --> ftp.lagervarer.dk /httpdocs/sites/all/modules/lv_search lv_search.module
109.08.21 21:07 B C:\wwwroot\lagervarer.dk\sites\all\modules\lv_search\lv_search.module --> ftp.lagervarer.dk /httpdocs/sites/all/modules/lv_search lv_search.module
109.08.21 22:08 B C:\wwwroot\lagervarer.dk\sites\all\modules\lv_search\lv_search.module --> ftp.lagervarer.dk /httpdocs/sites/all/modules/lv_search lv_search.module
109.08.21 22:09 B C:\wwwroot\lagervarer.dk\sites\all\modules\lv_search\lv_search.module --> ftp.lagervarer.dk /httpdocs/sites/all/modules/lv_search lv_search.module
109.08.21 22:10 B C:\wwwroot\lagervarer.dk\sites\all\modules\lv_search\lv_search.module --> ftp.lagervarer.dk /httpdocs/sites/all/modules/lv_search lv_search.module
109.08.21 22:11 B C:\wwwroot\lagervarer.dk\sites\all\modules\lv_search\lv_search.module --> ftp.lagervarer.dk /httpdocs/sites/all/modules/lv_search lv_search.module
109.08.21 22:29 B C:\wwwroot\lagervarer.dk\sites\all\modules\lv_search\lv_search.module --> ftp.lagervarer.dk /httpdocs/sites/all/modules/lv_search lv_search.module
109.08.21 22:33 B C:\wwwroot\lagervarer.dk\sites\all\modules\lv_search\lv_search.module --> ftp.lagervarer.dk /httpdocs/sites/all/modules/lv_search lv_search.module
109.08.21 22:35 B C:\wwwroot\lagervarer.dk\sites\all\modules\lv_search\lv_search.module --> ftp.lagervarer.dk /httpdocs/sites/all/modules/lv_search lv_search.module
109.08.21 22:39 B C:\wwwroot\lagervarer.dk\sites\all\modules\lv_search\lv_search.module --> ftp.lagervarer.dk /httpdocs/sites/all/modules/lv_search lv_search.module
109.08.21 22:41 B C:\wwwroot\lagervarer.dk\sites\all\modules\lv_search\lv_search.module --> ftp.lagervarer.dk /httpdocs/sites/all/modules/lv_search lv_search.module
109.08.21 22:41 B C:\wwwroot\lagervarer.dk\sites\all\modules\lv_search\lv_search.module --> ftp.lagervarer.dk /httpdocs/sites/all/modules/lv_search lv_search.module
109.08.21 22:42 B C:\wwwroot\lagervarer.dk\sites\all\modules\lv_search\lv_search.module --> ftp.lagervarer.dk /httpdocs/sites/all/modules/lv_search lv_search.module
109.08.21 22:44 B C:\wwwroot\lagervarer.dk\sites\all\modules\lv_search\lv_search.module --> ftp.lagervarer.dk /httpdocs/sites/all/modules/lv_search lv_search.module
109.08.21 22:45 B C:\wwwroot\lagervarer.dk\sites\all\modules\lv_search\lv_search.module --> ftp.lagervarer.dk /httpdocs/sites/all/modules/lv_search lv_search.module
109.08.21 22:47 B C:\wwwroot\lagervarer.dk\sites\all\modules\lv_search\lv_search.module --> ftp.lagervarer.dk /httpdocs/sites/all/modules/lv_search lv_search.module
109.08.21 22:47 B C:\wwwroot\lagervarer.dk\sites\all\modules\lv_search\lv_search.module --> ftp.lagervarer.dk /httpdocs/sites/all/modules/lv_search lv_search.module
109.08.21 22:51 B C:\wwwroot\lagervarer.dk\sites\all\modules\lv_search\lv_search.module --> ftp.lagervarer.dk /httpdocs/sites/all/modules/lv_search lv_search.module
109.08.21 22:52 B C:\wwwroot\lagervarer.dk\sites\all\modules\lv_search\lv_search.module --> ftp.lagervarer.dk /httpdocs/sites/all/modules/lv_search lv_search.module
109.08.21 23:11 B C:\wwwroot\lagervarer.dk\sites\all\modules\lv_search\lv_search.install --> ftp.lagervarer.dk /httpdocs/sites/all/modules/lv_search lv_search.install
109.08.21 23:11 B C:\wwwroot\lagervarer.dk\sites\all\modules\lv_search\lv_search.module --> ftp.lagervarer.dk /httpdocs/sites/all/modules/lv_search lv_search.module
109.08.21 23:20 B C:\wwwroot\lagervarer.dk\sites\all\modules\lv_search\lv_search.install --> ftp.lagervarer.dk /httpdocs/sites/all/modules/lv_search lv_search.install
109.08.21 23:20 B C:\wwwroot\lagervarer.dk\sites\all\modules\lv_search\lv_search.module --> ftp.lagervarer.dk /httpdocs/sites/all/modules/lv_search lv_search.module
109.08.21 23:24 B C:\wwwroot\lagervarer.dk\sites\all\modules\lv_search\lv_search.module --> ftp.lagervarer.dk /httpdocs/sites/all/modules/lv_search lv_search.module
109.08.21 23:26 B C:\wwwroot\lagervarer.dk\sites\all\modules\lv_search\lv_search.module --> ftp.lagervarer.dk /httpdocs/sites/all/modules/lv_search lv_search.module
109.08.22 00:29 B C:\wwwroot\lagervarer.dk\sites\all\modules\lv_search\lv_search.module --> ftp.lagervarer.dk /httpdocs/sites/all/modules/lv_search lv_search.module
109.08.22 00:33 B C:\wwwroot\lagervarer.dk\sites\all\modules\lv_search\lv_search.module --> ftp.lagervarer.dk /httpdocs/sites/all/modules/lv_search lv_search.module
109.08.22 00:34 B C:\wwwroot\lagervarer.dk\sites\all\modules\lv_search\lv_search.module --> ftp.lagervarer.dk /httpdocs/sites/all/modules/lv_search lv_search.module
109.08.22 00:39 B C:\wwwroot\lagervarer.dk\sites\all\modules\lv_search\lv_search.module --> ftp.lagervarer.dk /httpdocs/sites/all/modules/lv_search lv_search.module
109.08.22 01:02 B C:\wwwroot\lagervarer.dk\sites\all\modules\lv_search\lv_search.module --> ftp.lagervarer.dk /httpdocs/sites/all/modules/lv_search lv_search.module
109.08.22 01:03 B C:\wwwroot\lagervarer.dk\sites\all\modules\lv_search\lv_search.module --> ftp.lagervarer.dk /httpdocs/sites/all/modules/lv_search lv_search.module
109.08.22 01:04 B C:\wwwroot\lagervarer.dk\sites\all\modules\lv_search\lv_search.module --> ftp.lagervarer.dk /httpdocs/sites/all/modules/lv_search lv_search.module
109.08.22 01:20 B C:\wwwroot\lagervarer.dk\sites\all\modules\lv_search\lv_search.module --> ftp.lagervarer.dk /httpdocs/sites/all/modules/lv_search lv_search.module
109.08.22 01:33 B C:\wwwroot\lagervarer.dk\sites\all\modules\lv_search\lv_search.module --> ftp.lagervarer.dk /httpdocs/sites/all/modules/lv_search lv_search.module
109.08.22 01:35 B C:\wwwroot\lagervarer.dk\sites\all\modules\lv_search\lv_search.module --> ftp.lagervarer.dk /httpdocs/sites/all/modules/lv_search lv_search.module
109.08.22 01:37 B C:\wwwroot\lagervarer.dk\sites\all\modules\lv_search\lv_search.module --> ftp.lagervarer.dk /httpdocs/sites/all/modules/lv_search lv_search.module
109.08.22 01:38 B C:\wwwroot\lagervarer.dk\sites\all\modules\lv_search\lv_search.module --> ftp.lagervarer.dk /httpdocs/sites/all/modules/lv_search lv_search.module
109.08.22 01:42 B C:\wwwroot\lagervarer.dk\sites\all\modules\lv_search\lv_search.module --> ftp.lagervarer.dk /httpdocs/sites/all/modules/lv_search lv_search.module
109.08.22 01:42 B C:\wwwroot\lagervarer.dk\sites\all\modules\lv_search\lv_search.module --> ftp.lagervarer.dk /httpdocs/sites/all/modules/lv_search lv_search.module
109.08.22 01:46 B C:\wwwroot\lagervarer.dk\sites\all\modules\lv_search\lv_search.module --> ftp.lagervarer.dk /httpdocs/sites/all/modules/lv_search lv_search.module
109.08.22 01:50 B C:\wwwroot\lagervarer.dk\sites\all\modules\lv_search\lv_search.module --> ftp.lagervarer.dk /httpdocs/sites/all/modules/lv_search lv_search.module
109.08.22 01:52 B C:\wwwroot\lagervarer.dk\sites\all\modules\lv_search\lv_search.module --> ftp.lagervarer.dk /httpdocs/sites/all/modules/lv_search lv_search.module
109.08.22 01:53 B C:\wwwroot\lagervarer.dk\sites\all\modules\lv_search\lv_search.module --> ftp.lagervarer.dk /httpdocs/sites/all/modules/lv_search lv_search.module
109.08.22 01:54 B C:\wwwroot\lagervarer.dk\sites\all\modules\lv_search\lv_search.module --> ftp.lagervarer.dk /httpdocs/sites/all/modules/lv_search lv_search.module
109.08.22 02:00 B C:\wwwroot\lagervarer.dk\sites\all\modules\lv_search\lv_search.module --> ftp.lagervarer.dk /httpdocs/sites/all/modules/lv_search lv_search.module
109.08.22 02:02 B C:\wwwroot\lagervarer.dk\sites\all\modules\lv_search\lv_search.module --> ftp.lagervarer.dk /httpdocs/sites/all/modules/lv_search lv_search.module
109.08.22 02:05 B C:\wwwroot\lagervarer.dk\sites\all\modules\lv_search\lv_search.module --> ftp.lagervarer.dk /httpdocs/sites/all/modules/lv_search lv_search.module
109.08.22 02:05 B C:\wwwroot\lagervarer.dk\sites\all\modules\lv_search\lv_search.module --> ftp.lagervarer.dk /httpdocs/sites/all/modules/lv_search lv_search.module
109.08.22 02:06 B C:\wwwroot\lagervarer.dk\sites\all\modules\lv_search\lv_search.module --> ftp.lagervarer.dk /httpdocs/sites/all/modules/lv_search lv_search.module
109.08.22 02:07 B C:\wwwroot\lagervarer.dk\sites\all\modules\lv_search\lv_search.module --> ftp.lagervarer.dk /httpdocs/sites/all/modules/lv_search lv_search.module
109.08.22 02:11 B C:\wwwroot\lagervarer.dk\sites\all\modules\lv_search\lv_search.module --> ftp.lagervarer.dk /httpdocs/sites/all/modules/lv_search lv_search.module
109.08.22 02:13 B C:\wwwroot\lagervarer.dk\sites\all\modules\lv_search\lv_search.module --> ftp.lagervarer.dk /httpdocs/sites/all/modules/lv_search lv_search.module
109.08.22 02:19 B C:\wwwroot\lagervarer.dk\sites\all\modules\lv_search\lv_search.module --> ftp.lagervarer.dk /httpdocs/sites/all/modules/lv_search lv_search.module
109.08.22 02:21 B C:\wwwroot\lagervarer.dk\sites\all\modules\lv_search\lv_search.module --> ftp.lagervarer.dk /httpdocs/sites/all/modules/lv_search lv_search.module
109.08.22 02:25 B C:\wwwroot\lagervarer.dk\sites\all\modules\lv_search\lv_search.module --> ftp.lagervarer.dk /httpdocs/sites/all/modules/lv_search lv_search.module
109.08.22 02:25 B C:\wwwroot\lagervarer.dk\sites\all\modules\lv_search\lv_search.module --> ftp.lagervarer.dk /httpdocs/sites/all/modules/lv_search lv_search.module
109.08.22 02:31 B C:\wwwroot\lagervarer.dk\sites\all\modules\lv_search\lv_search.module --> ftp.lagervarer.dk /httpdocs/sites/all/modules/lv_search lv_search.module
109.08.22 02:32 B C:\wwwroot\lagervarer.dk\sites\all\modules\lv_search\lv_search.module --> ftp.lagervarer.dk /httpdocs/sites/all/modules/lv_search lv_search.module
109.08.22 02:34 B C:\wwwroot\lagervarer.dk\sites\all\modules\lv_search\lv_search.module --> ftp.lagervarer.dk /httpdocs/sites/all/modules/lv_search lv_search.module
109.08.22 02:38 B C:\wwwroot\lagervarer.dk\sites\all\modules\lv_search\lv_search.module --> ftp.lagervarer.dk /httpdocs/sites/all/modules/lv_search lv_search.module
109.08.22 03:45 B C:\wwwroot\lagervarer.dk\sites\all\modules\lv_search\lv_search.module --> ftp.lagervarer.dk /httpdocs/sites/all/modules/lv_search lv_search.module
109.08.22 03:50 B C:\wwwroot\lagervarer.dk\sites\all\modules\lv_search\lv_search.module --> ftp.lagervarer.dk /httpdocs/sites/all/modules/lv_search lv_search.module
109.08.22 03:52 B C:\wwwroot\lagervarer.dk\sites\all\modules\lv_search\lv_search.module --> ftp.lagervarer.dk /httpdocs/sites/all/modules/lv_search lv_search.module
109.08.22 03:53 B C:\wwwroot\lagervarer.dk\sites\all\modules\lv_search\lv_search.module --> ftp.lagervarer.dk /httpdocs/sites/all/modules/lv_search lv_search.module
109.08.22 03:57 B C:\wwwroot\lagervarer.dk\sites\all\modules\lv_search\lv_search.module --> ftp.lagervarer.dk /httpdocs/sites/all/modules/lv_search lv_search.module
109.08.23 02:01 B C:\wwwroot\lagervarer.dk\sites\all\modules\lv_search\lv_search.module --> ftp.lagervarer.dk /httpdocs/sites/all/modules/lv_search lv_search.module
109.08.23 02:03 B C:\wwwroot\lagervarer.dk\sites\all\modules\lv_search\lv_search.module --> ftp.lagervarer.dk /httpdocs/sites/all/modules/lv_search lv_search.module
109.08.23 02:25 B C:\wwwroot\lagervarer.dk\sites\all\modules\lv_search\lv_search.js --> ftp.lagervarer.dk /httpdocs/sites/all/modules/lv_search lv_search.js
109.08.23 02:25 B C:\wwwroot\lagervarer.dk\sites\all\modules\lv_search\lv_search.module --> ftp.lagervarer.dk /httpdocs/sites/all/modules/lv_search lv_search.module
109.08.23 02:26 B C:\wwwroot\lagervarer.dk\sites\all\modules\lv_search\lv_search.module --> ftp.lagervarer.dk /httpdocs/sites/all/modules/lv_search lv_search.module
109.08.23 02:31 B C:\wwwroot\lagervarer.dk\sites\all\modules\lv_search\lv_search.js --> ftp.lagervarer.dk /httpdocs/sites/all/modules/lv_search lv_search.js
109.08.23 02:54 B C:\wwwroot\lagervarer.dk\sites\all\modules\lv_search\lv_search.js --> ftp.lagervarer.dk /httpdocs/sites/all/modules/lv_search lv_search.js
109.08.23 02:54 B C:\wwwroot\lagervarer.dk\sites\all\modules\lv_search\lv_search.js --> ftp.lagervarer.dk /httpdocs/sites/all/modules/lv_search lv_search.js
109.08.23 02:54 B C:\wwwroot\lagervarer.dk\sites\all\modules\lv_search\lv_search.js --> ftp.lagervarer.dk /httpdocs/sites/all/modules/lv_search lv_search.js
109.08.23 02:57 B C:\wwwroot\lagervarer.dk\sites\all\modules\lv_search\lv_search.js --> ftp.lagervarer.dk /httpdocs/sites/all/modules/lv_search lv_search.js
109.08.23 02:58 B C:\wwwroot\lagervarer.dk\sites\all\modules\lv_search\lv_search.js --> ftp.lagervarer.dk /httpdocs/sites/all/modules/lv_search lv_search.js
109.08.23 03:00 B C:\wwwroot\lagervarer.dk\sites\all\modules\lv_search\lv_search.js --> ftp.lagervarer.dk /httpdocs/sites/all/modules/lv_search lv_search.js
109.08.23 03:00 B C:\wwwroot\lagervarer.dk\sites\all\modules\lv_search\lv_search.js --> ftp.lagervarer.dk /httpdocs/sites/all/modules/lv_search lv_search.js
109.08.23 03:04 B C:\wwwroot\lagervarer.dk\sites\all\modules\lv_search\lv_search.js --> ftp.lagervarer.dk /httpdocs/sites/all/modules/lv_search lv_search.js
109.08.23 03:07 B C:\wwwroot\lagervarer.dk\sites\all\modules\lv_search\lv_search.js --> ftp.lagervarer.dk /httpdocs/sites/all/modules/lv_search lv_search.js
109.08.23 03:09 B C:\wwwroot\lagervarer.dk\sites\all\modules\lv_search\lv_search.js --> ftp.lagervarer.dk /httpdocs/sites/all/modules/lv_search lv_search.js
109.08.23 03:12 B C:\wwwroot\lagervarer.dk\sites\all\modules\lv_search\lv_search.js --> ftp.lagervarer.dk /httpdocs/sites/all/modules/lv_search lv_search.js
109.08.23 03:36 B C:\wwwroot\lagervarer.dk\sites\all\modules\lv_search\lv_search.js --> ftp.lagervarer.dk /httpdocs/sites/all/modules/lv_search lv_search.js
109.08.23 03:37 B C:\wwwroot\lagervarer.dk\sites\all\modules\lv_search\lv_search.js --> ftp.lagervarer.dk /httpdocs/sites/all/modules/lv_search lv_search.js
109.08.23 03:42 B C:\wwwroot\lagervarer.dk\sites\all\modules\lv_search\lv_search.module --> ftp.lagervarer.dk /httpdocs/sites/all/modules/lv_search lv_search.module
109.08.23 03:44 B C:\wwwroot\lagervarer.dk\sites\all\modules\lv_search\lv_search.js --> ftp.lagervarer.dk /httpdocs/sites/all/modules/lv_search lv_search.js
109.08.23 03:48 B C:\wwwroot\lagervarer.dk\sites\all\modules\lv_search\lv_search.module --> ftp.lagervarer.dk /httpdocs/sites/all/modules/lv_search lv_search.module
109.08.23 03:55 B C:\wwwroot\lagervarer.dk\sites\all\modules\lv_search\lv_search.module --> ftp.lagervarer.dk /httpdocs/sites/all/modules/lv_search lv_search.module
109.08.23 03:59 B C:\wwwroot\lagervarer.dk\sites\all\modules\lv_search\lv_search.module --> ftp.lagervarer.dk /httpdocs/sites/all/modules/lv_search lv_search.module
109.08.23 04:00 B C:\wwwroot\lagervarer.dk\sites\all\modules\lv_search\lv_search.module --> ftp.lagervarer.dk /httpdocs/sites/all/modules/lv_search lv_search.module
109.08.23 04:01 B C:\wwwroot\lagervarer.dk\sites\all\modules\lv_search\lv_search.module --> ftp.lagervarer.dk /httpdocs/sites/all/modules/lv_search lv_search.module
109.08.23 04:06 B C:\wwwroot\lagervarer.dk\sites\all\modules\lv_search\lv_search.module --> ftp.lagervarer.dk /httpdocs/sites/all/modules/lv_search lv_search.module
109.08.23 04:09 B C:\wwwroot\lagervarer.dk\sites\all\modules\lv_search\lv_search.module --> ftp.lagervarer.dk /httpdocs/sites/all/modules/lv_search lv_search.module
109.08.23 04:10 B C:\wwwroot\lagervarer.dk\sites\all\modules\lv_search\lv_search.module --> ftp.lagervarer.dk /httpdocs/sites/all/modules/lv_search lv_search.module
109.08.23 04:12 B C:\wwwroot\lagervarer.dk\sites\all\modules\lv_search\lv_search.module --> ftp.lagervarer.dk /httpdocs/sites/all/modules/lv_search lv_search.module
109.08.23 04:17 B C:\wwwroot\lagervarer.dk\sites\all\modules\lv_search\lv_search.module --> ftp.lagervarer.dk /httpdocs/sites/all/modules/lv_search lv_search.module
109.08.23 04:17 B C:\wwwroot\lagervarer.dk\sites\all\modules\lv_search\lv_search.module --> ftp.lagervarer.dk /httpdocs/sites/all/modules/lv_search lv_search.module
109.08.23 04:18 B C:\wwwroot\lagervarer.dk\sites\all\modules\lv_search\lv_search.module --> ftp.lagervarer.dk /httpdocs/sites/all/modules/lv_search lv_search.module
109.08.23 04:42 B C:\wwwroot\lagervarer.dk\sites\all\modules\lv_search\lv_search.module --> ftp.lagervarer.dk /httpdocs/sites/all/modules/lv_search lv_search.module
109.08.23 04:44 B C:\wwwroot\lagervarer.dk\sites\all\modules\lv_search\lv_search.module --> ftp.lagervarer.dk /httpdocs/sites/all/modules/lv_search lv_search.module
109.08.23 04:44 B C:\wwwroot\lagervarer.dk\sites\all\modules\lv_search\lv_search.module --> ftp.lagervarer.dk /httpdocs/sites/all/modules/lv_search lv_search.module
109.08.23 04:45 B C:\wwwroot\lagervarer.dk\sites\all\modules\lv_search\lv_search.module --> ftp.lagervarer.dk /httpdocs/sites/all/modules/lv_search lv_search.module
109.08.23 04:46 B C:\wwwroot\lagervarer.dk\sites\all\modules\lv_search\lv_search.module --> ftp.lagervarer.dk /httpdocs/sites/all/modules/lv_search lv_search.module
109.08.23 04:47 B C:\wwwroot\lagervarer.dk\sites\all\modules\lv_search\lv_search.module --> ftp.lagervarer.dk /httpdocs/sites/all/modules/lv_search lv_search.module
109.08.23 04:47 B C:\wwwroot\lagervarer.dk\sites\all\modules\lv_search\lv_search.module --> ftp.lagervarer.dk /httpdocs/sites/all/modules/lv_search lv_search.module
109.08.23 04:47 B C:\wwwroot\lagervarer.dk\sites\all\modules\lv_search\lv_search.module --> ftp.lagervarer.dk /httpdocs/sites/all/modules/lv_search lv_search.module
109.08.23 04:48 B C:\wwwroot\lagervarer.dk\sites\all\modules\lv_search\lv_search.module --> ftp.lagervarer.dk /httpdocs/sites/all/modules/lv_search lv_search.module
109.08.23 04:48 B C:\wwwroot\lagervarer.dk\sites\all\modules\lv_search\lv_search.module --> ftp.lagervarer.dk /httpdocs/sites/all/modules/lv_search lv_search.module
109.08.23 04:48 B C:\wwwroot\lagervarer.dk\sites\all\modules\lv_search\lv_search.module --> ftp.lagervarer.dk /httpdocs/sites/all/modules/lv_search lv_search.module
109.08.23 04:49 B C:\wwwroot\lagervarer.dk\sites\all\modules\lv_search\lv_search.module --> ftp.lagervarer.dk /httpdocs/sites/all/modules/lv_search lv_search.module
109.08.23 04:49 B C:\wwwroot\lagervarer.dk\sites\all\modules\lv_search\lv_search.module --> ftp.lagervarer.dk /httpdocs/sites/all/modules/lv_search lv_search.module
109.08.23 04:50 B C:\wwwroot\lagervarer.dk\sites\all\modules\lv_search\lv_search.module --> ftp.lagervarer.dk /httpdocs/sites/all/modules/lv_search lv_search.module
109.08.23 04:51 B C:\wwwroot\lagervarer.dk\sites\all\modules\lv_search\lv_search.module --> ftp.lagervarer.dk /httpdocs/sites/all/modules/lv_search lv_search.module
109.08.23 05:02 B C:\wwwroot\lagervarer.dk\sites\all\modules\lv_search\lv_search.module --> ftp.lagervarer.dk /httpdocs/sites/all/modules/lv_search lv_search.module
109.08.23 05:04 B C:\wwwroot\lagervarer.dk\sites\all\modules\lv_search\lv_search.module --> ftp.lagervarer.dk /httpdocs/sites/all/modules/lv_search lv_search.module
109.08.23 05:15 B C:\wwwroot\lagervarer.dk\sites\all\modules\lv_search\lv_search.module --> ftp.lagervarer.dk /httpdocs/sites/all/modules/lv_search lv_search.module
109.08.23 05:17 B C:\wwwroot\lagervarer.dk\sites\all\modules\lv_search\lv_search.module --> ftp.lagervarer.dk /httpdocs/sites/all/modules/lv_search lv_search.module
109.08.23 05:17 B C:\wwwroot\lagervarer.dk\sites\all\modules\lv_search\lv_search.module --> ftp.lagervarer.dk /httpdocs/sites/all/modules/lv_search lv_search.module
109.08.23 05:18 B C:\wwwroot\lagervarer.dk\sites\all\modules\lv_search\lv_search.module --> ftp.lagervarer.dk /httpdocs/sites/all/modules/lv_search lv_search.module
109.08.23 05:19 B C:\wwwroot\lagervarer.dk\sites\all\modules\lv_search\lv_search.module --> ftp.lagervarer.dk /httpdocs/sites/all/modules/lv_search lv_search.module
109.08.23 05:20 B C:\wwwroot\lagervarer.dk\sites\all\modules\lv_search\lv_search.module --> ftp.lagervarer.dk /httpdocs/sites/all/modules/lv_search lv_search.module
109.08.23 05:22 B C:\wwwroot\lagervarer.dk\sites\all\modules\lv_search\lv_search.module --> ftp.lagervarer.dk /httpdocs/sites/all/modules/lv_search lv_search.module
109.08.23 05:22 B C:\wwwroot\lagervarer.dk\sites\all\modules\lv_search\lv_search.module --> ftp.lagervarer.dk /httpdocs/sites/all/modules/lv_search lv_search.module
109.08.23 05:28 B C:\wwwroot\lagervarer.dk\sites\all\modules\lv_search\lv_search.module --> ftp.lagervarer.dk /httpdocs/sites/all/modules/lv_search lv_search.module
109.08.23 05:29 B C:\wwwroot\lagervarer.dk\sites\all\modules\lv_search\lv_search.module --> ftp.lagervarer.dk /httpdocs/sites/all/modules/lv_search lv_search.module
109.08.23 05:31 B C:\wwwroot\lagervarer.dk\sites\all\modules\lv_search\lv_search.module --> ftp.lagervarer.dk /httpdocs/sites/all/modules/lv_search lv_search.module
109.08.23 05:33 B C:\wwwroot\lagervarer.dk\sites\all\modules\lv_search\lv_search.module --> ftp.lagervarer.dk /httpdocs/sites/all/modules/lv_search lv_search.module
109.08.23 05:36 B C:\wwwroot\lagervarer.dk\sites\all\modules\lv_search\lv_search.module --> ftp.lagervarer.dk /httpdocs/sites/all/modules/lv_search lv_search.module
109.08.23 05:39 B C:\wwwroot\lagervarer.dk\sites\all\modules\lv_search\lv_search.module --> ftp.lagervarer.dk /httpdocs/sites/all/modules/lv_search lv_search.module
109.08.23 05:40 B C:\wwwroot\lagervarer.dk\sites\all\modules\lv_search\lv_search.module --> ftp.lagervarer.dk /httpdocs/sites/all/modules/lv_search lv_search.module
109.08.23 07:48 B C:\wwwroot\lagervarer.dk\sites\all\modules\lv_search\lv_search.module --> ftp.lagervarer.dk /httpdocs/sites/all/modules/lv_search lv_search.module
109.08.23 07:48 B C:\wwwroot\lagervarer.dk\sites\all\modules\lv_search\lv_search.module --> ftp.lagervarer.dk /httpdocs/sites/all/modules/lv_search lv_search.module
109.08.23 07:49 B C:\wwwroot\lagervarer.dk\sites\all\modules\lv_search\lv_search.module --> ftp.lagervarer.dk /httpdocs/sites/all/modules/lv_search lv_search.module
109.08.23 07:56 B C:\wwwroot\lagervarer.dk\sites\all\modules\lv_search\lv_search.module --> ftp.lagervarer.dk /httpdocs/sites/all/modules/lv_search lv_search.module
109.08.23 07:56 B C:\wwwroot\lagervarer.dk\sites\all\modules\lv_search\lv_search.module --> ftp.lagervarer.dk /httpdocs/sites/all/modules/lv_search lv_search.module
109.08.23 07:58 B C:\wwwroot\lagervarer.dk\sites\all\modules\lv_search\lv_search.module --> ftp.lagervarer.dk /httpdocs/sites/all/modules/lv_search lv_search.module
109.08.23 07:59 B C:\wwwroot\lagervarer.dk\sites\all\modules\lv_search\lv_search.module --> ftp.lagervarer.dk /httpdocs/sites/all/modules/lv_search lv_search.module
109.08.23 07:59 B C:\wwwroot\lagervarer.dk\sites\all\modules\lv_search\lv_search.module --> ftp.lagervarer.dk /httpdocs/sites/all/modules/lv_search lv_search.module
109.08.23 07:59 B C:\wwwroot\lagervarer.dk\sites\all\modules\lv_search\lv_search.module --> ftp.lagervarer.dk /httpdocs/sites/all/modules/lv_search lv_search.module
109.08.23 08:00 B C:\wwwroot\lagervarer.dk\sites\all\modules\lv_search\lv_search.module --> ftp.lagervarer.dk /httpdocs/sites/all/modules/lv_search lv_search.module
109.08.23 08:01 B C:\wwwroot\lagervarer.dk\sites\all\modules\lv_search\lv_search.module --> ftp.lagervarer.dk /httpdocs/sites/all/modules/lv_search lv_search.module
109.08.23 08:01 B C:\wwwroot\lagervarer.dk\sites\all\modules\lv_search\lv_search.module --> ftp.lagervarer.dk /httpdocs/sites/all/modules/lv_search lv_search.module
109.08.23 08:09 B C:\wwwroot\lagervarer.dk\sites\all\modules\lv_search\lv_search.module --> ftp.lagervarer.dk /httpdocs/sites/all/modules/lv_search lv_search.module
109.08.23 08:11 B C:\wwwroot\lagervarer.dk\sites\all\modules\lv_search\lv_search.module --> ftp.lagervarer.dk /httpdocs/sites/all/modules/lv_search lv_search.module
109.08.23 08:15 B C:\wwwroot\lagervarer.dk\sites\all\modules\lv_search\lv_search.module --> ftp.lagervarer.dk /httpdocs/sites/all/modules/lv_search lv_search.module
109.08.23 08:16 B C:\wwwroot\lagervarer.dk\sites\all\modules\lv_search\lv_search.module --> ftp.lagervarer.dk /httpdocs/sites/all/modules/lv_search lv_search.module
109.08.23 08:19 B C:\wwwroot\lagervarer.dk\sites\all\modules\lv_search\lv_search.module --> ftp.lagervarer.dk /httpdocs/sites/all/modules/lv_search lv_search.module
109.08.23 08:20 B C:\wwwroot\lagervarer.dk\sites\all\modules\lv_search\lv_search.module --> ftp.lagervarer.dk /httpdocs/sites/all/modules/lv_search lv_search.module
109.08.23 08:24 B C:\wwwroot\lagervarer.dk\sites\all\modules\lv_search\lv_search.module --> ftp.lagervarer.dk /httpdocs/sites/all/modules/lv_search lv_search.module
109.08.23 09:24 B C:\wwwroot\lagervarer.dk\sites\all\modules\lv_search\lv_search.module --> ftp.lagervarer.dk /httpdocs/sites/all/modules/lv_search lv_search.module
109.08.23 09:25 B C:\wwwroot\lagervarer.dk\sites\all\modules\lv_search\lv_search.module --> ftp.lagervarer.dk /httpdocs/sites/all/modules/lv_search lv_search.module
109.08.23 12:03 B C:\wwwroot\lagervarer.dk\sites\all\modules\lv_search\lv_search.module --> ftp.lagervarer.dk /httpdocs/sites/all/modules/lv_search lv_search.module
109.08.23 12:04 B C:\wwwroot\lagervarer.dk\sites\all\modules\lv_search\lv_search.module --> ftp.lagervarer.dk /httpdocs/sites/all/modules/lv_search lv_search.module
109.08.23 12:08 B C:\wwwroot\lagervarer.dk\sites\all\modules\lv_search\lv_search.module --> ftp.lagervarer.dk /httpdocs/sites/all/modules/lv_search lv_search.module
109.08.23 12:15 B C:\wwwroot\lagervarer.dk\sites\all\modules\lv_search\lv_search.module --> ftp.lagervarer.dk /httpdocs/sites/all/modules/lv_search lv_search.module
109.08.23 12:17 B C:\wwwroot\lagervarer.dk\sites\all\modules\lv_search\lv_search.module --> ftp.lagervarer.dk /httpdocs/sites/all/modules/lv_search lv_search.module
109.08.23 12:23 B C:\wwwroot\lagervarer.dk\sites\all\modules\lv_search\lv_search.module --> ftp.lagervarer.dk /httpdocs/sites/all/modules/lv_search lv_search.module
109.08.23 12:25 B C:\wwwroot\lagervarer.dk\sites\all\modules\lv_search\lv_search.module --> ftp.lagervarer.dk /httpdocs/sites/all/modules/lv_search lv_search.module
109.08.23 12:28 B C:\wwwroot\lagervarer.dk\sites\all\modules\lv_search\lv_search.module --> ftp.lagervarer.dk /httpdocs/sites/all/modules/lv_search lv_search.module
109.08.23 12:50 B C:\wwwroot\lagervarer.dk\sites\all\modules\lv_search\lv_search.module --> ftp.lagervarer.dk /httpdocs/sites/all/modules/lv_search lv_search.module
109.08.23 12:54 B C:\wwwroot\lagervarer.dk\sites\all\modules\lv_search\lv_search.module --> ftp.lagervarer.dk /httpdocs/sites/all/modules/lv_search lv_search.module
109.08.23 13:04 B C:\wwwroot\lagervarer.dk\sites\all\modules\lv_search\lv_search.module --> ftp.lagervarer.dk /httpdocs/sites/all/modules/lv_search lv_search.module
109.08.23 13:07 B C:\wwwroot\lagervarer.dk\sites\all\modules\lv_search\lv_search.module --> ftp.lagervarer.dk /httpdocs/sites/all/modules/lv_search lv_search.module
109.08.23 13:10 B C:\wwwroot\lagervarer.dk\sites\all\modules\lv_search\lv_search.module --> ftp.lagervarer.dk /httpdocs/sites/all/modules/lv_search lv_search.module
109.08.23 13:12 B C:\wwwroot\lagervarer.dk\sites\all\modules\lv_search\lv_search.module --> ftp.lagervarer.dk /httpdocs/sites/all/modules/lv_search lv_search.module
109.08.23 13:13 B C:\wwwroot\lagervarer.dk\sites\all\modules\lv_search\lv_search.module --> ftp.lagervarer.dk /httpdocs/sites/all/modules/lv_search lv_search.module
109.08.23 15:50 B C:\wwwroot\lagervarer.dk\sites\all\modules\lv_search\lv_search.module --> ftp.lagervarer.dk /httpdocs/sites/all/modules/lv_search lv_search.module
109.08.23 15:53 B C:\wwwroot\lagervarer.dk\sites\all\modules\lv_search\lv_search.module --> ftp.lagervarer.dk /httpdocs/sites/all/modules/lv_search lv_search.module
109.08.23 15:53 B C:\wwwroot\lagervarer.dk\sites\all\modules\lv_search\lv_search.module --> ftp.lagervarer.dk /httpdocs/sites/all/modules/lv_search lv_search.module
109.08.23 15:55 B C:\wwwroot\lagervarer.dk\sites\all\modules\lv_search\lv_search.module --> ftp.lagervarer.dk /httpdocs/sites/all/modules/lv_search lv_search.module
109.08.23 15:56 B C:\wwwroot\lagervarer.dk\sites\all\modules\lv_search\lv_search.module --> ftp.lagervarer.dk /httpdocs/sites/all/modules/lv_search lv_search.module
109.08.23 15:58 B C:\wwwroot\lagervarer.dk\sites\all\modules\lv_search\lv_search.module --> ftp.lagervarer.dk /httpdocs/sites/all/modules/lv_search lv_search.module
109.08.23 16:12 B C:\wwwroot\lagervarer.dk\sites\all\modules\lv_search\lv_search.module --> ftp.lagervarer.dk /httpdocs/sites/all/modules/lv_search lv_search.module
109.08.23 16:14 B C:\wwwroot\lagervarer.dk\sites\all\modules\lv_search\lv_search.module --> ftp.lagervarer.dk /httpdocs/sites/all/modules/lv_search lv_search.module
109.08.23 16:21 B C:\wwwroot\lagervarer.dk\sites\all\modules\lv_search\lv_search.module --> ftp.lagervarer.dk /httpdocs/sites/all/modules/lv_search lv_search.module
109.08.23 16:22 B C:\wwwroot\lagervarer.dk\sites\all\modules\lv_search\lv_search.module --> ftp.lagervarer.dk /httpdocs/sites/all/modules/lv_search lv_search.module
109.08.23 16:22 B C:\wwwroot\lagervarer.dk\sites\all\modules\lv_search\lv_search.module --> ftp.lagervarer.dk /httpdocs/sites/all/modules/lv_search lv_search.module
109.08.23 16:50 B C:\wwwroot\lagervarer.dk\sites\all\modules\lv_search\lv_search.module --> ftp.lagervarer.dk /httpdocs/sites/all/modules/lv_search lv_search.module
109.08.23 16:54 B C:\wwwroot\lagervarer.dk\sites\all\modules\lv_search\lv_search.module --> ftp.lagervarer.dk /httpdocs/sites/all/modules/lv_search lv_search.module
109.08.23 16:55 B C:\wwwroot\lagervarer.dk\sites\all\modules\lv_search\lv_search.module --> ftp.lagervarer.dk /httpdocs/sites/all/modules/lv_search lv_search.module
109.08.23 17:09 B C:\wwwroot\lagervarer.dk\sites\all\modules\lv_search\lv_search.module --> ftp.lagervarer.dk /httpdocs/sites/all/modules/lv_search lv_search.module
109.08.23 17:17 B C:\wwwroot\lagervarer.dk\sites\all\modules\lv_search\lv_search.module --> ftp.lagervarer.dk /httpdocs/sites/all/modules/lv_search lv_search.module
109.08.23 17:23 B C:\wwwroot\lagervarer.dk\sites\all\modules\lv_search\lv_search.module --> ftp.lagervarer.dk /httpdocs/sites/all/modules/lv_search lv_search.module
109.08.23 17:36 B C:\wwwroot\lagervarer.dk\sites\all\modules\lv_search\lv_search.module --> ftp.lagervarer.dk /httpdocs/sites/all/modules/lv_search lv_search.module
109.08.23 17:36 B C:\wwwroot\lagervarer.dk\sites\all\modules\lv_search\lv_search.js --> ftp.lagervarer.dk /httpdocs/sites/all/modules/lv_search lv_search.js
109.08.23 17:42 B C:\wwwroot\lagervarer.dk\sites\all\modules\lv_search\lv_search.module --> ftp.lagervarer.dk /httpdocs/sites/all/modules/lv_search lv_search.module
109.08.23 17:42 B C:\wwwroot\lagervarer.dk\sites\all\modules\lv_search\lv_search.module --> ftp.lagervarer.dk /httpdocs/sites/all/modules/lv_search lv_search.module
109.08.23 17:54 B C:\wwwroot\lagervarer.dk\sites\all\modules\lv_search\lv_search.module --> ftp.lagervarer.dk /httpdocs/sites/all/modules/lv_search lv_search.module
109.08.23 17:56 B C:\wwwroot\lagervarer.dk\sites\all\modules\lv_search\lv_search.module --> ftp.lagervarer.dk /httpdocs/sites/all/modules/lv_search lv_search.module
109.08.23 18:00 B C:\wwwroot\lagervarer.dk\sites\all\modules\lv_search\lv_search.module --> ftp.lagervarer.dk /httpdocs/sites/all/modules/lv_search lv_search.module
109.08.23 18:00 B C:\wwwroot\lagervarer.dk\sites\all\modules\lv_search\lv_search.module --> ftp.lagervarer.dk /httpdocs/sites/all/modules/lv_search lv_search.module
109.08.23 18:01 B C:\wwwroot\lagervarer.dk\sites\all\modules\lv_search\lv_search.module --> ftp.lagervarer.dk /httpdocs/sites/all/modules/lv_search lv_search.module
109.08.23 18:02 B C:\wwwroot\lagervarer.dk\sites\all\modules\lv_search\lv_search.module --> ftp.lagervarer.dk /httpdocs/sites/all/modules/lv_search lv_search.module
109.08.23 18:03 B C:\wwwroot\lagervarer.dk\sites\all\modules\lv_search\lv_search.module --> ftp.lagervarer.dk /httpdocs/sites/all/modules/lv_search lv_search.module
109.08.23 18:04 B C:\wwwroot\lagervarer.dk\sites\all\modules\lv_search\lv_search.module --> ftp.lagervarer.dk /httpdocs/sites/all/modules/lv_search lv_search.module
109.08.23 21:21 B C:\wwwroot\lagervarer.dk\sites\all\modules\lv_search\lv_search.module --> ftp.lagervarer.dk /httpdocs/sites/all/modules/lv_search lv_search.module
109.08.23 21:26 B C:\wwwroot\lagervarer.dk\sites\all\modules\lv_search\lv_search.module --> ftp.lagervarer.dk /httpdocs/sites/all/modules/lv_search lv_search.module
109.08.23 21:32 B C:\wwwroot\lagervarer.dk\sites\all\modules\lv_search\lv_search.module --> ftp.lagervarer.dk /httpdocs/sites/all/modules/lv_search lv_search.module
109.08.23 21:38 B C:\wwwroot\lagervarer.dk\sites\all\modules\lv_search\lv_search.module --> ftp.lagervarer.dk /httpdocs/sites/all/modules/lv_search lv_search.module
109.08.23 21:49 B C:\wwwroot\lagervarer.dk\sites\all\modules\lv_search\lv_search.module --> ftp.lagervarer.dk /httpdocs/sites/all/modules/lv_search lv_search.module
109.08.23 21:54 B C:\wwwroot\lagervarer.dk\sites\all\modules\lv_search\lv_search.module --> ftp.lagervarer.dk /httpdocs/sites/all/modules/lv_search lv_search.module
109.08.23 21:55 B C:\wwwroot\lagervarer.dk\sites\all\modules\lv_search\lv_search.module --> ftp.lagervarer.dk /httpdocs/sites/all/modules/lv_search lv_search.module
109.08.24 18:15 B C:\wwwroot\lagervarer.dk\sites\all\modules\lv_search\lv_search.module --> ftp.lagervarer.dk /httpdocs/sites/all/modules/lv_search lv_search.module
109.08.24 18:15 B C:\wwwroot\lagervarer.dk\sites\all\modules\lv_search\lv_search.module --> ftp.lagervarer.dk /httpdocs/sites/all/modules/lv_search lv_search.module
109.08.24 19:25 B C:\wwwroot\lagervarer.dk\sites\all\modules\lv_search\lv_search.module --> ftp.lagervarer.dk /httpdocs/sites/all/modules/lv_search lv_search.module
109.08.24 19:27 B C:\wwwroot\lagervarer.dk\sites\all\modules\lv_search\lv_search.module --> ftp.lagervarer.dk /httpdocs/sites/all/modules/lv_search lv_search.module
109.08.24 19:40 B C:\wwwroot\lagervarer.dk\sites\all\modules\lv_search\lv_search.module --> ftp.lagervarer.dk /httpdocs/sites/all/modules/lv_search lv_search.module
109.08.24 21:44 B C:\wwwroot\lagervarer.dk\sites\all\modules\lv_search\lv_search.install --> ftp.lagervarer.dk /httpdocs/sites/all/modules/lv_search lv_search.install
109.08.24 21:44 B C:\wwwroot\lagervarer.dk\sites\all\modules\lv_search\lv_search.module --> ftp.lagervarer.dk /httpdocs/sites/all/modules/lv_search lv_search.module
109.08.24 22:23 B C:\wwwroot\lagervarer.dk\sites\all\modules\lv_search\lv_search.module --> ftp.lagervarer.dk /httpdocs/sites/all/modules/lv_search lv_search.module
109.08.24 22:27 B C:\wwwroot\lagervarer.dk\sites\all\modules\lv_search\lv_search.module --> ftp.lagervarer.dk /httpdocs/sites/all/modules/lv_search lv_search.module
109.08.24 22:27 B C:\wwwroot\lagervarer.dk\sites\all\modules\lv_search\lv_search.module --> ftp.lagervarer.dk /httpdocs/sites/all/modules/lv_search lv_search.module
109.08.24 22:29 B C:\wwwroot\lagervarer.dk\sites\all\modules\lv_search\lv_search.module --> ftp.lagervarer.dk /httpdocs/sites/all/modules/lv_search lv_search.module
109.08.24 22:31 B C:\wwwroot\lagervarer.dk\sites\all\modules\lv_search\lv_search.module --> ftp.lagervarer.dk /httpdocs/sites/all/modules/lv_search lv_search.module
109.08.24 22:45 B C:\wwwroot\lagervarer.dk\sites\all\modules\lv_search\lv_search.module --> ftp.lagervarer.dk /httpdocs/sites/all/modules/lv_search lv_search.module
109.08.24 22:46 B C:\wwwroot\lagervarer.dk\sites\all\modules\lv_search\lv_search.module --> ftp.lagervarer.dk /httpdocs/sites/all/modules/lv_search lv_search.module
109.08.24 22:49 B C:\wwwroot\lagervarer.dk\sites\all\modules\lv_search\lv_search.module --> ftp.lagervarer.dk /httpdocs/sites/all/modules/lv_search lv_search.module
109.08.24 22:53 B C:\wwwroot\lagervarer.dk\sites\all\modules\lv_search\lv_search.module --> ftp.lagervarer.dk /httpdocs/sites/all/modules/lv_search lv_search.module
109.08.24 22:55 B C:\wwwroot\lagervarer.dk\sites\all\modules\lv_search\lv_search.module --> ftp.lagervarer.dk /httpdocs/sites/all/modules/lv_search lv_search.module
109.08.24 22:59 B C:\wwwroot\lagervarer.dk\sites\all\modules\lv_search\lv_search.module --> ftp.lagervarer.dk /httpdocs/sites/all/modules/lv_search lv_search.module
109.08.24 23:01 B C:\wwwroot\lagervarer.dk\sites\all\modules\lv_search\lv_search.module --> ftp.lagervarer.dk /httpdocs/sites/all/modules/lv_search lv_search.module
109.08.24 23:03 B C:\wwwroot\lagervarer.dk\sites\all\modules\lv_search\lv_search.module --> ftp.lagervarer.dk /httpdocs/sites/all/modules/lv_search lv_search.module
109.08.24 23:04 B C:\wwwroot\lagervarer.dk\sites\all\modules\lv_search\lv_search.module --> ftp.lagervarer.dk /httpdocs/sites/all/modules/lv_search lv_search.module
109.08.24 23:16 B C:\wwwroot\lagervarer.dk\sites\all\modules\lv_search\lv_search.module --> ftp.lagervarer.dk /httpdocs/sites/all/modules/lv_search lv_search.module
109.08.24 23:16 B C:\wwwroot\lagervarer.dk\sites\all\modules\lv_search\lv_search.module --> ftp.lagervarer.dk /httpdocs/sites/all/modules/lv_search lv_search.module
109.08.24 23:22 B C:\wwwroot\lagervarer.dk\sites\all\modules\lv_search\lv_search.module --> ftp.lagervarer.dk /httpdocs/sites/all/modules/lv_search lv_search.module
109.08.24 23:40 B C:\wwwroot\lagervarer.dk\sites\all\modules\lv_search\lv_search.module --> ftp.lagervarer.dk /httpdocs/sites/all/modules/lv_search lv_search.module
109.08.24 23:43 B C:\wwwroot\lagervarer.dk\sites\all\modules\lv_search\lv_search.module --> ftp.lagervarer.dk /httpdocs/sites/all/modules/lv_search lv_search.module
109.08.24 23:44 B C:\wwwroot\lagervarer.dk\sites\all\modules\lv_search\lv_search.module --> ftp.lagervarer.dk /httpdocs/sites/all/modules/lv_search lv_search.module
109.08.24 23:45 B C:\wwwroot\lagervarer.dk\sites\all\modules\lv_search\lv_search.module --> ftp.lagervarer.dk /httpdocs/sites/all/modules/lv_search lv_search.module
109.08.24 23:47 B C:\wwwroot\lagervarer.dk\sites\all\modules\lv_search\lv_search.module --> ftp.lagervarer.dk /httpdocs/sites/all/modules/lv_search lv_search.module
109.08.24 23:48 B C:\wwwroot\lagervarer.dk\sites\all\modules\lv_search\lv_search.module --> ftp.lagervarer.dk /httpdocs/sites/all/modules/lv_search lv_search.module
109.08.24 23:49 B C:\wwwroot\lagervarer.dk\sites\all\modules\lv_search\lv_search.module --> ftp.lagervarer.dk /httpdocs/sites/all/modules/lv_search lv_search.module
109.08.24 23:50 B C:\wwwroot\lagervarer.dk\sites\all\modules\lv_search\lv_search.module --> ftp.lagervarer.dk /httpdocs/sites/all/modules/lv_search lv_search.module
109.08.24 23:50 B C:\wwwroot\lagervarer.dk\sites\all\modules\lv_search\lv_search.module --> ftp.lagervarer.dk /httpdocs/sites/all/modules/lv_search lv_search.module
109.08.25 00:03 B C:\wwwroot\lagervarer.dk\sites\all\modules\lv_search\lv_search.module --> ftp.lagervarer.dk /httpdocs/sites/all/modules/lv_search lv_search.module
109.08.25 00:04 B C:\wwwroot\lagervarer.dk\sites\all\modules\lv_search\lv_search.module --> ftp.lagervarer.dk /httpdocs/sites/all/modules/lv_search lv_search.module
109.08.25 00:09 B C:\wwwroot\lagervarer.dk\sites\all\modules\lv_search\lv_search.module --> ftp.lagervarer.dk /httpdocs/sites/all/modules/lv_search lv_search.module
109.08.25 00:21 B C:\wwwroot\lagervarer.dk\sites\all\modules\lv_search\lv_search.module --> ftp.lagervarer.dk /httpdocs/sites/all/modules/lv_search lv_search.module
109.08.25 02:58 B C:\wwwroot\lagervarer.dk\sites\all\modules\lv_search\lv_search.module --> ftp.lagervarer.dk /httpdocs/sites/all/modules/lv_search lv_search.module
109.08.25 03:10 B C:\wwwroot\lagervarer.dk\sites\all\modules\lv_search\lv_search.module --> ftp.lagervarer.dk /httpdocs/sites/all/modules/lv_search lv_search.module
109.08.25 03:11 B C:\wwwroot\lagervarer.dk\sites\all\modules\lv_search\lv_search.module --> ftp.lagervarer.dk /httpdocs/sites/all/modules/lv_search lv_search.module
109.08.25 03:26 B C:\wwwroot\lagervarer.dk\sites\all\modules\lv_search\lv_search.module --> ftp.lagervarer.dk /httpdocs/sites/all/modules/lv_search lv_search.module
109.08.25 03:27 B C:\wwwroot\lagervarer.dk\sites\all\modules\lv_search\lv_search.module --> ftp.lagervarer.dk /httpdocs/sites/all/modules/lv_search lv_search.module
109.08.25 03:28 B C:\wwwroot\lagervarer.dk\sites\all\modules\lv_search\lv_search.module --> ftp.lagervarer.dk /httpdocs/sites/all/modules/lv_search lv_search.module
109.08.27 03:48 B C:\wwwroot\lagervarer.dk\sites\all\modules\lv_search\lv_search.module --> ftp.lagervarer.dk /httpdocs/sites/all/modules/lv_search lv_search.module
109.08.27 03:51 B C:\wwwroot\lagervarer.dk\sites\all\modules\lv_search\lv_search.module --> ftp.lagervarer.dk /httpdocs/sites/all/modules/lv_search lv_search.module
109.08.27 03:57 B C:\wwwroot\lagervarer.dk\sites\all\modules\lv_search\lv_search.module --> ftp.lagervarer.dk /httpdocs/sites/all/modules/lv_search lv_search.module
109.08.27 03:57 B C:\wwwroot\lagervarer.dk\sites\all\modules\lv_search\lv_search.module --> ftp.lagervarer.dk /httpdocs/sites/all/modules/lv_search lv_search.module
109.08.27 04:04 B C:\wwwroot\lagervarer.dk\sites\all\modules\lv_search\lv_search.module --> ftp.lagervarer.dk /httpdocs/sites/all/modules/lv_search lv_search.module
109.08.27 04:05 B C:\wwwroot\lagervarer.dk\sites\all\modules\lv_search\lv_search.module --> ftp.lagervarer.dk /httpdocs/sites/all/modules/lv_search lv_search.module
109.08.27 04:05 B C:\wwwroot\lagervarer.dk\sites\all\modules\lv_search\lv_search.module --> ftp.lagervarer.dk /httpdocs/sites/all/modules/lv_search lv_search.module
109.09.06 11:53 B C:\wwwroot\lagervarer.dk\sites\all\modules\lv_search\lv_search.module --> ftp.lagervarer.dk /httpdocs/sites/all/modules/lv_search lv_search.module
109.09.06 11:54 B C:\wwwroot\lagervarer.dk\sites\all\modules\lv_search\lv_search.module --> ftp.lagervarer.dk /httpdocs/sites/all/modules/lv_search lv_search.module
109.09.06 11:54 B C:\wwwroot\lagervarer.dk\sites\all\modules\lv_search\lv_search.module --> ftp.lagervarer.dk /httpdocs/sites/all/modules/lv_search lv_search.module
109.09.06 11:56 B C:\wwwroot\lagervarer.dk\sites\all\modules\lv_search\lv_search.module --> ftp.lagervarer.dk /httpdocs/sites/all/modules/lv_search lv_search.module
109.09.06 11:56 B C:\wwwroot\lagervarer.dk\sites\all\modules\lv_search\lv_search.module --> ftp.lagervarer.dk /httpdocs/sites/all/modules/lv_search lv_search.module
109.09.06 11:59 B C:\wwwroot\lagervarer.dk\sites\all\modules\lv_search\lv_search.module --> ftp.lagervarer.dk /httpdocs/sites/all/modules/lv_search lv_search.module
109.09.06 11:59 B C:\wwwroot\lagervarer.dk\sites\all\modules\lv_search\lv_search.module --> ftp.lagervarer.dk /httpdocs/sites/all/modules/lv_search lv_search.module
109.09.06 12:00 B C:\wwwroot\lagervarer.dk\sites\all\modules\lv_search\lv_search.module --> ftp.lagervarer.dk /httpdocs/sites/all/modules/lv_search lv_search.module
109.09.06 12:00 B C:\wwwroot\lagervarer.dk\sites\all\modules\lv_search\lv_search.module --> ftp.lagervarer.dk /httpdocs/sites/all/modules/lv_search lv_search.module
109.09.06 12:00 B C:\wwwroot\lagervarer.dk\sites\all\modules\lv_search\lv_search.module --> ftp.lagervarer.dk /httpdocs/sites/all/modules/lv_search lv_search.module
109.09.06 12:07 B C:\wwwroot\lagervarer.dk\sites\all\modules\lv_search\lv_search.module --> ftp.lagervarer.dk /httpdocs/sites/all/modules/lv_search lv_search.module
109.09.06 12:08 B C:\wwwroot\lagervarer.dk\sites\all\modules\lv_search\lv_search.module --> ftp.lagervarer.dk /httpdocs/sites/all/modules/lv_search lv_search.module
109.09.06 12:09 B C:\wwwroot\lagervarer.dk\sites\all\modules\lv_search\lv_search.module --> ftp.lagervarer.dk /httpdocs/sites/all/modules/lv_search lv_search.module
109.09.06 12:10 B C:\wwwroot\lagervarer.dk\sites\all\modules\lv_search\lv_search.module --> ftp.lagervarer.dk /httpdocs/sites/all/modules/lv_search lv_search.module
109.09.06 12:11 B C:\wwwroot\lagervarer.dk\sites\all\modules\lv_search\lv_search.module --> ftp.lagervarer.dk /httpdocs/sites/all/modules/lv_search lv_search.module
109.09.06 12:11 B C:\wwwroot\lagervarer.dk\sites\all\modules\lv_search\lv_search.module --> ftp.lagervarer.dk /httpdocs/sites/all/modules/lv_search lv_search.module
109.09.06 12:11 B C:\wwwroot\lagervarer.dk\sites\all\modules\lv_search\lv_search.module --> ftp.lagervarer.dk /httpdocs/sites/all/modules/lv_search lv_search.module
109.09.06 12:14 B C:\wwwroot\lagervarer.dk\sites\all\modules\lv_search\lv_search.module --> ftp.lagervarer.dk /httpdocs/sites/all/modules/lv_search lv_search.module
109.09.06 12:17 B C:\wwwroot\lagervarer.dk\sites\all\modules\lv_search\lv_search.module --> ftp.lagervarer.dk /httpdocs/sites/all/modules/lv_search lv_search.module
109.09.06 12:17 B C:\wwwroot\lagervarer.dk\sites\all\modules\lv_search\lv_search.module --> ftp.lagervarer.dk /httpdocs/sites/all/modules/lv_search lv_search.module
109.09.06 12:21 B C:\wwwroot\lagervarer.dk\sites\all\modules\lv_search\lv_search.module --> ftp.lagervarer.dk /httpdocs/sites/all/modules/lv_search lv_search.module
109.09.06 12:23 B C:\wwwroot\lagervarer.dk\sites\all\modules\lv_search\lv_search.module --> ftp.lagervarer.dk /httpdocs/sites/all/modules/lv_search lv_search.module
109.09.06 14:31 B C:\wwwroot\lagervarer.dk\sites\all\modules\lv_search\lv_search.module --> ftp.lagervarer.dk /httpdocs/sites/all/modules/lv_search lv_search.module
109.09.06 14:37 B C:\wwwroot\lagervarer.dk\sites\all\modules\lv_search\lv_search.module --> ftp.lagervarer.dk /httpdocs/sites/all/modules/lv_search lv_search.module
109.09.06 15:55 B C:\wwwroot\lagervarer.dk\sites\all\modules\lv_search\lv_search.module --> ftp.lagervarer.dk /httpdocs/sites/all/modules/lv_search lv_search.module
109.09.06 16:38 B C:\wwwroot\lagervarer.dk\sites\all\modules\lv_search\lv_search.module --> ftp.lagervarer.dk /httpdocs/sites/all/modules/lv_search lv_search.module
109.09.06 16:39 B C:\wwwroot\lagervarer.dk\sites\all\modules\lv_search\lv_search.module --> ftp.lagervarer.dk /httpdocs/sites/all/modules/lv_search lv_search.module
109.09.06 16:50 B C:\wwwroot\lagervarer.dk\sites\all\modules\lv_search\lv_search.module --> ftp.lagervarer.dk /httpdocs/sites/all/modules/lv_search lv_search.module
109.09.06 17:02 B C:\wwwroot\lagervarer.dk\sites\all\modules\lv_search\lv_search.module --> ftp.lagervarer.dk /httpdocs/sites/all/modules/lv_search lv_search.module
109.09.06 17:03 B C:\wwwroot\lagervarer.dk\sites\all\modules\lv_search\lv_search.module --> ftp.lagervarer.dk /httpdocs/sites/all/modules/lv_search lv_search.module
109.09.06 17:03 B C:\wwwroot\lagervarer.dk\sites\all\modules\lv_search\lv_search.module --> ftp.lagervarer.dk /httpdocs/sites/all/modules/lv_search lv_search.module
109.09.06 17:04 B C:\wwwroot\lagervarer.dk\sites\all\modules\lv_search\lv_search.module --> ftp.lagervarer.dk /httpdocs/sites/all/modules/lv_search lv_search.module
109.09.06 17:06 B C:\wwwroot\lagervarer.dk\sites\all\modules\lv_search\lv_search.module --> ftp.lagervarer.dk /httpdocs/sites/all/modules/lv_search lv_search.module
109.09.06 17:06 B C:\wwwroot\lagervarer.dk\sites\all\modules\lv_search\lv_search.module --> ftp.lagervarer.dk /httpdocs/sites/all/modules/lv_search lv_search.module
109.09.06 17:07 B C:\wwwroot\lagervarer.dk\sites\all\modules\lv_search\lv_search.module --> ftp.lagervarer.dk /httpdocs/sites/all/modules/lv_search lv_search.module
109.09.06 17:09 B C:\wwwroot\lagervarer.dk\sites\all\modules\lv_search\lv_search.module --> ftp.lagervarer.dk /httpdocs/sites/all/modules/lv_search lv_search.module
109.09.06 17:10 B C:\wwwroot\lagervarer.dk\sites\all\modules\lv_search\lv_search.module --> ftp.lagervarer.dk /httpdocs/sites/all/modules/lv_search lv_search.module
109.09.06 17:11 B C:\wwwroot\lagervarer.dk\sites\all\modules\lv_search\lv_search.module --> ftp.lagervarer.dk /httpdocs/sites/all/modules/lv_search lv_search.module
109.09.06 17:13 B C:\wwwroot\lagervarer.dk\sites\all\modules\lv_search\lv_search.module --> ftp.lagervarer.dk /httpdocs/sites/all/modules/lv_search lv_search.module
109.09.06 17:15 B C:\wwwroot\lagervarer.dk\sites\all\modules\lv_search\lv_search.module --> ftp.lagervarer.dk /httpdocs/sites/all/modules/lv_search lv_search.module
109.09.06 17:16 B C:\wwwroot\lagervarer.dk\sites\all\modules\lv_search\lv_search.module --> ftp.lagervarer.dk /httpdocs/sites/all/modules/lv_search lv_search.module
109.09.06 17:17 B C:\wwwroot\lagervarer.dk\sites\all\modules\lv_search\lv_search.module --> ftp.lagervarer.dk /httpdocs/sites/all/modules/lv_search lv_search.module
109.09.06 17:19 B C:\wwwroot\lagervarer.dk\sites\all\modules\lv_search\lv_search.module --> ftp.lagervarer.dk /httpdocs/sites/all/modules/lv_search lv_search.module
109.09.06 17:19 B C:\wwwroot\lagervarer.dk\sites\all\modules\lv_search\lv_search.module --> ftp.lagervarer.dk /httpdocs/sites/all/modules/lv_search lv_search.module
109.09.06 17:21 B C:\wwwroot\lagervarer.dk\sites\all\modules\lv_search\lv_search.module --> ftp.lagervarer.dk /httpdocs/sites/all/modules/lv_search lv_search.module
109.09.06 17:22 B C:\wwwroot\lagervarer.dk\sites\all\modules\lv_search\lv_search.module --> ftp.lagervarer.dk /httpdocs/sites/all/modules/lv_search lv_search.module
109.09.06 17:26 B C:\wwwroot\lagervarer.dk\sites\all\modules\lv_search\lv_search.module --> ftp.lagervarer.dk /httpdocs/sites/all/modules/lv_search lv_search.module
109.09.06 17:29 B C:\wwwroot\lagervarer.dk\sites\all\modules\lv_search\lv_search.module --> ftp.lagervarer.dk /httpdocs/sites/all/modules/lv_search lv_search.module
109.09.06 20:28 B C:\wwwroot\lagervarer.dk\sites\all\modules\lv_search\lv_search.module --> ftp.lagervarer.dk /httpdocs/sites/all/modules/lv_search lv_search.module
109.09.06 20:36 B C:\wwwroot\lagervarer.dk\sites\all\modules\lv_search\lv_search.module --> ftp.lagervarer.dk /httpdocs/sites/all/modules/lv_search lv_search.module
109.09.06 20:43 B C:\wwwroot\lagervarer.dk\sites\all\modules\lv_search\lv_search.module --> ftp.lagervarer.dk /httpdocs/sites/all/modules/lv_search lv_search.module
109.09.06 22:01 B C:\wwwroot\lagervarer.dk\sites\all\modules\lv_search\lv_search.module --> ftp.lagervarer.dk /httpdocs/sites/all/modules/lv_search lv_search.module
109.09.06 22:02 B C:\wwwroot\lagervarer.dk\sites\all\modules\lv_search\lv_search.module --> ftp.lagervarer.dk /httpdocs/sites/all/modules/lv_search lv_search.module
109.09.06 22:04 B C:\wwwroot\lagervarer.dk\sites\all\modules\lv_search\lv_search.module --> ftp.lagervarer.dk /httpdocs/sites/all/modules/lv_search lv_search.module
109.09.06 22:18 B C:\wwwroot\lagervarer.dk\sites\all\modules\lv_search\lv_search.module --> ftp.lagervarer.dk /httpdocs/sites/all/modules/lv_search lv_search.module
109.09.06 22:30 B C:\wwwroot\lagervarer.dk\sites\all\modules\lv_search\lv_search.module --> ftp.lagervarer.dk /httpdocs/sites/all/modules/lv_search lv_search.module
109.09.07 01:17 B C:\wwwroot\lagervarer.dk\sites\all\modules\lv_search\lv_search.module --> ftp.lagervarer.dk /httpdocs/sites/all/modules/lv_search lv_search.module
109.09.07 17:39 B C:\wwwroot\lagervarer.dk\sites\all\modules\lv_search\lv_search.module --> ftp.lagervarer.dk /httpdocs/sites/all/modules/lv_search lv_search.module
109.09.07 17:39 B C:\wwwroot\lagervarer.dk\sites\all\modules\lv_search\lv_search.module --> ftp.lagervarer.dk /httpdocs/sites/all/modules/lv_search lv_search.module
109.09.07 17:46 B C:\wwwroot\lagervarer.dk\sites\all\modules\lv_search\lv_search.module --> ftp.lagervarer.dk /httpdocs/sites/all/modules/lv_search lv_search.module
109.09.07 17:47 B C:\wwwroot\lagervarer.dk\sites\all\modules\lv_search\lv_search.module --> ftp.lagervarer.dk /httpdocs/sites/all/modules/lv_search lv_search.module
109.09.07 17:55 B C:\wwwroot\lagervarer.dk\sites\all\modules\lv_search\lv_search.module --> ftp.lagervarer.dk /httpdocs/sites/all/modules/lv_search lv_search.module
109.09.07 17:56 B C:\wwwroot\lagervarer.dk\sites\all\modules\lv_search\lv_search.module --> ftp.lagervarer.dk /httpdocs/sites/all/modules/lv_search lv_search.module
109.09.07 17:57 B C:\wwwroot\lagervarer.dk\sites\all\modules\lv_search\lv_search.module --> ftp.lagervarer.dk /httpdocs/sites/all/modules/lv_search lv_search.module
109.09.07 18:18 B C:\wwwroot\lagervarer.dk\sites\all\modules\lv_search\lv_search.module --> ftp.lagervarer.dk /httpdocs/sites/all/modules/lv_search lv_search.module
109.09.07 18:20 B C:\wwwroot\lagervarer.dk\sites\all\modules\lv_search\lv_search.module --> ftp.lagervarer.dk /httpdocs/sites/all/modules/lv_search lv_search.module
109.09.07 18:20 B C:\wwwroot\lagervarer.dk\sites\all\modules\lv_search\lv_search.module --> ftp.lagervarer.dk /httpdocs/sites/all/modules/lv_search lv_search.module
109.09.07 18:21 B C:\wwwroot\lagervarer.dk\sites\all\modules\lv_search\lv_search.module --> ftp.lagervarer.dk /httpdocs/sites/all/modules/lv_search lv_search.module
109.09.07 18:23 B C:\wwwroot\lagervarer.dk\sites\all\modules\lv_search\lv_search.module --> ftp.lagervarer.dk /httpdocs/sites/all/modules/lv_search lv_search.module
109.09.07 18:25 B C:\wwwroot\lagervarer.dk\sites\all\modules\lv_search\lv_search.module --> ftp.lagervarer.dk /httpdocs/sites/all/modules/lv_search lv_search.module
109.09.07 18:31 B C:\wwwroot\lagervarer.dk\sites\all\modules\lv_search\lv_search.module --> ftp.lagervarer.dk /httpdocs/sites/all/modules/lv_search lv_search.module
109.09.07 20:35 B C:\wwwroot\lagervarer.dk\sites\all\modules\lv_search\lv_search.module --> ftp.lagervarer.dk /httpdocs/sites/all/modules/lv_search lv_search.module
109.09.08 00:26 B C:\wwwroot\lagervarer.dk\sites\all\modules\lv_search\lv_search.module --> ftp.lagervarer.dk /httpdocs/sites/all/modules/lv_search lv_search.module
109.09.08 00:30 B C:\wwwroot\lagervarer.dk\sites\all\modules\lv_search\lv_search.module --> ftp.lagervarer.dk /httpdocs/sites/all/modules/lv_search lv_search.module
109.09.08 00:30 B C:\wwwroot\lagervarer.dk\sites\all\modules\lv_search\lv_search.module --> ftp.lagervarer.dk /httpdocs/sites/all/modules/lv_search lv_search.module
109.09.08 00:31 B C:\wwwroot\lagervarer.dk\sites\all\modules\lv_search\lv_search.module --> ftp.lagervarer.dk /httpdocs/sites/all/modules/lv_search lv_search.module
109.09.08 00:32 B C:\wwwroot\lagervarer.dk\sites\all\modules\lv_search\lv_search.module --> ftp.lagervarer.dk /httpdocs/sites/all/modules/lv_search lv_search.module
109.09.08 00:35 B C:\wwwroot\lagervarer.dk\sites\all\modules\lv_search\lv_search.module --> ftp.lagervarer.dk /httpdocs/sites/all/modules/lv_search lv_search.module
109.09.08 00:41 B C:\wwwroot\lagervarer.dk\sites\all\modules\lv_search\lv_search.module --> ftp.lagervarer.dk /httpdocs/sites/all/modules/lv_search lv_search.module
109.09.08 00:43 B C:\wwwroot\lagervarer.dk\sites\all\modules\lv_search\lv_search.module --> ftp.lagervarer.dk /httpdocs/sites/all/modules/lv_search lv_search.module
109.09.08 00:45 B C:\wwwroot\lagervarer.dk\sites\all\modules\lv_search\lv_search.module --> ftp.lagervarer.dk /httpdocs/sites/all/modules/lv_search lv_search.module
109.09.08 00:47 B C:\wwwroot\lagervarer.dk\sites\all\modules\lv_search\lv_search.module --> ftp.lagervarer.dk /httpdocs/sites/all/modules/lv_search lv_search.module
109.09.08 00:48 B C:\wwwroot\lagervarer.dk\sites\all\modules\lv_search\lv_search.module --> ftp.lagervarer.dk /httpdocs/sites/all/modules/lv_search lv_search.module
109.09.08 00:51 B C:\wwwroot\lagervarer.dk\sites\all\modules\lv_search\lv_search.module --> ftp.lagervarer.dk /httpdocs/sites/all/modules/lv_search lv_search.module
109.09.08 00:55 B C:\wwwroot\lagervarer.dk\sites\all\modules\lv_search\lv_search.module --> ftp.lagervarer.dk /httpdocs/sites/all/modules/lv_search lv_search.module
109.09.08 00:58 B C:\wwwroot\lagervarer.dk\sites\all\modules\lv_search\lv_search.module --> ftp.lagervarer.dk /httpdocs/sites/all/modules/lv_search lv_search.module
109.09.08 15:38 B C:\wwwroot\lagervarer.dk\sites\all\modules\lv_search\lv_search.module --> ftp.lagervarer.dk /httpdocs/sites/all/modules/lv_search lv_search.module
109.09.08 15:38 B C:\wwwroot\lagervarer.dk\sites\all\modules\lv_search\lv_search.module --> ftp.lagervarer.dk /httpdocs/sites/all/modules/lv_search lv_search.module
109.09.08 16:46 B C:\wwwroot\lagervarer.dk\sites\all\modules\lv_search\lv_search.module --> ftp.lagervarer.dk /httpdocs/sites/all/modules/lv_search lv_search.module
109.09.08 16:46 B C:\wwwroot\lagervarer.dk\sites\all\modules\lv_search\lv_search.module --> ftp.lagervarer.dk /httpdocs/sites/all/modules/lv_search lv_search.module
109.09.08 16:49 B C:\wwwroot\lagervarer.dk\sites\all\modules\lv_search\lv_search.module --> ftp.lagervarer.dk /httpdocs/sites/all/modules/lv_search lv_search.module
109.09.08 16:52 B C:\wwwroot\lagervarer.dk\sites\all\modules\lv_search\lv_search.module --> ftp.lagervarer.dk /httpdocs/sites/all/modules/lv_search lv_search.module
109.09.08 16:52 B C:\wwwroot\lagervarer.dk\sites\all\modules\lv_search\lv_search.module --> ftp.lagervarer.dk /httpdocs/sites/all/modules/lv_search lv_search.module
109.09.08 16:53 B C:\wwwroot\lagervarer.dk\sites\all\modules\lv_search\lv_search.module --> ftp.lagervarer.dk /httpdocs/sites/all/modules/lv_search lv_search.module
109.09.08 16:54 B C:\wwwroot\lagervarer.dk\sites\all\modules\lv_search\lv_search.module --> ftp.lagervarer.dk /httpdocs/sites/all/modules/lv_search lv_search.module
109.09.08 16:55 B C:\wwwroot\lagervarer.dk\sites\all\modules\lv_search\lv_search.module --> ftp.lagervarer.dk /httpdocs/sites/all/modules/lv_search lv_search.module
109.09.08 17:00 B C:\wwwroot\lagervarer.dk\sites\all\modules\lv_search\lv_search.module --> ftp.lagervarer.dk /httpdocs/sites/all/modules/lv_search lv_search.module
109.09.08 17:04 B C:\wwwroot\lagervarer.dk\sites\all\modules\lv_search\lv_search.module --> ftp.lagervarer.dk /httpdocs/sites/all/modules/lv_search lv_search.module
109.09.08 17:05 B C:\wwwroot\lagervarer.dk\sites\all\modules\lv_search\lv_search.module --> ftp.lagervarer.dk /httpdocs/sites/all/modules/lv_search lv_search.module
109.09.08 17:06 B C:\wwwroot\lagervarer.dk\sites\all\modules\lv_search\lv_search.module --> ftp.lagervarer.dk /httpdocs/sites/all/modules/lv_search lv_search.module
109.09.08 17:08 B C:\wwwroot\lagervarer.dk\sites\all\modules\lv_search\lv_search.module --> ftp.lagervarer.dk /httpdocs/sites/all/modules/lv_search lv_search.module
109.09.08 17:10 B C:\wwwroot\lagervarer.dk\sites\all\modules\lv_search\lv_search.module --> ftp.lagervarer.dk /httpdocs/sites/all/modules/lv_search lv_search.module
109.09.08 17:11 B C:\wwwroot\lagervarer.dk\sites\all\modules\lv_search\lv_search.module --> ftp.lagervarer.dk /httpdocs/sites/all/modules/lv_search lv_search.module
109.09.08 17:13 B C:\wwwroot\lagervarer.dk\sites\all\modules\lv_search\lv_search.module --> ftp.lagervarer.dk /httpdocs/sites/all/modules/lv_search lv_search.module
109.09.08 17:14 B C:\wwwroot\lagervarer.dk\sites\all\modules\lv_search\lv_search.module --> ftp.lagervarer.dk /httpdocs/sites/all/modules/lv_search lv_search.module
109.09.08 17:14 B C:\wwwroot\lagervarer.dk\sites\all\modules\lv_search\lv_search.module --> ftp.lagervarer.dk /httpdocs/sites/all/modules/lv_search lv_search.module
109.09.08 17:16 B C:\wwwroot\lagervarer.dk\sites\all\modules\lv_search\lv_search.module --> ftp.lagervarer.dk /httpdocs/sites/all/modules/lv_search lv_search.module
109.09.08 17:20 B C:\wwwroot\lagervarer.dk\sites\all\modules\lv_search\lv_search.module --> ftp.lagervarer.dk /httpdocs/sites/all/modules/lv_search lv_search.module
109.09.08 17:23 B C:\wwwroot\lagervarer.dk\sites\all\modules\lv_search\lv_search.module --> ftp.lagervarer.dk /httpdocs/sites/all/modules/lv_search lv_search.module
109.09.08 17:36 B C:\wwwroot\lagervarer.dk\sites\all\modules\lv_search\lv_search.module --> ftp.lagervarer.dk /httpdocs/sites/all/modules/lv_search lv_search.module
109.09.08 17:38 B C:\wwwroot\lagervarer.dk\sites\all\modules\lv_search\lv_search.module --> ftp.lagervarer.dk /httpdocs/sites/all/modules/lv_search lv_search.module
109.09.08 20:29 B C:\wwwroot\lagervarer.dk\sites\all\modules\lv_search\lv_search.module --> ftp.lagervarer.dk /httpdocs/sites/all/modules/lv_search lv_search.module
109.09.08 20:33 B C:\wwwroot\lagervarer.dk\sites\all\modules\lv_search\lv_search.module --> ftp.lagervarer.dk /httpdocs/sites/all/modules/lv_search lv_search.module
109.09.08 20:38 B C:\wwwroot\lagervarer.dk\sites\all\modules\lv_search\lv_search.module --> ftp.lagervarer.dk /httpdocs/sites/all/modules/lv_search lv_search.module
109.09.08 20:38 B C:\wwwroot\lagervarer.dk\sites\all\modules\lv_search\lv_search.module --> ftp.lagervarer.dk /httpdocs/sites/all/modules/lv_search lv_search.module
109.09.08 20:39 B C:\wwwroot\lagervarer.dk\sites\all\modules\lv_search\lv_search.module --> ftp.lagervarer.dk /httpdocs/sites/all/modules/lv_search lv_search.module
109.09.08 20:41 B C:\wwwroot\lagervarer.dk\sites\all\modules\lv_search\lv_search.module --> ftp.lagervarer.dk /httpdocs/sites/all/modules/lv_search lv_search.module
109.09.08 21:16 B C:\wwwroot\lagervarer.dk\sites\all\modules\lv_search\lv_search.module --> ftp.lagervarer.dk /httpdocs/sites/all/modules/lv_search lv_search.module
109.09.08 21:37 B C:\wwwroot\lagervarer.dk\sites\all\modules\lv_search\lv_search.module --> ftp.lagervarer.dk /httpdocs/sites/all/modules/lv_search lv_search.module
109.09.08 21:57 B C:\wwwroot\lagervarer.dk\sites\all\modules\lv_search\lv_search.module --> ftp.lagervarer.dk /httpdocs/sites/all/modules/lv_search lv_search.module
109.09.08 21:59 B C:\wwwroot\lagervarer.dk\sites\all\modules\lv_search\lv_search.module --> ftp.lagervarer.dk /httpdocs/sites/all/modules/lv_search lv_search.module
109.09.08 21:59 B C:\wwwroot\lagervarer.dk\sites\all\modules\lv_search\lv_search.module --> ftp.lagervarer.dk /httpdocs/sites/all/modules/lv_search lv_search.module
109.09.08 22:03 B C:\wwwroot\lagervarer.dk\sites\all\modules\lv_search\lv_search.module --> ftp.lagervarer.dk /httpdocs/sites/all/modules/lv_search lv_search.module
109.09.08 22:05 B C:\wwwroot\lagervarer.dk\sites\all\modules\lv_search\lv_search.module --> ftp.lagervarer.dk /httpdocs/sites/all/modules/lv_search lv_search.module
109.09.08 22:11 B C:\wwwroot\lagervarer.dk\sites\all\modules\lv_search\lv_search.module --> ftp.lagervarer.dk /httpdocs/sites/all/modules/lv_search lv_search.module
109.09.08 22:11 B C:\wwwroot\lagervarer.dk\sites\all\modules\lv_search\lv_search.module --> ftp.lagervarer.dk /httpdocs/sites/all/modules/lv_search lv_search.module
109.09.08 22:13 B C:\wwwroot\lagervarer.dk\sites\all\modules\lv_search\lv_search.module --> ftp.lagervarer.dk /httpdocs/sites/all/modules/lv_search lv_search.module
109.09.08 22:14 B C:\wwwroot\lagervarer.dk\sites\all\modules\lv_search\lv_search.module --> ftp.lagervarer.dk /httpdocs/sites/all/modules/lv_search lv_search.module
109.09.20 22:29 B C:\wwwroot\lagervarer.dk\sites\all\modules\auctionflex\auctionflex.admin.inc --> ftp.lagervarer.dk /httpdocs/sites/all/modules/auctionflex auctionflex.admin.inc
109.09.20 22:29 B C:\wwwroot\lagervarer.dk\sites\all\modules\auctionflex\auctionflex.info --> ftp.lagervarer.dk /httpdocs/sites/all/modules/auctionflex auctionflex.info
109.09.20 22:29 B C:\wwwroot\lagervarer.dk\sites\all\modules\auctionflex\auctionflex.install --> ftp.lagervarer.dk /httpdocs/sites/all/modules/auctionflex auctionflex.install
109.09.20 22:29 B C:\wwwroot\lagervarer.dk\sites\all\modules\auctionflex\auctionflex.module --> ftp.lagervarer.dk /httpdocs/sites/all/modules/auctionflex auctionflex.module
