109.01.20 03:24 B D:\Resurser\Programmer\Drupal 6.9\drupal-6.9\.htaccess --> lagervarer.dk /htdocs .htaccess
109.01.20 03:24 B D:\Resurser\Programmer\Drupal 6.9\drupal-6.9\CHANGELOG.txt --> lagervarer.dk /htdocs CHANGELOG.txt
109.01.20 03:24 B D:\Resurser\Programmer\Drupal 6.9\drupal-6.9\COPYRIGHT.txt --> lagervarer.dk /htdocs COPYRIGHT.txt
109.01.20 03:24 B D:\Resurser\Programmer\Drupal 6.9\drupal-6.9\cron.php --> lagervarer.dk /htdocs cron.php
109.01.20 03:24 B D:\Resurser\Programmer\Drupal 6.9\drupal-6.9\index.php --> lagervarer.dk /htdocs index.php
109.01.20 03:24 B D:\Resurser\Programmer\Drupal 6.9\drupal-6.9\INSTALL.mysql.txt --> lagervarer.dk /htdocs INSTALL.mysql.txt
109.01.20 03:24 B D:\Resurser\Programmer\Drupal 6.9\drupal-6.9\INSTALL.pgsql.txt --> lagervarer.dk /htdocs INSTALL.pgsql.txt
109.01.20 03:24 B D:\Resurser\Programmer\Drupal 6.9\drupal-6.9\install.php --> lagervarer.dk /htdocs install.php
109.01.20 03:24 B D:\Resurser\Programmer\Drupal 6.9\drupal-6.9\INSTALL.txt --> lagervarer.dk /htdocs INSTALL.txt
109.01.20 03:24 B D:\Resurser\Programmer\Drupal 6.9\drupal-6.9\LICENSE.txt --> lagervarer.dk /htdocs LICENSE.txt
109.01.20 03:24 B D:\Resurser\Programmer\Drupal 6.9\drupal-6.9\MAINTAINERS.txt --> lagervarer.dk /htdocs MAINTAINERS.txt
109.01.20 03:24 B D:\Resurser\Programmer\Drupal 6.9\drupal-6.9\robots.txt --> lagervarer.dk /htdocs robots.txt
109.01.20 03:24 B D:\Resurser\Programmer\Drupal 6.9\drupal-6.9\update.php --> lagervarer.dk /htdocs update.php
109.01.20 03:24 B D:\Resurser\Programmer\Drupal 6.9\drupal-6.9\UPGRADE.txt --> lagervarer.dk /htdocs UPGRADE.txt
109.01.20 03:24 B D:\Resurser\Programmer\Drupal 6.9\drupal-6.9\xmlrpc.php --> lagervarer.dk /htdocs xmlrpc.php
109.01.24 16:23 B D:\Resurser\Programmer\Drupal 6.9\drupal-6.9\.htaccess --> ftp.lagervarer.dk /httpdocs .htaccess
109.01.24 16:23 B D:\Resurser\Programmer\Drupal 6.9\drupal-6.9\CHANGELOG.txt --> ftp.lagervarer.dk /httpdocs CHANGELOG.txt
109.01.24 16:23 B D:\Resurser\Programmer\Drupal 6.9\drupal-6.9\COPYRIGHT.txt --> ftp.lagervarer.dk /httpdocs COPYRIGHT.txt
109.01.24 16:23 B D:\Resurser\Programmer\Drupal 6.9\drupal-6.9\cron.php --> ftp.lagervarer.dk /httpdocs cron.php
109.01.24 16:23 B D:\Resurser\Programmer\Drupal 6.9\drupal-6.9\index.php --> ftp.lagervarer.dk /httpdocs index.php
109.01.24 16:23 B D:\Resurser\Programmer\Drupal 6.9\drupal-6.9\INSTALL.mysql.txt --> ftp.lagervarer.dk /httpdocs INSTALL.mysql.txt
109.01.24 16:23 B D:\Resurser\Programmer\Drupal 6.9\drupal-6.9\INSTALL.pgsql.txt --> ftp.lagervarer.dk /httpdocs INSTALL.pgsql.txt
109.01.24 16:23 B D:\Resurser\Programmer\Drupal 6.9\drupal-6.9\install.php --> ftp.lagervarer.dk /httpdocs install.php
109.01.24 16:23 B D:\Resurser\Programmer\Drupal 6.9\drupal-6.9\INSTALL.txt --> ftp.lagervarer.dk /httpdocs INSTALL.txt
109.01.24 16:23 B D:\Resurser\Programmer\Drupal 6.9\drupal-6.9\LICENSE.txt --> ftp.lagervarer.dk /httpdocs LICENSE.txt
109.01.24 16:23 B D:\Resurser\Programmer\Drupal 6.9\drupal-6.9\MAINTAINERS.txt --> ftp.lagervarer.dk /httpdocs MAINTAINERS.txt
109.01.24 16:23 B D:\Resurser\Programmer\Drupal 6.9\drupal-6.9\robots.txt --> ftp.lagervarer.dk /httpdocs robots.txt
109.01.24 16:23 B D:\Resurser\Programmer\Drupal 6.9\drupal-6.9\update.php --> ftp.lagervarer.dk /httpdocs update.php
109.01.24 16:23 B D:\Resurser\Programmer\Drupal 6.9\drupal-6.9\UPGRADE.txt --> ftp.lagervarer.dk /httpdocs UPGRADE.txt
