109.01.24 19:17 B C:\Inetpub\wwwroot\lagervarer.dk\themes\zen\images\messages-error.png --> ftp.lagervarer.dk /httpdocs/sites/all/themes/zen/images messages-error.png
109.01.24 19:17 B C:\Inetpub\wwwroot\lagervarer.dk\themes\zen\images\messages-status.png --> ftp.lagervarer.dk /httpdocs/sites/all/themes/zen/images messages-status.png
109.01.24 19:17 B C:\Inetpub\wwwroot\lagervarer.dk\themes\zen\images\messages-warning.png --> ftp.lagervarer.dk /httpdocs/sites/all/themes/zen/images messages-warning.png
109.01.24 19:17 B C:\Inetpub\wwwroot\lagervarer.dk\themes\zen\images\tab-bar.png --> ftp.lagervarer.dk /httpdocs/sites/all/themes/zen/images tab-bar.png
109.01.24 19:17 B C:\Inetpub\wwwroot\lagervarer.dk\themes\zen\images\tab-left-ie6.png --> ftp.lagervarer.dk /httpdocs/sites/all/themes/zen/images tab-left-ie6.png
109.01.24 19:17 B C:\Inetpub\wwwroot\lagervarer.dk\themes\zen\images\tab-left.png --> ftp.lagervarer.dk /httpdocs/sites/all/themes/zen/images tab-left.png
109.01.24 19:17 B C:\Inetpub\wwwroot\lagervarer.dk\themes\zen\images\tab-right-ie6.png --> ftp.lagervarer.dk /httpdocs/sites/all/themes/zen/images tab-right-ie6.png
109.01.24 19:17 B C:\Inetpub\wwwroot\lagervarer.dk\themes\zen\images\tab-right.png --> ftp.lagervarer.dk /httpdocs/sites/all/themes/zen/images tab-right.png
109.01.24 19:17 B C:\Inetpub\wwwroot\lagervarer.dk\themes\zen\images\tab-secondary-bg.png --> ftp.lagervarer.dk /httpdocs/sites/all/themes/zen/images tab-secondary-bg.png
109.01.24 19:17 B C:\Inetpub\wwwroot\lagervarer.dk\themes\zen\images\tab-secondary.png --> ftp.lagervarer.dk /httpdocs/sites/all/themes/zen/images tab-secondary.png
109.01.24 19:17 B C:\Inetpub\wwwroot\lagervarer.dk\themes\zen\images\tabs.psd --> ftp.lagervarer.dk /httpdocs/sites/all/themes/zen/images tabs.psd
109.01.25 04:40 B C:\Inetpub\wwwroot\lagervarer.dk\themes\zen\images\messages-error.png --> ftp.lagervarer.dk /httpdocs/sites/all/themes/zenlager/images messages-error.png
109.01.25 04:40 B C:\Inetpub\wwwroot\lagervarer.dk\themes\zen\images\messages-status.png --> ftp.lagervarer.dk /httpdocs/sites/all/themes/zenlager/images messages-status.png
109.01.25 04:40 B C:\Inetpub\wwwroot\lagervarer.dk\themes\zen\images\messages-warning.png --> ftp.lagervarer.dk /httpdocs/sites/all/themes/zenlager/images messages-warning.png
109.01.25 04:40 B C:\Inetpub\wwwroot\lagervarer.dk\themes\zen\images\tab-bar.png --> ftp.lagervarer.dk /httpdocs/sites/all/themes/zenlager/images tab-bar.png
109.01.25 04:40 B C:\Inetpub\wwwroot\lagervarer.dk\themes\zen\images\tab-left-ie6.png --> ftp.lagervarer.dk /httpdocs/sites/all/themes/zenlager/images tab-left-ie6.png
109.01.25 04:40 B C:\Inetpub\wwwroot\lagervarer.dk\themes\zen\images\tab-left.png --> ftp.lagervarer.dk /httpdocs/sites/all/themes/zenlager/images tab-left.png
109.01.25 04:40 B C:\Inetpub\wwwroot\lagervarer.dk\themes\zen\images\tab-right-ie6.png --> ftp.lagervarer.dk /httpdocs/sites/all/themes/zenlager/images tab-right-ie6.png
109.01.25 04:40 B C:\Inetpub\wwwroot\lagervarer.dk\themes\zen\images\tab-right.png --> ftp.lagervarer.dk /httpdocs/sites/all/themes/zenlager/images tab-right.png
109.01.25 04:40 B C:\Inetpub\wwwroot\lagervarer.dk\themes\zen\images\tab-secondary-bg.png --> ftp.lagervarer.dk /httpdocs/sites/all/themes/zenlager/images tab-secondary-bg.png
109.01.25 04:40 B C:\Inetpub\wwwroot\lagervarer.dk\themes\zen\images\tab-secondary.png --> ftp.lagervarer.dk /httpdocs/sites/all/themes/zenlager/images tab-secondary.png
109.01.25 04:40 B C:\Inetpub\wwwroot\lagervarer.dk\themes\zen\images\tabs.psd --> ftp.lagervarer.dk /httpdocs/sites/all/themes/zenlager/images tabs.psd
