109.02.17 14:19 B C:\Inetpub\wwwroot\lagervarer.dk\sites\all\modules\ubercart\uc_taxes\uc_taxes.admin.inc --> ftp.lagervarer.dk /httpdocs/sites/all/modules/ubercart/uc_taxes uc_taxes.admin.inc
109.02.17 14:19 B C:\Inetpub\wwwroot\lagervarer.dk\sites\all\modules\ubercart\uc_taxes\uc_taxes.ca.inc --> ftp.lagervarer.dk /httpdocs/sites/all/modules/ubercart/uc_taxes uc_taxes.ca.inc
109.02.17 14:19 B C:\Inetpub\wwwroot\lagervarer.dk\sites\all\modules\ubercart\uc_taxes\uc_taxes.info --> ftp.lagervarer.dk /httpdocs/sites/all/modules/ubercart/uc_taxes uc_taxes.info
109.02.17 14:19 B C:\Inetpub\wwwroot\lagervarer.dk\sites\all\modules\ubercart\uc_taxes\uc_taxes.install --> ftp.lagervarer.dk /httpdocs/sites/all/modules/ubercart/uc_taxes uc_taxes.install
109.02.17 14:19 B C:\Inetpub\wwwroot\lagervarer.dk\sites\all\modules\ubercart\uc_taxes\uc_taxes.js --> ftp.lagervarer.dk /httpdocs/sites/all/modules/ubercart/uc_taxes uc_taxes.js
109.02.17 14:19 B C:\Inetpub\wwwroot\lagervarer.dk\sites\all\modules\ubercart\uc_taxes\uc_taxes.module --> ftp.lagervarer.dk /httpdocs/sites/all/modules/ubercart/uc_taxes uc_taxes.module
109.03.24 03:31 B C:\Inetpub\wwwroot\lagervarer.dk\sites\all\modules\ubercart\uc_taxes\uc_taxes.admin.inc --> ftp.lagervarer.dk /httpdocs/sites/all/modules/ubercart/uc_taxes uc_taxes.admin.inc
109.03.24 03:31 B C:\Inetpub\wwwroot\lagervarer.dk\sites\all\modules\ubercart\uc_taxes\uc_taxes.ca.inc --> ftp.lagervarer.dk /httpdocs/sites/all/modules/ubercart/uc_taxes uc_taxes.ca.inc
109.03.24 03:31 B C:\Inetpub\wwwroot\lagervarer.dk\sites\all\modules\ubercart\uc_taxes\uc_taxes.info --> ftp.lagervarer.dk /httpdocs/sites/all/modules/ubercart/uc_taxes uc_taxes.info
109.03.24 03:31 B C:\Inetpub\wwwroot\lagervarer.dk\sites\all\modules\ubercart\uc_taxes\uc_taxes.install --> ftp.lagervarer.dk /httpdocs/sites/all/modules/ubercart/uc_taxes uc_taxes.install
109.03.24 03:31 B C:\Inetpub\wwwroot\lagervarer.dk\sites\all\modules\ubercart\uc_taxes\uc_taxes.js --> ftp.lagervarer.dk /httpdocs/sites/all/modules/ubercart/uc_taxes uc_taxes.js
109.03.24 03:31 B C:\Inetpub\wwwroot\lagervarer.dk\sites\all\modules\ubercart\uc_taxes\uc_taxes.module --> ftp.lagervarer.dk /httpdocs/sites/all/modules/ubercart/uc_taxes uc_taxes.module
109.03.24 03:31 B C:\Inetpub\wwwroot\lagervarer.dk\sites\all\modules\ubercart\uc_taxes\WS_FTP.LOG --> ftp.lagervarer.dk /httpdocs/sites/all/modules/ubercart/uc_taxes WS_FTP.LOG
109.04.06 21:57 B C:\Inetpub\wwwroot\lagervarer.dk\sites\all\modules\ubercart\uc_taxes\uc_taxes.ca.inc --> ftp.lagervarer.dk /httpdocs/sites/all/modules/ubercart/uc_taxes uc_taxes.ca.inc
109.04.06 22:02 B C:\Inetpub\wwwroot\lagervarer.dk\sites\all\modules\ubercart\uc_taxes\uc_taxes.ca.inc --> ftp.lagervarer.dk /httpdocs/sites/all/modules/ubercart/uc_taxes uc_taxes.ca.inc
109.04.06 22:03 B C:\Inetpub\wwwroot\lagervarer.dk\sites\all\modules\ubercart\uc_taxes\uc_taxes.ca.inc --> ftp.lagervarer.dk /httpdocs/sites/all/modules/ubercart/uc_taxes uc_taxes.ca.inc
109.04.06 22:06 B C:\Inetpub\wwwroot\lagervarer.dk\sites\all\modules\ubercart\uc_taxes\uc_taxes.ca.inc --> ftp.lagervarer.dk /httpdocs/sites/all/modules/ubercart/uc_taxes uc_taxes.ca.inc
109.04.06 22:15 B C:\Inetpub\wwwroot\lagervarer.dk\sites\all\modules\ubercart\uc_taxes\uc_taxes.module --> ftp.lagervarer.dk /httpdocs/sites/all/modules/ubercart/uc_taxes uc_taxes.module
109.04.06 22:16 B C:\Inetpub\wwwroot\lagervarer.dk\sites\all\modules\ubercart\uc_taxes\uc_taxes.module --> ftp.lagervarer.dk /httpdocs/sites/all/modules/ubercart/uc_taxes uc_taxes.module
109.04.06 22:16 B C:\Inetpub\wwwroot\lagervarer.dk\sites\all\modules\ubercart\uc_taxes\uc_taxes.module --> ftp.lagervarer.dk /httpdocs/sites/all/modules/ubercart/uc_taxes uc_taxes.module
109.04.06 22:17 B C:\Inetpub\wwwroot\lagervarer.dk\sites\all\modules\ubercart\uc_taxes\uc_taxes.module --> ftp.lagervarer.dk /httpdocs/sites/all/modules/ubercart/uc_taxes uc_taxes.module
109.04.06 22:17 B C:\Inetpub\wwwroot\lagervarer.dk\sites\all\modules\ubercart\uc_taxes\uc_taxes.module --> ftp.lagervarer.dk /httpdocs/sites/all/modules/ubercart/uc_taxes uc_taxes.module
109.04.06 22:18 B C:\Inetpub\wwwroot\lagervarer.dk\sites\all\modules\ubercart\uc_taxes\uc_taxes.module --> ftp.lagervarer.dk /httpdocs/sites/all/modules/ubercart/uc_taxes uc_taxes.module
109.04.06 22:31 B C:\Inetpub\wwwroot\lagervarer.dk\sites\all\modules\ubercart\uc_taxes\uc_taxes.module --> ftp.lagervarer.dk /httpdocs/sites/all/modules/ubercart/uc_taxes uc_taxes.module
109.04.06 22:31 B C:\Inetpub\wwwroot\lagervarer.dk\sites\all\modules\ubercart\uc_taxes\uc_taxes.ca.inc --> ftp.lagervarer.dk /httpdocs/sites/all/modules/ubercart/uc_taxes uc_taxes.ca.inc
109.04.06 22:32 B C:\Inetpub\wwwroot\lagervarer.dk\sites\all\modules\ubercart\uc_taxes\uc_taxes.module --> ftp.lagervarer.dk /httpdocs/sites/all/modules/ubercart/uc_taxes uc_taxes.module
109.04.07 02:57 B C:\Inetpub\wwwroot\lagervarer.dk\sites\all\modules\ubercart\uc_taxes\uc_taxes.module --> ftp.lagervarer.dk /httpdocs/sites/all/modules/ubercart/uc_taxes uc_taxes.module
109.04.07 03:00 B C:\Inetpub\wwwroot\lagervarer.dk\sites\all\modules\ubercart\uc_taxes\uc_taxes.module --> ftp.lagervarer.dk /httpdocs/sites/all/modules/ubercart/uc_taxes uc_taxes.module
109.04.07 03:20 B C:\Inetpub\wwwroot\lagervarer.dk\sites\all\modules\ubercart\uc_taxes\uc_taxes.module --> ftp.lagervarer.dk /httpdocs/sites/all/modules/ubercart/uc_taxes uc_taxes.module
109.04.07 03:21 B C:\Inetpub\wwwroot\lagervarer.dk\sites\all\modules\ubercart\uc_taxes\uc_taxes.module --> ftp.lagervarer.dk /httpdocs/sites/all/modules/ubercart/uc_taxes uc_taxes.module
109.04.07 03:21 B C:\Inetpub\wwwroot\lagervarer.dk\sites\all\modules\ubercart\uc_taxes\uc_taxes.module --> ftp.lagervarer.dk /httpdocs/sites/all/modules/ubercart/uc_taxes uc_taxes.module
109.04.07 03:22 B C:\Inetpub\wwwroot\lagervarer.dk\sites\all\modules\ubercart\uc_taxes\uc_taxes.module --> ftp.lagervarer.dk /httpdocs/sites/all/modules/ubercart/uc_taxes uc_taxes.module
109.04.07 03:25 B C:\Inetpub\wwwroot\lagervarer.dk\sites\all\modules\ubercart\uc_taxes\uc_taxes.module --> ftp.lagervarer.dk /httpdocs/sites/all/modules/ubercart/uc_taxes uc_taxes.module
109.04.07 03:27 B C:\Inetpub\wwwroot\lagervarer.dk\sites\all\modules\ubercart\uc_taxes\uc_taxes.module --> ftp.lagervarer.dk /httpdocs/sites/all/modules/ubercart/uc_taxes uc_taxes.module
109.04.07 04:01 B C:\Inetpub\wwwroot\lagervarer.dk\sites\all\modules\ubercart\uc_taxes\uc_taxes.module --> ftp.lagervarer.dk /httpdocs/sites/all/modules/ubercart/uc_taxes uc_taxes.module
109.04.07 04:03 B C:\Inetpub\wwwroot\lagervarer.dk\sites\all\modules\ubercart\uc_taxes\uc_taxes.module --> ftp.lagervarer.dk /httpdocs/sites/all/modules/ubercart/uc_taxes uc_taxes.module
109.04.07 04:05 B C:\Inetpub\wwwroot\lagervarer.dk\sites\all\modules\ubercart\uc_taxes\uc_taxes.module --> ftp.lagervarer.dk /httpdocs/sites/all/modules/ubercart/uc_taxes uc_taxes.module
109.04.07 04:09 B C:\Inetpub\wwwroot\lagervarer.dk\sites\all\modules\ubercart\uc_taxes\uc_taxes.module --> ftp.lagervarer.dk /httpdocs/sites/all/modules/ubercart/uc_taxes uc_taxes.module
109.04.07 04:13 B C:\Inetpub\wwwroot\lagervarer.dk\sites\all\modules\ubercart\uc_taxes\uc_taxes.module --> ftp.lagervarer.dk /httpdocs/sites/all/modules/ubercart/uc_taxes uc_taxes.module
109.04.07 04:40 B C:\Inetpub\wwwroot\lagervarer.dk\sites\all\modules\ubercart\uc_taxes\uc_taxes.module --> ftp.lagervarer.dk /httpdocs/sites/all/modules/ubercart/uc_taxes uc_taxes.module
109.04.07 04:41 B C:\Inetpub\wwwroot\lagervarer.dk\sites\all\modules\ubercart\uc_taxes\uc_taxes.module --> ftp.lagervarer.dk /httpdocs/sites/all/modules/ubercart/uc_taxes uc_taxes.module
109.04.09 13:25 B C:\Inetpub\wwwroot\lagervarer.dk\sites\all\modules\ubercart\uc_taxes\uc_taxes.admin.inc --> ftp.lagervarer.dk /httpdocs/sites/all/modules/ubercart/uc_taxes uc_taxes.admin.inc
109.04.09 13:25 B C:\Inetpub\wwwroot\lagervarer.dk\sites\all\modules\ubercart\uc_taxes\uc_taxes.bak --> ftp.lagervarer.dk /httpdocs/sites/all/modules/ubercart/uc_taxes uc_taxes.bak
109.04.09 13:25 B C:\Inetpub\wwwroot\lagervarer.dk\sites\all\modules\ubercart\uc_taxes\uc_taxes.ca.inc --> ftp.lagervarer.dk /httpdocs/sites/all/modules/ubercart/uc_taxes uc_taxes.ca.inc
109.04.09 13:25 B C:\Inetpub\wwwroot\lagervarer.dk\sites\all\modules\ubercart\uc_taxes\uc_taxes.info --> ftp.lagervarer.dk /httpdocs/sites/all/modules/ubercart/uc_taxes uc_taxes.info
109.04.09 13:25 B C:\Inetpub\wwwroot\lagervarer.dk\sites\all\modules\ubercart\uc_taxes\uc_taxes.install --> ftp.lagervarer.dk /httpdocs/sites/all/modules/ubercart/uc_taxes uc_taxes.install
109.04.09 13:25 B C:\Inetpub\wwwroot\lagervarer.dk\sites\all\modules\ubercart\uc_taxes\uc_taxes.js --> ftp.lagervarer.dk /httpdocs/sites/all/modules/ubercart/uc_taxes uc_taxes.js
109.04.09 13:25 B C:\Inetpub\wwwroot\lagervarer.dk\sites\all\modules\ubercart\uc_taxes\uc_taxes.module --> ftp.lagervarer.dk /httpdocs/sites/all/modules/ubercart/uc_taxes uc_taxes.module
