109.01.20 03:22 B D:\Resurser\Programmer\Drupal 6.9\drupal-6.9\modules\aggregator\aggregator-feed-source.tpl.php --> lagervarer.dk /htdocs/modules/aggregator aggregator-feed-source.tpl.php
109.01.20 03:22 B D:\Resurser\Programmer\Drupal 6.9\drupal-6.9\modules\aggregator\aggregator-item.tpl.php --> lagervarer.dk /htdocs/modules/aggregator aggregator-item.tpl.php
109.01.20 03:22 B D:\Resurser\Programmer\Drupal 6.9\drupal-6.9\modules\aggregator\aggregator-rtl.css --> lagervarer.dk /htdocs/modules/aggregator aggregator-rtl.css
109.01.20 03:22 B D:\Resurser\Programmer\Drupal 6.9\drupal-6.9\modules\aggregator\aggregator-summary-item.tpl.php --> lagervarer.dk /htdocs/modules/aggregator aggregator-summary-item.tpl.php
109.01.20 03:22 B D:\Resurser\Programmer\Drupal 6.9\drupal-6.9\modules\aggregator\aggregator-summary-items.tpl.php --> lagervarer.dk /htdocs/modules/aggregator aggregator-summary-items.tpl.php
109.01.20 03:22 B D:\Resurser\Programmer\Drupal 6.9\drupal-6.9\modules\aggregator\aggregator-wrapper.tpl.php --> lagervarer.dk /htdocs/modules/aggregator aggregator-wrapper.tpl.php
109.01.20 03:22 B D:\Resurser\Programmer\Drupal 6.9\drupal-6.9\modules\aggregator\aggregator.admin.inc --> lagervarer.dk /htdocs/modules/aggregator aggregator.admin.inc
109.01.20 03:22 B D:\Resurser\Programmer\Drupal 6.9\drupal-6.9\modules\aggregator\aggregator.css --> lagervarer.dk /htdocs/modules/aggregator aggregator.css
109.01.20 03:22 B D:\Resurser\Programmer\Drupal 6.9\drupal-6.9\modules\aggregator\aggregator.info --> lagervarer.dk /htdocs/modules/aggregator aggregator.info
109.01.20 03:22 B D:\Resurser\Programmer\Drupal 6.9\drupal-6.9\modules\aggregator\aggregator.install --> lagervarer.dk /htdocs/modules/aggregator aggregator.install
109.01.20 03:22 B D:\Resurser\Programmer\Drupal 6.9\drupal-6.9\modules\aggregator\aggregator.module --> lagervarer.dk /htdocs/modules/aggregator aggregator.module
109.01.20 03:22 B D:\Resurser\Programmer\Drupal 6.9\drupal-6.9\modules\aggregator\aggregator.pages.inc --> lagervarer.dk /htdocs/modules/aggregator aggregator.pages.inc
109.01.24 16:23 B D:\Resurser\Programmer\Drupal 6.9\drupal-6.9\modules\aggregator\aggregator-feed-source.tpl.php --> ftp.lagervarer.dk /httpdocs/modules/aggregator aggregator-feed-source.tpl.php
109.01.24 16:23 B D:\Resurser\Programmer\Drupal 6.9\drupal-6.9\modules\aggregator\aggregator-item.tpl.php --> ftp.lagervarer.dk /httpdocs/modules/aggregator aggregator-item.tpl.php
109.01.24 16:23 B D:\Resurser\Programmer\Drupal 6.9\drupal-6.9\modules\aggregator\aggregator-rtl.css --> ftp.lagervarer.dk /httpdocs/modules/aggregator aggregator-rtl.css
109.01.24 16:23 B D:\Resurser\Programmer\Drupal 6.9\drupal-6.9\modules\aggregator\aggregator-summary-item.tpl.php --> ftp.lagervarer.dk /httpdocs/modules/aggregator aggregator-summary-item.tpl.php
109.01.24 16:23 B D:\Resurser\Programmer\Drupal 6.9\drupal-6.9\modules\aggregator\aggregator-summary-items.tpl.php --> ftp.lagervarer.dk /httpdocs/modules/aggregator aggregator-summary-items.tpl.php
109.01.24 16:23 B D:\Resurser\Programmer\Drupal 6.9\drupal-6.9\modules\aggregator\aggregator-wrapper.tpl.php --> ftp.lagervarer.dk /httpdocs/modules/aggregator aggregator-wrapper.tpl.php
109.01.24 16:23 B D:\Resurser\Programmer\Drupal 6.9\drupal-6.9\modules\aggregator\aggregator.admin.inc --> ftp.lagervarer.dk /httpdocs/modules/aggregator aggregator.admin.inc
109.01.24 16:23 B D:\Resurser\Programmer\Drupal 6.9\drupal-6.9\modules\aggregator\aggregator.css --> ftp.lagervarer.dk /httpdocs/modules/aggregator aggregator.css
109.01.24 16:23 B D:\Resurser\Programmer\Drupal 6.9\drupal-6.9\modules\aggregator\aggregator.info --> ftp.lagervarer.dk /httpdocs/modules/aggregator aggregator.info
109.01.24 16:23 B D:\Resurser\Programmer\Drupal 6.9\drupal-6.9\modules\aggregator\aggregator.install --> ftp.lagervarer.dk /httpdocs/modules/aggregator aggregator.install
109.01.24 16:23 B D:\Resurser\Programmer\Drupal 6.9\drupal-6.9\modules\aggregator\aggregator.module --> ftp.lagervarer.dk /httpdocs/modules/aggregator aggregator.module
109.01.24 16:23 B D:\Resurser\Programmer\Drupal 6.9\drupal-6.9\modules\aggregator\aggregator.pages.inc --> ftp.lagervarer.dk /httpdocs/modules/aggregator aggregator.pages.inc
111.11.20 19:17 B C:\wwwroot\lagervarer.dk-download\modules\aggregator\WS_FTP.LOG <-- Lagervarer.dk /httpdocs/modules/aggregator WS_FTP.LOG
