109.01.20 03:23 B D:\Resurser\Programmer\Drupal 6.9\drupal-6.9\modules\user\user-picture.tpl.php --> lagervarer.dk /htdocs/modules/user user-picture.tpl.php
109.01.20 03:23 B D:\Resurser\Programmer\Drupal 6.9\drupal-6.9\modules\user\user-profile-category.tpl.php --> lagervarer.dk /htdocs/modules/user user-profile-category.tpl.php
109.01.20 03:23 B D:\Resurser\Programmer\Drupal 6.9\drupal-6.9\modules\user\user-profile-item.tpl.php --> lagervarer.dk /htdocs/modules/user user-profile-item.tpl.php
109.01.20 03:23 B D:\Resurser\Programmer\Drupal 6.9\drupal-6.9\modules\user\user-profile.tpl.php --> lagervarer.dk /htdocs/modules/user user-profile.tpl.php
109.01.20 03:23 B D:\Resurser\Programmer\Drupal 6.9\drupal-6.9\modules\user\user-rtl.css --> lagervarer.dk /htdocs/modules/user user-rtl.css
109.01.20 03:23 B D:\Resurser\Programmer\Drupal 6.9\drupal-6.9\modules\user\user.admin.inc --> lagervarer.dk /htdocs/modules/user user.admin.inc
109.01.20 03:23 B D:\Resurser\Programmer\Drupal 6.9\drupal-6.9\modules\user\user.css --> lagervarer.dk /htdocs/modules/user user.css
109.01.20 03:23 B D:\Resurser\Programmer\Drupal 6.9\drupal-6.9\modules\user\user.info --> lagervarer.dk /htdocs/modules/user user.info
109.01.20 03:23 B D:\Resurser\Programmer\Drupal 6.9\drupal-6.9\modules\user\user.install --> lagervarer.dk /htdocs/modules/user user.install
109.01.20 03:23 B D:\Resurser\Programmer\Drupal 6.9\drupal-6.9\modules\user\user.js --> lagervarer.dk /htdocs/modules/user user.js
109.01.20 03:23 B D:\Resurser\Programmer\Drupal 6.9\drupal-6.9\modules\user\user.module --> lagervarer.dk /htdocs/modules/user user.module
109.01.20 03:23 B D:\Resurser\Programmer\Drupal 6.9\drupal-6.9\modules\user\user.pages.inc --> lagervarer.dk /htdocs/modules/user user.pages.inc
109.01.24 16:23 B D:\Resurser\Programmer\Drupal 6.9\drupal-6.9\modules\user\user-picture.tpl.php --> ftp.lagervarer.dk /httpdocs/modules/user user-picture.tpl.php
109.01.24 16:23 B D:\Resurser\Programmer\Drupal 6.9\drupal-6.9\modules\user\user-profile-category.tpl.php --> ftp.lagervarer.dk /httpdocs/modules/user user-profile-category.tpl.php
109.01.24 16:23 B D:\Resurser\Programmer\Drupal 6.9\drupal-6.9\modules\user\user-profile-item.tpl.php --> ftp.lagervarer.dk /httpdocs/modules/user user-profile-item.tpl.php
109.01.24 16:23 B D:\Resurser\Programmer\Drupal 6.9\drupal-6.9\modules\user\user-profile.tpl.php --> ftp.lagervarer.dk /httpdocs/modules/user user-profile.tpl.php
109.01.24 16:23 B D:\Resurser\Programmer\Drupal 6.9\drupal-6.9\modules\user\user-rtl.css --> ftp.lagervarer.dk /httpdocs/modules/user user-rtl.css
109.01.24 16:23 B D:\Resurser\Programmer\Drupal 6.9\drupal-6.9\modules\user\user.admin.inc --> ftp.lagervarer.dk /httpdocs/modules/user user.admin.inc
109.01.24 16:23 B D:\Resurser\Programmer\Drupal 6.9\drupal-6.9\modules\user\user.css --> ftp.lagervarer.dk /httpdocs/modules/user user.css
109.01.24 16:23 B D:\Resurser\Programmer\Drupal 6.9\drupal-6.9\modules\user\user.info --> ftp.lagervarer.dk /httpdocs/modules/user user.info
109.01.24 16:23 B D:\Resurser\Programmer\Drupal 6.9\drupal-6.9\modules\user\user.install --> ftp.lagervarer.dk /httpdocs/modules/user user.install
109.01.24 16:23 B D:\Resurser\Programmer\Drupal 6.9\drupal-6.9\modules\user\user.js --> ftp.lagervarer.dk /httpdocs/modules/user user.js
109.01.24 16:23 B D:\Resurser\Programmer\Drupal 6.9\drupal-6.9\modules\user\user.module --> ftp.lagervarer.dk /httpdocs/modules/user user.module
109.01.24 16:23 B D:\Resurser\Programmer\Drupal 6.9\drupal-6.9\modules\user\user.pages.inc --> ftp.lagervarer.dk /httpdocs/modules/user user.pages.inc
111.11.20 19:38 B C:\wwwroot\lagervarer.dk-download\modules\user\WS_FTP.LOG <-- Lagervarer.dk /httpdocs/modules/user WS_FTP.LOG
