109.02.17 14:18 B C:\Inetpub\wwwroot\lagervarer.dk\sites\all\modules\ubercart\uc_cart\uc_cart.admin.inc --> ftp.lagervarer.dk /httpdocs/sites/all/modules/ubercart/uc_cart uc_cart.admin.inc
109.02.17 14:18 B C:\Inetpub\wwwroot\lagervarer.dk\sites\all\modules\ubercart\uc_cart\uc_cart.ca.inc --> ftp.lagervarer.dk /httpdocs/sites/all/modules/ubercart/uc_cart uc_cart.ca.inc
109.02.17 14:18 B C:\Inetpub\wwwroot\lagervarer.dk\sites\all\modules\ubercart\uc_cart\uc_cart.css --> ftp.lagervarer.dk /httpdocs/sites/all/modules/ubercart/uc_cart uc_cart.css
109.02.17 14:18 B C:\Inetpub\wwwroot\lagervarer.dk\sites\all\modules\ubercart\uc_cart\uc_cart.info --> ftp.lagervarer.dk /httpdocs/sites/all/modules/ubercart/uc_cart uc_cart.info
109.02.17 14:18 B C:\Inetpub\wwwroot\lagervarer.dk\sites\all\modules\ubercart\uc_cart\uc_cart.install --> ftp.lagervarer.dk /httpdocs/sites/all/modules/ubercart/uc_cart uc_cart.install
109.02.17 14:18 B C:\Inetpub\wwwroot\lagervarer.dk\sites\all\modules\ubercart\uc_cart\uc_cart.js --> ftp.lagervarer.dk /httpdocs/sites/all/modules/ubercart/uc_cart uc_cart.js
109.02.17 14:18 B C:\Inetpub\wwwroot\lagervarer.dk\sites\all\modules\ubercart\uc_cart\uc_cart.module --> ftp.lagervarer.dk /httpdocs/sites/all/modules/ubercart/uc_cart uc_cart.module
109.02.17 14:18 B C:\Inetpub\wwwroot\lagervarer.dk\sites\all\modules\ubercart\uc_cart\uc_cart.pages.inc --> ftp.lagervarer.dk /httpdocs/sites/all/modules/ubercart/uc_cart uc_cart.pages.inc
109.02.17 14:18 B C:\Inetpub\wwwroot\lagervarer.dk\sites\all\modules\ubercart\uc_cart\uc_cart_block.css --> ftp.lagervarer.dk /httpdocs/sites/all/modules/ubercart/uc_cart uc_cart_block.css
109.02.17 14:18 B C:\Inetpub\wwwroot\lagervarer.dk\sites\all\modules\ubercart\uc_cart\uc_cart_block.js --> ftp.lagervarer.dk /httpdocs/sites/all/modules/ubercart/uc_cart uc_cart_block.js
109.02.17 14:18 B C:\Inetpub\wwwroot\lagervarer.dk\sites\all\modules\ubercart\uc_cart\uc_cart_checkout_pane.inc --> ftp.lagervarer.dk /httpdocs/sites/all/modules/ubercart/uc_cart uc_cart_checkout_pane.inc
109.03.17 20:33 B C:\Inetpub\wwwroot\lagervarer.dk\sites\all\modules\ubercart\uc_cart\uc_cart.module --> ftp.lagervarer.dk /httpdocs/sites/all/modules/ubercart/uc_cart uc_cart.module
109.03.17 20:39 B C:\Inetpub\wwwroot\lagervarer.dk\sites\all\modules\ubercart\uc_cart\uc_cart.module --> ftp.lagervarer.dk /httpdocs/sites/all/modules/ubercart/uc_cart uc_cart.module
109.03.24 03:30 B C:\Inetpub\wwwroot\lagervarer.dk\sites\all\modules\ubercart\uc_cart\uc_cart.admin.inc --> ftp.lagervarer.dk /httpdocs/sites/all/modules/ubercart/uc_cart uc_cart.admin.inc
109.03.24 03:30 B C:\Inetpub\wwwroot\lagervarer.dk\sites\all\modules\ubercart\uc_cart\uc_cart.ca.inc --> ftp.lagervarer.dk /httpdocs/sites/all/modules/ubercart/uc_cart uc_cart.ca.inc
109.03.24 03:30 B C:\Inetpub\wwwroot\lagervarer.dk\sites\all\modules\ubercart\uc_cart\uc_cart.css --> ftp.lagervarer.dk /httpdocs/sites/all/modules/ubercart/uc_cart uc_cart.css
109.03.24 03:30 B C:\Inetpub\wwwroot\lagervarer.dk\sites\all\modules\ubercart\uc_cart\uc_cart.info --> ftp.lagervarer.dk /httpdocs/sites/all/modules/ubercart/uc_cart uc_cart.info
109.03.24 03:30 B C:\Inetpub\wwwroot\lagervarer.dk\sites\all\modules\ubercart\uc_cart\uc_cart.install --> ftp.lagervarer.dk /httpdocs/sites/all/modules/ubercart/uc_cart uc_cart.install
109.03.24 03:30 B C:\Inetpub\wwwroot\lagervarer.dk\sites\all\modules\ubercart\uc_cart\uc_cart.js --> ftp.lagervarer.dk /httpdocs/sites/all/modules/ubercart/uc_cart uc_cart.js
109.03.24 03:30 B C:\Inetpub\wwwroot\lagervarer.dk\sites\all\modules\ubercart\uc_cart\uc_cart.module --> ftp.lagervarer.dk /httpdocs/sites/all/modules/ubercart/uc_cart uc_cart.module
109.03.24 03:30 B C:\Inetpub\wwwroot\lagervarer.dk\sites\all\modules\ubercart\uc_cart\uc_cart.pages.inc --> ftp.lagervarer.dk /httpdocs/sites/all/modules/ubercart/uc_cart uc_cart.pages.inc
109.03.24 03:30 B C:\Inetpub\wwwroot\lagervarer.dk\sites\all\modules\ubercart\uc_cart\uc_cart_block.css --> ftp.lagervarer.dk /httpdocs/sites/all/modules/ubercart/uc_cart uc_cart_block.css
109.03.24 03:30 B C:\Inetpub\wwwroot\lagervarer.dk\sites\all\modules\ubercart\uc_cart\uc_cart_block.js --> ftp.lagervarer.dk /httpdocs/sites/all/modules/ubercart/uc_cart uc_cart_block.js
109.03.24 03:30 B C:\Inetpub\wwwroot\lagervarer.dk\sites\all\modules\ubercart\uc_cart\uc_cart_checkout_pane.inc --> ftp.lagervarer.dk /httpdocs/sites/all/modules/ubercart/uc_cart uc_cart_checkout_pane.inc
109.03.24 03:30 B C:\Inetpub\wwwroot\lagervarer.dk\sites\all\modules\ubercart\uc_cart\WS_FTP.LOG --> ftp.lagervarer.dk /httpdocs/sites/all/modules/ubercart/uc_cart WS_FTP.LOG
109.04.07 02:18 B C:\Inetpub\wwwroot\lagervarer.dk\sites\all\modules\ubercart\uc_cart\uc_cart.pages.inc --> ftp.lagervarer.dk /httpdocs/sites/all/modules/ubercart/uc_cart uc_cart.pages.inc
109.04.07 02:19 B C:\Inetpub\wwwroot\lagervarer.dk\sites\all\modules\ubercart\uc_cart\uc_cart.pages.inc --> ftp.lagervarer.dk /httpdocs/sites/all/modules/ubercart/uc_cart uc_cart.pages.inc
109.04.07 02:21 B C:\Inetpub\wwwroot\lagervarer.dk\sites\all\modules\ubercart\uc_cart\uc_cart.pages.inc --> ftp.lagervarer.dk /httpdocs/sites/all/modules/ubercart/uc_cart uc_cart.pages.inc
109.04.07 02:21 B C:\Inetpub\wwwroot\lagervarer.dk\sites\all\modules\ubercart\uc_cart\uc_cart.pages.inc --> ftp.lagervarer.dk /httpdocs/sites/all/modules/ubercart/uc_cart uc_cart.pages.inc
109.04.07 02:22 B C:\Inetpub\wwwroot\lagervarer.dk\sites\all\modules\ubercart\uc_cart\uc_cart.pages.inc --> ftp.lagervarer.dk /httpdocs/sites/all/modules/ubercart/uc_cart uc_cart.pages.inc
109.04.07 02:24 B C:\Inetpub\wwwroot\lagervarer.dk\sites\all\modules\ubercart\uc_cart\uc_cart.pages.inc --> ftp.lagervarer.dk /httpdocs/sites/all/modules/ubercart/uc_cart uc_cart.pages.inc
109.04.07 02:25 B C:\Inetpub\wwwroot\lagervarer.dk\sites\all\modules\ubercart\uc_cart\uc_cart.pages.inc --> ftp.lagervarer.dk /httpdocs/sites/all/modules/ubercart/uc_cart uc_cart.pages.inc
109.04.07 02:26 B C:\Inetpub\wwwroot\lagervarer.dk\sites\all\modules\ubercart\uc_cart\uc_cart.pages.inc --> ftp.lagervarer.dk /httpdocs/sites/all/modules/ubercart/uc_cart uc_cart.pages.inc
109.04.07 02:26 B C:\Inetpub\wwwroot\lagervarer.dk\sites\all\modules\ubercart\uc_cart\uc_cart.pages.inc --> ftp.lagervarer.dk /httpdocs/sites/all/modules/ubercart/uc_cart uc_cart.pages.inc
109.04.07 02:37 B C:\Inetpub\wwwroot\lagervarer.dk\sites\all\modules\ubercart\uc_cart\uc_cart.pages.inc --> ftp.lagervarer.dk /httpdocs/sites/all/modules/ubercart/uc_cart uc_cart.pages.inc
109.04.09 13:24 B C:\Inetpub\wwwroot\lagervarer.dk\sites\all\modules\ubercart\uc_cart\uc_cart.admin.inc --> ftp.lagervarer.dk /httpdocs/sites/all/modules/ubercart/uc_cart uc_cart.admin.inc
109.04.09 13:24 B C:\Inetpub\wwwroot\lagervarer.dk\sites\all\modules\ubercart\uc_cart\uc_cart.ca.inc --> ftp.lagervarer.dk /httpdocs/sites/all/modules/ubercart/uc_cart uc_cart.ca.inc
109.04.09 13:24 B C:\Inetpub\wwwroot\lagervarer.dk\sites\all\modules\ubercart\uc_cart\uc_cart.css --> ftp.lagervarer.dk /httpdocs/sites/all/modules/ubercart/uc_cart uc_cart.css
109.04.09 13:24 B C:\Inetpub\wwwroot\lagervarer.dk\sites\all\modules\ubercart\uc_cart\uc_cart.info --> ftp.lagervarer.dk /httpdocs/sites/all/modules/ubercart/uc_cart uc_cart.info
109.04.09 13:24 B C:\Inetpub\wwwroot\lagervarer.dk\sites\all\modules\ubercart\uc_cart\uc_cart.install --> ftp.lagervarer.dk /httpdocs/sites/all/modules/ubercart/uc_cart uc_cart.install
109.04.09 13:24 B C:\Inetpub\wwwroot\lagervarer.dk\sites\all\modules\ubercart\uc_cart\uc_cart.js --> ftp.lagervarer.dk /httpdocs/sites/all/modules/ubercart/uc_cart uc_cart.js
109.04.09 13:24 B C:\Inetpub\wwwroot\lagervarer.dk\sites\all\modules\ubercart\uc_cart\uc_cart.module --> ftp.lagervarer.dk /httpdocs/sites/all/modules/ubercart/uc_cart uc_cart.module
109.04.09 13:24 B C:\Inetpub\wwwroot\lagervarer.dk\sites\all\modules\ubercart\uc_cart\uc_cart.pages.inc --> ftp.lagervarer.dk /httpdocs/sites/all/modules/ubercart/uc_cart uc_cart.pages.inc
109.04.09 13:24 B C:\Inetpub\wwwroot\lagervarer.dk\sites\all\modules\ubercart\uc_cart\uc_cart_block.css --> ftp.lagervarer.dk /httpdocs/sites/all/modules/ubercart/uc_cart uc_cart_block.css
109.04.09 13:24 B C:\Inetpub\wwwroot\lagervarer.dk\sites\all\modules\ubercart\uc_cart\uc_cart_block.js --> ftp.lagervarer.dk /httpdocs/sites/all/modules/ubercart/uc_cart uc_cart_block.js
109.04.09 13:24 B C:\Inetpub\wwwroot\lagervarer.dk\sites\all\modules\ubercart\uc_cart\uc_cart_checkout_pane.inc --> ftp.lagervarer.dk /httpdocs/sites/all/modules/ubercart/uc_cart uc_cart_checkout_pane.inc
