109.02.17 14:18 B C:\Inetpub\wwwroot\lagervarer.dk\sites\all\modules\ubercart\payment\uc_payment\uc_payment.admin.inc --> ftp.lagervarer.dk /httpdocs/sites/all/modules/ubercart/payment/uc_payment uc_payment.admin.inc
109.02.17 14:18 B C:\Inetpub\wwwroot\lagervarer.dk\sites\all\modules\ubercart\payment\uc_payment\uc_payment.ca.inc --> ftp.lagervarer.dk /httpdocs/sites/all/modules/ubercart/payment/uc_payment uc_payment.ca.inc
109.02.17 14:18 B C:\Inetpub\wwwroot\lagervarer.dk\sites\all\modules\ubercart\payment\uc_payment\uc_payment.info --> ftp.lagervarer.dk /httpdocs/sites/all/modules/ubercart/payment/uc_payment uc_payment.info
109.02.17 14:18 B C:\Inetpub\wwwroot\lagervarer.dk\sites\all\modules\ubercart\payment\uc_payment\uc_payment.install --> ftp.lagervarer.dk /httpdocs/sites/all/modules/ubercart/payment/uc_payment uc_payment.install
109.02.17 14:18 B C:\Inetpub\wwwroot\lagervarer.dk\sites\all\modules\ubercart\payment\uc_payment\uc_payment.js --> ftp.lagervarer.dk /httpdocs/sites/all/modules/ubercart/payment/uc_payment uc_payment.js
109.02.17 14:18 B C:\Inetpub\wwwroot\lagervarer.dk\sites\all\modules\ubercart\payment\uc_payment\uc_payment.module --> ftp.lagervarer.dk /httpdocs/sites/all/modules/ubercart/payment/uc_payment uc_payment.module
109.02.17 14:18 B C:\Inetpub\wwwroot\lagervarer.dk\sites\all\modules\ubercart\payment\uc_payment\uc_payment_checkout_pane.inc --> ftp.lagervarer.dk /httpdocs/sites/all/modules/ubercart/payment/uc_payment uc_payment_checkout_pane.inc
109.02.17 14:18 B C:\Inetpub\wwwroot\lagervarer.dk\sites\all\modules\ubercart\payment\uc_payment\uc_payment_order_pane.inc --> ftp.lagervarer.dk /httpdocs/sites/all/modules/ubercart/payment/uc_payment uc_payment_order_pane.inc
109.03.24 03:30 B C:\Inetpub\wwwroot\lagervarer.dk\sites\all\modules\ubercart\payment\uc_payment\uc_payment.admin.inc --> ftp.lagervarer.dk /httpdocs/sites/all/modules/ubercart/payment/uc_payment uc_payment.admin.inc
109.03.24 03:30 B C:\Inetpub\wwwroot\lagervarer.dk\sites\all\modules\ubercart\payment\uc_payment\uc_payment.ca.inc --> ftp.lagervarer.dk /httpdocs/sites/all/modules/ubercart/payment/uc_payment uc_payment.ca.inc
109.03.24 03:30 B C:\Inetpub\wwwroot\lagervarer.dk\sites\all\modules\ubercart\payment\uc_payment\uc_payment.info --> ftp.lagervarer.dk /httpdocs/sites/all/modules/ubercart/payment/uc_payment uc_payment.info
109.03.24 03:30 B C:\Inetpub\wwwroot\lagervarer.dk\sites\all\modules\ubercart\payment\uc_payment\uc_payment.install --> ftp.lagervarer.dk /httpdocs/sites/all/modules/ubercart/payment/uc_payment uc_payment.install
109.03.24 03:30 B C:\Inetpub\wwwroot\lagervarer.dk\sites\all\modules\ubercart\payment\uc_payment\uc_payment.js --> ftp.lagervarer.dk /httpdocs/sites/all/modules/ubercart/payment/uc_payment uc_payment.js
109.03.24 03:30 B C:\Inetpub\wwwroot\lagervarer.dk\sites\all\modules\ubercart\payment\uc_payment\uc_payment.module --> ftp.lagervarer.dk /httpdocs/sites/all/modules/ubercart/payment/uc_payment uc_payment.module
109.03.24 03:30 B C:\Inetpub\wwwroot\lagervarer.dk\sites\all\modules\ubercart\payment\uc_payment\uc_payment_checkout_pane.inc --> ftp.lagervarer.dk /httpdocs/sites/all/modules/ubercart/payment/uc_payment uc_payment_checkout_pane.inc
109.03.24 03:30 B C:\Inetpub\wwwroot\lagervarer.dk\sites\all\modules\ubercart\payment\uc_payment\uc_payment_order_pane.inc --> ftp.lagervarer.dk /httpdocs/sites/all/modules/ubercart/payment/uc_payment uc_payment_order_pane.inc
109.03.24 03:30 B C:\Inetpub\wwwroot\lagervarer.dk\sites\all\modules\ubercart\payment\uc_payment\WS_FTP.LOG --> ftp.lagervarer.dk /httpdocs/sites/all/modules/ubercart/payment/uc_payment WS_FTP.LOG
109.04.09 13:24 B C:\Inetpub\wwwroot\lagervarer.dk\sites\all\modules\ubercart\payment\uc_payment\uc_payment.admin.inc --> ftp.lagervarer.dk /httpdocs/sites/all/modules/ubercart/payment/uc_payment uc_payment.admin.inc
109.04.09 13:24 B C:\Inetpub\wwwroot\lagervarer.dk\sites\all\modules\ubercart\payment\uc_payment\uc_payment.ca.inc --> ftp.lagervarer.dk /httpdocs/sites/all/modules/ubercart/payment/uc_payment uc_payment.ca.inc
109.04.09 13:24 B C:\Inetpub\wwwroot\lagervarer.dk\sites\all\modules\ubercart\payment\uc_payment\uc_payment.info --> ftp.lagervarer.dk /httpdocs/sites/all/modules/ubercart/payment/uc_payment uc_payment.info
109.04.09 13:24 B C:\Inetpub\wwwroot\lagervarer.dk\sites\all\modules\ubercart\payment\uc_payment\uc_payment.install --> ftp.lagervarer.dk /httpdocs/sites/all/modules/ubercart/payment/uc_payment uc_payment.install
109.04.09 13:24 B C:\Inetpub\wwwroot\lagervarer.dk\sites\all\modules\ubercart\payment\uc_payment\uc_payment.js --> ftp.lagervarer.dk /httpdocs/sites/all/modules/ubercart/payment/uc_payment uc_payment.js
109.04.09 13:24 B C:\Inetpub\wwwroot\lagervarer.dk\sites\all\modules\ubercart\payment\uc_payment\uc_payment.module --> ftp.lagervarer.dk /httpdocs/sites/all/modules/ubercart/payment/uc_payment uc_payment.module
109.04.09 13:24 B C:\Inetpub\wwwroot\lagervarer.dk\sites\all\modules\ubercart\payment\uc_payment\uc_payment_checkout_pane.inc --> ftp.lagervarer.dk /httpdocs/sites/all/modules/ubercart/payment/uc_payment uc_payment_checkout_pane.inc
109.04.09 13:24 B C:\Inetpub\wwwroot\lagervarer.dk\sites\all\modules\ubercart\payment\uc_payment\uc_payment_order_pane.inc --> ftp.lagervarer.dk /httpdocs/sites/all/modules/ubercart/payment/uc_payment uc_payment_order_pane.inc
