109.01.20 03:23 B D:\Resurser\Programmer\Drupal 6.9\drupal-6.9\modules\poll\poll-bar-block.tpl.php --> lagervarer.dk /htdocs/modules/poll poll-bar-block.tpl.php
109.01.20 03:23 B D:\Resurser\Programmer\Drupal 6.9\drupal-6.9\modules\poll\poll-bar.tpl.php --> lagervarer.dk /htdocs/modules/poll poll-bar.tpl.php
109.01.20 03:23 B D:\Resurser\Programmer\Drupal 6.9\drupal-6.9\modules\poll\poll-results-block.tpl.php --> lagervarer.dk /htdocs/modules/poll poll-results-block.tpl.php
109.01.20 03:23 B D:\Resurser\Programmer\Drupal 6.9\drupal-6.9\modules\poll\poll-results.tpl.php --> lagervarer.dk /htdocs/modules/poll poll-results.tpl.php
109.01.20 03:23 B D:\Resurser\Programmer\Drupal 6.9\drupal-6.9\modules\poll\poll-rtl.css --> lagervarer.dk /htdocs/modules/poll poll-rtl.css
109.01.20 03:23 B D:\Resurser\Programmer\Drupal 6.9\drupal-6.9\modules\poll\poll-vote.tpl.php --> lagervarer.dk /htdocs/modules/poll poll-vote.tpl.php
109.01.20 03:23 B D:\Resurser\Programmer\Drupal 6.9\drupal-6.9\modules\poll\poll.css --> lagervarer.dk /htdocs/modules/poll poll.css
109.01.20 03:23 B D:\Resurser\Programmer\Drupal 6.9\drupal-6.9\modules\poll\poll.info --> lagervarer.dk /htdocs/modules/poll poll.info
109.01.20 03:23 B D:\Resurser\Programmer\Drupal 6.9\drupal-6.9\modules\poll\poll.install --> lagervarer.dk /htdocs/modules/poll poll.install
109.01.20 03:23 B D:\Resurser\Programmer\Drupal 6.9\drupal-6.9\modules\poll\poll.module --> lagervarer.dk /htdocs/modules/poll poll.module
109.01.20 03:23 B D:\Resurser\Programmer\Drupal 6.9\drupal-6.9\modules\poll\poll.pages.inc --> lagervarer.dk /htdocs/modules/poll poll.pages.inc
109.01.24 16:23 B D:\Resurser\Programmer\Drupal 6.9\drupal-6.9\modules\poll\poll-bar-block.tpl.php --> ftp.lagervarer.dk /httpdocs/modules/poll poll-bar-block.tpl.php
109.01.24 16:23 B D:\Resurser\Programmer\Drupal 6.9\drupal-6.9\modules\poll\poll-bar.tpl.php --> ftp.lagervarer.dk /httpdocs/modules/poll poll-bar.tpl.php
109.01.24 16:23 B D:\Resurser\Programmer\Drupal 6.9\drupal-6.9\modules\poll\poll-results-block.tpl.php --> ftp.lagervarer.dk /httpdocs/modules/poll poll-results-block.tpl.php
109.01.24 16:23 B D:\Resurser\Programmer\Drupal 6.9\drupal-6.9\modules\poll\poll-results.tpl.php --> ftp.lagervarer.dk /httpdocs/modules/poll poll-results.tpl.php
109.01.24 16:23 B D:\Resurser\Programmer\Drupal 6.9\drupal-6.9\modules\poll\poll-rtl.css --> ftp.lagervarer.dk /httpdocs/modules/poll poll-rtl.css
109.01.24 16:23 B D:\Resurser\Programmer\Drupal 6.9\drupal-6.9\modules\poll\poll-vote.tpl.php --> ftp.lagervarer.dk /httpdocs/modules/poll poll-vote.tpl.php
109.01.24 16:23 B D:\Resurser\Programmer\Drupal 6.9\drupal-6.9\modules\poll\poll.css --> ftp.lagervarer.dk /httpdocs/modules/poll poll.css
109.01.24 16:23 B D:\Resurser\Programmer\Drupal 6.9\drupal-6.9\modules\poll\poll.info --> ftp.lagervarer.dk /httpdocs/modules/poll poll.info
109.01.24 16:23 B D:\Resurser\Programmer\Drupal 6.9\drupal-6.9\modules\poll\poll.install --> ftp.lagervarer.dk /httpdocs/modules/poll poll.install
109.01.24 16:23 B D:\Resurser\Programmer\Drupal 6.9\drupal-6.9\modules\poll\poll.module --> ftp.lagervarer.dk /httpdocs/modules/poll poll.module
109.01.24 16:23 B D:\Resurser\Programmer\Drupal 6.9\drupal-6.9\modules\poll\poll.pages.inc --> ftp.lagervarer.dk /httpdocs/modules/poll poll.pages.inc
111.11.20 19:28 B C:\wwwroot\lagervarer.dk-download\modules\poll\WS_FTP.LOG <-- Lagervarer.dk /httpdocs/modules/poll WS_FTP.LOG
