109.01.20 03:23 B D:\Resurser\Programmer\Drupal 6.9\drupal-6.9\modules\profile\profile-block.tpl.php --> lagervarer.dk /htdocs/modules/profile profile-block.tpl.php
109.01.20 03:23 B D:\Resurser\Programmer\Drupal 6.9\drupal-6.9\modules\profile\profile-listing.tpl.php --> lagervarer.dk /htdocs/modules/profile profile-listing.tpl.php
109.01.20 03:23 B D:\Resurser\Programmer\Drupal 6.9\drupal-6.9\modules\profile\profile-wrapper.tpl.php --> lagervarer.dk /htdocs/modules/profile profile-wrapper.tpl.php
109.01.20 03:23 B D:\Resurser\Programmer\Drupal 6.9\drupal-6.9\modules\profile\profile.admin.inc --> lagervarer.dk /htdocs/modules/profile profile.admin.inc
109.01.20 03:23 B D:\Resurser\Programmer\Drupal 6.9\drupal-6.9\modules\profile\profile.css --> lagervarer.dk /htdocs/modules/profile profile.css
109.01.20 03:23 B D:\Resurser\Programmer\Drupal 6.9\drupal-6.9\modules\profile\profile.info --> lagervarer.dk /htdocs/modules/profile profile.info
109.01.20 03:23 B D:\Resurser\Programmer\Drupal 6.9\drupal-6.9\modules\profile\profile.install --> lagervarer.dk /htdocs/modules/profile profile.install
109.01.20 03:23 B D:\Resurser\Programmer\Drupal 6.9\drupal-6.9\modules\profile\profile.js --> lagervarer.dk /htdocs/modules/profile profile.js
109.01.20 03:23 B D:\Resurser\Programmer\Drupal 6.9\drupal-6.9\modules\profile\profile.module --> lagervarer.dk /htdocs/modules/profile profile.module
109.01.20 03:23 B D:\Resurser\Programmer\Drupal 6.9\drupal-6.9\modules\profile\profile.pages.inc --> lagervarer.dk /htdocs/modules/profile profile.pages.inc
109.01.24 16:23 B D:\Resurser\Programmer\Drupal 6.9\drupal-6.9\modules\profile\profile-block.tpl.php --> ftp.lagervarer.dk /httpdocs/modules/profile profile-block.tpl.php
109.01.24 16:23 B D:\Resurser\Programmer\Drupal 6.9\drupal-6.9\modules\profile\profile-listing.tpl.php --> ftp.lagervarer.dk /httpdocs/modules/profile profile-listing.tpl.php
109.01.24 16:23 B D:\Resurser\Programmer\Drupal 6.9\drupal-6.9\modules\profile\profile-wrapper.tpl.php --> ftp.lagervarer.dk /httpdocs/modules/profile profile-wrapper.tpl.php
109.01.24 16:23 B D:\Resurser\Programmer\Drupal 6.9\drupal-6.9\modules\profile\profile.admin.inc --> ftp.lagervarer.dk /httpdocs/modules/profile profile.admin.inc
109.01.24 16:23 B D:\Resurser\Programmer\Drupal 6.9\drupal-6.9\modules\profile\profile.css --> ftp.lagervarer.dk /httpdocs/modules/profile profile.css
109.01.24 16:23 B D:\Resurser\Programmer\Drupal 6.9\drupal-6.9\modules\profile\profile.info --> ftp.lagervarer.dk /httpdocs/modules/profile profile.info
109.01.24 16:23 B D:\Resurser\Programmer\Drupal 6.9\drupal-6.9\modules\profile\profile.install --> ftp.lagervarer.dk /httpdocs/modules/profile profile.install
109.01.24 16:23 B D:\Resurser\Programmer\Drupal 6.9\drupal-6.9\modules\profile\profile.js --> ftp.lagervarer.dk /httpdocs/modules/profile profile.js
109.01.24 16:23 B D:\Resurser\Programmer\Drupal 6.9\drupal-6.9\modules\profile\profile.module --> ftp.lagervarer.dk /httpdocs/modules/profile profile.module
109.01.24 16:23 B D:\Resurser\Programmer\Drupal 6.9\drupal-6.9\modules\profile\profile.pages.inc --> ftp.lagervarer.dk /httpdocs/modules/profile profile.pages.inc
111.11.20 19:28 B C:\wwwroot\lagervarer.dk-download\modules\profile\WS_FTP.LOG <-- Lagervarer.dk /httpdocs/modules/profile WS_FTP.LOG
