109.02.17 14:18 B C:\Inetpub\wwwroot\lagervarer.dk\sites\all\modules\ubercart\payment\uc_credit\images\amex.gif --> ftp.lagervarer.dk /httpdocs/sites/all/modules/ubercart/payment/uc_credit/images amex.gif
109.02.17 14:18 B C:\Inetpub\wwwroot\lagervarer.dk\sites\all\modules\ubercart\payment\uc_credit\images\amex_cvv.jpg --> ftp.lagervarer.dk /httpdocs/sites/all/modules/ubercart/payment/uc_credit/images amex_cvv.jpg
109.02.17 14:18 B C:\Inetpub\wwwroot\lagervarer.dk\sites\all\modules\ubercart\payment\uc_credit\images\discover.gif --> ftp.lagervarer.dk /httpdocs/sites/all/modules/ubercart/payment/uc_credit/images discover.gif
109.02.17 14:18 B C:\Inetpub\wwwroot\lagervarer.dk\sites\all\modules\ubercart\payment\uc_credit\images\echeck.gif --> ftp.lagervarer.dk /httpdocs/sites/all/modules/ubercart/payment/uc_credit/images echeck.gif
109.02.17 14:18 B C:\Inetpub\wwwroot\lagervarer.dk\sites\all\modules\ubercart\payment\uc_credit\images\info.png --> ftp.lagervarer.dk /httpdocs/sites/all/modules/ubercart/payment/uc_credit/images info.png
109.02.17 14:18 B C:\Inetpub\wwwroot\lagervarer.dk\sites\all\modules\ubercart\payment\uc_credit\images\mastercard.gif --> ftp.lagervarer.dk /httpdocs/sites/all/modules/ubercart/payment/uc_credit/images mastercard.gif
109.02.17 14:18 B C:\Inetpub\wwwroot\lagervarer.dk\sites\all\modules\ubercart\payment\uc_credit\images\visa.gif --> ftp.lagervarer.dk /httpdocs/sites/all/modules/ubercart/payment/uc_credit/images visa.gif
109.02.17 14:18 B C:\Inetpub\wwwroot\lagervarer.dk\sites\all\modules\ubercart\payment\uc_credit\images\visa_cvv.jpg --> ftp.lagervarer.dk /httpdocs/sites/all/modules/ubercart/payment/uc_credit/images visa_cvv.jpg
109.03.24 03:30 B C:\Inetpub\wwwroot\lagervarer.dk\sites\all\modules\ubercart\payment\uc_credit\images\amex.gif --> ftp.lagervarer.dk /httpdocs/sites/all/modules/ubercart/payment/uc_credit/images amex.gif
109.03.24 03:30 B C:\Inetpub\wwwroot\lagervarer.dk\sites\all\modules\ubercart\payment\uc_credit\images\amex_cvv.jpg --> ftp.lagervarer.dk /httpdocs/sites/all/modules/ubercart/payment/uc_credit/images amex_cvv.jpg
109.03.24 03:30 B C:\Inetpub\wwwroot\lagervarer.dk\sites\all\modules\ubercart\payment\uc_credit\images\discover.gif --> ftp.lagervarer.dk /httpdocs/sites/all/modules/ubercart/payment/uc_credit/images discover.gif
109.03.24 03:30 B C:\Inetpub\wwwroot\lagervarer.dk\sites\all\modules\ubercart\payment\uc_credit\images\echeck.gif --> ftp.lagervarer.dk /httpdocs/sites/all/modules/ubercart/payment/uc_credit/images echeck.gif
109.03.24 03:30 B C:\Inetpub\wwwroot\lagervarer.dk\sites\all\modules\ubercart\payment\uc_credit\images\info.png --> ftp.lagervarer.dk /httpdocs/sites/all/modules/ubercart/payment/uc_credit/images info.png
109.03.24 03:30 B C:\Inetpub\wwwroot\lagervarer.dk\sites\all\modules\ubercart\payment\uc_credit\images\mastercard.gif --> ftp.lagervarer.dk /httpdocs/sites/all/modules/ubercart/payment/uc_credit/images mastercard.gif
109.03.24 03:30 B C:\Inetpub\wwwroot\lagervarer.dk\sites\all\modules\ubercart\payment\uc_credit\images\visa.gif --> ftp.lagervarer.dk /httpdocs/sites/all/modules/ubercart/payment/uc_credit/images visa.gif
109.03.24 03:30 B C:\Inetpub\wwwroot\lagervarer.dk\sites\all\modules\ubercart\payment\uc_credit\images\visa_cvv.jpg --> ftp.lagervarer.dk /httpdocs/sites/all/modules/ubercart/payment/uc_credit/images visa_cvv.jpg
109.03.24 03:30 B C:\Inetpub\wwwroot\lagervarer.dk\sites\all\modules\ubercart\payment\uc_credit\images\WS_FTP.LOG --> ftp.lagervarer.dk /httpdocs/sites/all/modules/ubercart/payment/uc_credit/images WS_FTP.LOG
109.04.09 13:24 B C:\Inetpub\wwwroot\lagervarer.dk\sites\all\modules\ubercart\payment\uc_credit\images\amex.gif --> ftp.lagervarer.dk /httpdocs/sites/all/modules/ubercart/payment/uc_credit/images amex.gif
109.04.09 13:24 B C:\Inetpub\wwwroot\lagervarer.dk\sites\all\modules\ubercart\payment\uc_credit\images\amex_cvv.jpg --> ftp.lagervarer.dk /httpdocs/sites/all/modules/ubercart/payment/uc_credit/images amex_cvv.jpg
109.04.09 13:24 B C:\Inetpub\wwwroot\lagervarer.dk\sites\all\modules\ubercart\payment\uc_credit\images\discover.gif --> ftp.lagervarer.dk /httpdocs/sites/all/modules/ubercart/payment/uc_credit/images discover.gif
109.04.09 13:24 B C:\Inetpub\wwwroot\lagervarer.dk\sites\all\modules\ubercart\payment\uc_credit\images\echeck.gif --> ftp.lagervarer.dk /httpdocs/sites/all/modules/ubercart/payment/uc_credit/images echeck.gif
109.04.09 13:24 B C:\Inetpub\wwwroot\lagervarer.dk\sites\all\modules\ubercart\payment\uc_credit\images\info.png --> ftp.lagervarer.dk /httpdocs/sites/all/modules/ubercart/payment/uc_credit/images info.png
109.04.09 13:24 B C:\Inetpub\wwwroot\lagervarer.dk\sites\all\modules\ubercart\payment\uc_credit\images\mastercard.gif --> ftp.lagervarer.dk /httpdocs/sites/all/modules/ubercart/payment/uc_credit/images mastercard.gif
109.04.09 13:24 B C:\Inetpub\wwwroot\lagervarer.dk\sites\all\modules\ubercart\payment\uc_credit\images\visa.gif --> ftp.lagervarer.dk /httpdocs/sites/all/modules/ubercart/payment/uc_credit/images visa.gif
109.04.09 13:24 B C:\Inetpub\wwwroot\lagervarer.dk\sites\all\modules\ubercart\payment\uc_credit\images\visa_cvv.jpg --> ftp.lagervarer.dk /httpdocs/sites/all/modules/ubercart/payment/uc_credit/images visa_cvv.jpg
