109.02.17 14:18 B C:\Inetpub\wwwroot\lagervarer.dk\sites\all\modules\ubercart\payment\uc_credit\test_gateway.info --> ftp.lagervarer.dk /httpdocs/sites/all/modules/ubercart/payment/uc_credit test_gateway.info
109.02.17 14:18 B C:\Inetpub\wwwroot\lagervarer.dk\sites\all\modules\ubercart\payment\uc_credit\test_gateway.module --> ftp.lagervarer.dk /httpdocs/sites/all/modules/ubercart/payment/uc_credit test_gateway.module
109.02.17 14:18 B C:\Inetpub\wwwroot\lagervarer.dk\sites\all\modules\ubercart\payment\uc_credit\uc_credit.admin.inc --> ftp.lagervarer.dk /httpdocs/sites/all/modules/ubercart/payment/uc_credit uc_credit.admin.inc
109.02.17 14:18 B C:\Inetpub\wwwroot\lagervarer.dk\sites\all\modules\ubercart\payment\uc_credit\uc_credit.info --> ftp.lagervarer.dk /httpdocs/sites/all/modules/ubercart/payment/uc_credit uc_credit.info
109.02.17 14:18 B C:\Inetpub\wwwroot\lagervarer.dk\sites\all\modules\ubercart\payment\uc_credit\uc_credit.install --> ftp.lagervarer.dk /httpdocs/sites/all/modules/ubercart/payment/uc_credit uc_credit.install
109.02.17 14:18 B C:\Inetpub\wwwroot\lagervarer.dk\sites\all\modules\ubercart\payment\uc_credit\uc_credit.js --> ftp.lagervarer.dk /httpdocs/sites/all/modules/ubercart/payment/uc_credit uc_credit.js
109.02.17 14:18 B C:\Inetpub\wwwroot\lagervarer.dk\sites\all\modules\ubercart\payment\uc_credit\uc_credit.module --> ftp.lagervarer.dk /httpdocs/sites/all/modules/ubercart/payment/uc_credit uc_credit.module
109.02.17 14:18 B C:\Inetpub\wwwroot\lagervarer.dk\sites\all\modules\ubercart\payment\uc_credit\uc_credit.pages.inc --> ftp.lagervarer.dk /httpdocs/sites/all/modules/ubercart/payment/uc_credit uc_credit.pages.inc
109.03.24 03:30 B C:\Inetpub\wwwroot\lagervarer.dk\sites\all\modules\ubercart\payment\uc_credit\test_gateway.info --> ftp.lagervarer.dk /httpdocs/sites/all/modules/ubercart/payment/uc_credit test_gateway.info
109.03.24 03:30 B C:\Inetpub\wwwroot\lagervarer.dk\sites\all\modules\ubercart\payment\uc_credit\test_gateway.module --> ftp.lagervarer.dk /httpdocs/sites/all/modules/ubercart/payment/uc_credit test_gateway.module
109.03.24 03:30 B C:\Inetpub\wwwroot\lagervarer.dk\sites\all\modules\ubercart\payment\uc_credit\uc_credit.admin.inc --> ftp.lagervarer.dk /httpdocs/sites/all/modules/ubercart/payment/uc_credit uc_credit.admin.inc
109.03.24 03:30 B C:\Inetpub\wwwroot\lagervarer.dk\sites\all\modules\ubercart\payment\uc_credit\uc_credit.info --> ftp.lagervarer.dk /httpdocs/sites/all/modules/ubercart/payment/uc_credit uc_credit.info
109.03.24 03:30 B C:\Inetpub\wwwroot\lagervarer.dk\sites\all\modules\ubercart\payment\uc_credit\uc_credit.install --> ftp.lagervarer.dk /httpdocs/sites/all/modules/ubercart/payment/uc_credit uc_credit.install
109.03.24 03:30 B C:\Inetpub\wwwroot\lagervarer.dk\sites\all\modules\ubercart\payment\uc_credit\uc_credit.js --> ftp.lagervarer.dk /httpdocs/sites/all/modules/ubercart/payment/uc_credit uc_credit.js
109.03.24 03:30 B C:\Inetpub\wwwroot\lagervarer.dk\sites\all\modules\ubercart\payment\uc_credit\uc_credit.module --> ftp.lagervarer.dk /httpdocs/sites/all/modules/ubercart/payment/uc_credit uc_credit.module
109.03.24 03:30 B C:\Inetpub\wwwroot\lagervarer.dk\sites\all\modules\ubercart\payment\uc_credit\uc_credit.pages.inc --> ftp.lagervarer.dk /httpdocs/sites/all/modules/ubercart/payment/uc_credit uc_credit.pages.inc
109.03.24 03:30 B C:\Inetpub\wwwroot\lagervarer.dk\sites\all\modules\ubercart\payment\uc_credit\WS_FTP.LOG --> ftp.lagervarer.dk /httpdocs/sites/all/modules/ubercart/payment/uc_credit WS_FTP.LOG
109.04.09 13:24 B C:\Inetpub\wwwroot\lagervarer.dk\sites\all\modules\ubercart\payment\uc_credit\test_gateway.info --> ftp.lagervarer.dk /httpdocs/sites/all/modules/ubercart/payment/uc_credit test_gateway.info
109.04.09 13:24 B C:\Inetpub\wwwroot\lagervarer.dk\sites\all\modules\ubercart\payment\uc_credit\test_gateway.module --> ftp.lagervarer.dk /httpdocs/sites/all/modules/ubercart/payment/uc_credit test_gateway.module
109.04.09 13:24 B C:\Inetpub\wwwroot\lagervarer.dk\sites\all\modules\ubercart\payment\uc_credit\uc_credit.admin.inc --> ftp.lagervarer.dk /httpdocs/sites/all/modules/ubercart/payment/uc_credit uc_credit.admin.inc
109.04.09 13:24 B C:\Inetpub\wwwroot\lagervarer.dk\sites\all\modules\ubercart\payment\uc_credit\uc_credit.info --> ftp.lagervarer.dk /httpdocs/sites/all/modules/ubercart/payment/uc_credit uc_credit.info
109.04.09 13:24 B C:\Inetpub\wwwroot\lagervarer.dk\sites\all\modules\ubercart\payment\uc_credit\uc_credit.install --> ftp.lagervarer.dk /httpdocs/sites/all/modules/ubercart/payment/uc_credit uc_credit.install
109.04.09 13:24 B C:\Inetpub\wwwroot\lagervarer.dk\sites\all\modules\ubercart\payment\uc_credit\uc_credit.js --> ftp.lagervarer.dk /httpdocs/sites/all/modules/ubercart/payment/uc_credit uc_credit.js
109.04.09 13:24 B C:\Inetpub\wwwroot\lagervarer.dk\sites\all\modules\ubercart\payment\uc_credit\uc_credit.module --> ftp.lagervarer.dk /httpdocs/sites/all/modules/ubercart/payment/uc_credit uc_credit.module
109.04.09 13:24 B C:\Inetpub\wwwroot\lagervarer.dk\sites\all\modules\ubercart\payment\uc_credit\uc_credit.pages.inc --> ftp.lagervarer.dk /httpdocs/sites/all/modules/ubercart/payment/uc_credit uc_credit.pages.inc
