109.01.20 03:23 B D:\Resurser\Programmer\Drupal 6.9\drupal-6.9\modules\system\admin-rtl.css --> lagervarer.dk /htdocs/modules/system admin-rtl.css
109.01.20 03:23 B D:\Resurser\Programmer\Drupal 6.9\drupal-6.9\modules\system\admin.css --> lagervarer.dk /htdocs/modules/system admin.css
109.01.20 03:23 B D:\Resurser\Programmer\Drupal 6.9\drupal-6.9\modules\system\block.tpl.php --> lagervarer.dk /htdocs/modules/system block.tpl.php
109.01.20 03:23 B D:\Resurser\Programmer\Drupal 6.9\drupal-6.9\modules\system\box.tpl.php --> lagervarer.dk /htdocs/modules/system box.tpl.php
109.01.20 03:23 B D:\Resurser\Programmer\Drupal 6.9\drupal-6.9\modules\system\defaults-rtl.css --> lagervarer.dk /htdocs/modules/system defaults-rtl.css
109.01.20 03:23 B D:\Resurser\Programmer\Drupal 6.9\drupal-6.9\modules\system\defaults.css --> lagervarer.dk /htdocs/modules/system defaults.css
109.01.20 03:23 B D:\Resurser\Programmer\Drupal 6.9\drupal-6.9\modules\system\maintenance-page.tpl.php --> lagervarer.dk /htdocs/modules/system maintenance-page.tpl.php
109.01.20 03:23 B D:\Resurser\Programmer\Drupal 6.9\drupal-6.9\modules\system\maintenance.css --> lagervarer.dk /htdocs/modules/system maintenance.css
109.01.20 03:23 B D:\Resurser\Programmer\Drupal 6.9\drupal-6.9\modules\system\page.tpl.php --> lagervarer.dk /htdocs/modules/system page.tpl.php
109.01.20 03:23 B D:\Resurser\Programmer\Drupal 6.9\drupal-6.9\modules\system\system-menus-rtl.css --> lagervarer.dk /htdocs/modules/system system-menus-rtl.css
109.01.20 03:23 B D:\Resurser\Programmer\Drupal 6.9\drupal-6.9\modules\system\system-menus.css --> lagervarer.dk /htdocs/modules/system system-menus.css
109.01.20 03:23 B D:\Resurser\Programmer\Drupal 6.9\drupal-6.9\modules\system\system-rtl.css --> lagervarer.dk /htdocs/modules/system system-rtl.css
109.01.20 03:23 B D:\Resurser\Programmer\Drupal 6.9\drupal-6.9\modules\system\system.admin.inc --> lagervarer.dk /htdocs/modules/system system.admin.inc
109.01.20 03:23 B D:\Resurser\Programmer\Drupal 6.9\drupal-6.9\modules\system\system.css --> lagervarer.dk /htdocs/modules/system system.css
109.01.20 03:23 B D:\Resurser\Programmer\Drupal 6.9\drupal-6.9\modules\system\system.info --> lagervarer.dk /htdocs/modules/system system.info
109.01.20 03:23 B D:\Resurser\Programmer\Drupal 6.9\drupal-6.9\modules\system\system.install --> lagervarer.dk /htdocs/modules/system system.install
109.01.20 03:23 B D:\Resurser\Programmer\Drupal 6.9\drupal-6.9\modules\system\system.js --> lagervarer.dk /htdocs/modules/system system.js
109.01.20 03:23 B D:\Resurser\Programmer\Drupal 6.9\drupal-6.9\modules\system\system.module --> lagervarer.dk /htdocs/modules/system system.module
109.01.24 16:23 B D:\Resurser\Programmer\Drupal 6.9\drupal-6.9\modules\system\admin-rtl.css --> ftp.lagervarer.dk /httpdocs/modules/system admin-rtl.css
109.01.24 16:23 B D:\Resurser\Programmer\Drupal 6.9\drupal-6.9\modules\system\admin.css --> ftp.lagervarer.dk /httpdocs/modules/system admin.css
109.01.24 16:23 B D:\Resurser\Programmer\Drupal 6.9\drupal-6.9\modules\system\block.tpl.php --> ftp.lagervarer.dk /httpdocs/modules/system block.tpl.php
109.01.24 16:23 B D:\Resurser\Programmer\Drupal 6.9\drupal-6.9\modules\system\box.tpl.php --> ftp.lagervarer.dk /httpdocs/modules/system box.tpl.php
109.01.24 16:23 B D:\Resurser\Programmer\Drupal 6.9\drupal-6.9\modules\system\defaults-rtl.css --> ftp.lagervarer.dk /httpdocs/modules/system defaults-rtl.css
109.01.24 16:23 B D:\Resurser\Programmer\Drupal 6.9\drupal-6.9\modules\system\defaults.css --> ftp.lagervarer.dk /httpdocs/modules/system defaults.css
109.01.24 16:23 B D:\Resurser\Programmer\Drupal 6.9\drupal-6.9\modules\system\maintenance-page.tpl.php --> ftp.lagervarer.dk /httpdocs/modules/system maintenance-page.tpl.php
109.01.24 16:23 B D:\Resurser\Programmer\Drupal 6.9\drupal-6.9\modules\system\maintenance.css --> ftp.lagervarer.dk /httpdocs/modules/system maintenance.css
109.01.24 16:23 B D:\Resurser\Programmer\Drupal 6.9\drupal-6.9\modules\system\page.tpl.php --> ftp.lagervarer.dk /httpdocs/modules/system page.tpl.php
109.01.24 16:23 B D:\Resurser\Programmer\Drupal 6.9\drupal-6.9\modules\system\system-menus-rtl.css --> ftp.lagervarer.dk /httpdocs/modules/system system-menus-rtl.css
109.01.24 16:23 B D:\Resurser\Programmer\Drupal 6.9\drupal-6.9\modules\system\system-menus.css --> ftp.lagervarer.dk /httpdocs/modules/system system-menus.css
109.01.24 16:23 B D:\Resurser\Programmer\Drupal 6.9\drupal-6.9\modules\system\system-rtl.css --> ftp.lagervarer.dk /httpdocs/modules/system system-rtl.css
109.01.24 16:23 B D:\Resurser\Programmer\Drupal 6.9\drupal-6.9\modules\system\system.admin.inc --> ftp.lagervarer.dk /httpdocs/modules/system system.admin.inc
109.01.24 16:23 B D:\Resurser\Programmer\Drupal 6.9\drupal-6.9\modules\system\system.css --> ftp.lagervarer.dk /httpdocs/modules/system system.css
109.01.24 16:23 B D:\Resurser\Programmer\Drupal 6.9\drupal-6.9\modules\system\system.info --> ftp.lagervarer.dk /httpdocs/modules/system system.info
109.01.24 16:23 B D:\Resurser\Programmer\Drupal 6.9\drupal-6.9\modules\system\system.install --> ftp.lagervarer.dk /httpdocs/modules/system system.install
109.01.24 16:23 B D:\Resurser\Programmer\Drupal 6.9\drupal-6.9\modules\system\system.js --> ftp.lagervarer.dk /httpdocs/modules/system system.js
109.01.24 16:23 B D:\Resurser\Programmer\Drupal 6.9\drupal-6.9\modules\system\system.module --> ftp.lagervarer.dk /httpdocs/modules/system system.module
111.11.20 19:31 B C:\wwwroot\lagervarer.dk-download\modules\system\WS_FTP.LOG <-- Lagervarer.dk /httpdocs/modules/system WS_FTP.LOG
