109.01.20 03:24 B D:\Resurser\Programmer\Drupal 6.9\drupal-6.9\themes\garland\images\bg-bar-white.png --> lagervarer.dk /htdocs/themes/garland/images bg-bar-white.png
109.01.20 03:24 B D:\Resurser\Programmer\Drupal 6.9\drupal-6.9\themes\garland\images\bg-bar.png --> lagervarer.dk /htdocs/themes/garland/images bg-bar.png
109.01.20 03:24 B D:\Resurser\Programmer\Drupal 6.9\drupal-6.9\themes\garland\images\bg-content-left.png --> lagervarer.dk /htdocs/themes/garland/images bg-content-left.png
109.01.20 03:24 B D:\Resurser\Programmer\Drupal 6.9\drupal-6.9\themes\garland\images\bg-content-right.png --> lagervarer.dk /htdocs/themes/garland/images bg-content-right.png
109.01.20 03:24 B D:\Resurser\Programmer\Drupal 6.9\drupal-6.9\themes\garland\images\bg-content.png --> lagervarer.dk /htdocs/themes/garland/images bg-content.png
109.01.20 03:24 B D:\Resurser\Programmer\Drupal 6.9\drupal-6.9\themes\garland\images\bg-navigation-item-hover.png --> lagervarer.dk /htdocs/themes/garland/images bg-navigation-item-hover.png
109.01.20 03:24 B D:\Resurser\Programmer\Drupal 6.9\drupal-6.9\themes\garland\images\bg-navigation-item.png --> lagervarer.dk /htdocs/themes/garland/images bg-navigation-item.png
109.01.20 03:24 B D:\Resurser\Programmer\Drupal 6.9\drupal-6.9\themes\garland\images\bg-navigation.png --> lagervarer.dk /htdocs/themes/garland/images bg-navigation.png
109.01.20 03:24 B D:\Resurser\Programmer\Drupal 6.9\drupal-6.9\themes\garland\images\bg-tab.png --> lagervarer.dk /htdocs/themes/garland/images bg-tab.png
109.01.20 03:24 B D:\Resurser\Programmer\Drupal 6.9\drupal-6.9\themes\garland\images\body.png --> lagervarer.dk /htdocs/themes/garland/images body.png
109.01.20 03:24 B D:\Resurser\Programmer\Drupal 6.9\drupal-6.9\themes\garland\images\gradient-inner.png --> lagervarer.dk /htdocs/themes/garland/images gradient-inner.png
109.01.20 03:24 B D:\Resurser\Programmer\Drupal 6.9\drupal-6.9\themes\garland\images\menu-collapsed-rtl.gif --> lagervarer.dk /htdocs/themes/garland/images menu-collapsed-rtl.gif
109.01.20 03:24 B D:\Resurser\Programmer\Drupal 6.9\drupal-6.9\themes\garland\images\menu-collapsed.gif --> lagervarer.dk /htdocs/themes/garland/images menu-collapsed.gif
109.01.20 03:24 B D:\Resurser\Programmer\Drupal 6.9\drupal-6.9\themes\garland\images\menu-expanded.gif --> lagervarer.dk /htdocs/themes/garland/images menu-expanded.gif
109.01.20 03:24 B D:\Resurser\Programmer\Drupal 6.9\drupal-6.9\themes\garland\images\menu-leaf.gif --> lagervarer.dk /htdocs/themes/garland/images menu-leaf.gif
109.01.20 03:24 B D:\Resurser\Programmer\Drupal 6.9\drupal-6.9\themes\garland\images\task-list.png --> lagervarer.dk /htdocs/themes/garland/images task-list.png
109.01.24 16:23 B D:\Resurser\Programmer\Drupal 6.9\drupal-6.9\themes\garland\images\bg-bar-white.png --> ftp.lagervarer.dk /httpdocs/themes/garland/images bg-bar-white.png
109.01.24 16:23 B D:\Resurser\Programmer\Drupal 6.9\drupal-6.9\themes\garland\images\bg-bar.png --> ftp.lagervarer.dk /httpdocs/themes/garland/images bg-bar.png
109.01.24 16:23 B D:\Resurser\Programmer\Drupal 6.9\drupal-6.9\themes\garland\images\bg-content-left.png --> ftp.lagervarer.dk /httpdocs/themes/garland/images bg-content-left.png
109.01.24 16:23 B D:\Resurser\Programmer\Drupal 6.9\drupal-6.9\themes\garland\images\bg-content-right.png --> ftp.lagervarer.dk /httpdocs/themes/garland/images bg-content-right.png
109.01.24 16:23 B D:\Resurser\Programmer\Drupal 6.9\drupal-6.9\themes\garland\images\bg-content.png --> ftp.lagervarer.dk /httpdocs/themes/garland/images bg-content.png
109.01.24 16:23 B D:\Resurser\Programmer\Drupal 6.9\drupal-6.9\themes\garland\images\bg-navigation-item-hover.png --> ftp.lagervarer.dk /httpdocs/themes/garland/images bg-navigation-item-hover.png
109.01.24 16:23 B D:\Resurser\Programmer\Drupal 6.9\drupal-6.9\themes\garland\images\bg-navigation-item.png --> ftp.lagervarer.dk /httpdocs/themes/garland/images bg-navigation-item.png
109.01.24 16:23 B D:\Resurser\Programmer\Drupal 6.9\drupal-6.9\themes\garland\images\bg-navigation.png --> ftp.lagervarer.dk /httpdocs/themes/garland/images bg-navigation.png
109.01.24 16:23 B D:\Resurser\Programmer\Drupal 6.9\drupal-6.9\themes\garland\images\bg-tab.png --> ftp.lagervarer.dk /httpdocs/themes/garland/images bg-tab.png
109.01.24 16:23 B D:\Resurser\Programmer\Drupal 6.9\drupal-6.9\themes\garland\images\body.png --> ftp.lagervarer.dk /httpdocs/themes/garland/images body.png
109.01.24 16:23 B D:\Resurser\Programmer\Drupal 6.9\drupal-6.9\themes\garland\images\gradient-inner.png --> ftp.lagervarer.dk /httpdocs/themes/garland/images gradient-inner.png
109.01.24 16:23 B D:\Resurser\Programmer\Drupal 6.9\drupal-6.9\themes\garland\images\menu-collapsed-rtl.gif --> ftp.lagervarer.dk /httpdocs/themes/garland/images menu-collapsed-rtl.gif
109.01.24 16:23 B D:\Resurser\Programmer\Drupal 6.9\drupal-6.9\themes\garland\images\menu-collapsed.gif --> ftp.lagervarer.dk /httpdocs/themes/garland/images menu-collapsed.gif
109.01.24 16:23 B D:\Resurser\Programmer\Drupal 6.9\drupal-6.9\themes\garland\images\menu-expanded.gif --> ftp.lagervarer.dk /httpdocs/themes/garland/images menu-expanded.gif
109.01.24 16:23 B D:\Resurser\Programmer\Drupal 6.9\drupal-6.9\themes\garland\images\menu-leaf.gif --> ftp.lagervarer.dk /httpdocs/themes/garland/images menu-leaf.gif
109.01.24 16:23 B D:\Resurser\Programmer\Drupal 6.9\drupal-6.9\themes\garland\images\task-list.png --> ftp.lagervarer.dk /httpdocs/themes/garland/images task-list.png
