109.02.17 14:18 B C:\Inetpub\wwwroot\lagervarer.dk\sites\all\modules\ubercart\ca\ca.admin.inc --> ftp.lagervarer.dk /httpdocs/sites/all/modules/ubercart/ca ca.admin.inc
109.02.17 14:18 B C:\Inetpub\wwwroot\lagervarer.dk\sites\all\modules\ubercart\ca\ca.ca.inc --> ftp.lagervarer.dk /httpdocs/sites/all/modules/ubercart/ca ca.ca.inc
109.02.17 14:18 B C:\Inetpub\wwwroot\lagervarer.dk\sites\all\modules\ubercart\ca\ca.css --> ftp.lagervarer.dk /httpdocs/sites/all/modules/ubercart/ca ca.css
109.02.17 14:18 B C:\Inetpub\wwwroot\lagervarer.dk\sites\all\modules\ubercart\ca\ca.info --> ftp.lagervarer.dk /httpdocs/sites/all/modules/ubercart/ca ca.info
109.02.17 14:18 B C:\Inetpub\wwwroot\lagervarer.dk\sites\all\modules\ubercart\ca\ca.install --> ftp.lagervarer.dk /httpdocs/sites/all/modules/ubercart/ca ca.install
109.02.17 14:18 B C:\Inetpub\wwwroot\lagervarer.dk\sites\all\modules\ubercart\ca\ca.js --> ftp.lagervarer.dk /httpdocs/sites/all/modules/ubercart/ca ca.js
109.02.17 14:18 B C:\Inetpub\wwwroot\lagervarer.dk\sites\all\modules\ubercart\ca\ca.module --> ftp.lagervarer.dk /httpdocs/sites/all/modules/ubercart/ca ca.module
109.03.24 03:30 B C:\Inetpub\wwwroot\lagervarer.dk\sites\all\modules\ubercart\ca\ca.admin.inc --> ftp.lagervarer.dk /httpdocs/sites/all/modules/ubercart/ca ca.admin.inc
109.03.24 03:30 B C:\Inetpub\wwwroot\lagervarer.dk\sites\all\modules\ubercart\ca\ca.ca.inc --> ftp.lagervarer.dk /httpdocs/sites/all/modules/ubercart/ca ca.ca.inc
109.03.24 03:30 B C:\Inetpub\wwwroot\lagervarer.dk\sites\all\modules\ubercart\ca\ca.css --> ftp.lagervarer.dk /httpdocs/sites/all/modules/ubercart/ca ca.css
109.03.24 03:30 B C:\Inetpub\wwwroot\lagervarer.dk\sites\all\modules\ubercart\ca\ca.info --> ftp.lagervarer.dk /httpdocs/sites/all/modules/ubercart/ca ca.info
109.03.24 03:30 B C:\Inetpub\wwwroot\lagervarer.dk\sites\all\modules\ubercart\ca\ca.install --> ftp.lagervarer.dk /httpdocs/sites/all/modules/ubercart/ca ca.install
109.03.24 03:30 B C:\Inetpub\wwwroot\lagervarer.dk\sites\all\modules\ubercart\ca\ca.js --> ftp.lagervarer.dk /httpdocs/sites/all/modules/ubercart/ca ca.js
109.03.24 03:30 B C:\Inetpub\wwwroot\lagervarer.dk\sites\all\modules\ubercart\ca\ca.module --> ftp.lagervarer.dk /httpdocs/sites/all/modules/ubercart/ca ca.module
109.03.24 03:30 B C:\Inetpub\wwwroot\lagervarer.dk\sites\all\modules\ubercart\ca\WS_FTP.LOG --> ftp.lagervarer.dk /httpdocs/sites/all/modules/ubercart/ca WS_FTP.LOG
109.04.06 23:09 B C:\Inetpub\wwwroot\lagervarer.dk\sites\all\modules\ubercart\ca\ca.ca.inc --> ftp.lagervarer.dk /httpdocs/sites/all/modules/ubercart/ca ca.ca.inc
109.04.06 23:09 B C:\Inetpub\wwwroot\lagervarer.dk\sites\all\modules\ubercart\ca\ca.ca.inc --> ftp.lagervarer.dk /httpdocs/sites/all/modules/ubercart/ca ca.ca.inc
109.04.06 23:24 B C:\Inetpub\wwwroot\lagervarer.dk\sites\all\modules\ubercart\ca\ca.ca.inc --> ftp.lagervarer.dk /httpdocs/sites/all/modules/ubercart/ca ca.ca.inc
109.04.06 23:25 B C:\Inetpub\wwwroot\lagervarer.dk\sites\all\modules\ubercart\ca\ca.ca.inc --> ftp.lagervarer.dk /httpdocs/sites/all/modules/ubercart/ca ca.ca.inc
109.04.06 23:27 B C:\Inetpub\wwwroot\lagervarer.dk\sites\all\modules\ubercart\ca\ca.ca.inc --> ftp.lagervarer.dk /httpdocs/sites/all/modules/ubercart/ca ca.ca.inc
109.04.06 23:28 B C:\Inetpub\wwwroot\lagervarer.dk\sites\all\modules\ubercart\ca\ca.ca.inc --> ftp.lagervarer.dk /httpdocs/sites/all/modules/ubercart/ca ca.ca.inc
109.04.06 23:29 B C:\Inetpub\wwwroot\lagervarer.dk\sites\all\modules\ubercart\ca\ca.ca.inc --> ftp.lagervarer.dk /httpdocs/sites/all/modules/ubercart/ca ca.ca.inc
109.04.06 23:31 B C:\Inetpub\wwwroot\lagervarer.dk\sites\all\modules\ubercart\ca\ca.ca.inc --> ftp.lagervarer.dk /httpdocs/sites/all/modules/ubercart/ca ca.ca.inc
109.04.06 23:32 B C:\Inetpub\wwwroot\lagervarer.dk\sites\all\modules\ubercart\ca\ca.ca.inc --> ftp.lagervarer.dk /httpdocs/sites/all/modules/ubercart/ca ca.ca.inc
109.04.09 13:24 B C:\Inetpub\wwwroot\lagervarer.dk\sites\all\modules\ubercart\ca\ca.admin.inc --> ftp.lagervarer.dk /httpdocs/sites/all/modules/ubercart/ca ca.admin.inc
109.04.09 13:24 B C:\Inetpub\wwwroot\lagervarer.dk\sites\all\modules\ubercart\ca\ca.ca.bak --> ftp.lagervarer.dk /httpdocs/sites/all/modules/ubercart/ca ca.ca.bak
109.04.09 13:24 B C:\Inetpub\wwwroot\lagervarer.dk\sites\all\modules\ubercart\ca\ca.ca.inc --> ftp.lagervarer.dk /httpdocs/sites/all/modules/ubercart/ca ca.ca.inc
109.04.09 13:24 B C:\Inetpub\wwwroot\lagervarer.dk\sites\all\modules\ubercart\ca\ca.css --> ftp.lagervarer.dk /httpdocs/sites/all/modules/ubercart/ca ca.css
109.04.09 13:24 B C:\Inetpub\wwwroot\lagervarer.dk\sites\all\modules\ubercart\ca\ca.info --> ftp.lagervarer.dk /httpdocs/sites/all/modules/ubercart/ca ca.info
109.04.09 13:24 B C:\Inetpub\wwwroot\lagervarer.dk\sites\all\modules\ubercart\ca\ca.install --> ftp.lagervarer.dk /httpdocs/sites/all/modules/ubercart/ca ca.install
109.04.09 13:24 B C:\Inetpub\wwwroot\lagervarer.dk\sites\all\modules\ubercart\ca\ca.js --> ftp.lagervarer.dk /httpdocs/sites/all/modules/ubercart/ca ca.js
109.04.09 13:24 B C:\Inetpub\wwwroot\lagervarer.dk\sites\all\modules\ubercart\ca\ca.module --> ftp.lagervarer.dk /httpdocs/sites/all/modules/ubercart/ca ca.module
