109.01.20 03:22 B D:\Resurser\Programmer\Drupal 6.9\drupal-6.9\modules\book\book-all-books-block.tpl.php --> lagervarer.dk /htdocs/modules/book book-all-books-block.tpl.php
109.01.20 03:22 B D:\Resurser\Programmer\Drupal 6.9\drupal-6.9\modules\book\book-export-html.tpl.php --> lagervarer.dk /htdocs/modules/book book-export-html.tpl.php
109.01.20 03:22 B D:\Resurser\Programmer\Drupal 6.9\drupal-6.9\modules\book\book-navigation.tpl.php --> lagervarer.dk /htdocs/modules/book book-navigation.tpl.php
109.01.20 03:22 B D:\Resurser\Programmer\Drupal 6.9\drupal-6.9\modules\book\book-node-export-html.tpl.php --> lagervarer.dk /htdocs/modules/book book-node-export-html.tpl.php
109.01.20 03:22 B D:\Resurser\Programmer\Drupal 6.9\drupal-6.9\modules\book\book-rtl.css --> lagervarer.dk /htdocs/modules/book book-rtl.css
109.01.20 03:22 B D:\Resurser\Programmer\Drupal 6.9\drupal-6.9\modules\book\book.admin.inc --> lagervarer.dk /htdocs/modules/book book.admin.inc
109.01.20 03:22 B D:\Resurser\Programmer\Drupal 6.9\drupal-6.9\modules\book\book.css --> lagervarer.dk /htdocs/modules/book book.css
109.01.20 03:22 B D:\Resurser\Programmer\Drupal 6.9\drupal-6.9\modules\book\book.info --> lagervarer.dk /htdocs/modules/book book.info
109.01.20 03:22 B D:\Resurser\Programmer\Drupal 6.9\drupal-6.9\modules\book\book.install --> lagervarer.dk /htdocs/modules/book book.install
109.01.20 03:22 B D:\Resurser\Programmer\Drupal 6.9\drupal-6.9\modules\book\book.module --> lagervarer.dk /htdocs/modules/book book.module
109.01.20 03:22 B D:\Resurser\Programmer\Drupal 6.9\drupal-6.9\modules\book\book.pages.inc --> lagervarer.dk /htdocs/modules/book book.pages.inc
109.01.24 16:23 B D:\Resurser\Programmer\Drupal 6.9\drupal-6.9\modules\book\book-all-books-block.tpl.php --> ftp.lagervarer.dk /httpdocs/modules/book book-all-books-block.tpl.php
109.01.24 16:23 B D:\Resurser\Programmer\Drupal 6.9\drupal-6.9\modules\book\book-export-html.tpl.php --> ftp.lagervarer.dk /httpdocs/modules/book book-export-html.tpl.php
109.01.24 16:23 B D:\Resurser\Programmer\Drupal 6.9\drupal-6.9\modules\book\book-navigation.tpl.php --> ftp.lagervarer.dk /httpdocs/modules/book book-navigation.tpl.php
109.01.24 16:23 B D:\Resurser\Programmer\Drupal 6.9\drupal-6.9\modules\book\book-node-export-html.tpl.php --> ftp.lagervarer.dk /httpdocs/modules/book book-node-export-html.tpl.php
109.01.24 16:23 B D:\Resurser\Programmer\Drupal 6.9\drupal-6.9\modules\book\book-rtl.css --> ftp.lagervarer.dk /httpdocs/modules/book book-rtl.css
109.01.24 16:23 B D:\Resurser\Programmer\Drupal 6.9\drupal-6.9\modules\book\book.admin.inc --> ftp.lagervarer.dk /httpdocs/modules/book book.admin.inc
109.01.24 16:23 B D:\Resurser\Programmer\Drupal 6.9\drupal-6.9\modules\book\book.css --> ftp.lagervarer.dk /httpdocs/modules/book book.css
109.01.24 16:23 B D:\Resurser\Programmer\Drupal 6.9\drupal-6.9\modules\book\book.info --> ftp.lagervarer.dk /httpdocs/modules/book book.info
109.01.24 16:23 B D:\Resurser\Programmer\Drupal 6.9\drupal-6.9\modules\book\book.install --> ftp.lagervarer.dk /httpdocs/modules/book book.install
109.01.24 16:23 B D:\Resurser\Programmer\Drupal 6.9\drupal-6.9\modules\book\book.module --> ftp.lagervarer.dk /httpdocs/modules/book book.module
109.01.24 16:23 B D:\Resurser\Programmer\Drupal 6.9\drupal-6.9\modules\book\book.pages.inc --> ftp.lagervarer.dk /httpdocs/modules/book book.pages.inc
111.11.20 19:19 B C:\wwwroot\lagervarer.dk-download\modules\book\WS_FTP.LOG <-- Lagervarer.dk /httpdocs/modules/book WS_FTP.LOG
