109.01.26 05:35 B C:\Inetpub\wwwroot\lagervarer.dk\sites\all\modules\cck\includes\views\handlers\content_handler_argument.inc --> ftp.lagervarer.dk /httpdocs/sites/all/modules/cck/includes/views/handlers content_handler_argument.inc
109.01.26 05:35 B C:\Inetpub\wwwroot\lagervarer.dk\sites\all\modules\cck\includes\views\handlers\content_handler_argument_many_to_one.inc --> ftp.lagervarer.dk /httpdocs/sites/all/modules/cck/includes/views/handlers content_handler_argument_many_to_one.inc
109.01.26 05:35 B C:\Inetpub\wwwroot\lagervarer.dk\sites\all\modules\cck\includes\views\handlers\content_handler_argument_numeric.inc --> ftp.lagervarer.dk /httpdocs/sites/all/modules/cck/includes/views/handlers content_handler_argument_numeric.inc
109.01.26 05:35 B C:\Inetpub\wwwroot\lagervarer.dk\sites\all\modules\cck\includes\views\handlers\content_handler_argument_string.inc --> ftp.lagervarer.dk /httpdocs/sites/all/modules/cck/includes/views/handlers content_handler_argument_string.inc
109.01.26 05:35 B C:\Inetpub\wwwroot\lagervarer.dk\sites\all\modules\cck\includes\views\handlers\content_handler_field.inc --> ftp.lagervarer.dk /httpdocs/sites/all/modules/cck/includes/views/handlers content_handler_field.inc
109.01.26 05:35 B C:\Inetpub\wwwroot\lagervarer.dk\sites\all\modules\cck\includes\views\handlers\content_handler_field_multiple.inc --> ftp.lagervarer.dk /httpdocs/sites/all/modules/cck/includes/views/handlers content_handler_field_multiple.inc
109.01.26 05:35 B C:\Inetpub\wwwroot\lagervarer.dk\sites\all\modules\cck\includes\views\handlers\content_handler_filter_float.inc --> ftp.lagervarer.dk /httpdocs/sites/all/modules/cck/includes/views/handlers content_handler_filter_float.inc
109.01.26 05:35 B C:\Inetpub\wwwroot\lagervarer.dk\sites\all\modules\cck\includes\views\handlers\content_handler_filter_many_to_one.inc --> ftp.lagervarer.dk /httpdocs/sites/all/modules/cck/includes/views/handlers content_handler_filter_many_to_one.inc
109.01.26 05:35 B C:\Inetpub\wwwroot\lagervarer.dk\sites\all\modules\cck\includes\views\handlers\content_handler_filter_numeric.inc --> ftp.lagervarer.dk /httpdocs/sites/all/modules/cck/includes/views/handlers content_handler_filter_numeric.inc
109.01.26 05:35 B C:\Inetpub\wwwroot\lagervarer.dk\sites\all\modules\cck\includes\views\handlers\content_handler_filter_string.inc --> ftp.lagervarer.dk /httpdocs/sites/all/modules/cck/includes/views/handlers content_handler_filter_string.inc
109.01.26 05:35 B C:\Inetpub\wwwroot\lagervarer.dk\sites\all\modules\cck\includes\views\handlers\content_handler_relationship.inc --> ftp.lagervarer.dk /httpdocs/sites/all/modules/cck/includes/views/handlers content_handler_relationship.inc
109.01.26 05:35 B C:\Inetpub\wwwroot\lagervarer.dk\sites\all\modules\cck\includes\views\handlers\content_handler_sort.inc --> ftp.lagervarer.dk /httpdocs/sites/all/modules/cck/includes/views/handlers content_handler_sort.inc
109.01.26 05:35 B C:\Inetpub\wwwroot\lagervarer.dk\sites\all\modules\cck\includes\views\handlers\content_plugin_display_simple.inc --> ftp.lagervarer.dk /httpdocs/sites/all/modules/cck/includes/views/handlers content_plugin_display_simple.inc
109.01.26 05:35 B C:\Inetpub\wwwroot\lagervarer.dk\sites\all\modules\cck\includes\views\handlers\content_plugin_style_php_array_ac.inc --> ftp.lagervarer.dk /httpdocs/sites/all/modules/cck/includes/views/handlers content_plugin_style_php_array_ac.inc
109.03.24 03:35 B C:\Inetpub\wwwroot\lagervarer.dk\sites\all\modules\cck\includes\views\handlers\content_handler_argument.inc --> ftp.lagervarer.dk /httpdocs/sites/all/modules/cck/includes/views/handlers content_handler_argument.inc
109.03.24 03:35 B C:\Inetpub\wwwroot\lagervarer.dk\sites\all\modules\cck\includes\views\handlers\content_handler_argument_many_to_one.inc --> ftp.lagervarer.dk /httpdocs/sites/all/modules/cck/includes/views/handlers content_handler_argument_many_to_one.inc
109.03.24 03:35 B C:\Inetpub\wwwroot\lagervarer.dk\sites\all\modules\cck\includes\views\handlers\content_handler_argument_numeric.inc --> ftp.lagervarer.dk /httpdocs/sites/all/modules/cck/includes/views/handlers content_handler_argument_numeric.inc
109.03.24 03:35 B C:\Inetpub\wwwroot\lagervarer.dk\sites\all\modules\cck\includes\views\handlers\content_handler_argument_string.inc --> ftp.lagervarer.dk /httpdocs/sites/all/modules/cck/includes/views/handlers content_handler_argument_string.inc
109.03.24 03:35 B C:\Inetpub\wwwroot\lagervarer.dk\sites\all\modules\cck\includes\views\handlers\content_handler_field.inc --> ftp.lagervarer.dk /httpdocs/sites/all/modules/cck/includes/views/handlers content_handler_field.inc
109.03.24 03:35 B C:\Inetpub\wwwroot\lagervarer.dk\sites\all\modules\cck\includes\views\handlers\content_handler_field_multiple.inc --> ftp.lagervarer.dk /httpdocs/sites/all/modules/cck/includes/views/handlers content_handler_field_multiple.inc
109.03.24 03:35 B C:\Inetpub\wwwroot\lagervarer.dk\sites\all\modules\cck\includes\views\handlers\content_handler_filter_float.inc --> ftp.lagervarer.dk /httpdocs/sites/all/modules/cck/includes/views/handlers content_handler_filter_float.inc
109.03.24 03:35 B C:\Inetpub\wwwroot\lagervarer.dk\sites\all\modules\cck\includes\views\handlers\content_handler_filter_many_to_one.inc --> ftp.lagervarer.dk /httpdocs/sites/all/modules/cck/includes/views/handlers content_handler_filter_many_to_one.inc
109.03.24 03:35 B C:\Inetpub\wwwroot\lagervarer.dk\sites\all\modules\cck\includes\views\handlers\content_handler_filter_numeric.inc --> ftp.lagervarer.dk /httpdocs/sites/all/modules/cck/includes/views/handlers content_handler_filter_numeric.inc
109.03.24 03:35 B C:\Inetpub\wwwroot\lagervarer.dk\sites\all\modules\cck\includes\views\handlers\content_handler_filter_string.inc --> ftp.lagervarer.dk /httpdocs/sites/all/modules/cck/includes/views/handlers content_handler_filter_string.inc
109.03.24 03:35 B C:\Inetpub\wwwroot\lagervarer.dk\sites\all\modules\cck\includes\views\handlers\content_handler_relationship.inc --> ftp.lagervarer.dk /httpdocs/sites/all/modules/cck/includes/views/handlers content_handler_relationship.inc
109.03.24 03:35 B C:\Inetpub\wwwroot\lagervarer.dk\sites\all\modules\cck\includes\views\handlers\content_handler_sort.inc --> ftp.lagervarer.dk /httpdocs/sites/all/modules/cck/includes/views/handlers content_handler_sort.inc
109.03.24 03:35 B C:\Inetpub\wwwroot\lagervarer.dk\sites\all\modules\cck\includes\views\handlers\content_plugin_display_simple.inc --> ftp.lagervarer.dk /httpdocs/sites/all/modules/cck/includes/views/handlers content_plugin_display_simple.inc
109.03.24 03:35 B C:\Inetpub\wwwroot\lagervarer.dk\sites\all\modules\cck\includes\views\handlers\content_plugin_style_php_array_ac.inc --> ftp.lagervarer.dk /httpdocs/sites/all/modules/cck/includes/views/handlers content_plugin_style_php_array_ac.inc
