109.02.17 14:18 B C:\Inetpub\wwwroot\lagervarer.dk\sites\all\modules\ubercart\uc_catalog\uc_catalog.admin.inc --> ftp.lagervarer.dk /httpdocs/sites/all/modules/ubercart/uc_catalog uc_catalog.admin.inc
109.02.17 14:18 B C:\Inetpub\wwwroot\lagervarer.dk\sites\all\modules\ubercart\uc_catalog\uc_catalog.css --> ftp.lagervarer.dk /httpdocs/sites/all/modules/ubercart/uc_catalog uc_catalog.css
109.02.17 14:18 B C:\Inetpub\wwwroot\lagervarer.dk\sites\all\modules\ubercart\uc_catalog\uc_catalog.info --> ftp.lagervarer.dk /httpdocs/sites/all/modules/ubercart/uc_catalog uc_catalog.info
109.02.17 14:18 B C:\Inetpub\wwwroot\lagervarer.dk\sites\all\modules\ubercart\uc_catalog\uc_catalog.install --> ftp.lagervarer.dk /httpdocs/sites/all/modules/ubercart/uc_catalog uc_catalog.install
109.02.17 14:18 B C:\Inetpub\wwwroot\lagervarer.dk\sites\all\modules\ubercart\uc_catalog\uc_catalog.module --> ftp.lagervarer.dk /httpdocs/sites/all/modules/ubercart/uc_catalog uc_catalog.module
109.02.17 14:18 B C:\Inetpub\wwwroot\lagervarer.dk\sites\all\modules\ubercart\uc_catalog\uc_catalog.pages.inc --> ftp.lagervarer.dk /httpdocs/sites/all/modules/ubercart/uc_catalog uc_catalog.pages.inc
109.03.06 22:58 B C:\Inetpub\wwwroot\lagervarer.dk\sites\all\modules\ubercart\uc_catalog\uc_catalog.pages.inc.bak <-- Lagervarer.dk /httpdocs/sites/all/modules/ubercart/uc_catalog uc_catalog.pages.inc.bak
109.03.06 22:58 B C:\Inetpub\wwwroot\lagervarer.dk\sites\all\modules\ubercart\uc_catalog\uc_catalog.pages.inc --> ftp.lagervarer.dk /httpdocs/sites/all/modules/ubercart/uc_catalog uc_catalog.pages.inc
109.03.06 22:58 B C:\Inetpub\wwwroot\lagervarer.dk\sites\all\modules\ubercart\uc_catalog\uc_catalog.pages.inc --> ftp.lagervarer.dk /httpdocs/sites/all/modules/ubercart/uc_catalog uc_catalog.pages.inc
109.03.06 23:01 B C:\Inetpub\wwwroot\lagervarer.dk\sites\all\modules\ubercart\uc_catalog\uc_catalog.pages.inc --> ftp.lagervarer.dk /httpdocs/sites/all/modules/ubercart/uc_catalog uc_catalog.pages.inc
109.03.24 03:30 B C:\Inetpub\wwwroot\lagervarer.dk\sites\all\modules\ubercart\uc_catalog\uc_catalog.admin.inc --> ftp.lagervarer.dk /httpdocs/sites/all/modules/ubercart/uc_catalog uc_catalog.admin.inc
109.03.24 03:30 B C:\Inetpub\wwwroot\lagervarer.dk\sites\all\modules\ubercart\uc_catalog\uc_catalog.css --> ftp.lagervarer.dk /httpdocs/sites/all/modules/ubercart/uc_catalog uc_catalog.css
109.03.24 03:30 B C:\Inetpub\wwwroot\lagervarer.dk\sites\all\modules\ubercart\uc_catalog\uc_catalog.info --> ftp.lagervarer.dk /httpdocs/sites/all/modules/ubercart/uc_catalog uc_catalog.info
109.03.24 03:30 B C:\Inetpub\wwwroot\lagervarer.dk\sites\all\modules\ubercart\uc_catalog\uc_catalog.install --> ftp.lagervarer.dk /httpdocs/sites/all/modules/ubercart/uc_catalog uc_catalog.install
109.03.24 03:30 B C:\Inetpub\wwwroot\lagervarer.dk\sites\all\modules\ubercart\uc_catalog\uc_catalog.module --> ftp.lagervarer.dk /httpdocs/sites/all/modules/ubercart/uc_catalog uc_catalog.module
109.03.24 03:30 B C:\Inetpub\wwwroot\lagervarer.dk\sites\all\modules\ubercart\uc_catalog\uc_catalog.pages.inc --> ftp.lagervarer.dk /httpdocs/sites/all/modules/ubercart/uc_catalog uc_catalog.pages.inc
109.03.24 03:30 B C:\Inetpub\wwwroot\lagervarer.dk\sites\all\modules\ubercart\uc_catalog\uc_catalog.pages.inc.bak --> ftp.lagervarer.dk /httpdocs/sites/all/modules/ubercart/uc_catalog uc_catalog.pages.inc.bak
109.03.24 03:30 B C:\Inetpub\wwwroot\lagervarer.dk\sites\all\modules\ubercart\uc_catalog\WS_FTP.LOG --> ftp.lagervarer.dk /httpdocs/sites/all/modules/ubercart/uc_catalog WS_FTP.LOG
109.04.05 01:13 B C:\Inetpub\wwwroot\lagervarer.dk\sites\all\modules\ubercart\uc_catalog\uc_catalog.module --> ftp.lagervarer.dk /httpdocs/sites/all/modules/ubercart/uc_catalog uc_catalog.module
109.04.09 13:24 B C:\Inetpub\wwwroot\lagervarer.dk\sites\all\modules\ubercart\uc_catalog\uc_catalog.admin.inc --> ftp.lagervarer.dk /httpdocs/sites/all/modules/ubercart/uc_catalog uc_catalog.admin.inc
109.04.09 13:24 B C:\Inetpub\wwwroot\lagervarer.dk\sites\all\modules\ubercart\uc_catalog\uc_catalog.css --> ftp.lagervarer.dk /httpdocs/sites/all/modules/ubercart/uc_catalog uc_catalog.css
109.04.09 13:24 B C:\Inetpub\wwwroot\lagervarer.dk\sites\all\modules\ubercart\uc_catalog\uc_catalog.info --> ftp.lagervarer.dk /httpdocs/sites/all/modules/ubercart/uc_catalog uc_catalog.info
109.04.09 13:24 B C:\Inetpub\wwwroot\lagervarer.dk\sites\all\modules\ubercart\uc_catalog\uc_catalog.install --> ftp.lagervarer.dk /httpdocs/sites/all/modules/ubercart/uc_catalog uc_catalog.install
109.04.09 13:24 B C:\Inetpub\wwwroot\lagervarer.dk\sites\all\modules\ubercart\uc_catalog\uc_catalog.module --> ftp.lagervarer.dk /httpdocs/sites/all/modules/ubercart/uc_catalog uc_catalog.module
109.04.09 13:24 B C:\Inetpub\wwwroot\lagervarer.dk\sites\all\modules\ubercart\uc_catalog\uc_catalog.pages.inc --> ftp.lagervarer.dk /httpdocs/sites/all/modules/ubercart/uc_catalog uc_catalog.pages.inc
109.04.09 13:24 B C:\Inetpub\wwwroot\lagervarer.dk\sites\all\modules\ubercart\uc_catalog\uc_catalog.pages.inc.bak --> ftp.lagervarer.dk /httpdocs/sites/all/modules/ubercart/uc_catalog uc_catalog.pages.inc.bak
