109.02.17 14:19 B C:\Inetpub\wwwroot\lagervarer.dk\sites\all\modules\ubercart\uc_store\images\address_book.gif --> ftp.lagervarer.dk /httpdocs/sites/all/modules/ubercart/uc_store/images address_book.gif
109.02.17 14:19 B C:\Inetpub\wwwroot\lagervarer.dk\sites\all\modules\ubercart\uc_store\images\alert.gif --> ftp.lagervarer.dk /httpdocs/sites/all/modules/ubercart/uc_store/images alert.gif
109.02.17 14:19 B C:\Inetpub\wwwroot\lagervarer.dk\sites\all\modules\ubercart\uc_store\images\copy.gif --> ftp.lagervarer.dk /httpdocs/sites/all/modules/ubercart/uc_store/images copy.gif
109.02.17 14:19 B C:\Inetpub\wwwroot\lagervarer.dk\sites\all\modules\ubercart\uc_store\images\error.gif --> ftp.lagervarer.dk /httpdocs/sites/all/modules/ubercart/uc_store/images error.gif
109.02.17 14:19 B C:\Inetpub\wwwroot\lagervarer.dk\sites\all\modules\ubercart\uc_store\images\info.gif --> ftp.lagervarer.dk /httpdocs/sites/all/modules/ubercart/uc_store/images info.gif
109.02.17 14:19 B C:\Inetpub\wwwroot\lagervarer.dk\sites\all\modules\ubercart\uc_store\images\menu_customers.gif --> ftp.lagervarer.dk /httpdocs/sites/all/modules/ubercart/uc_store/images menu_customers.gif
109.02.17 14:19 B C:\Inetpub\wwwroot\lagervarer.dk\sites\all\modules\ubercart\uc_store\images\menu_customers_small.gif --> ftp.lagervarer.dk /httpdocs/sites/all/modules/ubercart/uc_store/images menu_customers_small.gif
109.02.17 14:19 B C:\Inetpub\wwwroot\lagervarer.dk\sites\all\modules\ubercart\uc_store\images\menu_help.gif --> ftp.lagervarer.dk /httpdocs/sites/all/modules/ubercart/uc_store/images menu_help.gif
109.02.17 14:19 B C:\Inetpub\wwwroot\lagervarer.dk\sites\all\modules\ubercart\uc_store\images\menu_help_small.gif --> ftp.lagervarer.dk /httpdocs/sites/all/modules/ubercart/uc_store/images menu_help_small.gif
109.02.17 14:19 B C:\Inetpub\wwwroot\lagervarer.dk\sites\all\modules\ubercart\uc_store\images\menu_orders.gif --> ftp.lagervarer.dk /httpdocs/sites/all/modules/ubercart/uc_store/images menu_orders.gif
109.02.17 14:19 B C:\Inetpub\wwwroot\lagervarer.dk\sites\all\modules\ubercart\uc_store\images\menu_orders_small.gif --> ftp.lagervarer.dk /httpdocs/sites/all/modules/ubercart/uc_store/images menu_orders_small.gif
109.02.17 14:19 B C:\Inetpub\wwwroot\lagervarer.dk\sites\all\modules\ubercart\uc_store\images\menu_products.gif --> ftp.lagervarer.dk /httpdocs/sites/all/modules/ubercart/uc_store/images menu_products.gif
109.02.17 14:19 B C:\Inetpub\wwwroot\lagervarer.dk\sites\all\modules\ubercart\uc_store\images\menu_products_small.gif --> ftp.lagervarer.dk /httpdocs/sites/all/modules/ubercart/uc_store/images menu_products_small.gif
109.02.17 14:19 B C:\Inetpub\wwwroot\lagervarer.dk\sites\all\modules\ubercart\uc_store\images\menu_reports.gif --> ftp.lagervarer.dk /httpdocs/sites/all/modules/ubercart/uc_store/images menu_reports.gif
109.02.17 14:19 B C:\Inetpub\wwwroot\lagervarer.dk\sites\all\modules\ubercart\uc_store\images\menu_reports_small.gif --> ftp.lagervarer.dk /httpdocs/sites/all/modules/ubercart/uc_store/images menu_reports_small.gif
109.02.17 14:19 B C:\Inetpub\wwwroot\lagervarer.dk\sites\all\modules\ubercart\uc_store\images\menu_store_settings.gif --> ftp.lagervarer.dk /httpdocs/sites/all/modules/ubercart/uc_store/images menu_store_settings.gif
109.02.17 14:19 B C:\Inetpub\wwwroot\lagervarer.dk\sites\all\modules\ubercart\uc_store\images\menu_store_settings_small.gif --> ftp.lagervarer.dk /httpdocs/sites/all/modules/ubercart/uc_store/images menu_store_settings_small.gif
109.02.17 14:19 B C:\Inetpub\wwwroot\lagervarer.dk\sites\all\modules\ubercart\uc_store\images\order_delete.gif --> ftp.lagervarer.dk /httpdocs/sites/all/modules/ubercart/uc_store/images order_delete.gif
109.02.17 14:19 B C:\Inetpub\wwwroot\lagervarer.dk\sites\all\modules\ubercart\uc_store\images\order_edit.gif --> ftp.lagervarer.dk /httpdocs/sites/all/modules/ubercart/uc_store/images order_edit.gif
109.02.17 14:19 B C:\Inetpub\wwwroot\lagervarer.dk\sites\all\modules\ubercart\uc_store\images\order_view.gif --> ftp.lagervarer.dk /httpdocs/sites/all/modules/ubercart/uc_store/images order_view.gif
109.02.17 14:19 B C:\Inetpub\wwwroot\lagervarer.dk\sites\all\modules\ubercart\uc_store\images\print.gif --> ftp.lagervarer.dk /httpdocs/sites/all/modules/ubercart/uc_store/images print.gif
109.02.17 14:19 B C:\Inetpub\wwwroot\lagervarer.dk\sites\all\modules\ubercart\uc_store\images\store_monitor.gif --> ftp.lagervarer.dk /httpdocs/sites/all/modules/ubercart/uc_store/images store_monitor.gif
109.02.17 14:19 B C:\Inetpub\wwwroot\lagervarer.dk\sites\all\modules\ubercart\uc_store\images\store_monitor_small.gif --> ftp.lagervarer.dk /httpdocs/sites/all/modules/ubercart/uc_store/images store_monitor_small.gif
109.03.24 03:31 B C:\Inetpub\wwwroot\lagervarer.dk\sites\all\modules\ubercart\uc_store\images\address_book.gif --> ftp.lagervarer.dk /httpdocs/sites/all/modules/ubercart/uc_store/images address_book.gif
109.03.24 03:31 B C:\Inetpub\wwwroot\lagervarer.dk\sites\all\modules\ubercart\uc_store\images\alert.gif --> ftp.lagervarer.dk /httpdocs/sites/all/modules/ubercart/uc_store/images alert.gif
109.03.24 03:31 B C:\Inetpub\wwwroot\lagervarer.dk\sites\all\modules\ubercart\uc_store\images\copy.gif --> ftp.lagervarer.dk /httpdocs/sites/all/modules/ubercart/uc_store/images copy.gif
109.03.24 03:31 B C:\Inetpub\wwwroot\lagervarer.dk\sites\all\modules\ubercart\uc_store\images\error.gif --> ftp.lagervarer.dk /httpdocs/sites/all/modules/ubercart/uc_store/images error.gif
109.03.24 03:31 B C:\Inetpub\wwwroot\lagervarer.dk\sites\all\modules\ubercart\uc_store\images\info.gif --> ftp.lagervarer.dk /httpdocs/sites/all/modules/ubercart/uc_store/images info.gif
109.03.24 03:31 B C:\Inetpub\wwwroot\lagervarer.dk\sites\all\modules\ubercart\uc_store\images\menu_customers.gif --> ftp.lagervarer.dk /httpdocs/sites/all/modules/ubercart/uc_store/images menu_customers.gif
109.03.24 03:31 B C:\Inetpub\wwwroot\lagervarer.dk\sites\all\modules\ubercart\uc_store\images\menu_customers_small.gif --> ftp.lagervarer.dk /httpdocs/sites/all/modules/ubercart/uc_store/images menu_customers_small.gif
109.03.24 03:31 B C:\Inetpub\wwwroot\lagervarer.dk\sites\all\modules\ubercart\uc_store\images\menu_help.gif --> ftp.lagervarer.dk /httpdocs/sites/all/modules/ubercart/uc_store/images menu_help.gif
109.03.24 03:31 B C:\Inetpub\wwwroot\lagervarer.dk\sites\all\modules\ubercart\uc_store\images\menu_help_small.gif --> ftp.lagervarer.dk /httpdocs/sites/all/modules/ubercart/uc_store/images menu_help_small.gif
109.03.24 03:31 B C:\Inetpub\wwwroot\lagervarer.dk\sites\all\modules\ubercart\uc_store\images\menu_orders.gif --> ftp.lagervarer.dk /httpdocs/sites/all/modules/ubercart/uc_store/images menu_orders.gif
109.03.24 03:31 B C:\Inetpub\wwwroot\lagervarer.dk\sites\all\modules\ubercart\uc_store\images\menu_orders_small.gif --> ftp.lagervarer.dk /httpdocs/sites/all/modules/ubercart/uc_store/images menu_orders_small.gif
109.03.24 03:31 B C:\Inetpub\wwwroot\lagervarer.dk\sites\all\modules\ubercart\uc_store\images\menu_products.gif --> ftp.lagervarer.dk /httpdocs/sites/all/modules/ubercart/uc_store/images menu_products.gif
109.03.24 03:31 B C:\Inetpub\wwwroot\lagervarer.dk\sites\all\modules\ubercart\uc_store\images\menu_products_small.gif --> ftp.lagervarer.dk /httpdocs/sites/all/modules/ubercart/uc_store/images menu_products_small.gif
109.03.24 03:31 B C:\Inetpub\wwwroot\lagervarer.dk\sites\all\modules\ubercart\uc_store\images\menu_reports.gif --> ftp.lagervarer.dk /httpdocs/sites/all/modules/ubercart/uc_store/images menu_reports.gif
109.03.24 03:31 B C:\Inetpub\wwwroot\lagervarer.dk\sites\all\modules\ubercart\uc_store\images\menu_reports_small.gif --> ftp.lagervarer.dk /httpdocs/sites/all/modules/ubercart/uc_store/images menu_reports_small.gif
109.03.24 03:31 B C:\Inetpub\wwwroot\lagervarer.dk\sites\all\modules\ubercart\uc_store\images\menu_store_settings.gif --> ftp.lagervarer.dk /httpdocs/sites/all/modules/ubercart/uc_store/images menu_store_settings.gif
109.03.24 03:31 B C:\Inetpub\wwwroot\lagervarer.dk\sites\all\modules\ubercart\uc_store\images\menu_store_settings_small.gif --> ftp.lagervarer.dk /httpdocs/sites/all/modules/ubercart/uc_store/images menu_store_settings_small.gif
109.03.24 03:31 B C:\Inetpub\wwwroot\lagervarer.dk\sites\all\modules\ubercart\uc_store\images\order_delete.gif --> ftp.lagervarer.dk /httpdocs/sites/all/modules/ubercart/uc_store/images order_delete.gif
109.03.24 03:31 B C:\Inetpub\wwwroot\lagervarer.dk\sites\all\modules\ubercart\uc_store\images\order_edit.gif --> ftp.lagervarer.dk /httpdocs/sites/all/modules/ubercart/uc_store/images order_edit.gif
109.03.24 03:31 B C:\Inetpub\wwwroot\lagervarer.dk\sites\all\modules\ubercart\uc_store\images\order_view.gif --> ftp.lagervarer.dk /httpdocs/sites/all/modules/ubercart/uc_store/images order_view.gif
109.03.24 03:31 B C:\Inetpub\wwwroot\lagervarer.dk\sites\all\modules\ubercart\uc_store\images\print.gif --> ftp.lagervarer.dk /httpdocs/sites/all/modules/ubercart/uc_store/images print.gif
109.03.24 03:31 B C:\Inetpub\wwwroot\lagervarer.dk\sites\all\modules\ubercart\uc_store\images\store_monitor.gif --> ftp.lagervarer.dk /httpdocs/sites/all/modules/ubercart/uc_store/images store_monitor.gif
109.03.24 03:31 B C:\Inetpub\wwwroot\lagervarer.dk\sites\all\modules\ubercart\uc_store\images\store_monitor_small.gif --> ftp.lagervarer.dk /httpdocs/sites/all/modules/ubercart/uc_store/images store_monitor_small.gif
109.03.24 03:31 B C:\Inetpub\wwwroot\lagervarer.dk\sites\all\modules\ubercart\uc_store\images\throbber.gif --> ftp.lagervarer.dk /httpdocs/sites/all/modules/ubercart/uc_store/images throbber.gif
109.03.24 03:31 B C:\Inetpub\wwwroot\lagervarer.dk\sites\all\modules\ubercart\uc_store\images\WS_FTP.LOG --> ftp.lagervarer.dk /httpdocs/sites/all/modules/ubercart/uc_store/images WS_FTP.LOG
109.04.09 13:25 B C:\Inetpub\wwwroot\lagervarer.dk\sites\all\modules\ubercart\uc_store\images\address_book.gif --> ftp.lagervarer.dk /httpdocs/sites/all/modules/ubercart/uc_store/images address_book.gif
109.04.09 13:25 B C:\Inetpub\wwwroot\lagervarer.dk\sites\all\modules\ubercart\uc_store\images\alert.gif --> ftp.lagervarer.dk /httpdocs/sites/all/modules/ubercart/uc_store/images alert.gif
109.04.09 13:25 B C:\Inetpub\wwwroot\lagervarer.dk\sites\all\modules\ubercart\uc_store\images\copy.gif --> ftp.lagervarer.dk /httpdocs/sites/all/modules/ubercart/uc_store/images copy.gif
109.04.09 13:25 B C:\Inetpub\wwwroot\lagervarer.dk\sites\all\modules\ubercart\uc_store\images\error.gif --> ftp.lagervarer.dk /httpdocs/sites/all/modules/ubercart/uc_store/images error.gif
109.04.09 13:25 B C:\Inetpub\wwwroot\lagervarer.dk\sites\all\modules\ubercart\uc_store\images\info.gif --> ftp.lagervarer.dk /httpdocs/sites/all/modules/ubercart/uc_store/images info.gif
109.04.09 13:25 B C:\Inetpub\wwwroot\lagervarer.dk\sites\all\modules\ubercart\uc_store\images\menu_customers.gif --> ftp.lagervarer.dk /httpdocs/sites/all/modules/ubercart/uc_store/images menu_customers.gif
109.04.09 13:25 B C:\Inetpub\wwwroot\lagervarer.dk\sites\all\modules\ubercart\uc_store\images\menu_customers_small.gif --> ftp.lagervarer.dk /httpdocs/sites/all/modules/ubercart/uc_store/images menu_customers_small.gif
109.04.09 13:25 B C:\Inetpub\wwwroot\lagervarer.dk\sites\all\modules\ubercart\uc_store\images\menu_help.gif --> ftp.lagervarer.dk /httpdocs/sites/all/modules/ubercart/uc_store/images menu_help.gif
109.04.09 13:25 B C:\Inetpub\wwwroot\lagervarer.dk\sites\all\modules\ubercart\uc_store\images\menu_help_small.gif --> ftp.lagervarer.dk /httpdocs/sites/all/modules/ubercart/uc_store/images menu_help_small.gif
109.04.09 13:25 B C:\Inetpub\wwwroot\lagervarer.dk\sites\all\modules\ubercart\uc_store\images\menu_orders.gif --> ftp.lagervarer.dk /httpdocs/sites/all/modules/ubercart/uc_store/images menu_orders.gif
109.04.09 13:25 B C:\Inetpub\wwwroot\lagervarer.dk\sites\all\modules\ubercart\uc_store\images\menu_orders_small.gif --> ftp.lagervarer.dk /httpdocs/sites/all/modules/ubercart/uc_store/images menu_orders_small.gif
109.04.09 13:25 B C:\Inetpub\wwwroot\lagervarer.dk\sites\all\modules\ubercart\uc_store\images\menu_products.gif --> ftp.lagervarer.dk /httpdocs/sites/all/modules/ubercart/uc_store/images menu_products.gif
109.04.09 13:25 B C:\Inetpub\wwwroot\lagervarer.dk\sites\all\modules\ubercart\uc_store\images\menu_products_small.gif --> ftp.lagervarer.dk /httpdocs/sites/all/modules/ubercart/uc_store/images menu_products_small.gif
109.04.09 13:25 B C:\Inetpub\wwwroot\lagervarer.dk\sites\all\modules\ubercart\uc_store\images\menu_reports.gif --> ftp.lagervarer.dk /httpdocs/sites/all/modules/ubercart/uc_store/images menu_reports.gif
109.04.09 13:25 B C:\Inetpub\wwwroot\lagervarer.dk\sites\all\modules\ubercart\uc_store\images\menu_reports_small.gif --> ftp.lagervarer.dk /httpdocs/sites/all/modules/ubercart/uc_store/images menu_reports_small.gif
109.04.09 13:25 B C:\Inetpub\wwwroot\lagervarer.dk\sites\all\modules\ubercart\uc_store\images\menu_store_settings.gif --> ftp.lagervarer.dk /httpdocs/sites/all/modules/ubercart/uc_store/images menu_store_settings.gif
109.04.09 13:25 B C:\Inetpub\wwwroot\lagervarer.dk\sites\all\modules\ubercart\uc_store\images\menu_store_settings_small.gif --> ftp.lagervarer.dk /httpdocs/sites/all/modules/ubercart/uc_store/images menu_store_settings_small.gif
109.04.09 13:25 B C:\Inetpub\wwwroot\lagervarer.dk\sites\all\modules\ubercart\uc_store\images\order_delete.gif --> ftp.lagervarer.dk /httpdocs/sites/all/modules/ubercart/uc_store/images order_delete.gif
109.04.09 13:25 B C:\Inetpub\wwwroot\lagervarer.dk\sites\all\modules\ubercart\uc_store\images\order_edit.gif --> ftp.lagervarer.dk /httpdocs/sites/all/modules/ubercart/uc_store/images order_edit.gif
109.04.09 13:25 B C:\Inetpub\wwwroot\lagervarer.dk\sites\all\modules\ubercart\uc_store\images\order_view.gif --> ftp.lagervarer.dk /httpdocs/sites/all/modules/ubercart/uc_store/images order_view.gif
109.04.09 13:25 B C:\Inetpub\wwwroot\lagervarer.dk\sites\all\modules\ubercart\uc_store\images\print.gif --> ftp.lagervarer.dk /httpdocs/sites/all/modules/ubercart/uc_store/images print.gif
109.04.09 13:25 B C:\Inetpub\wwwroot\lagervarer.dk\sites\all\modules\ubercart\uc_store\images\store_monitor.gif --> ftp.lagervarer.dk /httpdocs/sites/all/modules/ubercart/uc_store/images store_monitor.gif
109.04.09 13:25 B C:\Inetpub\wwwroot\lagervarer.dk\sites\all\modules\ubercart\uc_store\images\store_monitor_small.gif --> ftp.lagervarer.dk /httpdocs/sites/all/modules/ubercart/uc_store/images store_monitor_small.gif
109.04.09 13:25 B C:\Inetpub\wwwroot\lagervarer.dk\sites\all\modules\ubercart\uc_store\images\throbber.gif --> ftp.lagervarer.dk /httpdocs/sites/all/modules/ubercart/uc_store/images throbber.gif
