109.01.30 15:19 B C:\Inetpub\wwwroot\lagervarer.dk\sites\all\modules\imagecache\imagecache.info --> ftp.lagervarer.dk /httpdocs/sites/all/modules/imagecache imagecache.info
109.01.30 15:19 B C:\Inetpub\wwwroot\lagervarer.dk\sites\all\modules\imagecache\imagecache.install --> ftp.lagervarer.dk /httpdocs/sites/all/modules/imagecache imagecache.install
109.01.30 15:19 B C:\Inetpub\wwwroot\lagervarer.dk\sites\all\modules\imagecache\imagecache.module --> ftp.lagervarer.dk /httpdocs/sites/all/modules/imagecache imagecache.module
109.01.30 15:19 B C:\Inetpub\wwwroot\lagervarer.dk\sites\all\modules\imagecache\imagecache_actions.inc --> ftp.lagervarer.dk /httpdocs/sites/all/modules/imagecache imagecache_actions.inc
109.01.30 15:19 B C:\Inetpub\wwwroot\lagervarer.dk\sites\all\modules\imagecache\imagecache_ui.info --> ftp.lagervarer.dk /httpdocs/sites/all/modules/imagecache imagecache_ui.info
109.01.30 15:19 B C:\Inetpub\wwwroot\lagervarer.dk\sites\all\modules\imagecache\imagecache_ui.install --> ftp.lagervarer.dk /httpdocs/sites/all/modules/imagecache imagecache_ui.install
109.01.30 15:19 B C:\Inetpub\wwwroot\lagervarer.dk\sites\all\modules\imagecache\imagecache_ui.module --> ftp.lagervarer.dk /httpdocs/sites/all/modules/imagecache imagecache_ui.module
109.01.30 15:19 B C:\Inetpub\wwwroot\lagervarer.dk\sites\all\modules\imagecache\INSTALL.txt --> ftp.lagervarer.dk /httpdocs/sites/all/modules/imagecache INSTALL.txt
109.01.30 15:19 B C:\Inetpub\wwwroot\lagervarer.dk\sites\all\modules\imagecache\LICENSE.txt --> ftp.lagervarer.dk /httpdocs/sites/all/modules/imagecache LICENSE.txt
109.01.30 15:19 B C:\Inetpub\wwwroot\lagervarer.dk\sites\all\modules\imagecache\README.txt --> ftp.lagervarer.dk /httpdocs/sites/all/modules/imagecache README.txt
109.01.30 15:19 B C:\Inetpub\wwwroot\lagervarer.dk\sites\all\modules\imagecache\sample.png --> ftp.lagervarer.dk /httpdocs/sites/all/modules/imagecache sample.png
109.01.30 15:19 B C:\Inetpub\wwwroot\lagervarer.dk\sites\all\modules\imagecache\UPGRADE.txt --> ftp.lagervarer.dk /httpdocs/sites/all/modules/imagecache UPGRADE.txt
109.03.24 03:37 B C:\Inetpub\wwwroot\lagervarer.dk\sites\all\modules\imagecache\imagecache.api.php --> ftp.lagervarer.dk /httpdocs/sites/all/modules/imagecache imagecache.api.php
109.03.24 03:37 B C:\Inetpub\wwwroot\lagervarer.dk\sites\all\modules\imagecache\imagecache.info --> ftp.lagervarer.dk /httpdocs/sites/all/modules/imagecache imagecache.info
109.03.24 03:37 B C:\Inetpub\wwwroot\lagervarer.dk\sites\all\modules\imagecache\imagecache.install --> ftp.lagervarer.dk /httpdocs/sites/all/modules/imagecache imagecache.install
109.03.24 03:37 B C:\Inetpub\wwwroot\lagervarer.dk\sites\all\modules\imagecache\imagecache.module --> ftp.lagervarer.dk /httpdocs/sites/all/modules/imagecache imagecache.module
109.03.24 03:37 B C:\Inetpub\wwwroot\lagervarer.dk\sites\all\modules\imagecache\imagecache_actions.inc --> ftp.lagervarer.dk /httpdocs/sites/all/modules/imagecache imagecache_actions.inc
109.03.24 03:37 B C:\Inetpub\wwwroot\lagervarer.dk\sites\all\modules\imagecache\imagecache_ui.info --> ftp.lagervarer.dk /httpdocs/sites/all/modules/imagecache imagecache_ui.info
109.03.24 03:37 B C:\Inetpub\wwwroot\lagervarer.dk\sites\all\modules\imagecache\imagecache_ui.install --> ftp.lagervarer.dk /httpdocs/sites/all/modules/imagecache imagecache_ui.install
109.03.24 03:37 B C:\Inetpub\wwwroot\lagervarer.dk\sites\all\modules\imagecache\imagecache_ui.module --> ftp.lagervarer.dk /httpdocs/sites/all/modules/imagecache imagecache_ui.module
109.03.24 03:37 B C:\Inetpub\wwwroot\lagervarer.dk\sites\all\modules\imagecache\INSTALL.txt --> ftp.lagervarer.dk /httpdocs/sites/all/modules/imagecache INSTALL.txt
109.03.24 03:37 B C:\Inetpub\wwwroot\lagervarer.dk\sites\all\modules\imagecache\LICENSE.txt --> ftp.lagervarer.dk /httpdocs/sites/all/modules/imagecache LICENSE.txt
109.03.24 03:37 B C:\Inetpub\wwwroot\lagervarer.dk\sites\all\modules\imagecache\README.txt --> ftp.lagervarer.dk /httpdocs/sites/all/modules/imagecache README.txt
109.03.24 03:37 B C:\Inetpub\wwwroot\lagervarer.dk\sites\all\modules\imagecache\sample.png --> ftp.lagervarer.dk /httpdocs/sites/all/modules/imagecache sample.png
109.03.24 03:37 B C:\Inetpub\wwwroot\lagervarer.dk\sites\all\modules\imagecache\UPGRADE.txt --> ftp.lagervarer.dk /httpdocs/sites/all/modules/imagecache UPGRADE.txt
