109.01.26 05:35 B C:\Inetpub\wwwroot\lagervarer.dk\sites\all\modules\cck\help\add-existing-field.html --> ftp.lagervarer.dk /httpdocs/sites/all/modules/cck/help add-existing-field.html
109.01.26 05:35 B C:\Inetpub\wwwroot\lagervarer.dk\sites\all\modules\cck\help\add-existing-field.png --> ftp.lagervarer.dk /httpdocs/sites/all/modules/cck/help add-existing-field.png
109.01.26 05:35 B C:\Inetpub\wwwroot\lagervarer.dk\sites\all\modules\cck\help\add-new-field.html --> ftp.lagervarer.dk /httpdocs/sites/all/modules/cck/help add-new-field.html
109.01.26 05:35 B C:\Inetpub\wwwroot\lagervarer.dk\sites\all\modules\cck\help\add-new-field.png --> ftp.lagervarer.dk /httpdocs/sites/all/modules/cck/help add-new-field.png
109.01.26 05:35 B C:\Inetpub\wwwroot\lagervarer.dk\sites\all\modules\cck\help\add-new-group.html --> ftp.lagervarer.dk /httpdocs/sites/all/modules/cck/help add-new-group.html
109.01.26 05:35 B C:\Inetpub\wwwroot\lagervarer.dk\sites\all\modules\cck\help\add-new-group.png --> ftp.lagervarer.dk /httpdocs/sites/all/modules/cck/help add-new-group.png
109.01.26 05:35 B C:\Inetpub\wwwroot\lagervarer.dk\sites\all\modules\cck\help\add-new.png --> ftp.lagervarer.dk /httpdocs/sites/all/modules/cck/help add-new.png
109.01.26 05:35 B C:\Inetpub\wwwroot\lagervarer.dk\sites\all\modules\cck\help\add.html --> ftp.lagervarer.dk /httpdocs/sites/all/modules/cck/help add.html
109.01.26 05:35 B C:\Inetpub\wwwroot\lagervarer.dk\sites\all\modules\cck\help\content.help.ini --> ftp.lagervarer.dk /httpdocs/sites/all/modules/cck/help content.help.ini
109.01.26 05:35 B C:\Inetpub\wwwroot\lagervarer.dk\sites\all\modules\cck\help\drag-groups.png --> ftp.lagervarer.dk /httpdocs/sites/all/modules/cck/help drag-groups.png
109.01.26 05:35 B C:\Inetpub\wwwroot\lagervarer.dk\sites\all\modules\cck\help\drag-new.png --> ftp.lagervarer.dk /httpdocs/sites/all/modules/cck/help drag-new.png
109.01.26 05:35 B C:\Inetpub\wwwroot\lagervarer.dk\sites\all\modules\cck\help\draggable.png --> ftp.lagervarer.dk /httpdocs/sites/all/modules/cck/help draggable.png
109.01.26 05:35 B C:\Inetpub\wwwroot\lagervarer.dk\sites\all\modules\cck\help\fields.html --> ftp.lagervarer.dk /httpdocs/sites/all/modules/cck/help fields.html
109.01.26 05:35 B C:\Inetpub\wwwroot\lagervarer.dk\sites\all\modules\cck\help\group-node-display.png --> ftp.lagervarer.dk /httpdocs/sites/all/modules/cck/help group-node-display.png
109.01.26 05:35 B C:\Inetpub\wwwroot\lagervarer.dk\sites\all\modules\cck\help\group-node-edit-form.png --> ftp.lagervarer.dk /httpdocs/sites/all/modules/cck/help group-node-edit-form.png
109.01.26 05:35 B C:\Inetpub\wwwroot\lagervarer.dk\sites\all\modules\cck\help\manage-fields.html --> ftp.lagervarer.dk /httpdocs/sites/all/modules/cck/help manage-fields.html
109.01.26 05:35 B C:\Inetpub\wwwroot\lagervarer.dk\sites\all\modules\cck\help\rearrange.html --> ftp.lagervarer.dk /httpdocs/sites/all/modules/cck/help rearrange.html
109.01.26 05:35 B C:\Inetpub\wwwroot\lagervarer.dk\sites\all\modules\cck\help\remove.html --> ftp.lagervarer.dk /httpdocs/sites/all/modules/cck/help remove.html
109.01.26 05:35 B C:\Inetpub\wwwroot\lagervarer.dk\sites\all\modules\cck\help\theme-field-templates.html --> ftp.lagervarer.dk /httpdocs/sites/all/modules/cck/help theme-field-templates.html
109.01.26 05:35 B C:\Inetpub\wwwroot\lagervarer.dk\sites\all\modules\cck\help\theme-formatters.html --> ftp.lagervarer.dk /httpdocs/sites/all/modules/cck/help theme-formatters.html
109.01.26 05:35 B C:\Inetpub\wwwroot\lagervarer.dk\sites\all\modules\cck\help\theme-node-templates.html --> ftp.lagervarer.dk /httpdocs/sites/all/modules/cck/help theme-node-templates.html
109.01.26 05:35 B C:\Inetpub\wwwroot\lagervarer.dk\sites\all\modules\cck\help\theme.html --> ftp.lagervarer.dk /httpdocs/sites/all/modules/cck/help theme.html
109.01.26 05:35 B C:\Inetpub\wwwroot\lagervarer.dk\sites\all\modules\cck\help\theme.png --> ftp.lagervarer.dk /httpdocs/sites/all/modules/cck/help theme.png
109.03.24 03:35 B C:\Inetpub\wwwroot\lagervarer.dk\sites\all\modules\cck\help\add-existing-field.html --> ftp.lagervarer.dk /httpdocs/sites/all/modules/cck/help add-existing-field.html
109.03.24 03:35 B C:\Inetpub\wwwroot\lagervarer.dk\sites\all\modules\cck\help\add-existing-field.png --> ftp.lagervarer.dk /httpdocs/sites/all/modules/cck/help add-existing-field.png
109.03.24 03:35 B C:\Inetpub\wwwroot\lagervarer.dk\sites\all\modules\cck\help\add-new-field.html --> ftp.lagervarer.dk /httpdocs/sites/all/modules/cck/help add-new-field.html
109.03.24 03:35 B C:\Inetpub\wwwroot\lagervarer.dk\sites\all\modules\cck\help\add-new-field.png --> ftp.lagervarer.dk /httpdocs/sites/all/modules/cck/help add-new-field.png
109.03.24 03:35 B C:\Inetpub\wwwroot\lagervarer.dk\sites\all\modules\cck\help\add-new-group.html --> ftp.lagervarer.dk /httpdocs/sites/all/modules/cck/help add-new-group.html
109.03.24 03:35 B C:\Inetpub\wwwroot\lagervarer.dk\sites\all\modules\cck\help\add-new-group.png --> ftp.lagervarer.dk /httpdocs/sites/all/modules/cck/help add-new-group.png
109.03.24 03:35 B C:\Inetpub\wwwroot\lagervarer.dk\sites\all\modules\cck\help\add-new.png --> ftp.lagervarer.dk /httpdocs/sites/all/modules/cck/help add-new.png
109.03.24 03:35 B C:\Inetpub\wwwroot\lagervarer.dk\sites\all\modules\cck\help\add.html --> ftp.lagervarer.dk /httpdocs/sites/all/modules/cck/help add.html
109.03.24 03:35 B C:\Inetpub\wwwroot\lagervarer.dk\sites\all\modules\cck\help\content.help.ini --> ftp.lagervarer.dk /httpdocs/sites/all/modules/cck/help content.help.ini
109.03.24 03:35 B C:\Inetpub\wwwroot\lagervarer.dk\sites\all\modules\cck\help\drag-groups.png --> ftp.lagervarer.dk /httpdocs/sites/all/modules/cck/help drag-groups.png
109.03.24 03:35 B C:\Inetpub\wwwroot\lagervarer.dk\sites\all\modules\cck\help\drag-new.png --> ftp.lagervarer.dk /httpdocs/sites/all/modules/cck/help drag-new.png
109.03.24 03:35 B C:\Inetpub\wwwroot\lagervarer.dk\sites\all\modules\cck\help\draggable.png --> ftp.lagervarer.dk /httpdocs/sites/all/modules/cck/help draggable.png
109.03.24 03:35 B C:\Inetpub\wwwroot\lagervarer.dk\sites\all\modules\cck\help\fields.html --> ftp.lagervarer.dk /httpdocs/sites/all/modules/cck/help fields.html
109.03.24 03:35 B C:\Inetpub\wwwroot\lagervarer.dk\sites\all\modules\cck\help\group-node-display.png --> ftp.lagervarer.dk /httpdocs/sites/all/modules/cck/help group-node-display.png
109.03.24 03:35 B C:\Inetpub\wwwroot\lagervarer.dk\sites\all\modules\cck\help\group-node-edit-form.png --> ftp.lagervarer.dk /httpdocs/sites/all/modules/cck/help group-node-edit-form.png
109.03.24 03:35 B C:\Inetpub\wwwroot\lagervarer.dk\sites\all\modules\cck\help\manage-fields.html --> ftp.lagervarer.dk /httpdocs/sites/all/modules/cck/help manage-fields.html
109.03.24 03:35 B C:\Inetpub\wwwroot\lagervarer.dk\sites\all\modules\cck\help\rearrange.html --> ftp.lagervarer.dk /httpdocs/sites/all/modules/cck/help rearrange.html
109.03.24 03:35 B C:\Inetpub\wwwroot\lagervarer.dk\sites\all\modules\cck\help\remove.html --> ftp.lagervarer.dk /httpdocs/sites/all/modules/cck/help remove.html
109.03.24 03:35 B C:\Inetpub\wwwroot\lagervarer.dk\sites\all\modules\cck\help\theme-field-templates.html --> ftp.lagervarer.dk /httpdocs/sites/all/modules/cck/help theme-field-templates.html
109.03.24 03:35 B C:\Inetpub\wwwroot\lagervarer.dk\sites\all\modules\cck\help\theme-formatters.html --> ftp.lagervarer.dk /httpdocs/sites/all/modules/cck/help theme-formatters.html
109.03.24 03:35 B C:\Inetpub\wwwroot\lagervarer.dk\sites\all\modules\cck\help\theme-node-templates.html --> ftp.lagervarer.dk /httpdocs/sites/all/modules/cck/help theme-node-templates.html
109.03.24 03:35 B C:\Inetpub\wwwroot\lagervarer.dk\sites\all\modules\cck\help\theme.html --> ftp.lagervarer.dk /httpdocs/sites/all/modules/cck/help theme.html
109.03.24 03:35 B C:\Inetpub\wwwroot\lagervarer.dk\sites\all\modules\cck\help\theme.png --> ftp.lagervarer.dk /httpdocs/sites/all/modules/cck/help theme.png
