109.02.17 14:19 B C:\Inetpub\wwwroot\lagervarer.dk\sites\all\modules\ubercart\uc_store\uc_country_select.js --> ftp.lagervarer.dk /httpdocs/sites/all/modules/ubercart/uc_store uc_country_select.js
109.02.17 14:19 B C:\Inetpub\wwwroot\lagervarer.dk\sites\all\modules\ubercart\uc_store\uc_store.admin.inc --> ftp.lagervarer.dk /httpdocs/sites/all/modules/ubercart/uc_store uc_store.admin.inc
109.02.17 14:19 B C:\Inetpub\wwwroot\lagervarer.dk\sites\all\modules\ubercart\uc_store\uc_store.css --> ftp.lagervarer.dk /httpdocs/sites/all/modules/ubercart/uc_store uc_store.css
109.02.17 14:19 B C:\Inetpub\wwwroot\lagervarer.dk\sites\all\modules\ubercart\uc_store\uc_store.info --> ftp.lagervarer.dk /httpdocs/sites/all/modules/ubercart/uc_store uc_store.info
109.02.17 14:19 B C:\Inetpub\wwwroot\lagervarer.dk\sites\all\modules\ubercart\uc_store\uc_store.install --> ftp.lagervarer.dk /httpdocs/sites/all/modules/ubercart/uc_store uc_store.install
109.02.17 14:19 B C:\Inetpub\wwwroot\lagervarer.dk\sites\all\modules\ubercart\uc_store\uc_store.js --> ftp.lagervarer.dk /httpdocs/sites/all/modules/ubercart/uc_store uc_store.js
109.02.17 14:19 B C:\Inetpub\wwwroot\lagervarer.dk\sites\all\modules\ubercart\uc_store\uc_store.module --> ftp.lagervarer.dk /httpdocs/sites/all/modules/ubercart/uc_store uc_store.module
109.02.17 14:19 B C:\Inetpub\wwwroot\lagervarer.dk\sites\all\modules\ubercart\uc_store\uc_store.test --> ftp.lagervarer.dk /httpdocs/sites/all/modules/ubercart/uc_store uc_store.test
109.03.24 03:31 B C:\Inetpub\wwwroot\lagervarer.dk\sites\all\modules\ubercart\uc_store\uc_country_select.js --> ftp.lagervarer.dk /httpdocs/sites/all/modules/ubercart/uc_store uc_country_select.js
109.03.24 03:31 B C:\Inetpub\wwwroot\lagervarer.dk\sites\all\modules\ubercart\uc_store\uc_store.admin.inc --> ftp.lagervarer.dk /httpdocs/sites/all/modules/ubercart/uc_store uc_store.admin.inc
109.03.24 03:31 B C:\Inetpub\wwwroot\lagervarer.dk\sites\all\modules\ubercart\uc_store\uc_store.css --> ftp.lagervarer.dk /httpdocs/sites/all/modules/ubercart/uc_store uc_store.css
109.03.24 03:31 B C:\Inetpub\wwwroot\lagervarer.dk\sites\all\modules\ubercart\uc_store\uc_store.info --> ftp.lagervarer.dk /httpdocs/sites/all/modules/ubercart/uc_store uc_store.info
109.03.24 03:31 B C:\Inetpub\wwwroot\lagervarer.dk\sites\all\modules\ubercart\uc_store\uc_store.install --> ftp.lagervarer.dk /httpdocs/sites/all/modules/ubercart/uc_store uc_store.install
109.03.24 03:31 B C:\Inetpub\wwwroot\lagervarer.dk\sites\all\modules\ubercart\uc_store\uc_store.js --> ftp.lagervarer.dk /httpdocs/sites/all/modules/ubercart/uc_store uc_store.js
109.03.24 03:31 B C:\Inetpub\wwwroot\lagervarer.dk\sites\all\modules\ubercart\uc_store\uc_store.module --> ftp.lagervarer.dk /httpdocs/sites/all/modules/ubercart/uc_store uc_store.module
109.03.24 03:31 B C:\Inetpub\wwwroot\lagervarer.dk\sites\all\modules\ubercart\uc_store\uc_store.test --> ftp.lagervarer.dk /httpdocs/sites/all/modules/ubercart/uc_store uc_store.test
109.03.24 03:31 B C:\Inetpub\wwwroot\lagervarer.dk\sites\all\modules\ubercart\uc_store\WS_FTP.LOG --> ftp.lagervarer.dk /httpdocs/sites/all/modules/ubercart/uc_store WS_FTP.LOG
109.04.09 13:25 B C:\Inetpub\wwwroot\lagervarer.dk\sites\all\modules\ubercart\uc_store\uc_country_select.js --> ftp.lagervarer.dk /httpdocs/sites/all/modules/ubercart/uc_store uc_country_select.js
109.04.09 13:25 B C:\Inetpub\wwwroot\lagervarer.dk\sites\all\modules\ubercart\uc_store\uc_store.admin.inc --> ftp.lagervarer.dk /httpdocs/sites/all/modules/ubercart/uc_store uc_store.admin.inc
109.04.09 13:25 B C:\Inetpub\wwwroot\lagervarer.dk\sites\all\modules\ubercart\uc_store\uc_store.css --> ftp.lagervarer.dk /httpdocs/sites/all/modules/ubercart/uc_store uc_store.css
109.04.09 13:25 B C:\Inetpub\wwwroot\lagervarer.dk\sites\all\modules\ubercart\uc_store\uc_store.info --> ftp.lagervarer.dk /httpdocs/sites/all/modules/ubercart/uc_store uc_store.info
109.04.09 13:25 B C:\Inetpub\wwwroot\lagervarer.dk\sites\all\modules\ubercart\uc_store\uc_store.install --> ftp.lagervarer.dk /httpdocs/sites/all/modules/ubercart/uc_store uc_store.install
109.04.09 13:25 B C:\Inetpub\wwwroot\lagervarer.dk\sites\all\modules\ubercart\uc_store\uc_store.js --> ftp.lagervarer.dk /httpdocs/sites/all/modules/ubercart/uc_store uc_store.js
109.04.09 13:25 B C:\Inetpub\wwwroot\lagervarer.dk\sites\all\modules\ubercart\uc_store\uc_store.module --> ftp.lagervarer.dk /httpdocs/sites/all/modules/ubercart/uc_store uc_store.module
109.04.09 13:25 B C:\Inetpub\wwwroot\lagervarer.dk\sites\all\modules\ubercart\uc_store\uc_store.test --> ftp.lagervarer.dk /httpdocs/sites/all/modules/ubercart/uc_store uc_store.test
