109.01.20 03:24 B D:\Resurser\Programmer\Drupal 6.9\drupal-6.9\themes\pushbutton\arrow-next-hover-rtl.png --> lagervarer.dk /htdocs/themes/pushbutton arrow-next-hover-rtl.png
109.01.20 03:24 B D:\Resurser\Programmer\Drupal 6.9\drupal-6.9\themes\pushbutton\arrow-next-hover.png --> lagervarer.dk /htdocs/themes/pushbutton arrow-next-hover.png
109.01.20 03:24 B D:\Resurser\Programmer\Drupal 6.9\drupal-6.9\themes\pushbutton\arrow-next-rtl.png --> lagervarer.dk /htdocs/themes/pushbutton arrow-next-rtl.png
109.01.20 03:24 B D:\Resurser\Programmer\Drupal 6.9\drupal-6.9\themes\pushbutton\arrow-next-visited-rtl.png --> lagervarer.dk /htdocs/themes/pushbutton arrow-next-visited-rtl.png
109.01.20 03:24 B D:\Resurser\Programmer\Drupal 6.9\drupal-6.9\themes\pushbutton\arrow-next-visited.png --> lagervarer.dk /htdocs/themes/pushbutton arrow-next-visited.png
109.01.20 03:24 B D:\Resurser\Programmer\Drupal 6.9\drupal-6.9\themes\pushbutton\arrow-next.png --> lagervarer.dk /htdocs/themes/pushbutton arrow-next.png
109.01.20 03:24 B D:\Resurser\Programmer\Drupal 6.9\drupal-6.9\themes\pushbutton\arrow-prev-hover-rtl.png --> lagervarer.dk /htdocs/themes/pushbutton arrow-prev-hover-rtl.png
109.01.20 03:24 B D:\Resurser\Programmer\Drupal 6.9\drupal-6.9\themes\pushbutton\arrow-prev-hover.png --> lagervarer.dk /htdocs/themes/pushbutton arrow-prev-hover.png
109.01.20 03:24 B D:\Resurser\Programmer\Drupal 6.9\drupal-6.9\themes\pushbutton\arrow-prev-rtl.png --> lagervarer.dk /htdocs/themes/pushbutton arrow-prev-rtl.png
109.01.20 03:24 B D:\Resurser\Programmer\Drupal 6.9\drupal-6.9\themes\pushbutton\arrow-prev-visited-rtl.png --> lagervarer.dk /htdocs/themes/pushbutton arrow-prev-visited-rtl.png
109.01.20 03:24 B D:\Resurser\Programmer\Drupal 6.9\drupal-6.9\themes\pushbutton\arrow-prev-visited.png --> lagervarer.dk /htdocs/themes/pushbutton arrow-prev-visited.png
109.01.20 03:24 B D:\Resurser\Programmer\Drupal 6.9\drupal-6.9\themes\pushbutton\arrow-prev.png --> lagervarer.dk /htdocs/themes/pushbutton arrow-prev.png
109.01.20 03:24 B D:\Resurser\Programmer\Drupal 6.9\drupal-6.9\themes\pushbutton\arrow-up-hover.png --> lagervarer.dk /htdocs/themes/pushbutton arrow-up-hover.png
109.01.20 03:24 B D:\Resurser\Programmer\Drupal 6.9\drupal-6.9\themes\pushbutton\arrow-up-visited.png --> lagervarer.dk /htdocs/themes/pushbutton arrow-up-visited.png
109.01.20 03:24 B D:\Resurser\Programmer\Drupal 6.9\drupal-6.9\themes\pushbutton\arrow-up.png --> lagervarer.dk /htdocs/themes/pushbutton arrow-up.png
109.01.20 03:24 B D:\Resurser\Programmer\Drupal 6.9\drupal-6.9\themes\pushbutton\background.png --> lagervarer.dk /htdocs/themes/pushbutton background.png
109.01.20 03:24 B D:\Resurser\Programmer\Drupal 6.9\drupal-6.9\themes\pushbutton\block.tpl.php --> lagervarer.dk /htdocs/themes/pushbutton block.tpl.php
109.01.20 03:24 B D:\Resurser\Programmer\Drupal 6.9\drupal-6.9\themes\pushbutton\box.tpl.php --> lagervarer.dk /htdocs/themes/pushbutton box.tpl.php
109.01.20 03:24 B D:\Resurser\Programmer\Drupal 6.9\drupal-6.9\themes\pushbutton\comment.tpl.php --> lagervarer.dk /htdocs/themes/pushbutton comment.tpl.php
109.01.20 03:24 B D:\Resurser\Programmer\Drupal 6.9\drupal-6.9\themes\pushbutton\forum-container-rtl.jpg --> lagervarer.dk /htdocs/themes/pushbutton forum-container-rtl.jpg
109.01.20 03:24 B D:\Resurser\Programmer\Drupal 6.9\drupal-6.9\themes\pushbutton\forum-container.jpg --> lagervarer.dk /htdocs/themes/pushbutton forum-container.jpg
109.01.20 03:24 B D:\Resurser\Programmer\Drupal 6.9\drupal-6.9\themes\pushbutton\forum-link-rtl.png --> lagervarer.dk /htdocs/themes/pushbutton forum-link-rtl.png
109.01.20 03:24 B D:\Resurser\Programmer\Drupal 6.9\drupal-6.9\themes\pushbutton\forum-link.png --> lagervarer.dk /htdocs/themes/pushbutton forum-link.png
109.01.20 03:24 B D:\Resurser\Programmer\Drupal 6.9\drupal-6.9\themes\pushbutton\header-a.jpg --> lagervarer.dk /htdocs/themes/pushbutton header-a.jpg
109.01.20 03:24 B D:\Resurser\Programmer\Drupal 6.9\drupal-6.9\themes\pushbutton\header-b-rtl.jpg --> lagervarer.dk /htdocs/themes/pushbutton header-b-rtl.jpg
109.01.20 03:24 B D:\Resurser\Programmer\Drupal 6.9\drupal-6.9\themes\pushbutton\header-b.jpg --> lagervarer.dk /htdocs/themes/pushbutton header-b.jpg
109.01.20 03:24 B D:\Resurser\Programmer\Drupal 6.9\drupal-6.9\themes\pushbutton\header-c.png --> lagervarer.dk /htdocs/themes/pushbutton header-c.png
109.01.20 03:24 B D:\Resurser\Programmer\Drupal 6.9\drupal-6.9\themes\pushbutton\icon-block-rtl.png --> lagervarer.dk /htdocs/themes/pushbutton icon-block-rtl.png
109.01.20 03:24 B D:\Resurser\Programmer\Drupal 6.9\drupal-6.9\themes\pushbutton\icon-block.png --> lagervarer.dk /htdocs/themes/pushbutton icon-block.png
109.01.20 03:24 B D:\Resurser\Programmer\Drupal 6.9\drupal-6.9\themes\pushbutton\icon-comment-rtl.png --> lagervarer.dk /htdocs/themes/pushbutton icon-comment-rtl.png
109.01.20 03:24 B D:\Resurser\Programmer\Drupal 6.9\drupal-6.9\themes\pushbutton\icon-comment.png --> lagervarer.dk /htdocs/themes/pushbutton icon-comment.png
109.01.20 03:24 B D:\Resurser\Programmer\Drupal 6.9\drupal-6.9\themes\pushbutton\logo-active-rtl.jpg --> lagervarer.dk /htdocs/themes/pushbutton logo-active-rtl.jpg
109.01.20 03:24 B D:\Resurser\Programmer\Drupal 6.9\drupal-6.9\themes\pushbutton\logo-active.jpg --> lagervarer.dk /htdocs/themes/pushbutton logo-active.jpg
109.01.20 03:24 B D:\Resurser\Programmer\Drupal 6.9\drupal-6.9\themes\pushbutton\logo-background-rtl.jpg --> lagervarer.dk /htdocs/themes/pushbutton logo-background-rtl.jpg
109.01.20 03:24 B D:\Resurser\Programmer\Drupal 6.9\drupal-6.9\themes\pushbutton\logo-background.jpg --> lagervarer.dk /htdocs/themes/pushbutton logo-background.jpg
109.01.20 03:24 B D:\Resurser\Programmer\Drupal 6.9\drupal-6.9\themes\pushbutton\logo-hover-rtl.jpg --> lagervarer.dk /htdocs/themes/pushbutton logo-hover-rtl.jpg
109.01.20 03:24 B D:\Resurser\Programmer\Drupal 6.9\drupal-6.9\themes\pushbutton\logo-hover.jpg --> lagervarer.dk /htdocs/themes/pushbutton logo-hover.jpg
109.01.20 03:24 B D:\Resurser\Programmer\Drupal 6.9\drupal-6.9\themes\pushbutton\logo.png --> lagervarer.dk /htdocs/themes/pushbutton logo.png
109.01.20 03:24 B D:\Resurser\Programmer\Drupal 6.9\drupal-6.9\themes\pushbutton\node.tpl.php --> lagervarer.dk /htdocs/themes/pushbutton node.tpl.php
109.01.20 03:24 B D:\Resurser\Programmer\Drupal 6.9\drupal-6.9\themes\pushbutton\page.tpl.php --> lagervarer.dk /htdocs/themes/pushbutton page.tpl.php
109.01.20 03:24 B D:\Resurser\Programmer\Drupal 6.9\drupal-6.9\themes\pushbutton\pushbutton.info --> lagervarer.dk /htdocs/themes/pushbutton pushbutton.info
109.01.20 03:24 B D:\Resurser\Programmer\Drupal 6.9\drupal-6.9\themes\pushbutton\screenshot.png --> lagervarer.dk /htdocs/themes/pushbutton screenshot.png
109.01.20 03:24 B D:\Resurser\Programmer\Drupal 6.9\drupal-6.9\themes\pushbutton\style-rtl.css --> lagervarer.dk /htdocs/themes/pushbutton style-rtl.css
109.01.20 03:24 B D:\Resurser\Programmer\Drupal 6.9\drupal-6.9\themes\pushbutton\style.css --> lagervarer.dk /htdocs/themes/pushbutton style.css
109.01.20 03:24 B D:\Resurser\Programmer\Drupal 6.9\drupal-6.9\themes\pushbutton\tabs-off-rtl.png --> lagervarer.dk /htdocs/themes/pushbutton tabs-off-rtl.png
109.01.20 03:24 B D:\Resurser\Programmer\Drupal 6.9\drupal-6.9\themes\pushbutton\tabs-off.png --> lagervarer.dk /htdocs/themes/pushbutton tabs-off.png
109.01.20 03:24 B D:\Resurser\Programmer\Drupal 6.9\drupal-6.9\themes\pushbutton\tabs-on-rtl.png --> lagervarer.dk /htdocs/themes/pushbutton tabs-on-rtl.png
109.01.20 03:24 B D:\Resurser\Programmer\Drupal 6.9\drupal-6.9\themes\pushbutton\tabs-on.png --> lagervarer.dk /htdocs/themes/pushbutton tabs-on.png
109.01.20 03:24 B D:\Resurser\Programmer\Drupal 6.9\drupal-6.9\themes\pushbutton\tabs-option-hover-rtl.png --> lagervarer.dk /htdocs/themes/pushbutton tabs-option-hover-rtl.png
109.01.20 03:24 B D:\Resurser\Programmer\Drupal 6.9\drupal-6.9\themes\pushbutton\tabs-option-hover.png --> lagervarer.dk /htdocs/themes/pushbutton tabs-option-hover.png
109.01.20 03:24 B D:\Resurser\Programmer\Drupal 6.9\drupal-6.9\themes\pushbutton\tabs-option-off-rtl.png --> lagervarer.dk /htdocs/themes/pushbutton tabs-option-off-rtl.png
109.01.20 03:24 B D:\Resurser\Programmer\Drupal 6.9\drupal-6.9\themes\pushbutton\tabs-option-off.png --> lagervarer.dk /htdocs/themes/pushbutton tabs-option-off.png
109.01.20 03:24 B D:\Resurser\Programmer\Drupal 6.9\drupal-6.9\themes\pushbutton\tabs-option-on.png --> lagervarer.dk /htdocs/themes/pushbutton tabs-option-on.png
109.01.24 16:23 B D:\Resurser\Programmer\Drupal 6.9\drupal-6.9\themes\pushbutton\arrow-next-hover-rtl.png --> ftp.lagervarer.dk /httpdocs/themes/pushbutton arrow-next-hover-rtl.png
109.01.24 16:23 B D:\Resurser\Programmer\Drupal 6.9\drupal-6.9\themes\pushbutton\arrow-next-hover.png --> ftp.lagervarer.dk /httpdocs/themes/pushbutton arrow-next-hover.png
109.01.24 16:23 B D:\Resurser\Programmer\Drupal 6.9\drupal-6.9\themes\pushbutton\arrow-next-rtl.png --> ftp.lagervarer.dk /httpdocs/themes/pushbutton arrow-next-rtl.png
109.01.24 16:23 B D:\Resurser\Programmer\Drupal 6.9\drupal-6.9\themes\pushbutton\arrow-next-visited-rtl.png --> ftp.lagervarer.dk /httpdocs/themes/pushbutton arrow-next-visited-rtl.png
109.01.24 16:23 B D:\Resurser\Programmer\Drupal 6.9\drupal-6.9\themes\pushbutton\arrow-next-visited.png --> ftp.lagervarer.dk /httpdocs/themes/pushbutton arrow-next-visited.png
109.01.24 16:23 B D:\Resurser\Programmer\Drupal 6.9\drupal-6.9\themes\pushbutton\arrow-next.png --> ftp.lagervarer.dk /httpdocs/themes/pushbutton arrow-next.png
109.01.24 16:23 B D:\Resurser\Programmer\Drupal 6.9\drupal-6.9\themes\pushbutton\arrow-prev-hover-rtl.png --> ftp.lagervarer.dk /httpdocs/themes/pushbutton arrow-prev-hover-rtl.png
109.01.24 16:23 B D:\Resurser\Programmer\Drupal 6.9\drupal-6.9\themes\pushbutton\arrow-prev-hover.png --> ftp.lagervarer.dk /httpdocs/themes/pushbutton arrow-prev-hover.png
109.01.24 16:23 B D:\Resurser\Programmer\Drupal 6.9\drupal-6.9\themes\pushbutton\arrow-prev-rtl.png --> ftp.lagervarer.dk /httpdocs/themes/pushbutton arrow-prev-rtl.png
109.01.24 16:23 B D:\Resurser\Programmer\Drupal 6.9\drupal-6.9\themes\pushbutton\arrow-prev-visited-rtl.png --> ftp.lagervarer.dk /httpdocs/themes/pushbutton arrow-prev-visited-rtl.png
109.01.24 16:23 B D:\Resurser\Programmer\Drupal 6.9\drupal-6.9\themes\pushbutton\arrow-prev-visited.png --> ftp.lagervarer.dk /httpdocs/themes/pushbutton arrow-prev-visited.png
109.01.24 16:23 B D:\Resurser\Programmer\Drupal 6.9\drupal-6.9\themes\pushbutton\arrow-prev.png --> ftp.lagervarer.dk /httpdocs/themes/pushbutton arrow-prev.png
109.01.24 16:23 B D:\Resurser\Programmer\Drupal 6.9\drupal-6.9\themes\pushbutton\arrow-up-hover.png --> ftp.lagervarer.dk /httpdocs/themes/pushbutton arrow-up-hover.png
109.01.24 16:23 B D:\Resurser\Programmer\Drupal 6.9\drupal-6.9\themes\pushbutton\arrow-up-visited.png --> ftp.lagervarer.dk /httpdocs/themes/pushbutton arrow-up-visited.png
109.01.24 16:23 B D:\Resurser\Programmer\Drupal 6.9\drupal-6.9\themes\pushbutton\arrow-up.png --> ftp.lagervarer.dk /httpdocs/themes/pushbutton arrow-up.png
109.01.24 16:23 B D:\Resurser\Programmer\Drupal 6.9\drupal-6.9\themes\pushbutton\background.png --> ftp.lagervarer.dk /httpdocs/themes/pushbutton background.png
109.01.24 16:23 B D:\Resurser\Programmer\Drupal 6.9\drupal-6.9\themes\pushbutton\block.tpl.php --> ftp.lagervarer.dk /httpdocs/themes/pushbutton block.tpl.php
109.01.24 16:23 B D:\Resurser\Programmer\Drupal 6.9\drupal-6.9\themes\pushbutton\box.tpl.php --> ftp.lagervarer.dk /httpdocs/themes/pushbutton box.tpl.php
109.01.24 16:23 B D:\Resurser\Programmer\Drupal 6.9\drupal-6.9\themes\pushbutton\comment.tpl.php --> ftp.lagervarer.dk /httpdocs/themes/pushbutton comment.tpl.php
109.01.24 16:23 B D:\Resurser\Programmer\Drupal 6.9\drupal-6.9\themes\pushbutton\forum-container-rtl.jpg --> ftp.lagervarer.dk /httpdocs/themes/pushbutton forum-container-rtl.jpg
109.01.24 16:23 B D:\Resurser\Programmer\Drupal 6.9\drupal-6.9\themes\pushbutton\forum-container.jpg --> ftp.lagervarer.dk /httpdocs/themes/pushbutton forum-container.jpg
109.01.24 16:23 B D:\Resurser\Programmer\Drupal 6.9\drupal-6.9\themes\pushbutton\forum-link-rtl.png --> ftp.lagervarer.dk /httpdocs/themes/pushbutton forum-link-rtl.png
109.01.24 16:23 B D:\Resurser\Programmer\Drupal 6.9\drupal-6.9\themes\pushbutton\forum-link.png --> ftp.lagervarer.dk /httpdocs/themes/pushbutton forum-link.png
109.01.24 16:23 B D:\Resurser\Programmer\Drupal 6.9\drupal-6.9\themes\pushbutton\header-a.jpg --> ftp.lagervarer.dk /httpdocs/themes/pushbutton header-a.jpg
109.01.24 16:23 B D:\Resurser\Programmer\Drupal 6.9\drupal-6.9\themes\pushbutton\header-b-rtl.jpg --> ftp.lagervarer.dk /httpdocs/themes/pushbutton header-b-rtl.jpg
109.01.24 16:23 B D:\Resurser\Programmer\Drupal 6.9\drupal-6.9\themes\pushbutton\header-b.jpg --> ftp.lagervarer.dk /httpdocs/themes/pushbutton header-b.jpg
109.01.24 16:23 B D:\Resurser\Programmer\Drupal 6.9\drupal-6.9\themes\pushbutton\header-c.png --> ftp.lagervarer.dk /httpdocs/themes/pushbutton header-c.png
109.01.24 16:23 B D:\Resurser\Programmer\Drupal 6.9\drupal-6.9\themes\pushbutton\icon-block-rtl.png --> ftp.lagervarer.dk /httpdocs/themes/pushbutton icon-block-rtl.png
109.01.24 16:23 B D:\Resurser\Programmer\Drupal 6.9\drupal-6.9\themes\pushbutton\icon-block.png --> ftp.lagervarer.dk /httpdocs/themes/pushbutton icon-block.png
109.01.24 16:23 B D:\Resurser\Programmer\Drupal 6.9\drupal-6.9\themes\pushbutton\icon-comment-rtl.png --> ftp.lagervarer.dk /httpdocs/themes/pushbutton icon-comment-rtl.png
109.01.24 16:23 B D:\Resurser\Programmer\Drupal 6.9\drupal-6.9\themes\pushbutton\icon-comment.png --> ftp.lagervarer.dk /httpdocs/themes/pushbutton icon-comment.png
109.01.24 16:23 B D:\Resurser\Programmer\Drupal 6.9\drupal-6.9\themes\pushbutton\logo-active-rtl.jpg --> ftp.lagervarer.dk /httpdocs/themes/pushbutton logo-active-rtl.jpg
109.01.24 16:23 B D:\Resurser\Programmer\Drupal 6.9\drupal-6.9\themes\pushbutton\logo-active.jpg --> ftp.lagervarer.dk /httpdocs/themes/pushbutton logo-active.jpg
109.01.24 16:23 B D:\Resurser\Programmer\Drupal 6.9\drupal-6.9\themes\pushbutton\logo-background-rtl.jpg --> ftp.lagervarer.dk /httpdocs/themes/pushbutton logo-background-rtl.jpg
109.01.24 16:23 B D:\Resurser\Programmer\Drupal 6.9\drupal-6.9\themes\pushbutton\logo-background.jpg --> ftp.lagervarer.dk /httpdocs/themes/pushbutton logo-background.jpg
109.01.24 16:23 B D:\Resurser\Programmer\Drupal 6.9\drupal-6.9\themes\pushbutton\logo-hover-rtl.jpg --> ftp.lagervarer.dk /httpdocs/themes/pushbutton logo-hover-rtl.jpg
109.01.24 16:23 B D:\Resurser\Programmer\Drupal 6.9\drupal-6.9\themes\pushbutton\logo-hover.jpg --> ftp.lagervarer.dk /httpdocs/themes/pushbutton logo-hover.jpg
109.01.24 16:23 B D:\Resurser\Programmer\Drupal 6.9\drupal-6.9\themes\pushbutton\logo.png --> ftp.lagervarer.dk /httpdocs/themes/pushbutton logo.png
109.01.24 16:23 B D:\Resurser\Programmer\Drupal 6.9\drupal-6.9\themes\pushbutton\node.tpl.php --> ftp.lagervarer.dk /httpdocs/themes/pushbutton node.tpl.php
109.01.24 16:23 B D:\Resurser\Programmer\Drupal 6.9\drupal-6.9\themes\pushbutton\page.tpl.php --> ftp.lagervarer.dk /httpdocs/themes/pushbutton page.tpl.php
109.01.24 16:23 B D:\Resurser\Programmer\Drupal 6.9\drupal-6.9\themes\pushbutton\pushbutton.info --> ftp.lagervarer.dk /httpdocs/themes/pushbutton pushbutton.info
109.01.24 16:23 B D:\Resurser\Programmer\Drupal 6.9\drupal-6.9\themes\pushbutton\screenshot.png --> ftp.lagervarer.dk /httpdocs/themes/pushbutton screenshot.png
109.01.24 16:23 B D:\Resurser\Programmer\Drupal 6.9\drupal-6.9\themes\pushbutton\style-rtl.css --> ftp.lagervarer.dk /httpdocs/themes/pushbutton style-rtl.css
109.01.24 16:23 B D:\Resurser\Programmer\Drupal 6.9\drupal-6.9\themes\pushbutton\style.css --> ftp.lagervarer.dk /httpdocs/themes/pushbutton style.css
109.01.24 16:23 B D:\Resurser\Programmer\Drupal 6.9\drupal-6.9\themes\pushbutton\tabs-off-rtl.png --> ftp.lagervarer.dk /httpdocs/themes/pushbutton tabs-off-rtl.png
109.01.24 16:23 B D:\Resurser\Programmer\Drupal 6.9\drupal-6.9\themes\pushbutton\tabs-off.png --> ftp.lagervarer.dk /httpdocs/themes/pushbutton tabs-off.png
109.01.24 16:23 B D:\Resurser\Programmer\Drupal 6.9\drupal-6.9\themes\pushbutton\tabs-on-rtl.png --> ftp.lagervarer.dk /httpdocs/themes/pushbutton tabs-on-rtl.png
109.01.24 16:23 B D:\Resurser\Programmer\Drupal 6.9\drupal-6.9\themes\pushbutton\tabs-on.png --> ftp.lagervarer.dk /httpdocs/themes/pushbutton tabs-on.png
109.01.24 16:23 B D:\Resurser\Programmer\Drupal 6.9\drupal-6.9\themes\pushbutton\tabs-option-hover-rtl.png --> ftp.lagervarer.dk /httpdocs/themes/pushbutton tabs-option-hover-rtl.png
109.01.24 16:23 B D:\Resurser\Programmer\Drupal 6.9\drupal-6.9\themes\pushbutton\tabs-option-hover.png --> ftp.lagervarer.dk /httpdocs/themes/pushbutton tabs-option-hover.png
109.01.24 16:23 B D:\Resurser\Programmer\Drupal 6.9\drupal-6.9\themes\pushbutton\tabs-option-off-rtl.png --> ftp.lagervarer.dk /httpdocs/themes/pushbutton tabs-option-off-rtl.png
109.01.24 16:23 B D:\Resurser\Programmer\Drupal 6.9\drupal-6.9\themes\pushbutton\tabs-option-off.png --> ftp.lagervarer.dk /httpdocs/themes/pushbutton tabs-option-off.png
109.01.24 16:23 B D:\Resurser\Programmer\Drupal 6.9\drupal-6.9\themes\pushbutton\tabs-option-on.png --> ftp.lagervarer.dk /httpdocs/themes/pushbutton tabs-option-on.png
