109.02.17 14:18 B C:\Inetpub\wwwroot\lagervarer.dk\sites\all\modules\ubercart\shipping\uc_quote\uc_quote.admin.inc --> ftp.lagervarer.dk /httpdocs/sites/all/modules/ubercart/shipping/uc_quote uc_quote.admin.inc
109.02.17 14:18 B C:\Inetpub\wwwroot\lagervarer.dk\sites\all\modules\ubercart\shipping\uc_quote\uc_quote.css --> ftp.lagervarer.dk /httpdocs/sites/all/modules/ubercart/shipping/uc_quote uc_quote.css
109.02.17 14:18 B C:\Inetpub\wwwroot\lagervarer.dk\sites\all\modules\ubercart\shipping\uc_quote\uc_quote.info --> ftp.lagervarer.dk /httpdocs/sites/all/modules/ubercart/shipping/uc_quote uc_quote.info
109.02.17 14:18 B C:\Inetpub\wwwroot\lagervarer.dk\sites\all\modules\ubercart\shipping\uc_quote\uc_quote.install --> ftp.lagervarer.dk /httpdocs/sites/all/modules/ubercart/shipping/uc_quote uc_quote.install
109.02.17 14:18 B C:\Inetpub\wwwroot\lagervarer.dk\sites\all\modules\ubercart\shipping\uc_quote\uc_quote.js --> ftp.lagervarer.dk /httpdocs/sites/all/modules/ubercart/shipping/uc_quote uc_quote.js
109.02.17 14:18 B C:\Inetpub\wwwroot\lagervarer.dk\sites\all\modules\ubercart\shipping\uc_quote\uc_quote.module --> ftp.lagervarer.dk /httpdocs/sites/all/modules/ubercart/shipping/uc_quote uc_quote.module
109.02.17 14:18 B C:\Inetpub\wwwroot\lagervarer.dk\sites\all\modules\ubercart\shipping\uc_quote\uc_quote.pages.inc --> ftp.lagervarer.dk /httpdocs/sites/all/modules/ubercart/shipping/uc_quote uc_quote.pages.inc
109.03.24 03:30 B C:\Inetpub\wwwroot\lagervarer.dk\sites\all\modules\ubercart\shipping\uc_quote\uc_quote.admin.inc --> ftp.lagervarer.dk /httpdocs/sites/all/modules/ubercart/shipping/uc_quote uc_quote.admin.inc
109.03.24 03:30 B C:\Inetpub\wwwroot\lagervarer.dk\sites\all\modules\ubercart\shipping\uc_quote\uc_quote.css --> ftp.lagervarer.dk /httpdocs/sites/all/modules/ubercart/shipping/uc_quote uc_quote.css
109.03.24 03:30 B C:\Inetpub\wwwroot\lagervarer.dk\sites\all\modules\ubercart\shipping\uc_quote\uc_quote.info --> ftp.lagervarer.dk /httpdocs/sites/all/modules/ubercart/shipping/uc_quote uc_quote.info
109.03.24 03:30 B C:\Inetpub\wwwroot\lagervarer.dk\sites\all\modules\ubercart\shipping\uc_quote\uc_quote.install --> ftp.lagervarer.dk /httpdocs/sites/all/modules/ubercart/shipping/uc_quote uc_quote.install
109.03.24 03:30 B C:\Inetpub\wwwroot\lagervarer.dk\sites\all\modules\ubercart\shipping\uc_quote\uc_quote.js --> ftp.lagervarer.dk /httpdocs/sites/all/modules/ubercart/shipping/uc_quote uc_quote.js
109.03.24 03:30 B C:\Inetpub\wwwroot\lagervarer.dk\sites\all\modules\ubercart\shipping\uc_quote\uc_quote.module --> ftp.lagervarer.dk /httpdocs/sites/all/modules/ubercart/shipping/uc_quote uc_quote.module
109.03.24 03:30 B C:\Inetpub\wwwroot\lagervarer.dk\sites\all\modules\ubercart\shipping\uc_quote\uc_quote.pages.inc --> ftp.lagervarer.dk /httpdocs/sites/all/modules/ubercart/shipping/uc_quote uc_quote.pages.inc
109.03.24 03:30 B C:\Inetpub\wwwroot\lagervarer.dk\sites\all\modules\ubercart\shipping\uc_quote\WS_FTP.LOG --> ftp.lagervarer.dk /httpdocs/sites/all/modules/ubercart/shipping/uc_quote WS_FTP.LOG
109.04.09 13:24 B C:\Inetpub\wwwroot\lagervarer.dk\sites\all\modules\ubercart\shipping\uc_quote\uc_quote.admin.inc --> ftp.lagervarer.dk /httpdocs/sites/all/modules/ubercart/shipping/uc_quote uc_quote.admin.inc
109.04.09 13:24 B C:\Inetpub\wwwroot\lagervarer.dk\sites\all\modules\ubercart\shipping\uc_quote\uc_quote.css --> ftp.lagervarer.dk /httpdocs/sites/all/modules/ubercart/shipping/uc_quote uc_quote.css
109.04.09 13:24 B C:\Inetpub\wwwroot\lagervarer.dk\sites\all\modules\ubercart\shipping\uc_quote\uc_quote.info --> ftp.lagervarer.dk /httpdocs/sites/all/modules/ubercart/shipping/uc_quote uc_quote.info
109.04.09 13:24 B C:\Inetpub\wwwroot\lagervarer.dk\sites\all\modules\ubercart\shipping\uc_quote\uc_quote.install --> ftp.lagervarer.dk /httpdocs/sites/all/modules/ubercart/shipping/uc_quote uc_quote.install
109.04.09 13:24 B C:\Inetpub\wwwroot\lagervarer.dk\sites\all\modules\ubercart\shipping\uc_quote\uc_quote.js --> ftp.lagervarer.dk /httpdocs/sites/all/modules/ubercart/shipping/uc_quote uc_quote.js
109.04.09 13:24 B C:\Inetpub\wwwroot\lagervarer.dk\sites\all\modules\ubercart\shipping\uc_quote\uc_quote.module --> ftp.lagervarer.dk /httpdocs/sites/all/modules/ubercart/shipping/uc_quote uc_quote.module
109.04.09 13:24 B C:\Inetpub\wwwroot\lagervarer.dk\sites\all\modules\ubercart\shipping\uc_quote\uc_quote.pages.inc --> ftp.lagervarer.dk /httpdocs/sites/all/modules/ubercart/shipping/uc_quote uc_quote.pages.inc
