109.02.17 14:19 B C:\Inetpub\wwwroot\lagervarer.dk\sites\all\modules\ubercart\uc_store\countries\afghanistan_4_1.cif --> ftp.lagervarer.dk /httpdocs/sites/all/modules/ubercart/uc_store/countries afghanistan_4_1.cif
109.02.17 14:19 B C:\Inetpub\wwwroot\lagervarer.dk\sites\all\modules\ubercart\uc_store\countries\andorra_20_1.cif --> ftp.lagervarer.dk /httpdocs/sites/all/modules/ubercart/uc_store/countries andorra_20_1.cif
109.02.17 14:19 B C:\Inetpub\wwwroot\lagervarer.dk\sites\all\modules\ubercart\uc_store\countries\antigua_barbuda_28_1.cif --> ftp.lagervarer.dk /httpdocs/sites/all/modules/ubercart/uc_store/countries antigua_barbuda_28_1.cif
109.02.17 14:19 B C:\Inetpub\wwwroot\lagervarer.dk\sites\all\modules\ubercart\uc_store\countries\argentina_32_1.cif --> ftp.lagervarer.dk /httpdocs/sites/all/modules/ubercart/uc_store/countries argentina_32_1.cif
109.02.17 14:19 B C:\Inetpub\wwwroot\lagervarer.dk\sites\all\modules\ubercart\uc_store\countries\aruba_533_1.cif --> ftp.lagervarer.dk /httpdocs/sites/all/modules/ubercart/uc_store/countries aruba_533_1.cif
109.02.17 14:19 B C:\Inetpub\wwwroot\lagervarer.dk\sites\all\modules\ubercart\uc_store\countries\australia_36_2.cif --> ftp.lagervarer.dk /httpdocs/sites/all/modules/ubercart/uc_store/countries australia_36_2.cif
109.02.17 14:19 B C:\Inetpub\wwwroot\lagervarer.dk\sites\all\modules\ubercart\uc_store\countries\austria_40_1.cif --> ftp.lagervarer.dk /httpdocs/sites/all/modules/ubercart/uc_store/countries austria_40_1.cif
109.02.17 14:19 B C:\Inetpub\wwwroot\lagervarer.dk\sites\all\modules\ubercart\uc_store\countries\belgium_56_2.cif --> ftp.lagervarer.dk /httpdocs/sites/all/modules/ubercart/uc_store/countries belgium_56_2.cif
109.02.17 14:19 B C:\Inetpub\wwwroot\lagervarer.dk\sites\all\modules\ubercart\uc_store\countries\bermuda_60_1.cif --> ftp.lagervarer.dk /httpdocs/sites/all/modules/ubercart/uc_store/countries bermuda_60_1.cif
109.02.17 14:19 B C:\Inetpub\wwwroot\lagervarer.dk\sites\all\modules\ubercart\uc_store\countries\brazil_76_1.cif --> ftp.lagervarer.dk /httpdocs/sites/all/modules/ubercart/uc_store/countries brazil_76_1.cif
109.02.17 14:19 B C:\Inetpub\wwwroot\lagervarer.dk\sites\all\modules\ubercart\uc_store\countries\bulgaria_100_1.cif --> ftp.lagervarer.dk /httpdocs/sites/all/modules/ubercart/uc_store/countries bulgaria_100_1.cif
109.02.17 14:19 B C:\Inetpub\wwwroot\lagervarer.dk\sites\all\modules\ubercart\uc_store\countries\canada_124_1.cif --> ftp.lagervarer.dk /httpdocs/sites/all/modules/ubercart/uc_store/countries canada_124_1.cif
109.02.17 14:19 B C:\Inetpub\wwwroot\lagervarer.dk\sites\all\modules\ubercart\uc_store\countries\chile_152_1.cif --> ftp.lagervarer.dk /httpdocs/sites/all/modules/ubercart/uc_store/countries chile_152_1.cif
109.02.17 14:19 B C:\Inetpub\wwwroot\lagervarer.dk\sites\all\modules\ubercart\uc_store\countries\china_156_1.cif --> ftp.lagervarer.dk /httpdocs/sites/all/modules/ubercart/uc_store/countries china_156_1.cif
109.02.17 14:19 B C:\Inetpub\wwwroot\lagervarer.dk\sites\all\modules\ubercart\uc_store\countries\costa_rica_188_1.cif --> ftp.lagervarer.dk /httpdocs/sites/all/modules/ubercart/uc_store/countries costa_rica_188_1.cif
109.02.17 14:19 B C:\Inetpub\wwwroot\lagervarer.dk\sites\all\modules\ubercart\uc_store\countries\croatia_191_1.cif --> ftp.lagervarer.dk /httpdocs/sites/all/modules/ubercart/uc_store/countries croatia_191_1.cif
109.02.17 14:19 B C:\Inetpub\wwwroot\lagervarer.dk\sites\all\modules\ubercart\uc_store\countries\czech_203_1.cif --> ftp.lagervarer.dk /httpdocs/sites/all/modules/ubercart/uc_store/countries czech_203_1.cif
109.02.17 14:19 B C:\Inetpub\wwwroot\lagervarer.dk\sites\all\modules\ubercart\uc_store\countries\denmark_208_1.cif --> ftp.lagervarer.dk /httpdocs/sites/all/modules/ubercart/uc_store/countries denmark_208_1.cif
109.02.17 14:19 B C:\Inetpub\wwwroot\lagervarer.dk\sites\all\modules\ubercart\uc_store\countries\dominican_republic_214_1.cif --> ftp.lagervarer.dk /httpdocs/sites/all/modules/ubercart/uc_store/countries dominican_republic_214_1.cif
109.02.17 14:19 B C:\Inetpub\wwwroot\lagervarer.dk\sites\all\modules\ubercart\uc_store\countries\egypt_818_1.cif --> ftp.lagervarer.dk /httpdocs/sites/all/modules/ubercart/uc_store/countries egypt_818_1.cif
109.02.17 14:19 B C:\Inetpub\wwwroot\lagervarer.dk\sites\all\modules\ubercart\uc_store\countries\finland_246_1.cif --> ftp.lagervarer.dk /httpdocs/sites/all/modules/ubercart/uc_store/countries finland_246_1.cif
109.02.17 14:19 B C:\Inetpub\wwwroot\lagervarer.dk\sites\all\modules\ubercart\uc_store\countries\france_250_1.cif --> ftp.lagervarer.dk /httpdocs/sites/all/modules/ubercart/uc_store/countries france_250_1.cif
109.02.17 14:19 B C:\Inetpub\wwwroot\lagervarer.dk\sites\all\modules\ubercart\uc_store\countries\germany_276_1.cif --> ftp.lagervarer.dk /httpdocs/sites/all/modules/ubercart/uc_store/countries germany_276_1.cif
109.02.17 14:19 B C:\Inetpub\wwwroot\lagervarer.dk\sites\all\modules\ubercart\uc_store\countries\greece_300_1.cif --> ftp.lagervarer.dk /httpdocs/sites/all/modules/ubercart/uc_store/countries greece_300_1.cif
109.02.17 14:19 B C:\Inetpub\wwwroot\lagervarer.dk\sites\all\modules\ubercart\uc_store\countries\greenland_304_1.cif --> ftp.lagervarer.dk /httpdocs/sites/all/modules/ubercart/uc_store/countries greenland_304_1.cif
109.02.17 14:19 B C:\Inetpub\wwwroot\lagervarer.dk\sites\all\modules\ubercart\uc_store\countries\hong_kong_344_1.cif --> ftp.lagervarer.dk /httpdocs/sites/all/modules/ubercart/uc_store/countries hong_kong_344_1.cif
109.02.17 14:19 B C:\Inetpub\wwwroot\lagervarer.dk\sites\all\modules\ubercart\uc_store\countries\hungary_348_1.cif --> ftp.lagervarer.dk /httpdocs/sites/all/modules/ubercart/uc_store/countries hungary_348_1.cif
109.02.17 14:19 B C:\Inetpub\wwwroot\lagervarer.dk\sites\all\modules\ubercart\uc_store\countries\india_356_1.cif --> ftp.lagervarer.dk /httpdocs/sites/all/modules/ubercart/uc_store/countries india_356_1.cif
109.02.17 14:19 B C:\Inetpub\wwwroot\lagervarer.dk\sites\all\modules\ubercart\uc_store\countries\indonesia_360_1.cif --> ftp.lagervarer.dk /httpdocs/sites/all/modules/ubercart/uc_store/countries indonesia_360_1.cif
109.02.17 14:19 B C:\Inetpub\wwwroot\lagervarer.dk\sites\all\modules\ubercart\uc_store\countries\iran_364_1.cif --> ftp.lagervarer.dk /httpdocs/sites/all/modules/ubercart/uc_store/countries iran_364_1.cif
109.02.17 14:19 B C:\Inetpub\wwwroot\lagervarer.dk\sites\all\modules\ubercart\uc_store\countries\ireland_372_2.cif --> ftp.lagervarer.dk /httpdocs/sites/all/modules/ubercart/uc_store/countries ireland_372_2.cif
109.02.17 14:19 B C:\Inetpub\wwwroot\lagervarer.dk\sites\all\modules\ubercart\uc_store\countries\israel_376_1.cif --> ftp.lagervarer.dk /httpdocs/sites/all/modules/ubercart/uc_store/countries israel_376_1.cif
109.02.17 14:19 B C:\Inetpub\wwwroot\lagervarer.dk\sites\all\modules\ubercart\uc_store\countries\italy_380_1.cif --> ftp.lagervarer.dk /httpdocs/sites/all/modules/ubercart/uc_store/countries italy_380_1.cif
109.02.17 14:19 B C:\Inetpub\wwwroot\lagervarer.dk\sites\all\modules\ubercart\uc_store\countries\japan_392_1.cif --> ftp.lagervarer.dk /httpdocs/sites/all/modules/ubercart/uc_store/countries japan_392_1.cif
109.02.17 14:19 B C:\Inetpub\wwwroot\lagervarer.dk\sites\all\modules\ubercart\uc_store\countries\kazakhstan_398_1.cif --> ftp.lagervarer.dk /httpdocs/sites/all/modules/ubercart/uc_store/countries kazakhstan_398_1.cif
109.02.17 14:19 B C:\Inetpub\wwwroot\lagervarer.dk\sites\all\modules\ubercart\uc_store\countries\korea_republic_of_410_1.cif --> ftp.lagervarer.dk /httpdocs/sites/all/modules/ubercart/uc_store/countries korea_republic_of_410_1.cif
109.02.17 14:19 B C:\Inetpub\wwwroot\lagervarer.dk\sites\all\modules\ubercart\uc_store\countries\latvia_428_1.cif --> ftp.lagervarer.dk /httpdocs/sites/all/modules/ubercart/uc_store/countries latvia_428_1.cif
109.02.17 14:19 B C:\Inetpub\wwwroot\lagervarer.dk\sites\all\modules\ubercart\uc_store\countries\lithuania_440_1.cif --> ftp.lagervarer.dk /httpdocs/sites/all/modules/ubercart/uc_store/countries lithuania_440_1.cif
109.02.17 14:19 B C:\Inetpub\wwwroot\lagervarer.dk\sites\all\modules\ubercart\uc_store\countries\malaysia_458_1.cif --> ftp.lagervarer.dk /httpdocs/sites/all/modules/ubercart/uc_store/countries malaysia_458_1.cif
109.02.17 14:19 B C:\Inetpub\wwwroot\lagervarer.dk\sites\all\modules\ubercart\uc_store\countries\mexico_484_1.cif --> ftp.lagervarer.dk /httpdocs/sites/all/modules/ubercart/uc_store/countries mexico_484_1.cif
109.02.17 14:19 B C:\Inetpub\wwwroot\lagervarer.dk\sites\all\modules\ubercart\uc_store\countries\mozambique_508_1.cif --> ftp.lagervarer.dk /httpdocs/sites/all/modules/ubercart/uc_store/countries mozambique_508_1.cif
109.02.17 14:19 B C:\Inetpub\wwwroot\lagervarer.dk\sites\all\modules\ubercart\uc_store\countries\netherlands_528_1.cif --> ftp.lagervarer.dk /httpdocs/sites/all/modules/ubercart/uc_store/countries netherlands_528_1.cif
109.02.17 14:19 B C:\Inetpub\wwwroot\lagervarer.dk\sites\all\modules\ubercart\uc_store\countries\new_zealand_554_3.cif --> ftp.lagervarer.dk /httpdocs/sites/all/modules/ubercart/uc_store/countries new_zealand_554_3.cif
109.02.17 14:19 B C:\Inetpub\wwwroot\lagervarer.dk\sites\all\modules\ubercart\uc_store\countries\norway_578_1.cif --> ftp.lagervarer.dk /httpdocs/sites/all/modules/ubercart/uc_store/countries norway_578_1.cif
109.02.17 14:19 B C:\Inetpub\wwwroot\lagervarer.dk\sites\all\modules\ubercart\uc_store\countries\peru_604_1.cif --> ftp.lagervarer.dk /httpdocs/sites/all/modules/ubercart/uc_store/countries peru_604_1.cif
109.02.17 14:19 B C:\Inetpub\wwwroot\lagervarer.dk\sites\all\modules\ubercart\uc_store\countries\philippines_608_2.cif --> ftp.lagervarer.dk /httpdocs/sites/all/modules/ubercart/uc_store/countries philippines_608_2.cif
109.02.17 14:19 B C:\Inetpub\wwwroot\lagervarer.dk\sites\all\modules\ubercart\uc_store\countries\poland_616_1.cif --> ftp.lagervarer.dk /httpdocs/sites/all/modules/ubercart/uc_store/countries poland_616_1.cif
109.02.17 14:19 B C:\Inetpub\wwwroot\lagervarer.dk\sites\all\modules\ubercart\uc_store\countries\portugal_620_1.cif --> ftp.lagervarer.dk /httpdocs/sites/all/modules/ubercart/uc_store/countries portugal_620_1.cif
109.02.17 14:19 B C:\Inetpub\wwwroot\lagervarer.dk\sites\all\modules\ubercart\uc_store\countries\romania_642_1.cif --> ftp.lagervarer.dk /httpdocs/sites/all/modules/ubercart/uc_store/countries romania_642_1.cif
109.02.17 14:19 B C:\Inetpub\wwwroot\lagervarer.dk\sites\all\modules\ubercart\uc_store\countries\russia_643_1.cif --> ftp.lagervarer.dk /httpdocs/sites/all/modules/ubercart/uc_store/countries russia_643_1.cif
109.02.17 14:19 B C:\Inetpub\wwwroot\lagervarer.dk\sites\all\modules\ubercart\uc_store\countries\saint_lucia_662_1.cif --> ftp.lagervarer.dk /httpdocs/sites/all/modules/ubercart/uc_store/countries saint_lucia_662_1.cif
109.02.17 14:19 B C:\Inetpub\wwwroot\lagervarer.dk\sites\all\modules\ubercart\uc_store\countries\singapore_702_1.cif --> ftp.lagervarer.dk /httpdocs/sites/all/modules/ubercart/uc_store/countries singapore_702_1.cif
109.02.17 14:19 B C:\Inetpub\wwwroot\lagervarer.dk\sites\all\modules\ubercart\uc_store\countries\slovak_703_1.cif --> ftp.lagervarer.dk /httpdocs/sites/all/modules/ubercart/uc_store/countries slovak_703_1.cif
109.02.17 14:19 B C:\Inetpub\wwwroot\lagervarer.dk\sites\all\modules\ubercart\uc_store\countries\south_africa_710_1.cif --> ftp.lagervarer.dk /httpdocs/sites/all/modules/ubercart/uc_store/countries south_africa_710_1.cif
109.02.17 14:19 B C:\Inetpub\wwwroot\lagervarer.dk\sites\all\modules\ubercart\uc_store\countries\spain_724_1.cif --> ftp.lagervarer.dk /httpdocs/sites/all/modules/ubercart/uc_store/countries spain_724_1.cif
109.02.17 14:19 B C:\Inetpub\wwwroot\lagervarer.dk\sites\all\modules\ubercart\uc_store\countries\sweden_752_1.cif --> ftp.lagervarer.dk /httpdocs/sites/all/modules/ubercart/uc_store/countries sweden_752_1.cif
109.02.17 14:19 B C:\Inetpub\wwwroot\lagervarer.dk\sites\all\modules\ubercart\uc_store\countries\switzerland_756_1.cif --> ftp.lagervarer.dk /httpdocs/sites/all/modules/ubercart/uc_store/countries switzerland_756_1.cif
109.02.17 14:19 B C:\Inetpub\wwwroot\lagervarer.dk\sites\all\modules\ubercart\uc_store\countries\taiwan_158_1.cif --> ftp.lagervarer.dk /httpdocs/sites/all/modules/ubercart/uc_store/countries taiwan_158_1.cif
109.02.17 14:19 B C:\Inetpub\wwwroot\lagervarer.dk\sites\all\modules\ubercart\uc_store\countries\thailand_764_1.cif --> ftp.lagervarer.dk /httpdocs/sites/all/modules/ubercart/uc_store/countries thailand_764_1.cif
109.02.17 14:19 B C:\Inetpub\wwwroot\lagervarer.dk\sites\all\modules\ubercart\uc_store\countries\turkey_792_1.cif --> ftp.lagervarer.dk /httpdocs/sites/all/modules/ubercart/uc_store/countries turkey_792_1.cif
109.02.17 14:19 B C:\Inetpub\wwwroot\lagervarer.dk\sites\all\modules\ubercart\uc_store\countries\ukraine_804_1.cif --> ftp.lagervarer.dk /httpdocs/sites/all/modules/ubercart/uc_store/countries ukraine_804_1.cif
109.02.17 14:19 B C:\Inetpub\wwwroot\lagervarer.dk\sites\all\modules\ubercart\uc_store\countries\united_arab_emirates_784_1.cif --> ftp.lagervarer.dk /httpdocs/sites/all/modules/ubercart/uc_store/countries united_arab_emirates_784_1.cif
109.02.17 14:19 B C:\Inetpub\wwwroot\lagervarer.dk\sites\all\modules\ubercart\uc_store\countries\united_kingdom_826_1.cif --> ftp.lagervarer.dk /httpdocs/sites/all/modules/ubercart/uc_store/countries united_kingdom_826_1.cif
109.02.17 14:19 B C:\Inetpub\wwwroot\lagervarer.dk\sites\all\modules\ubercart\uc_store\countries\united_states_840_1.cif --> ftp.lagervarer.dk /httpdocs/sites/all/modules/ubercart/uc_store/countries united_states_840_1.cif
109.02.17 14:19 B C:\Inetpub\wwwroot\lagervarer.dk\sites\all\modules\ubercart\uc_store\countries\venezuela_862_1.cif --> ftp.lagervarer.dk /httpdocs/sites/all/modules/ubercart/uc_store/countries venezuela_862_1.cif
109.02.17 14:19 B C:\Inetpub\wwwroot\lagervarer.dk\sites\all\modules\ubercart\uc_store\countries\vietnam_704_1.cif --> ftp.lagervarer.dk /httpdocs/sites/all/modules/ubercart/uc_store/countries vietnam_704_1.cif
109.02.17 14:19 B C:\Inetpub\wwwroot\lagervarer.dk\sites\all\modules\ubercart\uc_store\countries\zimbabwe_716_1.cif --> ftp.lagervarer.dk /httpdocs/sites/all/modules/ubercart/uc_store/countries zimbabwe_716_1.cif
109.03.24 03:31 B C:\Inetpub\wwwroot\lagervarer.dk\sites\all\modules\ubercart\uc_store\countries\afghanistan_4_1.cif --> ftp.lagervarer.dk /httpdocs/sites/all/modules/ubercart/uc_store/countries afghanistan_4_1.cif
109.03.24 03:31 B C:\Inetpub\wwwroot\lagervarer.dk\sites\all\modules\ubercart\uc_store\countries\andorra_20_1.cif --> ftp.lagervarer.dk /httpdocs/sites/all/modules/ubercart/uc_store/countries andorra_20_1.cif
109.03.24 03:31 B C:\Inetpub\wwwroot\lagervarer.dk\sites\all\modules\ubercart\uc_store\countries\antigua_barbuda_28_1.cif --> ftp.lagervarer.dk /httpdocs/sites/all/modules/ubercart/uc_store/countries antigua_barbuda_28_1.cif
109.03.24 03:31 B C:\Inetpub\wwwroot\lagervarer.dk\sites\all\modules\ubercart\uc_store\countries\argentina_32_1.cif --> ftp.lagervarer.dk /httpdocs/sites/all/modules/ubercart/uc_store/countries argentina_32_1.cif
109.03.24 03:31 B C:\Inetpub\wwwroot\lagervarer.dk\sites\all\modules\ubercart\uc_store\countries\aruba_533_1.cif --> ftp.lagervarer.dk /httpdocs/sites/all/modules/ubercart/uc_store/countries aruba_533_1.cif
109.03.24 03:31 B C:\Inetpub\wwwroot\lagervarer.dk\sites\all\modules\ubercart\uc_store\countries\australia_36_2.cif --> ftp.lagervarer.dk /httpdocs/sites/all/modules/ubercart/uc_store/countries australia_36_2.cif
109.03.24 03:31 B C:\Inetpub\wwwroot\lagervarer.dk\sites\all\modules\ubercart\uc_store\countries\austria_40_1.cif --> ftp.lagervarer.dk /httpdocs/sites/all/modules/ubercart/uc_store/countries austria_40_1.cif
109.03.24 03:31 B C:\Inetpub\wwwroot\lagervarer.dk\sites\all\modules\ubercart\uc_store\countries\belgium_56_2.cif --> ftp.lagervarer.dk /httpdocs/sites/all/modules/ubercart/uc_store/countries belgium_56_2.cif
109.03.24 03:31 B C:\Inetpub\wwwroot\lagervarer.dk\sites\all\modules\ubercart\uc_store\countries\bermuda_60_1.cif --> ftp.lagervarer.dk /httpdocs/sites/all/modules/ubercart/uc_store/countries bermuda_60_1.cif
109.03.24 03:31 B C:\Inetpub\wwwroot\lagervarer.dk\sites\all\modules\ubercart\uc_store\countries\brazil_76_1.cif --> ftp.lagervarer.dk /httpdocs/sites/all/modules/ubercart/uc_store/countries brazil_76_1.cif
109.03.24 03:31 B C:\Inetpub\wwwroot\lagervarer.dk\sites\all\modules\ubercart\uc_store\countries\bulgaria_100_1.cif --> ftp.lagervarer.dk /httpdocs/sites/all/modules/ubercart/uc_store/countries bulgaria_100_1.cif
109.03.24 03:31 B C:\Inetpub\wwwroot\lagervarer.dk\sites\all\modules\ubercart\uc_store\countries\canada_124_1.cif --> ftp.lagervarer.dk /httpdocs/sites/all/modules/ubercart/uc_store/countries canada_124_1.cif
109.03.24 03:31 B C:\Inetpub\wwwroot\lagervarer.dk\sites\all\modules\ubercart\uc_store\countries\chile_152_1.cif --> ftp.lagervarer.dk /httpdocs/sites/all/modules/ubercart/uc_store/countries chile_152_1.cif
109.03.24 03:31 B C:\Inetpub\wwwroot\lagervarer.dk\sites\all\modules\ubercart\uc_store\countries\china_156_1.cif --> ftp.lagervarer.dk /httpdocs/sites/all/modules/ubercart/uc_store/countries china_156_1.cif
109.03.24 03:31 B C:\Inetpub\wwwroot\lagervarer.dk\sites\all\modules\ubercart\uc_store\countries\costa_rica_188_1.cif --> ftp.lagervarer.dk /httpdocs/sites/all/modules/ubercart/uc_store/countries costa_rica_188_1.cif
109.03.24 03:31 B C:\Inetpub\wwwroot\lagervarer.dk\sites\all\modules\ubercart\uc_store\countries\croatia_191_1.cif --> ftp.lagervarer.dk /httpdocs/sites/all/modules/ubercart/uc_store/countries croatia_191_1.cif
109.03.24 03:31 B C:\Inetpub\wwwroot\lagervarer.dk\sites\all\modules\ubercart\uc_store\countries\czech_203_1.cif --> ftp.lagervarer.dk /httpdocs/sites/all/modules/ubercart/uc_store/countries czech_203_1.cif
109.03.24 03:31 B C:\Inetpub\wwwroot\lagervarer.dk\sites\all\modules\ubercart\uc_store\countries\denmark_208_1.cif --> ftp.lagervarer.dk /httpdocs/sites/all/modules/ubercart/uc_store/countries denmark_208_1.cif
109.03.24 03:31 B C:\Inetpub\wwwroot\lagervarer.dk\sites\all\modules\ubercart\uc_store\countries\dominican_republic_214_1.cif --> ftp.lagervarer.dk /httpdocs/sites/all/modules/ubercart/uc_store/countries dominican_republic_214_1.cif
109.03.24 03:31 B C:\Inetpub\wwwroot\lagervarer.dk\sites\all\modules\ubercart\uc_store\countries\egypt_818_1.cif --> ftp.lagervarer.dk /httpdocs/sites/all/modules/ubercart/uc_store/countries egypt_818_1.cif
109.03.24 03:31 B C:\Inetpub\wwwroot\lagervarer.dk\sites\all\modules\ubercart\uc_store\countries\finland_246_1.cif --> ftp.lagervarer.dk /httpdocs/sites/all/modules/ubercart/uc_store/countries finland_246_1.cif
109.03.24 03:31 B C:\Inetpub\wwwroot\lagervarer.dk\sites\all\modules\ubercart\uc_store\countries\france_250_1.cif --> ftp.lagervarer.dk /httpdocs/sites/all/modules/ubercart/uc_store/countries france_250_1.cif
109.03.24 03:31 B C:\Inetpub\wwwroot\lagervarer.dk\sites\all\modules\ubercart\uc_store\countries\germany_276_1.cif --> ftp.lagervarer.dk /httpdocs/sites/all/modules/ubercart/uc_store/countries germany_276_1.cif
109.03.24 03:31 B C:\Inetpub\wwwroot\lagervarer.dk\sites\all\modules\ubercart\uc_store\countries\greece_300_1.cif --> ftp.lagervarer.dk /httpdocs/sites/all/modules/ubercart/uc_store/countries greece_300_1.cif
109.03.24 03:31 B C:\Inetpub\wwwroot\lagervarer.dk\sites\all\modules\ubercart\uc_store\countries\greenland_304_1.cif --> ftp.lagervarer.dk /httpdocs/sites/all/modules/ubercart/uc_store/countries greenland_304_1.cif
109.03.24 03:31 B C:\Inetpub\wwwroot\lagervarer.dk\sites\all\modules\ubercart\uc_store\countries\hong_kong_344_1.cif --> ftp.lagervarer.dk /httpdocs/sites/all/modules/ubercart/uc_store/countries hong_kong_344_1.cif
109.03.24 03:31 B C:\Inetpub\wwwroot\lagervarer.dk\sites\all\modules\ubercart\uc_store\countries\hungary_348_1.cif --> ftp.lagervarer.dk /httpdocs/sites/all/modules/ubercart/uc_store/countries hungary_348_1.cif
109.03.24 03:31 B C:\Inetpub\wwwroot\lagervarer.dk\sites\all\modules\ubercart\uc_store\countries\india_356_1.cif --> ftp.lagervarer.dk /httpdocs/sites/all/modules/ubercart/uc_store/countries india_356_1.cif
109.03.24 03:31 B C:\Inetpub\wwwroot\lagervarer.dk\sites\all\modules\ubercart\uc_store\countries\indonesia_360_1.cif --> ftp.lagervarer.dk /httpdocs/sites/all/modules/ubercart/uc_store/countries indonesia_360_1.cif
109.03.24 03:31 B C:\Inetpub\wwwroot\lagervarer.dk\sites\all\modules\ubercart\uc_store\countries\iran_364_1.cif --> ftp.lagervarer.dk /httpdocs/sites/all/modules/ubercart/uc_store/countries iran_364_1.cif
109.03.24 03:31 B C:\Inetpub\wwwroot\lagervarer.dk\sites\all\modules\ubercart\uc_store\countries\ireland_372_2.cif --> ftp.lagervarer.dk /httpdocs/sites/all/modules/ubercart/uc_store/countries ireland_372_2.cif
109.03.24 03:31 B C:\Inetpub\wwwroot\lagervarer.dk\sites\all\modules\ubercart\uc_store\countries\israel_376_1.cif --> ftp.lagervarer.dk /httpdocs/sites/all/modules/ubercart/uc_store/countries israel_376_1.cif
109.03.24 03:31 B C:\Inetpub\wwwroot\lagervarer.dk\sites\all\modules\ubercart\uc_store\countries\italy_380_1.cif --> ftp.lagervarer.dk /httpdocs/sites/all/modules/ubercart/uc_store/countries italy_380_1.cif
109.03.24 03:31 B C:\Inetpub\wwwroot\lagervarer.dk\sites\all\modules\ubercart\uc_store\countries\japan_392_1.cif --> ftp.lagervarer.dk /httpdocs/sites/all/modules/ubercart/uc_store/countries japan_392_1.cif
109.03.24 03:31 B C:\Inetpub\wwwroot\lagervarer.dk\sites\all\modules\ubercart\uc_store\countries\kazakhstan_398_1.cif --> ftp.lagervarer.dk /httpdocs/sites/all/modules/ubercart/uc_store/countries kazakhstan_398_1.cif
109.03.24 03:31 B C:\Inetpub\wwwroot\lagervarer.dk\sites\all\modules\ubercart\uc_store\countries\korea_republic_of_410_1.cif --> ftp.lagervarer.dk /httpdocs/sites/all/modules/ubercart/uc_store/countries korea_republic_of_410_1.cif
109.03.24 03:31 B C:\Inetpub\wwwroot\lagervarer.dk\sites\all\modules\ubercart\uc_store\countries\latvia_428_1.cif --> ftp.lagervarer.dk /httpdocs/sites/all/modules/ubercart/uc_store/countries latvia_428_1.cif
109.03.24 03:31 B C:\Inetpub\wwwroot\lagervarer.dk\sites\all\modules\ubercart\uc_store\countries\lithuania_440_1.cif --> ftp.lagervarer.dk /httpdocs/sites/all/modules/ubercart/uc_store/countries lithuania_440_1.cif
109.03.24 03:31 B C:\Inetpub\wwwroot\lagervarer.dk\sites\all\modules\ubercart\uc_store\countries\malaysia_458_1.cif --> ftp.lagervarer.dk /httpdocs/sites/all/modules/ubercart/uc_store/countries malaysia_458_1.cif
109.03.24 03:31 B C:\Inetpub\wwwroot\lagervarer.dk\sites\all\modules\ubercart\uc_store\countries\mexico_484_1.cif --> ftp.lagervarer.dk /httpdocs/sites/all/modules/ubercart/uc_store/countries mexico_484_1.cif
109.03.24 03:31 B C:\Inetpub\wwwroot\lagervarer.dk\sites\all\modules\ubercart\uc_store\countries\mozambique_508_1.cif --> ftp.lagervarer.dk /httpdocs/sites/all/modules/ubercart/uc_store/countries mozambique_508_1.cif
109.03.24 03:31 B C:\Inetpub\wwwroot\lagervarer.dk\sites\all\modules\ubercart\uc_store\countries\netherlands_528_1.cif --> ftp.lagervarer.dk /httpdocs/sites/all/modules/ubercart/uc_store/countries netherlands_528_1.cif
109.03.24 03:31 B C:\Inetpub\wwwroot\lagervarer.dk\sites\all\modules\ubercart\uc_store\countries\new_zealand_554_3.cif --> ftp.lagervarer.dk /httpdocs/sites/all/modules/ubercart/uc_store/countries new_zealand_554_3.cif
109.03.24 03:31 B C:\Inetpub\wwwroot\lagervarer.dk\sites\all\modules\ubercart\uc_store\countries\norway_578_1.cif --> ftp.lagervarer.dk /httpdocs/sites/all/modules/ubercart/uc_store/countries norway_578_1.cif
109.03.24 03:31 B C:\Inetpub\wwwroot\lagervarer.dk\sites\all\modules\ubercart\uc_store\countries\peru_604_1.cif --> ftp.lagervarer.dk /httpdocs/sites/all/modules/ubercart/uc_store/countries peru_604_1.cif
109.03.24 03:31 B C:\Inetpub\wwwroot\lagervarer.dk\sites\all\modules\ubercart\uc_store\countries\philippines_608_2.cif --> ftp.lagervarer.dk /httpdocs/sites/all/modules/ubercart/uc_store/countries philippines_608_2.cif
109.03.24 03:31 B C:\Inetpub\wwwroot\lagervarer.dk\sites\all\modules\ubercart\uc_store\countries\poland_616_1.cif --> ftp.lagervarer.dk /httpdocs/sites/all/modules/ubercart/uc_store/countries poland_616_1.cif
109.03.24 03:31 B C:\Inetpub\wwwroot\lagervarer.dk\sites\all\modules\ubercart\uc_store\countries\portugal_620_1.cif --> ftp.lagervarer.dk /httpdocs/sites/all/modules/ubercart/uc_store/countries portugal_620_1.cif
109.03.24 03:31 B C:\Inetpub\wwwroot\lagervarer.dk\sites\all\modules\ubercart\uc_store\countries\romania_642_1.cif --> ftp.lagervarer.dk /httpdocs/sites/all/modules/ubercart/uc_store/countries romania_642_1.cif
109.03.24 03:31 B C:\Inetpub\wwwroot\lagervarer.dk\sites\all\modules\ubercart\uc_store\countries\russia_643_1.cif --> ftp.lagervarer.dk /httpdocs/sites/all/modules/ubercart/uc_store/countries russia_643_1.cif
109.03.24 03:31 B C:\Inetpub\wwwroot\lagervarer.dk\sites\all\modules\ubercart\uc_store\countries\saint_lucia_662_1.cif --> ftp.lagervarer.dk /httpdocs/sites/all/modules/ubercart/uc_store/countries saint_lucia_662_1.cif
109.03.24 03:31 B C:\Inetpub\wwwroot\lagervarer.dk\sites\all\modules\ubercart\uc_store\countries\singapore_702_1.cif --> ftp.lagervarer.dk /httpdocs/sites/all/modules/ubercart/uc_store/countries singapore_702_1.cif
109.03.24 03:31 B C:\Inetpub\wwwroot\lagervarer.dk\sites\all\modules\ubercart\uc_store\countries\slovak_703_1.cif --> ftp.lagervarer.dk /httpdocs/sites/all/modules/ubercart/uc_store/countries slovak_703_1.cif
109.03.24 03:31 B C:\Inetpub\wwwroot\lagervarer.dk\sites\all\modules\ubercart\uc_store\countries\south_africa_710_1.cif --> ftp.lagervarer.dk /httpdocs/sites/all/modules/ubercart/uc_store/countries south_africa_710_1.cif
109.03.24 03:31 B C:\Inetpub\wwwroot\lagervarer.dk\sites\all\modules\ubercart\uc_store\countries\spain_724_1.cif --> ftp.lagervarer.dk /httpdocs/sites/all/modules/ubercart/uc_store/countries spain_724_1.cif
109.03.24 03:31 B C:\Inetpub\wwwroot\lagervarer.dk\sites\all\modules\ubercart\uc_store\countries\sweden_752_1.cif --> ftp.lagervarer.dk /httpdocs/sites/all/modules/ubercart/uc_store/countries sweden_752_1.cif
109.03.24 03:31 B C:\Inetpub\wwwroot\lagervarer.dk\sites\all\modules\ubercart\uc_store\countries\switzerland_756_1.cif --> ftp.lagervarer.dk /httpdocs/sites/all/modules/ubercart/uc_store/countries switzerland_756_1.cif
109.03.24 03:31 B C:\Inetpub\wwwroot\lagervarer.dk\sites\all\modules\ubercart\uc_store\countries\taiwan_158_1.cif --> ftp.lagervarer.dk /httpdocs/sites/all/modules/ubercart/uc_store/countries taiwan_158_1.cif
109.03.24 03:31 B C:\Inetpub\wwwroot\lagervarer.dk\sites\all\modules\ubercart\uc_store\countries\thailand_764_1.cif --> ftp.lagervarer.dk /httpdocs/sites/all/modules/ubercart/uc_store/countries thailand_764_1.cif
109.03.24 03:31 B C:\Inetpub\wwwroot\lagervarer.dk\sites\all\modules\ubercart\uc_store\countries\turkey_792_1.cif --> ftp.lagervarer.dk /httpdocs/sites/all/modules/ubercart/uc_store/countries turkey_792_1.cif
109.03.24 03:31 B C:\Inetpub\wwwroot\lagervarer.dk\sites\all\modules\ubercart\uc_store\countries\ukraine_804_1.cif --> ftp.lagervarer.dk /httpdocs/sites/all/modules/ubercart/uc_store/countries ukraine_804_1.cif
109.03.24 03:31 B C:\Inetpub\wwwroot\lagervarer.dk\sites\all\modules\ubercart\uc_store\countries\united_arab_emirates_784_1.cif --> ftp.lagervarer.dk /httpdocs/sites/all/modules/ubercart/uc_store/countries united_arab_emirates_784_1.cif
109.03.24 03:31 B C:\Inetpub\wwwroot\lagervarer.dk\sites\all\modules\ubercart\uc_store\countries\united_kingdom_826_1.cif --> ftp.lagervarer.dk /httpdocs/sites/all/modules/ubercart/uc_store/countries united_kingdom_826_1.cif
109.03.24 03:31 B C:\Inetpub\wwwroot\lagervarer.dk\sites\all\modules\ubercart\uc_store\countries\united_states_840_1.cif --> ftp.lagervarer.dk /httpdocs/sites/all/modules/ubercart/uc_store/countries united_states_840_1.cif
109.03.24 03:31 B C:\Inetpub\wwwroot\lagervarer.dk\sites\all\modules\ubercart\uc_store\countries\venezuela_862_1.cif --> ftp.lagervarer.dk /httpdocs/sites/all/modules/ubercart/uc_store/countries venezuela_862_1.cif
109.03.24 03:31 B C:\Inetpub\wwwroot\lagervarer.dk\sites\all\modules\ubercart\uc_store\countries\vietnam_704_1.cif --> ftp.lagervarer.dk /httpdocs/sites/all/modules/ubercart/uc_store/countries vietnam_704_1.cif
109.03.24 03:31 B C:\Inetpub\wwwroot\lagervarer.dk\sites\all\modules\ubercart\uc_store\countries\WS_FTP.LOG --> ftp.lagervarer.dk /httpdocs/sites/all/modules/ubercart/uc_store/countries WS_FTP.LOG
109.03.24 03:31 B C:\Inetpub\wwwroot\lagervarer.dk\sites\all\modules\ubercart\uc_store\countries\zimbabwe_716_1.cif --> ftp.lagervarer.dk /httpdocs/sites/all/modules/ubercart/uc_store/countries zimbabwe_716_1.cif
109.04.09 13:25 B C:\Inetpub\wwwroot\lagervarer.dk\sites\all\modules\ubercart\uc_store\countries\afghanistan_4_1.cif --> ftp.lagervarer.dk /httpdocs/sites/all/modules/ubercart/uc_store/countries afghanistan_4_1.cif
109.04.09 13:25 B C:\Inetpub\wwwroot\lagervarer.dk\sites\all\modules\ubercart\uc_store\countries\andorra_20_1.cif --> ftp.lagervarer.dk /httpdocs/sites/all/modules/ubercart/uc_store/countries andorra_20_1.cif
109.04.09 13:25 B C:\Inetpub\wwwroot\lagervarer.dk\sites\all\modules\ubercart\uc_store\countries\antigua_barbuda_28_1.cif --> ftp.lagervarer.dk /httpdocs/sites/all/modules/ubercart/uc_store/countries antigua_barbuda_28_1.cif
109.04.09 13:25 B C:\Inetpub\wwwroot\lagervarer.dk\sites\all\modules\ubercart\uc_store\countries\argentina_32_1.cif --> ftp.lagervarer.dk /httpdocs/sites/all/modules/ubercart/uc_store/countries argentina_32_1.cif
109.04.09 13:25 B C:\Inetpub\wwwroot\lagervarer.dk\sites\all\modules\ubercart\uc_store\countries\aruba_533_1.cif --> ftp.lagervarer.dk /httpdocs/sites/all/modules/ubercart/uc_store/countries aruba_533_1.cif
109.04.09 13:25 B C:\Inetpub\wwwroot\lagervarer.dk\sites\all\modules\ubercart\uc_store\countries\australia_36_2.cif --> ftp.lagervarer.dk /httpdocs/sites/all/modules/ubercart/uc_store/countries australia_36_2.cif
109.04.09 13:25 B C:\Inetpub\wwwroot\lagervarer.dk\sites\all\modules\ubercart\uc_store\countries\austria_40_1.cif --> ftp.lagervarer.dk /httpdocs/sites/all/modules/ubercart/uc_store/countries austria_40_1.cif
109.04.09 13:25 B C:\Inetpub\wwwroot\lagervarer.dk\sites\all\modules\ubercart\uc_store\countries\belgium_56_2.cif --> ftp.lagervarer.dk /httpdocs/sites/all/modules/ubercart/uc_store/countries belgium_56_2.cif
109.04.09 13:25 B C:\Inetpub\wwwroot\lagervarer.dk\sites\all\modules\ubercart\uc_store\countries\bermuda_60_1.cif --> ftp.lagervarer.dk /httpdocs/sites/all/modules/ubercart/uc_store/countries bermuda_60_1.cif
109.04.09 13:25 B C:\Inetpub\wwwroot\lagervarer.dk\sites\all\modules\ubercart\uc_store\countries\brazil_76_1.cif --> ftp.lagervarer.dk /httpdocs/sites/all/modules/ubercart/uc_store/countries brazil_76_1.cif
109.04.09 13:25 B C:\Inetpub\wwwroot\lagervarer.dk\sites\all\modules\ubercart\uc_store\countries\bulgaria_100_1.cif --> ftp.lagervarer.dk /httpdocs/sites/all/modules/ubercart/uc_store/countries bulgaria_100_1.cif
109.04.09 13:25 B C:\Inetpub\wwwroot\lagervarer.dk\sites\all\modules\ubercart\uc_store\countries\canada_124_1.cif --> ftp.lagervarer.dk /httpdocs/sites/all/modules/ubercart/uc_store/countries canada_124_1.cif
109.04.09 13:25 B C:\Inetpub\wwwroot\lagervarer.dk\sites\all\modules\ubercart\uc_store\countries\chile_152_1.cif --> ftp.lagervarer.dk /httpdocs/sites/all/modules/ubercart/uc_store/countries chile_152_1.cif
109.04.09 13:25 B C:\Inetpub\wwwroot\lagervarer.dk\sites\all\modules\ubercart\uc_store\countries\china_156_1.cif --> ftp.lagervarer.dk /httpdocs/sites/all/modules/ubercart/uc_store/countries china_156_1.cif
109.04.09 13:25 B C:\Inetpub\wwwroot\lagervarer.dk\sites\all\modules\ubercart\uc_store\countries\costa_rica_188_1.cif --> ftp.lagervarer.dk /httpdocs/sites/all/modules/ubercart/uc_store/countries costa_rica_188_1.cif
109.04.09 13:25 B C:\Inetpub\wwwroot\lagervarer.dk\sites\all\modules\ubercart\uc_store\countries\croatia_191_1.cif --> ftp.lagervarer.dk /httpdocs/sites/all/modules/ubercart/uc_store/countries croatia_191_1.cif
109.04.09 13:25 B C:\Inetpub\wwwroot\lagervarer.dk\sites\all\modules\ubercart\uc_store\countries\czech_203_1.cif --> ftp.lagervarer.dk /httpdocs/sites/all/modules/ubercart/uc_store/countries czech_203_1.cif
109.04.09 13:25 B C:\Inetpub\wwwroot\lagervarer.dk\sites\all\modules\ubercart\uc_store\countries\denmark_208_1.cif --> ftp.lagervarer.dk /httpdocs/sites/all/modules/ubercart/uc_store/countries denmark_208_1.cif
109.04.09 13:25 B C:\Inetpub\wwwroot\lagervarer.dk\sites\all\modules\ubercart\uc_store\countries\dominican_republic_214_1.cif --> ftp.lagervarer.dk /httpdocs/sites/all/modules/ubercart/uc_store/countries dominican_republic_214_1.cif
109.04.09 13:25 B C:\Inetpub\wwwroot\lagervarer.dk\sites\all\modules\ubercart\uc_store\countries\egypt_818_1.cif --> ftp.lagervarer.dk /httpdocs/sites/all/modules/ubercart/uc_store/countries egypt_818_1.cif
109.04.09 13:25 B C:\Inetpub\wwwroot\lagervarer.dk\sites\all\modules\ubercart\uc_store\countries\finland_246_1.cif --> ftp.lagervarer.dk /httpdocs/sites/all/modules/ubercart/uc_store/countries finland_246_1.cif
109.04.09 13:25 B C:\Inetpub\wwwroot\lagervarer.dk\sites\all\modules\ubercart\uc_store\countries\france_250_1.cif --> ftp.lagervarer.dk /httpdocs/sites/all/modules/ubercart/uc_store/countries france_250_1.cif
109.04.09 13:25 B C:\Inetpub\wwwroot\lagervarer.dk\sites\all\modules\ubercart\uc_store\countries\germany_276_1.cif --> ftp.lagervarer.dk /httpdocs/sites/all/modules/ubercart/uc_store/countries germany_276_1.cif
109.04.09 13:25 B C:\Inetpub\wwwroot\lagervarer.dk\sites\all\modules\ubercart\uc_store\countries\greece_300_1.cif --> ftp.lagervarer.dk /httpdocs/sites/all/modules/ubercart/uc_store/countries greece_300_1.cif
109.04.09 13:25 B C:\Inetpub\wwwroot\lagervarer.dk\sites\all\modules\ubercart\uc_store\countries\greenland_304_1.cif --> ftp.lagervarer.dk /httpdocs/sites/all/modules/ubercart/uc_store/countries greenland_304_1.cif
109.04.09 13:25 B C:\Inetpub\wwwroot\lagervarer.dk\sites\all\modules\ubercart\uc_store\countries\hong_kong_344_1.cif --> ftp.lagervarer.dk /httpdocs/sites/all/modules/ubercart/uc_store/countries hong_kong_344_1.cif
109.04.09 13:25 B C:\Inetpub\wwwroot\lagervarer.dk\sites\all\modules\ubercart\uc_store\countries\hungary_348_1.cif --> ftp.lagervarer.dk /httpdocs/sites/all/modules/ubercart/uc_store/countries hungary_348_1.cif
109.04.09 13:25 B C:\Inetpub\wwwroot\lagervarer.dk\sites\all\modules\ubercart\uc_store\countries\india_356_1.cif --> ftp.lagervarer.dk /httpdocs/sites/all/modules/ubercart/uc_store/countries india_356_1.cif
109.04.09 13:25 B C:\Inetpub\wwwroot\lagervarer.dk\sites\all\modules\ubercart\uc_store\countries\indonesia_360_1.cif --> ftp.lagervarer.dk /httpdocs/sites/all/modules/ubercart/uc_store/countries indonesia_360_1.cif
109.04.09 13:25 B C:\Inetpub\wwwroot\lagervarer.dk\sites\all\modules\ubercart\uc_store\countries\iran_364_1.cif --> ftp.lagervarer.dk /httpdocs/sites/all/modules/ubercart/uc_store/countries iran_364_1.cif
109.04.09 13:25 B C:\Inetpub\wwwroot\lagervarer.dk\sites\all\modules\ubercart\uc_store\countries\ireland_372_2.cif --> ftp.lagervarer.dk /httpdocs/sites/all/modules/ubercart/uc_store/countries ireland_372_2.cif
109.04.09 13:25 B C:\Inetpub\wwwroot\lagervarer.dk\sites\all\modules\ubercart\uc_store\countries\israel_376_1.cif --> ftp.lagervarer.dk /httpdocs/sites/all/modules/ubercart/uc_store/countries israel_376_1.cif
109.04.09 13:25 B C:\Inetpub\wwwroot\lagervarer.dk\sites\all\modules\ubercart\uc_store\countries\italy_380_1.cif --> ftp.lagervarer.dk /httpdocs/sites/all/modules/ubercart/uc_store/countries italy_380_1.cif
109.04.09 13:25 B C:\Inetpub\wwwroot\lagervarer.dk\sites\all\modules\ubercart\uc_store\countries\japan_392_1.cif --> ftp.lagervarer.dk /httpdocs/sites/all/modules/ubercart/uc_store/countries japan_392_1.cif
109.04.09 13:25 B C:\Inetpub\wwwroot\lagervarer.dk\sites\all\modules\ubercart\uc_store\countries\kazakhstan_398_1.cif --> ftp.lagervarer.dk /httpdocs/sites/all/modules/ubercart/uc_store/countries kazakhstan_398_1.cif
109.04.09 13:25 B C:\Inetpub\wwwroot\lagervarer.dk\sites\all\modules\ubercart\uc_store\countries\korea_republic_of_410_1.cif --> ftp.lagervarer.dk /httpdocs/sites/all/modules/ubercart/uc_store/countries korea_republic_of_410_1.cif
109.04.09 13:25 B C:\Inetpub\wwwroot\lagervarer.dk\sites\all\modules\ubercart\uc_store\countries\latvia_428_1.cif --> ftp.lagervarer.dk /httpdocs/sites/all/modules/ubercart/uc_store/countries latvia_428_1.cif
109.04.09 13:25 B C:\Inetpub\wwwroot\lagervarer.dk\sites\all\modules\ubercart\uc_store\countries\lithuania_440_1.cif --> ftp.lagervarer.dk /httpdocs/sites/all/modules/ubercart/uc_store/countries lithuania_440_1.cif
109.04.09 13:25 B C:\Inetpub\wwwroot\lagervarer.dk\sites\all\modules\ubercart\uc_store\countries\malaysia_458_1.cif --> ftp.lagervarer.dk /httpdocs/sites/all/modules/ubercart/uc_store/countries malaysia_458_1.cif
109.04.09 13:25 B C:\Inetpub\wwwroot\lagervarer.dk\sites\all\modules\ubercart\uc_store\countries\mexico_484_1.cif --> ftp.lagervarer.dk /httpdocs/sites/all/modules/ubercart/uc_store/countries mexico_484_1.cif
109.04.09 13:25 B C:\Inetpub\wwwroot\lagervarer.dk\sites\all\modules\ubercart\uc_store\countries\mozambique_508_1.cif --> ftp.lagervarer.dk /httpdocs/sites/all/modules/ubercart/uc_store/countries mozambique_508_1.cif
109.04.09 13:25 B C:\Inetpub\wwwroot\lagervarer.dk\sites\all\modules\ubercart\uc_store\countries\netherlands_528_1.cif --> ftp.lagervarer.dk /httpdocs/sites/all/modules/ubercart/uc_store/countries netherlands_528_1.cif
109.04.09 13:25 B C:\Inetpub\wwwroot\lagervarer.dk\sites\all\modules\ubercart\uc_store\countries\new_zealand_554_3.cif --> ftp.lagervarer.dk /httpdocs/sites/all/modules/ubercart/uc_store/countries new_zealand_554_3.cif
109.04.09 13:25 B C:\Inetpub\wwwroot\lagervarer.dk\sites\all\modules\ubercart\uc_store\countries\norway_578_1.cif --> ftp.lagervarer.dk /httpdocs/sites/all/modules/ubercart/uc_store/countries norway_578_1.cif
109.04.09 13:25 B C:\Inetpub\wwwroot\lagervarer.dk\sites\all\modules\ubercart\uc_store\countries\peru_604_1.cif --> ftp.lagervarer.dk /httpdocs/sites/all/modules/ubercart/uc_store/countries peru_604_1.cif
109.04.09 13:25 B C:\Inetpub\wwwroot\lagervarer.dk\sites\all\modules\ubercart\uc_store\countries\philippines_608_2.cif --> ftp.lagervarer.dk /httpdocs/sites/all/modules/ubercart/uc_store/countries philippines_608_2.cif
109.04.09 13:25 B C:\Inetpub\wwwroot\lagervarer.dk\sites\all\modules\ubercart\uc_store\countries\poland_616_1.cif --> ftp.lagervarer.dk /httpdocs/sites/all/modules/ubercart/uc_store/countries poland_616_1.cif
109.04.09 13:25 B C:\Inetpub\wwwroot\lagervarer.dk\sites\all\modules\ubercart\uc_store\countries\portugal_620_1.cif --> ftp.lagervarer.dk /httpdocs/sites/all/modules/ubercart/uc_store/countries portugal_620_1.cif
109.04.09 13:25 B C:\Inetpub\wwwroot\lagervarer.dk\sites\all\modules\ubercart\uc_store\countries\romania_642_1.cif --> ftp.lagervarer.dk /httpdocs/sites/all/modules/ubercart/uc_store/countries romania_642_1.cif
109.04.09 13:25 B C:\Inetpub\wwwroot\lagervarer.dk\sites\all\modules\ubercart\uc_store\countries\russia_643_1.cif --> ftp.lagervarer.dk /httpdocs/sites/all/modules/ubercart/uc_store/countries russia_643_1.cif
109.04.09 13:25 B C:\Inetpub\wwwroot\lagervarer.dk\sites\all\modules\ubercart\uc_store\countries\saint_lucia_662_1.cif --> ftp.lagervarer.dk /httpdocs/sites/all/modules/ubercart/uc_store/countries saint_lucia_662_1.cif
109.04.09 13:25 B C:\Inetpub\wwwroot\lagervarer.dk\sites\all\modules\ubercart\uc_store\countries\singapore_702_1.cif --> ftp.lagervarer.dk /httpdocs/sites/all/modules/ubercart/uc_store/countries singapore_702_1.cif
109.04.09 13:25 B C:\Inetpub\wwwroot\lagervarer.dk\sites\all\modules\ubercart\uc_store\countries\slovak_703_1.cif --> ftp.lagervarer.dk /httpdocs/sites/all/modules/ubercart/uc_store/countries slovak_703_1.cif
109.04.09 13:25 B C:\Inetpub\wwwroot\lagervarer.dk\sites\all\modules\ubercart\uc_store\countries\south_africa_710_1.cif --> ftp.lagervarer.dk /httpdocs/sites/all/modules/ubercart/uc_store/countries south_africa_710_1.cif
109.04.09 13:25 B C:\Inetpub\wwwroot\lagervarer.dk\sites\all\modules\ubercart\uc_store\countries\spain_724_1.cif --> ftp.lagervarer.dk /httpdocs/sites/all/modules/ubercart/uc_store/countries spain_724_1.cif
109.04.09 13:25 B C:\Inetpub\wwwroot\lagervarer.dk\sites\all\modules\ubercart\uc_store\countries\sweden_752_1.cif --> ftp.lagervarer.dk /httpdocs/sites/all/modules/ubercart/uc_store/countries sweden_752_1.cif
109.04.09 13:25 B C:\Inetpub\wwwroot\lagervarer.dk\sites\all\modules\ubercart\uc_store\countries\switzerland_756_1.cif --> ftp.lagervarer.dk /httpdocs/sites/all/modules/ubercart/uc_store/countries switzerland_756_1.cif
109.04.09 13:25 B C:\Inetpub\wwwroot\lagervarer.dk\sites\all\modules\ubercart\uc_store\countries\taiwan_158_1.cif --> ftp.lagervarer.dk /httpdocs/sites/all/modules/ubercart/uc_store/countries taiwan_158_1.cif
109.04.09 13:25 B C:\Inetpub\wwwroot\lagervarer.dk\sites\all\modules\ubercart\uc_store\countries\thailand_764_1.cif --> ftp.lagervarer.dk /httpdocs/sites/all/modules/ubercart/uc_store/countries thailand_764_1.cif
109.04.09 13:25 B C:\Inetpub\wwwroot\lagervarer.dk\sites\all\modules\ubercart\uc_store\countries\turkey_792_1.cif --> ftp.lagervarer.dk /httpdocs/sites/all/modules/ubercart/uc_store/countries turkey_792_1.cif
109.04.09 13:25 B C:\Inetpub\wwwroot\lagervarer.dk\sites\all\modules\ubercart\uc_store\countries\ukraine_804_1.cif --> ftp.lagervarer.dk /httpdocs/sites/all/modules/ubercart/uc_store/countries ukraine_804_1.cif
109.04.09 13:25 B C:\Inetpub\wwwroot\lagervarer.dk\sites\all\modules\ubercart\uc_store\countries\united_arab_emirates_784_1.cif --> ftp.lagervarer.dk /httpdocs/sites/all/modules/ubercart/uc_store/countries united_arab_emirates_784_1.cif
109.04.09 13:25 B C:\Inetpub\wwwroot\lagervarer.dk\sites\all\modules\ubercart\uc_store\countries\united_kingdom_826_1.cif --> ftp.lagervarer.dk /httpdocs/sites/all/modules/ubercart/uc_store/countries united_kingdom_826_1.cif
109.04.09 13:25 B C:\Inetpub\wwwroot\lagervarer.dk\sites\all\modules\ubercart\uc_store\countries\united_states_840_1.cif --> ftp.lagervarer.dk /httpdocs/sites/all/modules/ubercart/uc_store/countries united_states_840_1.cif
109.04.09 13:25 B C:\Inetpub\wwwroot\lagervarer.dk\sites\all\modules\ubercart\uc_store\countries\venezuela_862_1.cif --> ftp.lagervarer.dk /httpdocs/sites/all/modules/ubercart/uc_store/countries venezuela_862_1.cif
109.04.09 13:25 B C:\Inetpub\wwwroot\lagervarer.dk\sites\all\modules\ubercart\uc_store\countries\vietnam_704_1.cif --> ftp.lagervarer.dk /httpdocs/sites/all/modules/ubercart/uc_store/countries vietnam_704_1.cif
