109.01.20 03:23 B D:\Resurser\Programmer\Drupal 6.9\drupal-6.9\themes\bluemarine\block.tpl.php --> lagervarer.dk /htdocs/themes/bluemarine block.tpl.php
109.01.20 03:23 B D:\Resurser\Programmer\Drupal 6.9\drupal-6.9\themes\bluemarine\bluemarine.info --> lagervarer.dk /htdocs/themes/bluemarine bluemarine.info
109.01.20 03:23 B D:\Resurser\Programmer\Drupal 6.9\drupal-6.9\themes\bluemarine\box.tpl.php --> lagervarer.dk /htdocs/themes/bluemarine box.tpl.php
109.01.20 03:23 B D:\Resurser\Programmer\Drupal 6.9\drupal-6.9\themes\bluemarine\comment.tpl.php --> lagervarer.dk /htdocs/themes/bluemarine comment.tpl.php
109.01.20 03:23 B D:\Resurser\Programmer\Drupal 6.9\drupal-6.9\themes\bluemarine\logo.png --> lagervarer.dk /htdocs/themes/bluemarine logo.png
109.01.20 03:23 B D:\Resurser\Programmer\Drupal 6.9\drupal-6.9\themes\bluemarine\node.tpl.php --> lagervarer.dk /htdocs/themes/bluemarine node.tpl.php
109.01.20 03:23 B D:\Resurser\Programmer\Drupal 6.9\drupal-6.9\themes\bluemarine\page.tpl.php --> lagervarer.dk /htdocs/themes/bluemarine page.tpl.php
109.01.20 03:23 B D:\Resurser\Programmer\Drupal 6.9\drupal-6.9\themes\bluemarine\screenshot.png --> lagervarer.dk /htdocs/themes/bluemarine screenshot.png
109.01.20 03:23 B D:\Resurser\Programmer\Drupal 6.9\drupal-6.9\themes\bluemarine\style-rtl.css --> lagervarer.dk /htdocs/themes/bluemarine style-rtl.css
109.01.20 03:23 B D:\Resurser\Programmer\Drupal 6.9\drupal-6.9\themes\bluemarine\style.css --> lagervarer.dk /htdocs/themes/bluemarine style.css
109.01.24 16:23 B D:\Resurser\Programmer\Drupal 6.9\drupal-6.9\themes\bluemarine\block.tpl.php --> ftp.lagervarer.dk /httpdocs/themes/bluemarine block.tpl.php
109.01.24 16:23 B D:\Resurser\Programmer\Drupal 6.9\drupal-6.9\themes\bluemarine\bluemarine.info --> ftp.lagervarer.dk /httpdocs/themes/bluemarine bluemarine.info
109.01.24 16:23 B D:\Resurser\Programmer\Drupal 6.9\drupal-6.9\themes\bluemarine\box.tpl.php --> ftp.lagervarer.dk /httpdocs/themes/bluemarine box.tpl.php
109.01.24 16:23 B D:\Resurser\Programmer\Drupal 6.9\drupal-6.9\themes\bluemarine\comment.tpl.php --> ftp.lagervarer.dk /httpdocs/themes/bluemarine comment.tpl.php
109.01.24 16:23 B D:\Resurser\Programmer\Drupal 6.9\drupal-6.9\themes\bluemarine\logo.png --> ftp.lagervarer.dk /httpdocs/themes/bluemarine logo.png
109.01.24 16:23 B D:\Resurser\Programmer\Drupal 6.9\drupal-6.9\themes\bluemarine\node.tpl.php --> ftp.lagervarer.dk /httpdocs/themes/bluemarine node.tpl.php
109.01.24 16:23 B D:\Resurser\Programmer\Drupal 6.9\drupal-6.9\themes\bluemarine\page.tpl.php --> ftp.lagervarer.dk /httpdocs/themes/bluemarine page.tpl.php
109.01.24 16:23 B D:\Resurser\Programmer\Drupal 6.9\drupal-6.9\themes\bluemarine\screenshot.png --> ftp.lagervarer.dk /httpdocs/themes/bluemarine screenshot.png
109.01.24 16:23 B D:\Resurser\Programmer\Drupal 6.9\drupal-6.9\themes\bluemarine\style-rtl.css --> ftp.lagervarer.dk /httpdocs/themes/bluemarine style-rtl.css
109.01.24 16:23 B D:\Resurser\Programmer\Drupal 6.9\drupal-6.9\themes\bluemarine\style.css --> ftp.lagervarer.dk /httpdocs/themes/bluemarine style.css
109.01.24 17:14 B C:\Inetpub\wwwroot\lagervarer.dk\themes\bluemarine\WS_FTP.LOG <-- Lagervarer.dk /httpdocs/themes/bluemarine WS_FTP.LOG
109.01.24 17:15 B C:\Inetpub\wwwroot\lagervarer.dk\themes\lagervarer\block.tpl.php --> ftp.lagervarer.dk /httpdocs/sites/all/themes/lagervarer block.tpl.php
109.01.24 17:15 B C:\Inetpub\wwwroot\lagervarer.dk\themes\lagervarer\bluemarine.info --> ftp.lagervarer.dk /httpdocs/sites/all/themes/lagervarer bluemarine.info
109.01.24 17:15 B C:\Inetpub\wwwroot\lagervarer.dk\themes\lagervarer\box.tpl.php --> ftp.lagervarer.dk /httpdocs/sites/all/themes/lagervarer box.tpl.php
109.01.24 17:15 B C:\Inetpub\wwwroot\lagervarer.dk\themes\lagervarer\comment.tpl.php --> ftp.lagervarer.dk /httpdocs/sites/all/themes/lagervarer comment.tpl.php
109.01.24 17:15 B C:\Inetpub\wwwroot\lagervarer.dk\themes\lagervarer\logo.png --> ftp.lagervarer.dk /httpdocs/sites/all/themes/lagervarer logo.png
109.01.24 17:15 B C:\Inetpub\wwwroot\lagervarer.dk\themes\lagervarer\node.tpl.php --> ftp.lagervarer.dk /httpdocs/sites/all/themes/lagervarer node.tpl.php
109.01.24 17:15 B C:\Inetpub\wwwroot\lagervarer.dk\themes\lagervarer\page.tpl.php --> ftp.lagervarer.dk /httpdocs/sites/all/themes/lagervarer page.tpl.php
109.01.24 17:15 B C:\Inetpub\wwwroot\lagervarer.dk\themes\lagervarer\screenshot.png --> ftp.lagervarer.dk /httpdocs/sites/all/themes/lagervarer screenshot.png
109.01.24 17:15 B C:\Inetpub\wwwroot\lagervarer.dk\themes\lagervarer\style-rtl.css --> ftp.lagervarer.dk /httpdocs/sites/all/themes/lagervarer style-rtl.css
109.01.24 17:15 B C:\Inetpub\wwwroot\lagervarer.dk\themes\lagervarer\style.css --> ftp.lagervarer.dk /httpdocs/sites/all/themes/lagervarer style.css
