109.01.20 03:22 B D:\Resurser\Programmer\Drupal 6.9\drupal-6.9\modules\comment\comment-folded.tpl.php --> lagervarer.dk /htdocs/modules/comment comment-folded.tpl.php
109.01.20 03:22 B D:\Resurser\Programmer\Drupal 6.9\drupal-6.9\modules\comment\comment-rtl.css --> lagervarer.dk /htdocs/modules/comment comment-rtl.css
109.01.20 03:22 B D:\Resurser\Programmer\Drupal 6.9\drupal-6.9\modules\comment\comment-wrapper.tpl.php --> lagervarer.dk /htdocs/modules/comment comment-wrapper.tpl.php
109.01.20 03:22 B D:\Resurser\Programmer\Drupal 6.9\drupal-6.9\modules\comment\comment.admin.inc --> lagervarer.dk /htdocs/modules/comment comment.admin.inc
109.01.20 03:22 B D:\Resurser\Programmer\Drupal 6.9\drupal-6.9\modules\comment\comment.css --> lagervarer.dk /htdocs/modules/comment comment.css
109.01.20 03:22 B D:\Resurser\Programmer\Drupal 6.9\drupal-6.9\modules\comment\comment.info --> lagervarer.dk /htdocs/modules/comment comment.info
109.01.20 03:22 B D:\Resurser\Programmer\Drupal 6.9\drupal-6.9\modules\comment\comment.install --> lagervarer.dk /htdocs/modules/comment comment.install
109.01.20 03:22 B D:\Resurser\Programmer\Drupal 6.9\drupal-6.9\modules\comment\comment.js --> lagervarer.dk /htdocs/modules/comment comment.js
109.01.20 03:22 B D:\Resurser\Programmer\Drupal 6.9\drupal-6.9\modules\comment\comment.module --> lagervarer.dk /htdocs/modules/comment comment.module
109.01.20 03:22 B D:\Resurser\Programmer\Drupal 6.9\drupal-6.9\modules\comment\comment.pages.inc --> lagervarer.dk /htdocs/modules/comment comment.pages.inc
109.01.20 03:22 B D:\Resurser\Programmer\Drupal 6.9\drupal-6.9\modules\comment\comment.tpl.php --> lagervarer.dk /htdocs/modules/comment comment.tpl.php
109.01.24 16:23 B D:\Resurser\Programmer\Drupal 6.9\drupal-6.9\modules\comment\comment-folded.tpl.php --> ftp.lagervarer.dk /httpdocs/modules/comment comment-folded.tpl.php
109.01.24 16:23 B D:\Resurser\Programmer\Drupal 6.9\drupal-6.9\modules\comment\comment-rtl.css --> ftp.lagervarer.dk /httpdocs/modules/comment comment-rtl.css
109.01.24 16:23 B D:\Resurser\Programmer\Drupal 6.9\drupal-6.9\modules\comment\comment-wrapper.tpl.php --> ftp.lagervarer.dk /httpdocs/modules/comment comment-wrapper.tpl.php
109.01.24 16:23 B D:\Resurser\Programmer\Drupal 6.9\drupal-6.9\modules\comment\comment.admin.inc --> ftp.lagervarer.dk /httpdocs/modules/comment comment.admin.inc
109.01.24 16:23 B D:\Resurser\Programmer\Drupal 6.9\drupal-6.9\modules\comment\comment.css --> ftp.lagervarer.dk /httpdocs/modules/comment comment.css
109.01.24 16:23 B D:\Resurser\Programmer\Drupal 6.9\drupal-6.9\modules\comment\comment.info --> ftp.lagervarer.dk /httpdocs/modules/comment comment.info
109.01.24 16:23 B D:\Resurser\Programmer\Drupal 6.9\drupal-6.9\modules\comment\comment.install --> ftp.lagervarer.dk /httpdocs/modules/comment comment.install
109.01.24 16:23 B D:\Resurser\Programmer\Drupal 6.9\drupal-6.9\modules\comment\comment.js --> ftp.lagervarer.dk /httpdocs/modules/comment comment.js
109.01.24 16:23 B D:\Resurser\Programmer\Drupal 6.9\drupal-6.9\modules\comment\comment.module --> ftp.lagervarer.dk /httpdocs/modules/comment comment.module
109.01.24 16:23 B D:\Resurser\Programmer\Drupal 6.9\drupal-6.9\modules\comment\comment.pages.inc --> ftp.lagervarer.dk /httpdocs/modules/comment comment.pages.inc
109.01.24 16:23 B D:\Resurser\Programmer\Drupal 6.9\drupal-6.9\modules\comment\comment.tpl.php --> ftp.lagervarer.dk /httpdocs/modules/comment comment.tpl.php
111.11.20 19:22 B C:\wwwroot\lagervarer.dk-download\modules\comment\WS_FTP.LOG <-- Lagervarer.dk /httpdocs/modules/comment WS_FTP.LOG
