109.02.17 14:19 B C:\Inetpub\wwwroot\lagervarer.dk\sites\all\modules\ubercart\uc_product\views\uc_product.views.inc --> ftp.lagervarer.dk /httpdocs/sites/all/modules/ubercart/uc_product/views uc_product.views.inc
109.02.17 14:19 B C:\Inetpub\wwwroot\lagervarer.dk\sites\all\modules\ubercart\uc_product\views\uc_product.views_default.inc --> ftp.lagervarer.dk /httpdocs/sites/all/modules/ubercart/uc_product/views uc_product.views_default.inc
109.02.17 14:19 B C:\Inetpub\wwwroot\lagervarer.dk\sites\all\modules\ubercart\uc_product\views\uc_product_handler_field_addtocart.inc --> ftp.lagervarer.dk /httpdocs/sites/all/modules/ubercart/uc_product/views uc_product_handler_field_addtocart.inc
109.02.17 14:19 B C:\Inetpub\wwwroot\lagervarer.dk\sites\all\modules\ubercart\uc_product\views\uc_product_handler_field_buyitnow.inc --> ftp.lagervarer.dk /httpdocs/sites/all/modules/ubercart/uc_product/views uc_product_handler_field_buyitnow.inc
109.02.17 14:19 B C:\Inetpub\wwwroot\lagervarer.dk\sites\all\modules\ubercart\uc_product\views\uc_product_handler_field_price.inc --> ftp.lagervarer.dk /httpdocs/sites/all/modules/ubercart/uc_product/views uc_product_handler_field_price.inc
109.02.17 14:19 B C:\Inetpub\wwwroot\lagervarer.dk\sites\all\modules\ubercart\uc_product\views\uc_product_handler_field_weight.inc --> ftp.lagervarer.dk /httpdocs/sites/all/modules/ubercart/uc_product/views uc_product_handler_field_weight.inc
109.02.17 14:19 B C:\Inetpub\wwwroot\lagervarer.dk\sites\all\modules\ubercart\uc_product\views\uc_product_handler_filter_product.inc --> ftp.lagervarer.dk /httpdocs/sites/all/modules/ubercart/uc_product/views uc_product_handler_filter_product.inc
109.03.24 03:31 B C:\Inetpub\wwwroot\lagervarer.dk\sites\all\modules\ubercart\uc_product\views\uc_product.views.inc --> ftp.lagervarer.dk /httpdocs/sites/all/modules/ubercart/uc_product/views uc_product.views.inc
109.03.24 03:31 B C:\Inetpub\wwwroot\lagervarer.dk\sites\all\modules\ubercart\uc_product\views\uc_product.views_default.inc --> ftp.lagervarer.dk /httpdocs/sites/all/modules/ubercart/uc_product/views uc_product.views_default.inc
109.03.24 03:31 B C:\Inetpub\wwwroot\lagervarer.dk\sites\all\modules\ubercart\uc_product\views\uc_product_handler_field_addtocart.inc --> ftp.lagervarer.dk /httpdocs/sites/all/modules/ubercart/uc_product/views uc_product_handler_field_addtocart.inc
109.03.24 03:31 B C:\Inetpub\wwwroot\lagervarer.dk\sites\all\modules\ubercart\uc_product\views\uc_product_handler_field_buyitnow.inc --> ftp.lagervarer.dk /httpdocs/sites/all/modules/ubercart/uc_product/views uc_product_handler_field_buyitnow.inc
109.03.24 03:31 B C:\Inetpub\wwwroot\lagervarer.dk\sites\all\modules\ubercart\uc_product\views\uc_product_handler_field_price.inc --> ftp.lagervarer.dk /httpdocs/sites/all/modules/ubercart/uc_product/views uc_product_handler_field_price.inc
109.03.24 03:31 B C:\Inetpub\wwwroot\lagervarer.dk\sites\all\modules\ubercart\uc_product\views\uc_product_handler_field_weight.inc --> ftp.lagervarer.dk /httpdocs/sites/all/modules/ubercart/uc_product/views uc_product_handler_field_weight.inc
109.03.24 03:31 B C:\Inetpub\wwwroot\lagervarer.dk\sites\all\modules\ubercart\uc_product\views\uc_product_handler_filter_product.inc --> ftp.lagervarer.dk /httpdocs/sites/all/modules/ubercart/uc_product/views uc_product_handler_filter_product.inc
109.03.24 03:31 B C:\Inetpub\wwwroot\lagervarer.dk\sites\all\modules\ubercart\uc_product\views\WS_FTP.LOG --> ftp.lagervarer.dk /httpdocs/sites/all/modules/ubercart/uc_product/views WS_FTP.LOG
109.04.09 13:24 B C:\Inetpub\wwwroot\lagervarer.dk\sites\all\modules\ubercart\uc_product\views\uc_product.views.inc --> ftp.lagervarer.dk /httpdocs/sites/all/modules/ubercart/uc_product/views uc_product.views.inc
109.04.09 13:24 B C:\Inetpub\wwwroot\lagervarer.dk\sites\all\modules\ubercart\uc_product\views\uc_product.views_default.inc --> ftp.lagervarer.dk /httpdocs/sites/all/modules/ubercart/uc_product/views uc_product.views_default.inc
109.04.09 13:24 B C:\Inetpub\wwwroot\lagervarer.dk\sites\all\modules\ubercart\uc_product\views\uc_product_handler_field_addtocart.inc --> ftp.lagervarer.dk /httpdocs/sites/all/modules/ubercart/uc_product/views uc_product_handler_field_addtocart.inc
109.04.09 13:24 B C:\Inetpub\wwwroot\lagervarer.dk\sites\all\modules\ubercart\uc_product\views\uc_product_handler_field_buyitnow.inc --> ftp.lagervarer.dk /httpdocs/sites/all/modules/ubercart/uc_product/views uc_product_handler_field_buyitnow.inc
109.04.09 13:24 B C:\Inetpub\wwwroot\lagervarer.dk\sites\all\modules\ubercart\uc_product\views\uc_product_handler_field_price.inc --> ftp.lagervarer.dk /httpdocs/sites/all/modules/ubercart/uc_product/views uc_product_handler_field_price.inc
109.04.09 13:24 B C:\Inetpub\wwwroot\lagervarer.dk\sites\all\modules\ubercart\uc_product\views\uc_product_handler_field_weight.inc --> ftp.lagervarer.dk /httpdocs/sites/all/modules/ubercart/uc_product/views uc_product_handler_field_weight.inc
109.04.09 13:24 B C:\Inetpub\wwwroot\lagervarer.dk\sites\all\modules\ubercart\uc_product\views\uc_product_handler_filter_product.inc --> ftp.lagervarer.dk /httpdocs/sites/all/modules/ubercart/uc_product/views uc_product_handler_filter_product.inc
