109.01.24 19:17 B C:\Inetpub\wwwroot\lagervarer.dk\themes\zen\block-editing.css --> ftp.lagervarer.dk /httpdocs/sites/all/themes/zen block-editing.css
109.01.24 19:17 B C:\Inetpub\wwwroot\lagervarer.dk\themes\zen\block.tpl.php --> ftp.lagervarer.dk /httpdocs/sites/all/themes/zen block.tpl.php
109.01.24 19:17 B C:\Inetpub\wwwroot\lagervarer.dk\themes\zen\box.tpl.php --> ftp.lagervarer.dk /httpdocs/sites/all/themes/zen box.tpl.php
109.01.24 19:17 B C:\Inetpub\wwwroot\lagervarer.dk\themes\zen\comment-wrapper.tpl.php --> ftp.lagervarer.dk /httpdocs/sites/all/themes/zen comment-wrapper.tpl.php
109.01.24 19:17 B C:\Inetpub\wwwroot\lagervarer.dk\themes\zen\comment.tpl.php --> ftp.lagervarer.dk /httpdocs/sites/all/themes/zen comment.tpl.php
109.01.24 19:17 B C:\Inetpub\wwwroot\lagervarer.dk\themes\zen\favicon.ico --> ftp.lagervarer.dk /httpdocs/sites/all/themes/zen favicon.ico
109.01.24 19:17 B C:\Inetpub\wwwroot\lagervarer.dk\themes\zen\html-elements.css --> ftp.lagervarer.dk /httpdocs/sites/all/themes/zen html-elements.css
109.01.24 19:17 B C:\Inetpub\wwwroot\lagervarer.dk\themes\zen\ie.css --> ftp.lagervarer.dk /httpdocs/sites/all/themes/zen ie.css
109.01.24 19:17 B C:\Inetpub\wwwroot\lagervarer.dk\themes\zen\layout-fixed.css --> ftp.lagervarer.dk /httpdocs/sites/all/themes/zen layout-fixed.css
109.01.24 19:17 B C:\Inetpub\wwwroot\lagervarer.dk\themes\zen\layout-liquid.css --> ftp.lagervarer.dk /httpdocs/sites/all/themes/zen layout-liquid.css
109.01.24 19:17 B C:\Inetpub\wwwroot\lagervarer.dk\themes\zen\logo.png --> ftp.lagervarer.dk /httpdocs/sites/all/themes/zen logo.png
109.01.24 19:17 B C:\Inetpub\wwwroot\lagervarer.dk\themes\zen\messages.css --> ftp.lagervarer.dk /httpdocs/sites/all/themes/zen messages.css
109.01.24 19:17 B C:\Inetpub\wwwroot\lagervarer.dk\themes\zen\node.tpl.php --> ftp.lagervarer.dk /httpdocs/sites/all/themes/zen node.tpl.php
109.01.24 19:17 B C:\Inetpub\wwwroot\lagervarer.dk\themes\zen\page.tpl.php --> ftp.lagervarer.dk /httpdocs/sites/all/themes/zen page.tpl.php
109.01.24 19:17 B C:\Inetpub\wwwroot\lagervarer.dk\themes\zen\print.css --> ftp.lagervarer.dk /httpdocs/sites/all/themes/zen print.css
109.01.24 19:17 B C:\Inetpub\wwwroot\lagervarer.dk\themes\zen\screenshot-drupal.org.png --> ftp.lagervarer.dk /httpdocs/sites/all/themes/zen screenshot-drupal.org.png
109.01.24 19:17 B C:\Inetpub\wwwroot\lagervarer.dk\themes\zen\screenshot.large.png --> ftp.lagervarer.dk /httpdocs/sites/all/themes/zen screenshot.large.png
109.01.24 19:17 B C:\Inetpub\wwwroot\lagervarer.dk\themes\zen\screenshot.png --> ftp.lagervarer.dk /httpdocs/sites/all/themes/zen screenshot.png
109.01.24 19:17 B C:\Inetpub\wwwroot\lagervarer.dk\themes\zen\tabs.css --> ftp.lagervarer.dk /httpdocs/sites/all/themes/zen tabs.css
109.01.24 19:17 B C:\Inetpub\wwwroot\lagervarer.dk\themes\zen\template.block-editing.inc --> ftp.lagervarer.dk /httpdocs/sites/all/themes/zen template.block-editing.inc
109.01.24 19:17 B C:\Inetpub\wwwroot\lagervarer.dk\themes\zen\template.comment.inc --> ftp.lagervarer.dk /httpdocs/sites/all/themes/zen template.comment.inc
109.01.24 19:17 B C:\Inetpub\wwwroot\lagervarer.dk\themes\zen\template.conditional-styles.inc --> ftp.lagervarer.dk /httpdocs/sites/all/themes/zen template.conditional-styles.inc
109.01.24 19:17 B C:\Inetpub\wwwroot\lagervarer.dk\themes\zen\template.php --> ftp.lagervarer.dk /httpdocs/sites/all/themes/zen template.php
109.01.24 19:17 B C:\Inetpub\wwwroot\lagervarer.dk\themes\zen\template.theme-registry.inc --> ftp.lagervarer.dk /httpdocs/sites/all/themes/zen template.theme-registry.inc
109.01.24 19:17 B C:\Inetpub\wwwroot\lagervarer.dk\themes\zen\theme-settings.css --> ftp.lagervarer.dk /httpdocs/sites/all/themes/zen theme-settings.css
109.01.24 19:17 B C:\Inetpub\wwwroot\lagervarer.dk\themes\zen\theme-settings.js --> ftp.lagervarer.dk /httpdocs/sites/all/themes/zen theme-settings.js
109.01.24 19:17 B C:\Inetpub\wwwroot\lagervarer.dk\themes\zen\theme-settings.php --> ftp.lagervarer.dk /httpdocs/sites/all/themes/zen theme-settings.php
109.01.24 19:17 B C:\Inetpub\wwwroot\lagervarer.dk\themes\zen\wireframes.css --> ftp.lagervarer.dk /httpdocs/sites/all/themes/zen wireframes.css
109.01.24 19:17 B C:\Inetpub\wwwroot\lagervarer.dk\themes\zen\zen.css --> ftp.lagervarer.dk /httpdocs/sites/all/themes/zen zen.css
109.01.24 19:17 B C:\Inetpub\wwwroot\lagervarer.dk\themes\zen\zen.info --> ftp.lagervarer.dk /httpdocs/sites/all/themes/zen zen.info
109.02.18 15:21 B C:\Inetpub\wwwroot\lagervarer.dk\themes\zen\block-editing.css --> ftp.lagervarer.dk /httpdocs/sites/all/themes/zen block-editing.css
109.02.18 15:21 B C:\Inetpub\wwwroot\lagervarer.dk\themes\zen\block.tpl.php --> ftp.lagervarer.dk /httpdocs/sites/all/themes/zen block.tpl.php
109.02.18 15:21 B C:\Inetpub\wwwroot\lagervarer.dk\themes\zen\box.tpl.php --> ftp.lagervarer.dk /httpdocs/sites/all/themes/zen box.tpl.php
109.02.18 15:21 B C:\Inetpub\wwwroot\lagervarer.dk\themes\zen\comment-wrapper.tpl.php --> ftp.lagervarer.dk /httpdocs/sites/all/themes/zen comment-wrapper.tpl.php
109.02.18 15:21 B C:\Inetpub\wwwroot\lagervarer.dk\themes\zen\comment.tpl.php --> ftp.lagervarer.dk /httpdocs/sites/all/themes/zen comment.tpl.php
109.02.18 15:21 B C:\Inetpub\wwwroot\lagervarer.dk\themes\zen\favicon.ico --> ftp.lagervarer.dk /httpdocs/sites/all/themes/zen favicon.ico
109.02.18 15:21 B C:\Inetpub\wwwroot\lagervarer.dk\themes\zen\html-elements.css --> ftp.lagervarer.dk /httpdocs/sites/all/themes/zen html-elements.css
109.02.18 15:21 B C:\Inetpub\wwwroot\lagervarer.dk\themes\zen\ie.css --> ftp.lagervarer.dk /httpdocs/sites/all/themes/zen ie.css
109.02.18 15:21 B C:\Inetpub\wwwroot\lagervarer.dk\themes\zen\layout-fixed.css --> ftp.lagervarer.dk /httpdocs/sites/all/themes/zen layout-fixed.css
109.02.18 15:21 B C:\Inetpub\wwwroot\lagervarer.dk\themes\zen\layout-liquid.css --> ftp.lagervarer.dk /httpdocs/sites/all/themes/zen layout-liquid.css
109.02.18 15:21 B C:\Inetpub\wwwroot\lagervarer.dk\themes\zen\logo.png --> ftp.lagervarer.dk /httpdocs/sites/all/themes/zen logo.png
109.02.18 15:21 B C:\Inetpub\wwwroot\lagervarer.dk\themes\zen\messages.css --> ftp.lagervarer.dk /httpdocs/sites/all/themes/zen messages.css
109.02.18 15:21 B C:\Inetpub\wwwroot\lagervarer.dk\themes\zen\node.tpl.php --> ftp.lagervarer.dk /httpdocs/sites/all/themes/zen node.tpl.php
109.02.18 15:21 B C:\Inetpub\wwwroot\lagervarer.dk\themes\zen\page.tpl.php --> ftp.lagervarer.dk /httpdocs/sites/all/themes/zen page.tpl.php
109.02.18 15:21 B C:\Inetpub\wwwroot\lagervarer.dk\themes\zen\print.css --> ftp.lagervarer.dk /httpdocs/sites/all/themes/zen print.css
109.02.18 15:21 B C:\Inetpub\wwwroot\lagervarer.dk\themes\zen\screenshot-drupal.org.png --> ftp.lagervarer.dk /httpdocs/sites/all/themes/zen screenshot-drupal.org.png
109.02.18 15:21 B C:\Inetpub\wwwroot\lagervarer.dk\themes\zen\screenshot.large.png --> ftp.lagervarer.dk /httpdocs/sites/all/themes/zen screenshot.large.png
109.02.18 15:21 B C:\Inetpub\wwwroot\lagervarer.dk\themes\zen\screenshot.png --> ftp.lagervarer.dk /httpdocs/sites/all/themes/zen screenshot.png
109.02.18 15:21 B C:\Inetpub\wwwroot\lagervarer.dk\themes\zen\tabs.css --> ftp.lagervarer.dk /httpdocs/sites/all/themes/zen tabs.css
109.02.18 15:21 B C:\Inetpub\wwwroot\lagervarer.dk\themes\zen\template.block-editing.inc --> ftp.lagervarer.dk /httpdocs/sites/all/themes/zen template.block-editing.inc
109.02.18 15:21 B C:\Inetpub\wwwroot\lagervarer.dk\themes\zen\template.comment.inc --> ftp.lagervarer.dk /httpdocs/sites/all/themes/zen template.comment.inc
109.02.18 15:21 B C:\Inetpub\wwwroot\lagervarer.dk\themes\zen\template.conditional-styles.inc --> ftp.lagervarer.dk /httpdocs/sites/all/themes/zen template.conditional-styles.inc
109.02.18 15:21 B C:\Inetpub\wwwroot\lagervarer.dk\themes\zen\template.php --> ftp.lagervarer.dk /httpdocs/sites/all/themes/zen template.php
109.02.18 15:21 B C:\Inetpub\wwwroot\lagervarer.dk\themes\zen\template.theme-registry.inc --> ftp.lagervarer.dk /httpdocs/sites/all/themes/zen template.theme-registry.inc
109.02.18 15:21 B C:\Inetpub\wwwroot\lagervarer.dk\themes\zen\theme-settings.css --> ftp.lagervarer.dk /httpdocs/sites/all/themes/zen theme-settings.css
109.02.18 15:21 B C:\Inetpub\wwwroot\lagervarer.dk\themes\zen\theme-settings.js --> ftp.lagervarer.dk /httpdocs/sites/all/themes/zen theme-settings.js
109.02.18 15:21 B C:\Inetpub\wwwroot\lagervarer.dk\themes\zen\theme-settings.php --> ftp.lagervarer.dk /httpdocs/sites/all/themes/zen theme-settings.php
109.02.18 15:21 B C:\Inetpub\wwwroot\lagervarer.dk\themes\zen\wireframes.css --> ftp.lagervarer.dk /httpdocs/sites/all/themes/zen wireframes.css
