109.01.20 03:22 B D:\Resurser\Programmer\Drupal 6.9\drupal-6.9\includes\actions.inc --> lagervarer.dk /htdocs/includes actions.inc
109.01.20 03:22 B D:\Resurser\Programmer\Drupal 6.9\drupal-6.9\includes\batch.inc --> lagervarer.dk /htdocs/includes batch.inc
109.01.20 03:22 B D:\Resurser\Programmer\Drupal 6.9\drupal-6.9\includes\bootstrap.inc --> lagervarer.dk /htdocs/includes bootstrap.inc
109.01.20 03:22 B D:\Resurser\Programmer\Drupal 6.9\drupal-6.9\includes\cache-install.inc --> lagervarer.dk /htdocs/includes cache-install.inc
109.01.20 03:22 B D:\Resurser\Programmer\Drupal 6.9\drupal-6.9\includes\cache.inc --> lagervarer.dk /htdocs/includes cache.inc
109.01.20 03:22 B D:\Resurser\Programmer\Drupal 6.9\drupal-6.9\includes\common.inc --> lagervarer.dk /htdocs/includes common.inc
109.01.20 03:22 B D:\Resurser\Programmer\Drupal 6.9\drupal-6.9\includes\database.inc --> lagervarer.dk /htdocs/includes database.inc
109.01.20 03:22 B D:\Resurser\Programmer\Drupal 6.9\drupal-6.9\includes\database.mysql-common.inc --> lagervarer.dk /htdocs/includes database.mysql-common.inc
109.01.20 03:22 B D:\Resurser\Programmer\Drupal 6.9\drupal-6.9\includes\database.mysql.inc --> lagervarer.dk /htdocs/includes database.mysql.inc
109.01.20 03:22 B D:\Resurser\Programmer\Drupal 6.9\drupal-6.9\includes\database.mysqli.inc --> lagervarer.dk /htdocs/includes database.mysqli.inc
109.01.20 03:22 B D:\Resurser\Programmer\Drupal 6.9\drupal-6.9\includes\database.pgsql.inc --> lagervarer.dk /htdocs/includes database.pgsql.inc
109.01.20 03:22 B D:\Resurser\Programmer\Drupal 6.9\drupal-6.9\includes\file.inc --> lagervarer.dk /htdocs/includes file.inc
109.01.20 03:22 B D:\Resurser\Programmer\Drupal 6.9\drupal-6.9\includes\form.inc --> lagervarer.dk /htdocs/includes form.inc
109.01.20 03:22 B D:\Resurser\Programmer\Drupal 6.9\drupal-6.9\includes\image.gd.inc --> lagervarer.dk /htdocs/includes image.gd.inc
109.01.20 03:22 B D:\Resurser\Programmer\Drupal 6.9\drupal-6.9\includes\image.inc --> lagervarer.dk /htdocs/includes image.inc
109.01.20 03:22 B D:\Resurser\Programmer\Drupal 6.9\drupal-6.9\includes\install.inc --> lagervarer.dk /htdocs/includes install.inc
109.01.20 03:22 B D:\Resurser\Programmer\Drupal 6.9\drupal-6.9\includes\install.mysql.inc --> lagervarer.dk /htdocs/includes install.mysql.inc
109.01.20 03:22 B D:\Resurser\Programmer\Drupal 6.9\drupal-6.9\includes\install.mysqli.inc --> lagervarer.dk /htdocs/includes install.mysqli.inc
109.01.20 03:22 B D:\Resurser\Programmer\Drupal 6.9\drupal-6.9\includes\install.pgsql.inc --> lagervarer.dk /htdocs/includes install.pgsql.inc
109.01.20 03:22 B D:\Resurser\Programmer\Drupal 6.9\drupal-6.9\includes\language.inc --> lagervarer.dk /htdocs/includes language.inc
109.01.20 03:22 B D:\Resurser\Programmer\Drupal 6.9\drupal-6.9\includes\locale.inc --> lagervarer.dk /htdocs/includes locale.inc
109.01.20 03:22 B D:\Resurser\Programmer\Drupal 6.9\drupal-6.9\includes\mail.inc --> lagervarer.dk /htdocs/includes mail.inc
109.01.20 03:22 B D:\Resurser\Programmer\Drupal 6.9\drupal-6.9\includes\menu.inc --> lagervarer.dk /htdocs/includes menu.inc
109.01.20 03:22 B D:\Resurser\Programmer\Drupal 6.9\drupal-6.9\includes\module.inc --> lagervarer.dk /htdocs/includes module.inc
109.01.20 03:22 B D:\Resurser\Programmer\Drupal 6.9\drupal-6.9\includes\pager.inc --> lagervarer.dk /htdocs/includes pager.inc
109.01.20 03:22 B D:\Resurser\Programmer\Drupal 6.9\drupal-6.9\includes\path.inc --> lagervarer.dk /htdocs/includes path.inc
109.01.20 03:22 B D:\Resurser\Programmer\Drupal 6.9\drupal-6.9\includes\session.inc --> lagervarer.dk /htdocs/includes session.inc
109.01.20 03:22 B D:\Resurser\Programmer\Drupal 6.9\drupal-6.9\includes\tablesort.inc --> lagervarer.dk /htdocs/includes tablesort.inc
109.01.20 03:22 B D:\Resurser\Programmer\Drupal 6.9\drupal-6.9\includes\theme.inc --> lagervarer.dk /htdocs/includes theme.inc
109.01.20 03:22 B D:\Resurser\Programmer\Drupal 6.9\drupal-6.9\includes\theme.maintenance.inc --> lagervarer.dk /htdocs/includes theme.maintenance.inc
109.01.20 03:22 B D:\Resurser\Programmer\Drupal 6.9\drupal-6.9\includes\unicode.inc --> lagervarer.dk /htdocs/includes unicode.inc
109.01.20 03:22 B D:\Resurser\Programmer\Drupal 6.9\drupal-6.9\includes\xmlrpc.inc --> lagervarer.dk /htdocs/includes xmlrpc.inc
109.01.20 03:22 B D:\Resurser\Programmer\Drupal 6.9\drupal-6.9\includes\xmlrpcs.inc --> lagervarer.dk /htdocs/includes xmlrpcs.inc
109.01.24 16:23 B D:\Resurser\Programmer\Drupal 6.9\drupal-6.9\includes\actions.inc --> ftp.lagervarer.dk /httpdocs/includes actions.inc
109.01.24 16:23 B D:\Resurser\Programmer\Drupal 6.9\drupal-6.9\includes\batch.inc --> ftp.lagervarer.dk /httpdocs/includes batch.inc
109.01.24 16:23 B D:\Resurser\Programmer\Drupal 6.9\drupal-6.9\includes\bootstrap.inc --> ftp.lagervarer.dk /httpdocs/includes bootstrap.inc
109.01.24 16:23 B D:\Resurser\Programmer\Drupal 6.9\drupal-6.9\includes\cache-install.inc --> ftp.lagervarer.dk /httpdocs/includes cache-install.inc
109.01.24 16:23 B D:\Resurser\Programmer\Drupal 6.9\drupal-6.9\includes\cache.inc --> ftp.lagervarer.dk /httpdocs/includes cache.inc
109.01.24 16:23 B D:\Resurser\Programmer\Drupal 6.9\drupal-6.9\includes\common.inc --> ftp.lagervarer.dk /httpdocs/includes common.inc
109.01.24 16:23 B D:\Resurser\Programmer\Drupal 6.9\drupal-6.9\includes\database.inc --> ftp.lagervarer.dk /httpdocs/includes database.inc
109.01.24 16:23 B D:\Resurser\Programmer\Drupal 6.9\drupal-6.9\includes\database.mysql-common.inc --> ftp.lagervarer.dk /httpdocs/includes database.mysql-common.inc
109.01.24 16:23 B D:\Resurser\Programmer\Drupal 6.9\drupal-6.9\includes\database.mysql.inc --> ftp.lagervarer.dk /httpdocs/includes database.mysql.inc
109.01.24 16:23 B D:\Resurser\Programmer\Drupal 6.9\drupal-6.9\includes\database.mysqli.inc --> ftp.lagervarer.dk /httpdocs/includes database.mysqli.inc
109.01.24 16:23 B D:\Resurser\Programmer\Drupal 6.9\drupal-6.9\includes\database.pgsql.inc --> ftp.lagervarer.dk /httpdocs/includes database.pgsql.inc
109.01.24 16:23 B D:\Resurser\Programmer\Drupal 6.9\drupal-6.9\includes\file.inc --> ftp.lagervarer.dk /httpdocs/includes file.inc
109.01.24 16:23 B D:\Resurser\Programmer\Drupal 6.9\drupal-6.9\includes\form.inc --> ftp.lagervarer.dk /httpdocs/includes form.inc
109.01.24 16:23 B D:\Resurser\Programmer\Drupal 6.9\drupal-6.9\includes\image.gd.inc --> ftp.lagervarer.dk /httpdocs/includes image.gd.inc
109.01.24 16:23 B D:\Resurser\Programmer\Drupal 6.9\drupal-6.9\includes\image.inc --> ftp.lagervarer.dk /httpdocs/includes image.inc
109.01.24 16:23 B D:\Resurser\Programmer\Drupal 6.9\drupal-6.9\includes\install.inc --> ftp.lagervarer.dk /httpdocs/includes install.inc
109.01.24 16:23 B D:\Resurser\Programmer\Drupal 6.9\drupal-6.9\includes\install.mysql.inc --> ftp.lagervarer.dk /httpdocs/includes install.mysql.inc
109.01.24 16:23 B D:\Resurser\Programmer\Drupal 6.9\drupal-6.9\includes\install.mysqli.inc --> ftp.lagervarer.dk /httpdocs/includes install.mysqli.inc
109.01.24 16:23 B D:\Resurser\Programmer\Drupal 6.9\drupal-6.9\includes\install.pgsql.inc --> ftp.lagervarer.dk /httpdocs/includes install.pgsql.inc
109.01.24 16:23 B D:\Resurser\Programmer\Drupal 6.9\drupal-6.9\includes\language.inc --> ftp.lagervarer.dk /httpdocs/includes language.inc
109.01.24 16:23 B D:\Resurser\Programmer\Drupal 6.9\drupal-6.9\includes\locale.inc --> ftp.lagervarer.dk /httpdocs/includes locale.inc
109.01.24 16:23 B D:\Resurser\Programmer\Drupal 6.9\drupal-6.9\includes\mail.inc --> ftp.lagervarer.dk /httpdocs/includes mail.inc
109.01.24 16:23 B D:\Resurser\Programmer\Drupal 6.9\drupal-6.9\includes\menu.inc --> ftp.lagervarer.dk /httpdocs/includes menu.inc
109.01.24 16:23 B D:\Resurser\Programmer\Drupal 6.9\drupal-6.9\includes\module.inc --> ftp.lagervarer.dk /httpdocs/includes module.inc
109.01.24 16:23 B D:\Resurser\Programmer\Drupal 6.9\drupal-6.9\includes\pager.inc --> ftp.lagervarer.dk /httpdocs/includes pager.inc
109.01.24 16:23 B D:\Resurser\Programmer\Drupal 6.9\drupal-6.9\includes\path.inc --> ftp.lagervarer.dk /httpdocs/includes path.inc
109.01.24 16:23 B D:\Resurser\Programmer\Drupal 6.9\drupal-6.9\includes\session.inc --> ftp.lagervarer.dk /httpdocs/includes session.inc
109.01.24 16:23 B D:\Resurser\Programmer\Drupal 6.9\drupal-6.9\includes\tablesort.inc --> ftp.lagervarer.dk /httpdocs/includes tablesort.inc
109.01.24 16:23 B D:\Resurser\Programmer\Drupal 6.9\drupal-6.9\includes\theme.inc --> ftp.lagervarer.dk /httpdocs/includes theme.inc
109.01.24 16:23 B D:\Resurser\Programmer\Drupal 6.9\drupal-6.9\includes\theme.maintenance.inc --> ftp.lagervarer.dk /httpdocs/includes theme.maintenance.inc
109.01.24 16:23 B D:\Resurser\Programmer\Drupal 6.9\drupal-6.9\includes\unicode.inc --> ftp.lagervarer.dk /httpdocs/includes unicode.inc
111.11.20 19:01 B C:\wwwroot\lagervarer.dk-download\includes\WS_FTP.LOG <-- Lagervarer.dk /httpdocs/includes WS_FTP.LOG
111.11.20 19:01 B C:\wwwroot\lagervarer.dk-download\includes\xmlrpc.inc <-- Lagervarer.dk /httpdocs/includes xmlrpc.inc
111.11.20 19:01 B C:\wwwroot\lagervarer.dk-download\includes\xmlrpcs.inc <-- Lagervarer.dk /httpdocs/includes xmlrpcs.inc
