109.01.20 03:24 B D:\Resurser\Programmer\Drupal 6.9\drupal-6.9\themes\garland\block.tpl.php --> lagervarer.dk /htdocs/themes/garland block.tpl.php
109.01.20 03:24 B D:\Resurser\Programmer\Drupal 6.9\drupal-6.9\themes\garland\comment.tpl.php --> lagervarer.dk /htdocs/themes/garland comment.tpl.php
109.01.20 03:24 B D:\Resurser\Programmer\Drupal 6.9\drupal-6.9\themes\garland\fix-ie-rtl.css --> lagervarer.dk /htdocs/themes/garland fix-ie-rtl.css
109.01.20 03:24 B D:\Resurser\Programmer\Drupal 6.9\drupal-6.9\themes\garland\fix-ie.css --> lagervarer.dk /htdocs/themes/garland fix-ie.css
109.01.20 03:24 B D:\Resurser\Programmer\Drupal 6.9\drupal-6.9\themes\garland\garland.info --> lagervarer.dk /htdocs/themes/garland garland.info
109.01.20 03:24 B D:\Resurser\Programmer\Drupal 6.9\drupal-6.9\themes\garland\logo.png --> lagervarer.dk /htdocs/themes/garland logo.png
109.01.20 03:24 B D:\Resurser\Programmer\Drupal 6.9\drupal-6.9\themes\garland\maintenance-page.tpl.php --> lagervarer.dk /htdocs/themes/garland maintenance-page.tpl.php
109.01.20 03:24 B D:\Resurser\Programmer\Drupal 6.9\drupal-6.9\themes\garland\node.tpl.php --> lagervarer.dk /htdocs/themes/garland node.tpl.php
109.01.20 03:24 B D:\Resurser\Programmer\Drupal 6.9\drupal-6.9\themes\garland\page.tpl.php --> lagervarer.dk /htdocs/themes/garland page.tpl.php
109.01.20 03:24 B D:\Resurser\Programmer\Drupal 6.9\drupal-6.9\themes\garland\print.css --> lagervarer.dk /htdocs/themes/garland print.css
109.01.20 03:24 B D:\Resurser\Programmer\Drupal 6.9\drupal-6.9\themes\garland\screenshot.png --> lagervarer.dk /htdocs/themes/garland screenshot.png
109.01.20 03:24 B D:\Resurser\Programmer\Drupal 6.9\drupal-6.9\themes\garland\style-rtl.css --> lagervarer.dk /htdocs/themes/garland style-rtl.css
109.01.20 03:24 B D:\Resurser\Programmer\Drupal 6.9\drupal-6.9\themes\garland\style.css --> lagervarer.dk /htdocs/themes/garland style.css
109.01.20 03:24 B D:\Resurser\Programmer\Drupal 6.9\drupal-6.9\themes\garland\template.php --> lagervarer.dk /htdocs/themes/garland template.php
109.01.24 16:23 B D:\Resurser\Programmer\Drupal 6.9\drupal-6.9\themes\garland\block.tpl.php --> ftp.lagervarer.dk /httpdocs/themes/garland block.tpl.php
109.01.24 16:23 B D:\Resurser\Programmer\Drupal 6.9\drupal-6.9\themes\garland\comment.tpl.php --> ftp.lagervarer.dk /httpdocs/themes/garland comment.tpl.php
109.01.24 16:23 B D:\Resurser\Programmer\Drupal 6.9\drupal-6.9\themes\garland\fix-ie-rtl.css --> ftp.lagervarer.dk /httpdocs/themes/garland fix-ie-rtl.css
109.01.24 16:23 B D:\Resurser\Programmer\Drupal 6.9\drupal-6.9\themes\garland\fix-ie.css --> ftp.lagervarer.dk /httpdocs/themes/garland fix-ie.css
109.01.24 16:23 B D:\Resurser\Programmer\Drupal 6.9\drupal-6.9\themes\garland\garland.info --> ftp.lagervarer.dk /httpdocs/themes/garland garland.info
109.01.24 16:23 B D:\Resurser\Programmer\Drupal 6.9\drupal-6.9\themes\garland\logo.png --> ftp.lagervarer.dk /httpdocs/themes/garland logo.png
109.01.24 16:23 B D:\Resurser\Programmer\Drupal 6.9\drupal-6.9\themes\garland\maintenance-page.tpl.php --> ftp.lagervarer.dk /httpdocs/themes/garland maintenance-page.tpl.php
109.01.24 16:23 B D:\Resurser\Programmer\Drupal 6.9\drupal-6.9\themes\garland\node.tpl.php --> ftp.lagervarer.dk /httpdocs/themes/garland node.tpl.php
109.01.24 16:23 B D:\Resurser\Programmer\Drupal 6.9\drupal-6.9\themes\garland\page.tpl.php --> ftp.lagervarer.dk /httpdocs/themes/garland page.tpl.php
109.01.24 16:23 B D:\Resurser\Programmer\Drupal 6.9\drupal-6.9\themes\garland\print.css --> ftp.lagervarer.dk /httpdocs/themes/garland print.css
109.01.24 16:23 B D:\Resurser\Programmer\Drupal 6.9\drupal-6.9\themes\garland\screenshot.png --> ftp.lagervarer.dk /httpdocs/themes/garland screenshot.png
109.01.24 16:23 B D:\Resurser\Programmer\Drupal 6.9\drupal-6.9\themes\garland\style-rtl.css --> ftp.lagervarer.dk /httpdocs/themes/garland style-rtl.css
109.01.24 16:23 B D:\Resurser\Programmer\Drupal 6.9\drupal-6.9\themes\garland\style.css --> ftp.lagervarer.dk /httpdocs/themes/garland style.css
109.01.24 16:23 B D:\Resurser\Programmer\Drupal 6.9\drupal-6.9\themes\garland\template.php --> ftp.lagervarer.dk /httpdocs/themes/garland template.php
