109.01.20 03:23 B D:\Resurser\Programmer\Drupal 6.9\drupal-6.9\modules\search\search-block-form.tpl.php --> lagervarer.dk /htdocs/modules/search search-block-form.tpl.php
109.01.20 03:23 B D:\Resurser\Programmer\Drupal 6.9\drupal-6.9\modules\search\search-result.tpl.php --> lagervarer.dk /htdocs/modules/search search-result.tpl.php
109.01.20 03:23 B D:\Resurser\Programmer\Drupal 6.9\drupal-6.9\modules\search\search-results.tpl.php --> lagervarer.dk /htdocs/modules/search search-results.tpl.php
109.01.20 03:23 B D:\Resurser\Programmer\Drupal 6.9\drupal-6.9\modules\search\search-rtl.css --> lagervarer.dk /htdocs/modules/search search-rtl.css
109.01.20 03:23 B D:\Resurser\Programmer\Drupal 6.9\drupal-6.9\modules\search\search-theme-form.tpl.php --> lagervarer.dk /htdocs/modules/search search-theme-form.tpl.php
109.01.20 03:23 B D:\Resurser\Programmer\Drupal 6.9\drupal-6.9\modules\search\search.admin.inc --> lagervarer.dk /htdocs/modules/search search.admin.inc
109.01.20 03:23 B D:\Resurser\Programmer\Drupal 6.9\drupal-6.9\modules\search\search.css --> lagervarer.dk /htdocs/modules/search search.css
109.01.20 03:23 B D:\Resurser\Programmer\Drupal 6.9\drupal-6.9\modules\search\search.info --> lagervarer.dk /htdocs/modules/search search.info
109.01.20 03:23 B D:\Resurser\Programmer\Drupal 6.9\drupal-6.9\modules\search\search.install --> lagervarer.dk /htdocs/modules/search search.install
109.01.20 03:23 B D:\Resurser\Programmer\Drupal 6.9\drupal-6.9\modules\search\search.module --> lagervarer.dk /htdocs/modules/search search.module
109.01.20 03:23 B D:\Resurser\Programmer\Drupal 6.9\drupal-6.9\modules\search\search.pages.inc --> lagervarer.dk /htdocs/modules/search search.pages.inc
109.01.24 16:23 B D:\Resurser\Programmer\Drupal 6.9\drupal-6.9\modules\search\search-block-form.tpl.php --> ftp.lagervarer.dk /httpdocs/modules/search search-block-form.tpl.php
109.01.24 16:23 B D:\Resurser\Programmer\Drupal 6.9\drupal-6.9\modules\search\search-result.tpl.php --> ftp.lagervarer.dk /httpdocs/modules/search search-result.tpl.php
109.01.24 16:23 B D:\Resurser\Programmer\Drupal 6.9\drupal-6.9\modules\search\search-results.tpl.php --> ftp.lagervarer.dk /httpdocs/modules/search search-results.tpl.php
109.01.24 16:23 B D:\Resurser\Programmer\Drupal 6.9\drupal-6.9\modules\search\search-rtl.css --> ftp.lagervarer.dk /httpdocs/modules/search search-rtl.css
109.01.24 16:23 B D:\Resurser\Programmer\Drupal 6.9\drupal-6.9\modules\search\search-theme-form.tpl.php --> ftp.lagervarer.dk /httpdocs/modules/search search-theme-form.tpl.php
109.01.24 16:23 B D:\Resurser\Programmer\Drupal 6.9\drupal-6.9\modules\search\search.admin.inc --> ftp.lagervarer.dk /httpdocs/modules/search search.admin.inc
109.01.24 16:23 B D:\Resurser\Programmer\Drupal 6.9\drupal-6.9\modules\search\search.css --> ftp.lagervarer.dk /httpdocs/modules/search search.css
109.01.24 16:23 B D:\Resurser\Programmer\Drupal 6.9\drupal-6.9\modules\search\search.info --> ftp.lagervarer.dk /httpdocs/modules/search search.info
109.01.24 16:23 B D:\Resurser\Programmer\Drupal 6.9\drupal-6.9\modules\search\search.install --> ftp.lagervarer.dk /httpdocs/modules/search search.install
109.01.24 16:23 B D:\Resurser\Programmer\Drupal 6.9\drupal-6.9\modules\search\search.module --> ftp.lagervarer.dk /httpdocs/modules/search search.module
109.01.24 16:23 B D:\Resurser\Programmer\Drupal 6.9\drupal-6.9\modules\search\search.pages.inc --> ftp.lagervarer.dk /httpdocs/modules/search search.pages.inc
111.11.20 19:29 B C:\wwwroot\lagervarer.dk-download\modules\search\WS_FTP.LOG <-- Lagervarer.dk /httpdocs/modules/search WS_FTP.LOG
