109.02.17 14:18 B C:\Inetpub\wwwroot\lagervarer.dk\sites\all\modules\ubercart\uc_file\uc_file.admin.inc --> ftp.lagervarer.dk /httpdocs/sites/all/modules/ubercart/uc_file uc_file.admin.inc
109.02.17 14:18 B C:\Inetpub\wwwroot\lagervarer.dk\sites\all\modules\ubercart\uc_file\uc_file.ca.inc --> ftp.lagervarer.dk /httpdocs/sites/all/modules/ubercart/uc_file uc_file.ca.inc
109.02.17 14:18 B C:\Inetpub\wwwroot\lagervarer.dk\sites\all\modules\ubercart\uc_file\uc_file.css --> ftp.lagervarer.dk /httpdocs/sites/all/modules/ubercart/uc_file uc_file.css
109.02.17 14:18 B C:\Inetpub\wwwroot\lagervarer.dk\sites\all\modules\ubercart\uc_file\uc_file.info --> ftp.lagervarer.dk /httpdocs/sites/all/modules/ubercart/uc_file uc_file.info
109.02.17 14:19 B C:\Inetpub\wwwroot\lagervarer.dk\sites\all\modules\ubercart\uc_file\uc_file.install --> ftp.lagervarer.dk /httpdocs/sites/all/modules/ubercart/uc_file uc_file.install
109.02.17 14:19 B C:\Inetpub\wwwroot\lagervarer.dk\sites\all\modules\ubercart\uc_file\uc_file.js --> ftp.lagervarer.dk /httpdocs/sites/all/modules/ubercart/uc_file uc_file.js
109.02.17 14:19 B C:\Inetpub\wwwroot\lagervarer.dk\sites\all\modules\ubercart\uc_file\uc_file.module --> ftp.lagervarer.dk /httpdocs/sites/all/modules/ubercart/uc_file uc_file.module
109.02.17 14:19 B C:\Inetpub\wwwroot\lagervarer.dk\sites\all\modules\ubercart\uc_file\uc_file.pages.inc --> ftp.lagervarer.dk /httpdocs/sites/all/modules/ubercart/uc_file uc_file.pages.inc
109.03.24 03:31 B C:\Inetpub\wwwroot\lagervarer.dk\sites\all\modules\ubercart\uc_file\uc_file.admin.inc --> ftp.lagervarer.dk /httpdocs/sites/all/modules/ubercart/uc_file uc_file.admin.inc
109.03.24 03:31 B C:\Inetpub\wwwroot\lagervarer.dk\sites\all\modules\ubercart\uc_file\uc_file.ca.inc --> ftp.lagervarer.dk /httpdocs/sites/all/modules/ubercart/uc_file uc_file.ca.inc
109.03.24 03:31 B C:\Inetpub\wwwroot\lagervarer.dk\sites\all\modules\ubercart\uc_file\uc_file.css --> ftp.lagervarer.dk /httpdocs/sites/all/modules/ubercart/uc_file uc_file.css
109.03.24 03:31 B C:\Inetpub\wwwroot\lagervarer.dk\sites\all\modules\ubercart\uc_file\uc_file.info --> ftp.lagervarer.dk /httpdocs/sites/all/modules/ubercart/uc_file uc_file.info
109.03.24 03:31 B C:\Inetpub\wwwroot\lagervarer.dk\sites\all\modules\ubercart\uc_file\uc_file.install --> ftp.lagervarer.dk /httpdocs/sites/all/modules/ubercart/uc_file uc_file.install
109.03.24 03:31 B C:\Inetpub\wwwroot\lagervarer.dk\sites\all\modules\ubercart\uc_file\uc_file.js --> ftp.lagervarer.dk /httpdocs/sites/all/modules/ubercart/uc_file uc_file.js
109.03.24 03:31 B C:\Inetpub\wwwroot\lagervarer.dk\sites\all\modules\ubercart\uc_file\uc_file.module --> ftp.lagervarer.dk /httpdocs/sites/all/modules/ubercart/uc_file uc_file.module
109.03.24 03:31 B C:\Inetpub\wwwroot\lagervarer.dk\sites\all\modules\ubercart\uc_file\uc_file.pages.inc --> ftp.lagervarer.dk /httpdocs/sites/all/modules/ubercart/uc_file uc_file.pages.inc
109.03.24 03:31 B C:\Inetpub\wwwroot\lagervarer.dk\sites\all\modules\ubercart\uc_file\WS_FTP.LOG --> ftp.lagervarer.dk /httpdocs/sites/all/modules/ubercart/uc_file WS_FTP.LOG
109.04.09 13:24 B C:\Inetpub\wwwroot\lagervarer.dk\sites\all\modules\ubercart\uc_file\uc_file.admin.inc --> ftp.lagervarer.dk /httpdocs/sites/all/modules/ubercart/uc_file uc_file.admin.inc
109.04.09 13:24 B C:\Inetpub\wwwroot\lagervarer.dk\sites\all\modules\ubercart\uc_file\uc_file.ca.inc --> ftp.lagervarer.dk /httpdocs/sites/all/modules/ubercart/uc_file uc_file.ca.inc
109.04.09 13:24 B C:\Inetpub\wwwroot\lagervarer.dk\sites\all\modules\ubercart\uc_file\uc_file.css --> ftp.lagervarer.dk /httpdocs/sites/all/modules/ubercart/uc_file uc_file.css
109.04.09 13:24 B C:\Inetpub\wwwroot\lagervarer.dk\sites\all\modules\ubercart\uc_file\uc_file.info --> ftp.lagervarer.dk /httpdocs/sites/all/modules/ubercart/uc_file uc_file.info
109.04.09 13:24 B C:\Inetpub\wwwroot\lagervarer.dk\sites\all\modules\ubercart\uc_file\uc_file.install --> ftp.lagervarer.dk /httpdocs/sites/all/modules/ubercart/uc_file uc_file.install
109.04.09 13:24 B C:\Inetpub\wwwroot\lagervarer.dk\sites\all\modules\ubercart\uc_file\uc_file.js --> ftp.lagervarer.dk /httpdocs/sites/all/modules/ubercart/uc_file uc_file.js
109.04.09 13:24 B C:\Inetpub\wwwroot\lagervarer.dk\sites\all\modules\ubercart\uc_file\uc_file.module --> ftp.lagervarer.dk /httpdocs/sites/all/modules/ubercart/uc_file uc_file.module
109.04.09 13:24 B C:\Inetpub\wwwroot\lagervarer.dk\sites\all\modules\ubercart\uc_file\uc_file.pages.inc --> ftp.lagervarer.dk /httpdocs/sites/all/modules/ubercart/uc_file uc_file.pages.inc
