109.01.26 05:35 B C:\Inetpub\wwwroot\lagervarer.dk\sites\all\modules\cck\translations\help\de\add-existing-field.html --> ftp.lagervarer.dk /httpdocs/sites/all/modules/cck/translations/help/de add-existing-field.html
109.01.26 05:35 B C:\Inetpub\wwwroot\lagervarer.dk\sites\all\modules\cck\translations\help\de\add-existing-field.png --> ftp.lagervarer.dk /httpdocs/sites/all/modules/cck/translations/help/de add-existing-field.png
109.01.26 05:35 B C:\Inetpub\wwwroot\lagervarer.dk\sites\all\modules\cck\translations\help\de\add-new-field.html --> ftp.lagervarer.dk /httpdocs/sites/all/modules/cck/translations/help/de add-new-field.html
109.01.26 05:35 B C:\Inetpub\wwwroot\lagervarer.dk\sites\all\modules\cck\translations\help\de\add-new-field.png --> ftp.lagervarer.dk /httpdocs/sites/all/modules/cck/translations/help/de add-new-field.png
109.01.26 05:35 B C:\Inetpub\wwwroot\lagervarer.dk\sites\all\modules\cck\translations\help\de\add-new-group.html --> ftp.lagervarer.dk /httpdocs/sites/all/modules/cck/translations/help/de add-new-group.html
109.01.26 05:35 B C:\Inetpub\wwwroot\lagervarer.dk\sites\all\modules\cck\translations\help\de\add-new-group.png --> ftp.lagervarer.dk /httpdocs/sites/all/modules/cck/translations/help/de add-new-group.png
109.01.26 05:35 B C:\Inetpub\wwwroot\lagervarer.dk\sites\all\modules\cck\translations\help\de\add-new.png --> ftp.lagervarer.dk /httpdocs/sites/all/modules/cck/translations/help/de add-new.png
109.01.26 05:35 B C:\Inetpub\wwwroot\lagervarer.dk\sites\all\modules\cck\translations\help\de\add.html --> ftp.lagervarer.dk /httpdocs/sites/all/modules/cck/translations/help/de add.html
109.01.26 05:35 B C:\Inetpub\wwwroot\lagervarer.dk\sites\all\modules\cck\translations\help\de\content.help.ini --> ftp.lagervarer.dk /httpdocs/sites/all/modules/cck/translations/help/de content.help.ini
109.01.26 05:35 B C:\Inetpub\wwwroot\lagervarer.dk\sites\all\modules\cck\translations\help\de\drag-groups.png --> ftp.lagervarer.dk /httpdocs/sites/all/modules/cck/translations/help/de drag-groups.png
109.01.26 05:35 B C:\Inetpub\wwwroot\lagervarer.dk\sites\all\modules\cck\translations\help\de\drag-new.png --> ftp.lagervarer.dk /httpdocs/sites/all/modules/cck/translations/help/de drag-new.png
109.01.26 05:35 B C:\Inetpub\wwwroot\lagervarer.dk\sites\all\modules\cck\translations\help\de\group-node-display.png --> ftp.lagervarer.dk /httpdocs/sites/all/modules/cck/translations/help/de group-node-display.png
109.01.26 05:35 B C:\Inetpub\wwwroot\lagervarer.dk\sites\all\modules\cck\translations\help\de\group-node-edit-form.png --> ftp.lagervarer.dk /httpdocs/sites/all/modules/cck/translations/help/de group-node-edit-form.png
109.01.26 05:35 B C:\Inetpub\wwwroot\lagervarer.dk\sites\all\modules\cck\translations\help\de\manage-fields.html --> ftp.lagervarer.dk /httpdocs/sites/all/modules/cck/translations/help/de manage-fields.html
109.01.26 05:35 B C:\Inetpub\wwwroot\lagervarer.dk\sites\all\modules\cck\translations\help\de\rearrange.html --> ftp.lagervarer.dk /httpdocs/sites/all/modules/cck/translations/help/de rearrange.html
109.01.26 05:35 B C:\Inetpub\wwwroot\lagervarer.dk\sites\all\modules\cck\translations\help\de\remove.html --> ftp.lagervarer.dk /httpdocs/sites/all/modules/cck/translations/help/de remove.html
109.01.26 05:35 B C:\Inetpub\wwwroot\lagervarer.dk\sites\all\modules\cck\translations\help\de\theme-formatters.html --> ftp.lagervarer.dk /httpdocs/sites/all/modules/cck/translations/help/de theme-formatters.html
109.01.26 05:35 B C:\Inetpub\wwwroot\lagervarer.dk\sites\all\modules\cck\translations\help\de\theme.html --> ftp.lagervarer.dk /httpdocs/sites/all/modules/cck/translations/help/de theme.html
109.03.24 03:35 B C:\Inetpub\wwwroot\lagervarer.dk\sites\all\modules\cck\translations\help\de\add-existing-field.html --> ftp.lagervarer.dk /httpdocs/sites/all/modules/cck/translations/help/de add-existing-field.html
109.03.24 03:35 B C:\Inetpub\wwwroot\lagervarer.dk\sites\all\modules\cck\translations\help\de\add-existing-field.png --> ftp.lagervarer.dk /httpdocs/sites/all/modules/cck/translations/help/de add-existing-field.png
109.03.24 03:35 B C:\Inetpub\wwwroot\lagervarer.dk\sites\all\modules\cck\translations\help\de\add-new-field.html --> ftp.lagervarer.dk /httpdocs/sites/all/modules/cck/translations/help/de add-new-field.html
109.03.24 03:35 B C:\Inetpub\wwwroot\lagervarer.dk\sites\all\modules\cck\translations\help\de\add-new-field.png --> ftp.lagervarer.dk /httpdocs/sites/all/modules/cck/translations/help/de add-new-field.png
109.03.24 03:35 B C:\Inetpub\wwwroot\lagervarer.dk\sites\all\modules\cck\translations\help\de\add-new-group.html --> ftp.lagervarer.dk /httpdocs/sites/all/modules/cck/translations/help/de add-new-group.html
109.03.24 03:35 B C:\Inetpub\wwwroot\lagervarer.dk\sites\all\modules\cck\translations\help\de\add-new-group.png --> ftp.lagervarer.dk /httpdocs/sites/all/modules/cck/translations/help/de add-new-group.png
109.03.24 03:35 B C:\Inetpub\wwwroot\lagervarer.dk\sites\all\modules\cck\translations\help\de\add-new.png --> ftp.lagervarer.dk /httpdocs/sites/all/modules/cck/translations/help/de add-new.png
109.03.24 03:35 B C:\Inetpub\wwwroot\lagervarer.dk\sites\all\modules\cck\translations\help\de\add.html --> ftp.lagervarer.dk /httpdocs/sites/all/modules/cck/translations/help/de add.html
109.03.24 03:35 B C:\Inetpub\wwwroot\lagervarer.dk\sites\all\modules\cck\translations\help\de\content.help.ini --> ftp.lagervarer.dk /httpdocs/sites/all/modules/cck/translations/help/de content.help.ini
109.03.24 03:35 B C:\Inetpub\wwwroot\lagervarer.dk\sites\all\modules\cck\translations\help\de\drag-groups.png --> ftp.lagervarer.dk /httpdocs/sites/all/modules/cck/translations/help/de drag-groups.png
109.03.24 03:35 B C:\Inetpub\wwwroot\lagervarer.dk\sites\all\modules\cck\translations\help\de\drag-new.png --> ftp.lagervarer.dk /httpdocs/sites/all/modules/cck/translations/help/de drag-new.png
109.03.24 03:35 B C:\Inetpub\wwwroot\lagervarer.dk\sites\all\modules\cck\translations\help\de\group-node-display.png --> ftp.lagervarer.dk /httpdocs/sites/all/modules/cck/translations/help/de group-node-display.png
109.03.24 03:35 B C:\Inetpub\wwwroot\lagervarer.dk\sites\all\modules\cck\translations\help\de\group-node-edit-form.png --> ftp.lagervarer.dk /httpdocs/sites/all/modules/cck/translations/help/de group-node-edit-form.png
109.03.24 03:35 B C:\Inetpub\wwwroot\lagervarer.dk\sites\all\modules\cck\translations\help\de\manage-fields.html --> ftp.lagervarer.dk /httpdocs/sites/all/modules/cck/translations/help/de manage-fields.html
109.03.24 03:35 B C:\Inetpub\wwwroot\lagervarer.dk\sites\all\modules\cck\translations\help\de\rearrange.html --> ftp.lagervarer.dk /httpdocs/sites/all/modules/cck/translations/help/de rearrange.html
109.03.24 03:35 B C:\Inetpub\wwwroot\lagervarer.dk\sites\all\modules\cck\translations\help\de\remove.html --> ftp.lagervarer.dk /httpdocs/sites/all/modules/cck/translations/help/de remove.html
109.03.24 03:35 B C:\Inetpub\wwwroot\lagervarer.dk\sites\all\modules\cck\translations\help\de\theme-formatters.html --> ftp.lagervarer.dk /httpdocs/sites/all/modules/cck/translations/help/de theme-formatters.html
109.03.24 03:35 B C:\Inetpub\wwwroot\lagervarer.dk\sites\all\modules\cck\translations\help\de\theme.html --> ftp.lagervarer.dk /httpdocs/sites/all/modules/cck/translations/help/de theme.html
