109.02.17 14:19 B C:\Inetpub\wwwroot\lagervarer.dk\sites\all\modules\ubercart\uc_roles\uc_roles.admin.inc --> ftp.lagervarer.dk /httpdocs/sites/all/modules/ubercart/uc_roles uc_roles.admin.inc
109.02.17 14:19 B C:\Inetpub\wwwroot\lagervarer.dk\sites\all\modules\ubercart\uc_roles\uc_roles.ca.inc --> ftp.lagervarer.dk /httpdocs/sites/all/modules/ubercart/uc_roles uc_roles.ca.inc
109.02.17 14:19 B C:\Inetpub\wwwroot\lagervarer.dk\sites\all\modules\ubercart\uc_roles\uc_roles.css --> ftp.lagervarer.dk /httpdocs/sites/all/modules/ubercart/uc_roles uc_roles.css
109.02.17 14:19 B C:\Inetpub\wwwroot\lagervarer.dk\sites\all\modules\ubercart\uc_roles\uc_roles.info --> ftp.lagervarer.dk /httpdocs/sites/all/modules/ubercart/uc_roles uc_roles.info
109.02.17 14:19 B C:\Inetpub\wwwroot\lagervarer.dk\sites\all\modules\ubercart\uc_roles\uc_roles.install --> ftp.lagervarer.dk /httpdocs/sites/all/modules/ubercart/uc_roles uc_roles.install
109.02.17 14:19 B C:\Inetpub\wwwroot\lagervarer.dk\sites\all\modules\ubercart\uc_roles\uc_roles.js --> ftp.lagervarer.dk /httpdocs/sites/all/modules/ubercart/uc_roles uc_roles.js
109.02.17 14:19 B C:\Inetpub\wwwroot\lagervarer.dk\sites\all\modules\ubercart\uc_roles\uc_roles.module --> ftp.lagervarer.dk /httpdocs/sites/all/modules/ubercart/uc_roles uc_roles.module
109.03.24 03:31 B C:\Inetpub\wwwroot\lagervarer.dk\sites\all\modules\ubercart\uc_roles\uc_roles.admin.inc --> ftp.lagervarer.dk /httpdocs/sites/all/modules/ubercart/uc_roles uc_roles.admin.inc
109.03.24 03:31 B C:\Inetpub\wwwroot\lagervarer.dk\sites\all\modules\ubercart\uc_roles\uc_roles.ca.inc --> ftp.lagervarer.dk /httpdocs/sites/all/modules/ubercart/uc_roles uc_roles.ca.inc
109.03.24 03:31 B C:\Inetpub\wwwroot\lagervarer.dk\sites\all\modules\ubercart\uc_roles\uc_roles.css --> ftp.lagervarer.dk /httpdocs/sites/all/modules/ubercart/uc_roles uc_roles.css
109.03.24 03:31 B C:\Inetpub\wwwroot\lagervarer.dk\sites\all\modules\ubercart\uc_roles\uc_roles.info --> ftp.lagervarer.dk /httpdocs/sites/all/modules/ubercart/uc_roles uc_roles.info
109.03.24 03:31 B C:\Inetpub\wwwroot\lagervarer.dk\sites\all\modules\ubercart\uc_roles\uc_roles.install --> ftp.lagervarer.dk /httpdocs/sites/all/modules/ubercart/uc_roles uc_roles.install
109.03.24 03:31 B C:\Inetpub\wwwroot\lagervarer.dk\sites\all\modules\ubercart\uc_roles\uc_roles.js --> ftp.lagervarer.dk /httpdocs/sites/all/modules/ubercart/uc_roles uc_roles.js
109.03.24 03:31 B C:\Inetpub\wwwroot\lagervarer.dk\sites\all\modules\ubercart\uc_roles\uc_roles.module --> ftp.lagervarer.dk /httpdocs/sites/all/modules/ubercart/uc_roles uc_roles.module
109.03.24 03:31 B C:\Inetpub\wwwroot\lagervarer.dk\sites\all\modules\ubercart\uc_roles\WS_FTP.LOG --> ftp.lagervarer.dk /httpdocs/sites/all/modules/ubercart/uc_roles WS_FTP.LOG
109.04.09 13:24 B C:\Inetpub\wwwroot\lagervarer.dk\sites\all\modules\ubercart\uc_roles\uc_roles.admin.inc --> ftp.lagervarer.dk /httpdocs/sites/all/modules/ubercart/uc_roles uc_roles.admin.inc
109.04.09 13:24 B C:\Inetpub\wwwroot\lagervarer.dk\sites\all\modules\ubercart\uc_roles\uc_roles.ca.inc --> ftp.lagervarer.dk /httpdocs/sites/all/modules/ubercart/uc_roles uc_roles.ca.inc
109.04.09 13:24 B C:\Inetpub\wwwroot\lagervarer.dk\sites\all\modules\ubercart\uc_roles\uc_roles.css --> ftp.lagervarer.dk /httpdocs/sites/all/modules/ubercart/uc_roles uc_roles.css
109.04.09 13:24 B C:\Inetpub\wwwroot\lagervarer.dk\sites\all\modules\ubercart\uc_roles\uc_roles.info --> ftp.lagervarer.dk /httpdocs/sites/all/modules/ubercart/uc_roles uc_roles.info
109.04.09 13:24 B C:\Inetpub\wwwroot\lagervarer.dk\sites\all\modules\ubercart\uc_roles\uc_roles.install --> ftp.lagervarer.dk /httpdocs/sites/all/modules/ubercart/uc_roles uc_roles.install
109.04.09 13:24 B C:\Inetpub\wwwroot\lagervarer.dk\sites\all\modules\ubercart\uc_roles\uc_roles.js --> ftp.lagervarer.dk /httpdocs/sites/all/modules/ubercart/uc_roles uc_roles.js
109.04.09 13:24 B C:\Inetpub\wwwroot\lagervarer.dk\sites\all\modules\ubercart\uc_roles\uc_roles.module --> ftp.lagervarer.dk /httpdocs/sites/all/modules/ubercart/uc_roles uc_roles.module
