109.01.26 05:35 B C:\Inetpub\wwwroot\lagervarer.dk\sites\all\modules\cck\translations\content.de.po --> ftp.lagervarer.dk /httpdocs/sites/all/modules/cck/translations content.de.po
109.01.26 05:35 B C:\Inetpub\wwwroot\lagervarer.dk\sites\all\modules\cck\translations\content.fr.po --> ftp.lagervarer.dk /httpdocs/sites/all/modules/cck/translations content.fr.po
109.01.26 05:35 B C:\Inetpub\wwwroot\lagervarer.dk\sites\all\modules\cck\translations\content.pot --> ftp.lagervarer.dk /httpdocs/sites/all/modules/cck/translations content.pot
109.01.26 05:35 B C:\Inetpub\wwwroot\lagervarer.dk\sites\all\modules\cck\translations\es.po --> ftp.lagervarer.dk /httpdocs/sites/all/modules/cck/translations es.po
109.01.26 05:35 B C:\Inetpub\wwwroot\lagervarer.dk\sites\all\modules\cck\translations\examples.fr.po --> ftp.lagervarer.dk /httpdocs/sites/all/modules/cck/translations examples.fr.po
109.01.26 05:35 B C:\Inetpub\wwwroot\lagervarer.dk\sites\all\modules\cck\translations\general.de.po --> ftp.lagervarer.dk /httpdocs/sites/all/modules/cck/translations general.de.po
109.01.26 05:35 B C:\Inetpub\wwwroot\lagervarer.dk\sites\all\modules\cck\translations\general.fr.po --> ftp.lagervarer.dk /httpdocs/sites/all/modules/cck/translations general.fr.po
109.01.26 05:35 B C:\Inetpub\wwwroot\lagervarer.dk\sites\all\modules\cck\translations\general.hu.po --> ftp.lagervarer.dk /httpdocs/sites/all/modules/cck/translations general.hu.po
109.01.26 05:35 B C:\Inetpub\wwwroot\lagervarer.dk\sites\all\modules\cck\translations\general.pot --> ftp.lagervarer.dk /httpdocs/sites/all/modules/cck/translations general.pot
109.01.26 05:35 B C:\Inetpub\wwwroot\lagervarer.dk\sites\all\modules\cck\translations\hu.po --> ftp.lagervarer.dk /httpdocs/sites/all/modules/cck/translations hu.po
109.01.26 05:35 B C:\Inetpub\wwwroot\lagervarer.dk\sites\all\modules\cck\translations\includes-views-handlers.de.po --> ftp.lagervarer.dk /httpdocs/sites/all/modules/cck/translations includes-views-handlers.de.po
109.01.26 05:35 B C:\Inetpub\wwwroot\lagervarer.dk\sites\all\modules\cck\translations\includes-views-handlers.pot --> ftp.lagervarer.dk /httpdocs/sites/all/modules/cck/translations includes-views-handlers.pot
109.01.26 05:35 B C:\Inetpub\wwwroot\lagervarer.dk\sites\all\modules\cck\translations\includes-views.de.po --> ftp.lagervarer.dk /httpdocs/sites/all/modules/cck/translations includes-views.de.po
109.01.26 05:35 B C:\Inetpub\wwwroot\lagervarer.dk\sites\all\modules\cck\translations\includes-views.pot --> ftp.lagervarer.dk /httpdocs/sites/all/modules/cck/translations includes-views.pot
109.01.26 05:35 B C:\Inetpub\wwwroot\lagervarer.dk\sites\all\modules\cck\translations\includes.de.po --> ftp.lagervarer.dk /httpdocs/sites/all/modules/cck/translations includes.de.po
109.01.26 05:35 B C:\Inetpub\wwwroot\lagervarer.dk\sites\all\modules\cck\translations\includes.fr.po --> ftp.lagervarer.dk /httpdocs/sites/all/modules/cck/translations includes.fr.po
109.01.26 05:35 B C:\Inetpub\wwwroot\lagervarer.dk\sites\all\modules\cck\translations\includes.pot --> ftp.lagervarer.dk /httpdocs/sites/all/modules/cck/translations includes.pot
109.01.26 05:35 B C:\Inetpub\wwwroot\lagervarer.dk\sites\all\modules\cck\translations\it.po --> ftp.lagervarer.dk /httpdocs/sites/all/modules/cck/translations it.po
109.01.26 05:35 B C:\Inetpub\wwwroot\lagervarer.dk\sites\all\modules\cck\translations\ja.po --> ftp.lagervarer.dk /httpdocs/sites/all/modules/cck/translations ja.po
109.01.26 05:35 B C:\Inetpub\wwwroot\lagervarer.dk\sites\all\modules\cck\translations\nl.po --> ftp.lagervarer.dk /httpdocs/sites/all/modules/cck/translations nl.po
109.01.26 05:35 B C:\Inetpub\wwwroot\lagervarer.dk\sites\all\modules\cck\translations\pt.po --> ftp.lagervarer.dk /httpdocs/sites/all/modules/cck/translations pt.po
109.01.26 05:35 B C:\Inetpub\wwwroot\lagervarer.dk\sites\all\modules\cck\translations\ru.po --> ftp.lagervarer.dk /httpdocs/sites/all/modules/cck/translations ru.po
109.01.26 05:35 B C:\Inetpub\wwwroot\lagervarer.dk\sites\all\modules\cck\translations\theme.de.po --> ftp.lagervarer.dk /httpdocs/sites/all/modules/cck/translations theme.de.po
109.01.26 05:35 B C:\Inetpub\wwwroot\lagervarer.dk\sites\all\modules\cck\translations\theme.pot --> ftp.lagervarer.dk /httpdocs/sites/all/modules/cck/translations theme.pot
109.01.26 05:35 B C:\Inetpub\wwwroot\lagervarer.dk\sites\all\modules\cck\translations\vi.po --> ftp.lagervarer.dk /httpdocs/sites/all/modules/cck/translations vi.po
109.03.24 03:35 B C:\Inetpub\wwwroot\lagervarer.dk\sites\all\modules\cck\translations\content.de.po --> ftp.lagervarer.dk /httpdocs/sites/all/modules/cck/translations content.de.po
109.03.24 03:35 B C:\Inetpub\wwwroot\lagervarer.dk\sites\all\modules\cck\translations\content.fr.po --> ftp.lagervarer.dk /httpdocs/sites/all/modules/cck/translations content.fr.po
109.03.24 03:35 B C:\Inetpub\wwwroot\lagervarer.dk\sites\all\modules\cck\translations\content.pot --> ftp.lagervarer.dk /httpdocs/sites/all/modules/cck/translations content.pot
109.03.24 03:35 B C:\Inetpub\wwwroot\lagervarer.dk\sites\all\modules\cck\translations\es.po --> ftp.lagervarer.dk /httpdocs/sites/all/modules/cck/translations es.po
109.03.24 03:35 B C:\Inetpub\wwwroot\lagervarer.dk\sites\all\modules\cck\translations\examples.fr.po --> ftp.lagervarer.dk /httpdocs/sites/all/modules/cck/translations examples.fr.po
109.03.24 03:35 B C:\Inetpub\wwwroot\lagervarer.dk\sites\all\modules\cck\translations\fr.po --> ftp.lagervarer.dk /httpdocs/sites/all/modules/cck/translations fr.po
109.03.24 03:35 B C:\Inetpub\wwwroot\lagervarer.dk\sites\all\modules\cck\translations\general.de.po --> ftp.lagervarer.dk /httpdocs/sites/all/modules/cck/translations general.de.po
109.03.24 03:35 B C:\Inetpub\wwwroot\lagervarer.dk\sites\all\modules\cck\translations\general.fr.po --> ftp.lagervarer.dk /httpdocs/sites/all/modules/cck/translations general.fr.po
109.03.24 03:35 B C:\Inetpub\wwwroot\lagervarer.dk\sites\all\modules\cck\translations\general.hu.po --> ftp.lagervarer.dk /httpdocs/sites/all/modules/cck/translations general.hu.po
109.03.24 03:35 B C:\Inetpub\wwwroot\lagervarer.dk\sites\all\modules\cck\translations\general.pot --> ftp.lagervarer.dk /httpdocs/sites/all/modules/cck/translations general.pot
109.03.24 03:35 B C:\Inetpub\wwwroot\lagervarer.dk\sites\all\modules\cck\translations\hu.po --> ftp.lagervarer.dk /httpdocs/sites/all/modules/cck/translations hu.po
109.03.24 03:35 B C:\Inetpub\wwwroot\lagervarer.dk\sites\all\modules\cck\translations\includes-views-handlers.de.po --> ftp.lagervarer.dk /httpdocs/sites/all/modules/cck/translations includes-views-handlers.de.po
109.03.24 03:35 B C:\Inetpub\wwwroot\lagervarer.dk\sites\all\modules\cck\translations\includes-views-handlers.pot --> ftp.lagervarer.dk /httpdocs/sites/all/modules/cck/translations includes-views-handlers.pot
109.03.24 03:35 B C:\Inetpub\wwwroot\lagervarer.dk\sites\all\modules\cck\translations\includes-views.de.po --> ftp.lagervarer.dk /httpdocs/sites/all/modules/cck/translations includes-views.de.po
109.03.24 03:35 B C:\Inetpub\wwwroot\lagervarer.dk\sites\all\modules\cck\translations\includes-views.pot --> ftp.lagervarer.dk /httpdocs/sites/all/modules/cck/translations includes-views.pot
109.03.24 03:35 B C:\Inetpub\wwwroot\lagervarer.dk\sites\all\modules\cck\translations\includes.de.po --> ftp.lagervarer.dk /httpdocs/sites/all/modules/cck/translations includes.de.po
109.03.24 03:35 B C:\Inetpub\wwwroot\lagervarer.dk\sites\all\modules\cck\translations\includes.fr.po --> ftp.lagervarer.dk /httpdocs/sites/all/modules/cck/translations includes.fr.po
109.03.24 03:35 B C:\Inetpub\wwwroot\lagervarer.dk\sites\all\modules\cck\translations\includes.pot --> ftp.lagervarer.dk /httpdocs/sites/all/modules/cck/translations includes.pot
109.03.24 03:35 B C:\Inetpub\wwwroot\lagervarer.dk\sites\all\modules\cck\translations\it.po --> ftp.lagervarer.dk /httpdocs/sites/all/modules/cck/translations it.po
109.03.24 03:35 B C:\Inetpub\wwwroot\lagervarer.dk\sites\all\modules\cck\translations\ja.po --> ftp.lagervarer.dk /httpdocs/sites/all/modules/cck/translations ja.po
109.03.24 03:35 B C:\Inetpub\wwwroot\lagervarer.dk\sites\all\modules\cck\translations\nl.po --> ftp.lagervarer.dk /httpdocs/sites/all/modules/cck/translations nl.po
109.03.24 03:35 B C:\Inetpub\wwwroot\lagervarer.dk\sites\all\modules\cck\translations\pt.po --> ftp.lagervarer.dk /httpdocs/sites/all/modules/cck/translations pt.po
109.03.24 03:35 B C:\Inetpub\wwwroot\lagervarer.dk\sites\all\modules\cck\translations\ru.po --> ftp.lagervarer.dk /httpdocs/sites/all/modules/cck/translations ru.po
109.03.24 03:35 B C:\Inetpub\wwwroot\lagervarer.dk\sites\all\modules\cck\translations\theme.de.po --> ftp.lagervarer.dk /httpdocs/sites/all/modules/cck/translations theme.de.po
109.03.24 03:35 B C:\Inetpub\wwwroot\lagervarer.dk\sites\all\modules\cck\translations\theme.pot --> ftp.lagervarer.dk /httpdocs/sites/all/modules/cck/translations theme.pot
109.03.24 03:35 B C:\Inetpub\wwwroot\lagervarer.dk\sites\all\modules\cck\translations\vi.po --> ftp.lagervarer.dk /httpdocs/sites/all/modules/cck/translations vi.po
